[0.014s] Invoking command in '/home/jamal/FYP_ws2/build/robot_arm_gazebo': CMAKE_PREFIX_PATH=${CMAKE_PREFIX_PATH}:/opt/ros/humble /usr/bin/cmake --build /home/jamal/FYP_ws2/build/robot_arm_gazebo -- -j16 -l16
[0.047s] Invoked command in '/home/jamal/FYP_ws2/build/robot_arm_gazebo' returned '0': CMAKE_PREFIX_PATH=${CMAKE_PREFIX_PATH}:/opt/ros/humble /usr/bin/cmake --build /home/jamal/FYP_ws2/build/robot_arm_gazebo -- -j16 -l16
[0.047s] Invoking command in '/home/jamal/FYP_ws2/build/robot_arm_gazebo': CMAKE_PREFIX_PATH=${CMAKE_PREFIX_PATH}:/opt/ros/humble /usr/bin/cmake --install /home/jamal/FYP_ws2/build/robot_arm_gazebo
[0.055s] -- Install configuration: ""
[0.055s] -- Up-to-date: /home/jamal/FYP_ws2/install/robot_arm_gazebo/share/robot_arm_gazebo/config
[0.055s] -- Up-to-date: /home/jamal/FYP_ws2/install/robot_arm_gazebo/share/robot_arm_gazebo/config/ros_gz_bridge.yaml
[0.055s] -- Up-to-date: /home/jamal/FYP_ws2/install/robot_arm_gazebo/share/robot_arm_gazebo/launch
[0.055s] -- Up-to-date: /home/jamal/FYP_ws2/install/robot_arm_gazebo/share/robot_arm_gazebo/launch/robot_arm.gazebo.launch.py
[0.055s] -- Up-to-date: /home/jamal/FYP_ws2/install/robot_arm_gazebo/share/robot_arm_gazebo/worlds
[0.055s] -- Up-to-date: /home/jamal/FYP_ws2/install/robot_arm_gazebo/share/robot_arm_gazebo/worlds/empty.world
[0.055s] -- Up-to-date: /home/jamal/FYP_ws2/install/robot_arm_gazebo/share/ament_index/resource_index/package_run_dependencies/robot_arm_gazebo
[0.055s] -- Up-to-date: /home/jamal/FYP_ws2/install/robot_arm_gazebo/share/ament_index/resource_index/parent_prefix_path/robot_arm_gazebo
[0.055s] -- Up-to-date: /home/jamal/FYP_ws2/install/robot_arm_gazebo/share/robot_arm_gazebo/environment/ament_prefix_path.sh
[0.055s] -- Up-to-date: /home/jamal/FYP_ws2/install/robot_arm_gazebo/share/robot_arm_gazebo/environment/ament_prefix_path.dsv
[0.055s] -- Up-to-date: /home/jamal/FYP_ws2/install/robot_arm_gazebo/share/robot_arm_gazebo/environment/path.sh
[0.056s] -- Up-to-date: /home/jamal/FYP_ws2/install/robot_arm_gazebo/share/robot_arm_gazebo/environment/path.dsv
[0.056s] -- Up-to-date: /home/jamal/FYP_ws2/install/robot_arm_gazebo/share/robot_arm_gazebo/local_setup.bash
[0.056s] -- Up-to-date: /home/jamal/FYP_ws2/install/robot_arm_gazebo/share/robot_arm_gazebo/local_setup.sh
[0.056s] -- Up-to-date: /home/jamal/FYP_ws2/install/robot_arm_gazebo/share/robot_arm_gazebo/local_setup.zsh
[0.056s] -- Up-to-date: /home/jamal/FYP_ws2/install/robot_arm_gazebo/share/robot_arm_gazebo/local_setup.dsv
[0.056s] -- Installing: /home/jamal/FYP_ws2/install/robot_arm_gazebo/share/robot_arm_gazebo/package.dsv
[0.056s] -- Up-to-date: /home/jamal/FYP_ws2/install/robot_arm_gazebo/share/ament_index/resource_index/packages/robot_arm_gazebo
[0.056s] -- Up-to-date: /home/jamal/FYP_ws2/install/robot_arm_gazebo/share/robot_arm_gazebo/cmake/robot_arm_gazeboConfig.cmake
[0.056s] -- Up-to-date: /home/jamal/FYP_ws2/install/robot_arm_gazebo/share/robot_arm_gazebo/cmake/robot_arm_gazeboConfig-version.cmake
[0.056s] -- Up-to-date: /home/jamal/FYP_ws2/install/robot_arm_gazebo/share/robot_arm_gazebo/package.xml
[0.083s] Invoked command in '/home/jamal/FYP_ws2/build/robot_arm_gazebo' returned '0': CMAKE_PREFIX_PATH=${CMAKE_PREFIX_PATH}:/opt/ros/humble /usr/bin/cmake --install /home/jamal/FYP_ws2/build/robot_arm_gazebo
