[0.026s] Invoking command in '/home/jamal/FYP_ws2/build/robot_arm_movit_config': CMAKE_PREFIX_PATH=/home/jamal/FYP_ws2/install/robot_arm_description:/home/jamal/FYP_ws2/install/control_arm:/home/jamal/FYP_ws2/install/robot_arm_movit_config:/home/jamal/FYP_ws2/install/robot_arm_gazebo:/home/jamal/FYP_ws2/install/robot_arm_bringup:/home/jamal/FYP_ws2/install/robot_arm:/opt/ros/humble /usr/bin/cmake --build /home/jamal/FYP_ws2/build/robot_arm_movit_config -- -j16 -l16
[0.052s] Invoked command in '/home/jamal/FYP_ws2/build/robot_arm_movit_config' returned '0': CMAKE_PREFIX_PATH=/home/jamal/FYP_ws2/install/robot_arm_description:/home/jamal/FYP_ws2/install/control_arm:/home/jamal/FYP_ws2/install/robot_arm_movit_config:/home/jamal/FYP_ws2/install/robot_arm_gazebo:/home/jamal/FYP_ws2/install/robot_arm_bringup:/home/jamal/FYP_ws2/install/robot_arm:/opt/ros/humble /usr/bin/cmake --build /home/jamal/FYP_ws2/build/robot_arm_movit_config -- -j16 -l16
[0.053s] Invoking command in '/home/jamal/FYP_ws2/build/robot_arm_movit_config': CMAKE_PREFIX_PATH=/home/jamal/FYP_ws2/install/robot_arm_description:/home/jamal/FYP_ws2/install/control_arm:/home/jamal/FYP_ws2/install/robot_arm_movit_config:/home/jamal/FYP_ws2/install/robot_arm_gazebo:/home/jamal/FYP_ws2/install/robot_arm_bringup:/home/jamal/FYP_ws2/install/robot_arm:/opt/ros/humble /usr/bin/cmake --install /home/jamal/FYP_ws2/build/robot_arm_movit_config
[0.060s] -- Install configuration: ""
[0.060s] -- Up-to-date: /home/jamal/FYP_ws2/install/robot_arm_movit_config/share/ament_index/resource_index/package_run_dependencies/robot_arm_movit_config
[0.060s] -- Up-to-date: /home/jamal/FYP_ws2/install/robot_arm_movit_config/share/ament_index/resource_index/parent_prefix_path/robot_arm_movit_config
[0.060s] -- Up-to-date: /home/jamal/FYP_ws2/install/robot_arm_movit_config/share/robot_arm_movit_config/environment/ament_prefix_path.sh
[0.061s] -- Up-to-date: /home/jamal/FYP_ws2/install/robot_arm_movit_config/share/robot_arm_movit_config/environment/ament_prefix_path.dsv
[0.061s] -- Up-to-date: /home/jamal/FYP_ws2/install/robot_arm_movit_config/share/robot_arm_movit_config/environment/path.sh
[0.061s] -- Up-to-date: /home/jamal/FYP_ws2/install/robot_arm_movit_config/share/robot_arm_movit_config/environment/path.dsv
[0.061s] -- Up-to-date: /home/jamal/FYP_ws2/install/robot_arm_movit_config/share/robot_arm_movit_config/local_setup.bash
[0.061s] -- Up-to-date: /home/jamal/FYP_ws2/install/robot_arm_movit_config/share/robot_arm_movit_config/local_setup.sh
[0.061s] -- Up-to-date: /home/jamal/FYP_ws2/install/robot_arm_movit_config/share/robot_arm_movit_config/local_setup.zsh
[0.061s] -- Up-to-date: /home/jamal/FYP_ws2/install/robot_arm_movit_config/share/robot_arm_movit_config/local_setup.dsv
[0.061s] -- Installing: /home/jamal/FYP_ws2/install/robot_arm_movit_config/share/robot_arm_movit_config/package.dsv
[0.061s] -- Up-to-date: /home/jamal/FYP_ws2/install/robot_arm_movit_config/share/ament_index/resource_index/packages/robot_arm_movit_config
[0.061s] -- Up-to-date: /home/jamal/FYP_ws2/install/robot_arm_movit_config/share/robot_arm_movit_config/cmake/robot_arm_movit_configConfig.cmake
[0.061s] -- Up-to-date: /home/jamal/FYP_ws2/install/robot_arm_movit_config/share/robot_arm_movit_config/cmake/robot_arm_movit_configConfig-version.cmake
[0.061s] -- Up-to-date: /home/jamal/FYP_ws2/install/robot_arm_movit_config/share/robot_arm_movit_config/package.xml
[0.061s] -- Up-to-date: /home/jamal/FYP_ws2/install/robot_arm_movit_config/share/robot_arm_movit_config/launch
[0.061s] -- Up-to-date: /home/jamal/FYP_ws2/install/robot_arm_movit_config/share/robot_arm_movit_config/launch/spawn_controllers.launch.py
[0.062s] -- Up-to-date: /home/jamal/FYP_ws2/install/robot_arm_movit_config/share/robot_arm_movit_config/launch/static_virtual_joint_tfs.launch.py
[0.062s] -- Up-to-date: /home/jamal/FYP_ws2/install/robot_arm_movit_config/share/robot_arm_movit_config/launch/demo.launch.py
[0.062s] -- Up-to-date: /home/jamal/FYP_ws2/install/robot_arm_movit_config/share/robot_arm_movit_config/launch/moveit_rviz.launch.py
[0.062s] -- Up-to-date: /home/jamal/FYP_ws2/install/robot_arm_movit_config/share/robot_arm_movit_config/launch/rsp.launch.py
[0.062s] -- Up-to-date: /home/jamal/FYP_ws2/install/robot_arm_movit_config/share/robot_arm_movit_config/launch/warehouse_db.launch.py
[0.062s] -- Up-to-date: /home/jamal/FYP_ws2/install/robot_arm_movit_config/share/robot_arm_movit_config/launch/setup_assistant.launch.py
[0.062s] -- Up-to-date: /home/jamal/FYP_ws2/install/robot_arm_movit_config/share/robot_arm_movit_config/launch/move_group.launch.py
[0.062s] -- Up-to-date: /home/jamal/FYP_ws2/install/robot_arm_movit_config/share/robot_arm_movit_config/config
[0.062s] -- Up-to-date: /home/jamal/FYP_ws2/install/robot_arm_movit_config/share/robot_arm_movit_config/config/initial_positions.yaml
[0.062s] -- Up-to-date: /home/jamal/FYP_ws2/install/robot_arm_movit_config/share/robot_arm_movit_config/config/ros2_controllers.yaml
[0.062s] -- Up-to-date: /home/jamal/FYP_ws2/install/robot_arm_movit_config/share/robot_arm_movit_config/config/robot_arm.srdf
[0.062s] -- Up-to-date: /home/jamal/FYP_ws2/install/robot_arm_movit_config/share/robot_arm_movit_config/config/joint_limits.yaml
[0.062s] -- Up-to-date: /home/jamal/FYP_ws2/install/robot_arm_movit_config/share/robot_arm_movit_config/config/kinematics.yaml
[0.062s] -- Up-to-date: /home/jamal/FYP_ws2/install/robot_arm_movit_config/share/robot_arm_movit_config/config/robot_arm.ros2_control.xacro
[0.063s] -- Up-to-date: /home/jamal/FYP_ws2/install/robot_arm_movit_config/share/robot_arm_movit_config/config/robot_arm.urdf.xacro
[0.063s] -- Up-to-date: /home/jamal/FYP_ws2/install/robot_arm_movit_config/share/robot_arm_movit_config/config/moveit.rviz
[0.063s] -- Up-to-date: /home/jamal/FYP_ws2/install/robot_arm_movit_config/share/robot_arm_movit_config/config/pilz_cartesian_limits.yaml
[0.063s] -- Up-to-date: /home/jamal/FYP_ws2/install/robot_arm_movit_config/share/robot_arm_movit_config/config/moveit_controllers.yaml
[0.063s] -- Up-to-date: /home/jamal/FYP_ws2/install/robot_arm_movit_config/share/robot_arm_movit_config/.setup_assistant
[0.064s] Invoked command in '/home/jamal/FYP_ws2/build/robot_arm_movit_config' returned '0': CMAKE_PREFIX_PATH=/home/jamal/FYP_ws2/install/robot_arm_description:/home/jamal/FYP_ws2/install/control_arm:/home/jamal/FYP_ws2/install/robot_arm_movit_config:/home/jamal/FYP_ws2/install/robot_arm_gazebo:/home/jamal/FYP_ws2/install/robot_arm_bringup:/home/jamal/FYP_ws2/install/robot_arm:/opt/ros/humble /usr/bin/cmake --install /home/jamal/FYP_ws2/build/robot_arm_movit_config
