[0.011s] Invoking command in '/home/jamal/FYP_ws2/build/robot_arm': CMAKE_PREFIX_PATH=${CMAKE_PREFIX_PATH}:/opt/ros/humble /usr/bin/cmake --build /home/jamal/FYP_ws2/build/robot_arm -- -j16 -l16
[0.049s] Invoked command in '/home/jamal/FYP_ws2/build/robot_arm' returned '0': CMAKE_PREFIX_PATH=${CMAKE_PREFIX_PATH}:/opt/ros/humble /usr/bin/cmake --build /home/jamal/FYP_ws2/build/robot_arm -- -j16 -l16
[0.051s] Invoking command in '/home/jamal/FYP_ws2/build/robot_arm': CMAKE_PREFIX_PATH=${CMAKE_PREFIX_PATH}:/opt/ros/humble /usr/bin/cmake --install /home/jamal/FYP_ws2/build/robot_arm
[0.061s] -- Install configuration: ""
[0.061s] -- Up-to-date: /home/jamal/FYP_ws2/install/robot_arm/share/ament_index/resource_index/package_run_dependencies/robot_arm
[0.061s] -- Up-to-date: /home/jamal/FYP_ws2/install/robot_arm/share/ament_index/resource_index/parent_prefix_path/robot_arm
[0.061s] -- Up-to-date: /home/jamal/FYP_ws2/install/robot_arm/share/robot_arm/environment/ament_prefix_path.sh
[0.062s] -- Up-to-date: /home/jamal/FYP_ws2/install/robot_arm/share/robot_arm/environment/ament_prefix_path.dsv
[0.062s] -- Up-to-date: /home/jamal/FYP_ws2/install/robot_arm/share/robot_arm/environment/path.sh
[0.062s] -- Up-to-date: /home/jamal/FYP_ws2/install/robot_arm/share/robot_arm/environment/path.dsv
[0.062s] -- Up-to-date: /home/jamal/FYP_ws2/install/robot_arm/share/robot_arm/local_setup.bash
[0.062s] -- Up-to-date: /home/jamal/FYP_ws2/install/robot_arm/share/robot_arm/local_setup.sh
[0.062s] -- Up-to-date: /home/jamal/FYP_ws2/install/robot_arm/share/robot_arm/local_setup.zsh
[0.062s] -- Up-to-date: /home/jamal/FYP_ws2/install/robot_arm/share/robot_arm/local_setup.dsv
[0.062s] -- Installing: /home/jamal/FYP_ws2/install/robot_arm/share/robot_arm/package.dsv
[0.062s] -- Up-to-date: /home/jamal/FYP_ws2/install/robot_arm/share/ament_index/resource_index/packages/robot_arm
[0.063s] -- Up-to-date: /home/jamal/FYP_ws2/install/robot_arm/share/robot_arm/cmake/robot_armConfig.cmake
[0.063s] -- Up-to-date: /home/jamal/FYP_ws2/install/robot_arm/share/robot_arm/cmake/robot_armConfig-version.cmake
[0.063s] -- Up-to-date: /home/jamal/FYP_ws2/install/robot_arm/share/robot_arm/package.xml
[0.077s] Invoked command in '/home/jamal/FYP_ws2/build/robot_arm' returned '0': CMAKE_PREFIX_PATH=${CMAKE_PREFIX_PATH}:/opt/ros/humble /usr/bin/cmake --install /home/jamal/FYP_ws2/build/robot_arm
