[0.008s] Invoking command in '/home/jamal/FYP_ws2/build/control_arm': AMENT_PREFIX_PATH=/home/jamal/FYP_ws2/install/robot_arm_movit_config:/home/jamal/FYP_ws2/install/robot_arm_description:${AMENT_PREFIX_PATH} CMAKE_PREFIX_PATH=/home/jamal/FYP_ws2/install/robot_arm_movit_config:/home/jamal/FYP_ws2/install/robot_arm_description:/opt/ros/humble /usr/bin/cmake --build /home/jamal/FYP_ws2/build/control_arm -- -j16 -l16
[0.067s] [100%] Built target test_motion_node
[0.075s] Invoked command in '/home/jamal/FYP_ws2/build/control_arm' returned '0': AMENT_PREFIX_PATH=/home/jamal/FYP_ws2/install/robot_arm_movit_config:/home/jamal/FYP_ws2/install/robot_arm_description:${AMENT_PREFIX_PATH} CMAKE_PREFIX_PATH=/home/jamal/FYP_ws2/install/robot_arm_movit_config:/home/jamal/FYP_ws2/install/robot_arm_description:/opt/ros/humble /usr/bin/cmake --build /home/jamal/FYP_ws2/build/control_arm -- -j16 -l16
[0.076s] Invoking command in '/home/jamal/FYP_ws2/build/control_arm': AMENT_PREFIX_PATH=/home/jamal/FYP_ws2/install/robot_arm_movit_config:/home/jamal/FYP_ws2/install/robot_arm_description:${AMENT_PREFIX_PATH} CMAKE_PREFIX_PATH=/home/jamal/FYP_ws2/install/robot_arm_movit_config:/home/jamal/FYP_ws2/install/robot_arm_description:/opt/ros/humble /usr/bin/cmake --install /home/jamal/FYP_ws2/build/control_arm
[0.081s] -- Install configuration: ""
[0.081s] -- Up-to-date: /home/jamal/FYP_ws2/install/control_arm/lib/control_arm/test_motion_node
[0.081s] -- Up-to-date: /home/jamal/FYP_ws2/install/control_arm/include
[0.081s] -- Up-to-date: /home/jamal/FYP_ws2/install/control_arm/include/control_arm
[0.082s] -- Up-to-date: /home/jamal/FYP_ws2/install/control_arm/include/control_arm/test_motion_node.hpp
[0.082s] -- Up-to-date: /home/jamal/FYP_ws2/install/control_arm/share/control_arm/launch
[0.082s] -- Up-to-date: /home/jamal/FYP_ws2/install/control_arm/share/control_arm/launch/test_motion.launch.py
[0.082s] -- Up-to-date: /home/jamal/FYP_ws2/install/control_arm/share/ament_index/resource_index/package_run_dependencies/control_arm
[0.082s] -- Up-to-date: /home/jamal/FYP_ws2/install/control_arm/share/ament_index/resource_index/parent_prefix_path/control_arm
[0.082s] -- Up-to-date: /home/jamal/FYP_ws2/install/control_arm/share/control_arm/environment/ament_prefix_path.sh
[0.082s] -- Up-to-date: /home/jamal/FYP_ws2/install/control_arm/share/control_arm/environment/ament_prefix_path.dsv
[0.082s] -- Up-to-date: /home/jamal/FYP_ws2/install/control_arm/share/control_arm/environment/path.sh
[0.082s] -- Up-to-date: /home/jamal/FYP_ws2/install/control_arm/share/control_arm/environment/path.dsv
[0.082s] -- Up-to-date: /home/jamal/FYP_ws2/install/control_arm/share/control_arm/local_setup.bash
[0.082s] -- Up-to-date: /home/jamal/FYP_ws2/install/control_arm/share/control_arm/local_setup.sh
[0.082s] -- Up-to-date: /home/jamal/FYP_ws2/install/control_arm/share/control_arm/local_setup.zsh
[0.082s] -- Up-to-date: /home/jamal/FYP_ws2/install/control_arm/share/control_arm/local_setup.dsv
[0.082s] -- Installing: /home/jamal/FYP_ws2/install/control_arm/share/control_arm/package.dsv
[0.082s] -- Up-to-date: /home/jamal/FYP_ws2/install/control_arm/share/ament_index/resource_index/packages/control_arm
[0.082s] -- Up-to-date: /home/jamal/FYP_ws2/install/control_arm/share/control_arm/cmake/control_armConfig.cmake
[0.082s] -- Up-to-date: /home/jamal/FYP_ws2/install/control_arm/share/control_arm/cmake/control_armConfig-version.cmake
[0.082s] -- Up-to-date: /home/jamal/FYP_ws2/install/control_arm/share/control_arm/package.xml
[0.083s] Invoked command in '/home/jamal/FYP_ws2/build/control_arm' returned '0': AMENT_PREFIX_PATH=/home/jamal/FYP_ws2/install/robot_arm_movit_config:/home/jamal/FYP_ws2/install/robot_arm_description:${AMENT_PREFIX_PATH} CMAKE_PREFIX_PATH=/home/jamal/FYP_ws2/install/robot_arm_movit_config:/home/jamal/FYP_ws2/install/robot_arm_description:/opt/ros/humble /usr/bin/cmake --install /home/jamal/FYP_ws2/build/control_arm
