[0.101s] DEBUG:colcon:Command line arguments: ['/usr/bin/colcon', 'build']
[0.102s] DEBUG:colcon:Parsed command line arguments: Namespace(log_base=None, log_level=None, verb_name='build', build_base='build', install_base='install', merge_install=False, symlink_install=False, test_result_base=None, continue_on_error=False, executor='parallel', parallel_workers=16, event_handlers=None, ignore_user_meta=False, metas=['./colcon.meta'], base_paths=['.'], packages_ignore=None, packages_ignore_regex=None, paths=None, packages_up_to=None, packages_up_to_regex=None, packages_above=None, packages_above_and_dependencies=None, packages_above_depth=None, packages_select_by_dep=None, packages_skip_by_dep=None, packages_skip_up_to=None, packages_select_build_failed=False, packages_skip_build_finished=False, packages_select_test_failures=False, packages_skip_test_passed=False, packages_select=None, packages_skip=None, packages_select_regex=None, packages_skip_regex=None, packages_start=None, packages_end=None, allow_overriding=[], cmake_args=None, cmake_target=None, cmake_target_skip_unavailable=False, cmake_clean_cache=False, cmake_clean_first=False, cmake_force_configure=False, ament_cmake_args=None, catkin_cmake_args=None, catkin_skip_building_tests=False, mixin_files=None, mixin=None, verb_parser=<colcon_mixin.mixin.mixin_argument.MixinArgumentDecorator object at 0x7378247876a0>, verb_extension=<colcon_core.verb.build.BuildVerb object at 0x7378248c4d30>, main=<bound method BuildVerb.main of <colcon_core.verb.build.BuildVerb object at 0x7378248c4d30>>, mixin_verb=('build',))
[0.296s] Level 1:colcon.colcon_core.package_discovery:discover_packages(colcon_meta) check parameters
[0.296s] Level 1:colcon.colcon_core.package_discovery:discover_packages(recursive) check parameters
[0.296s] Level 1:colcon.colcon_core.package_discovery:discover_packages(ignore) check parameters
[0.296s] Level 1:colcon.colcon_core.package_discovery:discover_packages(path) check parameters
[0.296s] Level 1:colcon.colcon_core.package_discovery:discover_packages(colcon_meta) discover
[0.296s] Level 1:colcon.colcon_core.package_discovery:discover_packages(recursive) discover
[0.296s] INFO:colcon.colcon_core.package_discovery:Crawling recursively for packages in '/home/jamal/FYP_ws2'
[0.296s] Level 1:colcon.colcon_core.package_identification:_identify(.) by extensions ['ignore', 'ignore_ament_install']
[0.296s] Level 1:colcon.colcon_core.package_identification:_identify(.) by extension 'ignore'
[0.296s] Level 1:colcon.colcon_core.package_identification:_identify(.) by extension 'ignore_ament_install'
[0.296s] Level 1:colcon.colcon_core.package_identification:_identify(.) by extensions ['colcon_pkg']
[0.296s] Level 1:colcon.colcon_core.package_identification:_identify(.) by extension 'colcon_pkg'
[0.296s] Level 1:colcon.colcon_core.package_identification:_identify(.) by extensions ['colcon_meta']
[0.296s] Level 1:colcon.colcon_core.package_identification:_identify(.) by extension 'colcon_meta'
[0.296s] Level 1:colcon.colcon_core.package_identification:_identify(.) by extensions ['ros']
[0.296s] Level 1:colcon.colcon_core.package_identification:_identify(.) by extension 'ros'
[0.304s] Level 1:colcon.colcon_core.package_identification:_identify(.) by extensions ['cmake', 'python']
[0.304s] Level 1:colcon.colcon_core.package_identification:_identify(.) by extension 'cmake'
[0.304s] Level 1:colcon.colcon_core.package_identification:_identify(.) by extension 'python'
[0.304s] Level 1:colcon.colcon_core.package_identification:_identify(.) by extensions ['python_setup_py']
[0.304s] Level 1:colcon.colcon_core.package_identification:_identify(.) by extension 'python_setup_py'
[0.305s] Level 1:colcon.colcon_core.package_identification:_identify(build) by extensions ['ignore', 'ignore_ament_install']
[0.305s] Level 1:colcon.colcon_core.package_identification:_identify(build) by extension 'ignore'
[0.305s] Level 1:colcon.colcon_core.package_identification:_identify(build) ignored
[0.305s] Level 1:colcon.colcon_core.package_identification:_identify(install) by extensions ['ignore', 'ignore_ament_install']
[0.305s] Level 1:colcon.colcon_core.package_identification:_identify(install) by extension 'ignore'
[0.305s] Level 1:colcon.colcon_core.package_identification:_identify(install) ignored
[0.305s] Level 1:colcon.colcon_core.package_identification:_identify(log) by extensions ['ignore', 'ignore_ament_install']
[0.305s] Level 1:colcon.colcon_core.package_identification:_identify(log) by extension 'ignore'
[0.305s] Level 1:colcon.colcon_core.package_identification:_identify(log) ignored
[0.305s] Level 1:colcon.colcon_core.package_identification:_identify(src) by extensions ['ignore', 'ignore_ament_install']
[0.305s] Level 1:colcon.colcon_core.package_identification:_identify(src) by extension 'ignore'
[0.305s] Level 1:colcon.colcon_core.package_identification:_identify(src) by extension 'ignore_ament_install'
[0.305s] Level 1:colcon.colcon_core.package_identification:_identify(src) by extensions ['colcon_pkg']
[0.305s] Level 1:colcon.colcon_core.package_identification:_identify(src) by extension 'colcon_pkg'
[0.305s] Level 1:colcon.colcon_core.package_identification:_identify(src) by extensions ['colcon_meta']
[0.305s] Level 1:colcon.colcon_core.package_identification:_identify(src) by extension 'colcon_meta'
[0.305s] Level 1:colcon.colcon_core.package_identification:_identify(src) by extensions ['ros']
[0.305s] Level 1:colcon.colcon_core.package_identification:_identify(src) by extension 'ros'
[0.305s] Level 1:colcon.colcon_core.package_identification:_identify(src) by extensions ['cmake', 'python']
[0.305s] Level 1:colcon.colcon_core.package_identification:_identify(src) by extension 'cmake'
[0.305s] Level 1:colcon.colcon_core.package_identification:_identify(src) by extension 'python'
[0.305s] Level 1:colcon.colcon_core.package_identification:_identify(src) by extensions ['python_setup_py']
[0.305s] Level 1:colcon.colcon_core.package_identification:_identify(src) by extension 'python_setup_py'
[0.305s] Level 1:colcon.colcon_core.package_identification:_identify(src/control_arm) by extensions ['ignore', 'ignore_ament_install']
[0.305s] Level 1:colcon.colcon_core.package_identification:_identify(src/control_arm) by extension 'ignore'
[0.305s] Level 1:colcon.colcon_core.package_identification:_identify(src/control_arm) by extension 'ignore_ament_install'
[0.305s] Level 1:colcon.colcon_core.package_identification:_identify(src/control_arm) by extensions ['colcon_pkg']
[0.305s] Level 1:colcon.colcon_core.package_identification:_identify(src/control_arm) by extension 'colcon_pkg'
[0.305s] Level 1:colcon.colcon_core.package_identification:_identify(src/control_arm) by extensions ['colcon_meta']
[0.305s] Level 1:colcon.colcon_core.package_identification:_identify(src/control_arm) by extension 'colcon_meta'
[0.305s] Level 1:colcon.colcon_core.package_identification:_identify(src/control_arm) by extensions ['ros']
[0.305s] Level 1:colcon.colcon_core.package_identification:_identify(src/control_arm) by extension 'ros'
[0.307s] DEBUG:colcon.colcon_core.package_identification:Package 'src/control_arm' with type 'ros.ament_cmake' and name 'control_arm'
[0.307s] Level 1:colcon.colcon_core.package_identification:_identify(src/robot_arm) by extensions ['ignore', 'ignore_ament_install']
[0.308s] Level 1:colcon.colcon_core.package_identification:_identify(src/robot_arm) by extension 'ignore'
[0.308s] Level 1:colcon.colcon_core.package_identification:_identify(src/robot_arm) by extension 'ignore_ament_install'
[0.308s] Level 1:colcon.colcon_core.package_identification:_identify(src/robot_arm) by extensions ['colcon_pkg']
[0.308s] Level 1:colcon.colcon_core.package_identification:_identify(src/robot_arm) by extension 'colcon_pkg'
[0.308s] Level 1:colcon.colcon_core.package_identification:_identify(src/robot_arm) by extensions ['colcon_meta']
[0.308s] Level 1:colcon.colcon_core.package_identification:_identify(src/robot_arm) by extension 'colcon_meta'
[0.308s] Level 1:colcon.colcon_core.package_identification:_identify(src/robot_arm) by extensions ['ros']
[0.308s] Level 1:colcon.colcon_core.package_identification:_identify(src/robot_arm) by extension 'ros'
[0.308s] DEBUG:colcon.colcon_core.package_identification:Package 'src/robot_arm' with type 'ros.ament_cmake' and name 'robot_arm'
[0.308s] Level 1:colcon.colcon_core.package_identification:_identify(src/robot_arm_bringup) by extensions ['ignore', 'ignore_ament_install']
[0.308s] Level 1:colcon.colcon_core.package_identification:_identify(src/robot_arm_bringup) by extension 'ignore'
[0.308s] Level 1:colcon.colcon_core.package_identification:_identify(src/robot_arm_bringup) by extension 'ignore_ament_install'
[0.308s] Level 1:colcon.colcon_core.package_identification:_identify(src/robot_arm_bringup) by extensions ['colcon_pkg']
[0.308s] Level 1:colcon.colcon_core.package_identification:_identify(src/robot_arm_bringup) by extension 'colcon_pkg'
[0.308s] Level 1:colcon.colcon_core.package_identification:_identify(src/robot_arm_bringup) by extensions ['colcon_meta']
[0.308s] Level 1:colcon.colcon_core.package_identification:_identify(src/robot_arm_bringup) by extension 'colcon_meta'
[0.308s] Level 1:colcon.colcon_core.package_identification:_identify(src/robot_arm_bringup) by extensions ['ros']
[0.308s] Level 1:colcon.colcon_core.package_identification:_identify(src/robot_arm_bringup) by extension 'ros'
[0.309s] DEBUG:colcon.colcon_core.package_identification:Package 'src/robot_arm_bringup' with type 'ros.ament_cmake' and name 'robot_arm_bringup'
[0.309s] Level 1:colcon.colcon_core.package_identification:_identify(src/robot_arm_description) by extensions ['ignore', 'ignore_ament_install']
[0.309s] Level 1:colcon.colcon_core.package_identification:_identify(src/robot_arm_description) by extension 'ignore'
[0.309s] Level 1:colcon.colcon_core.package_identification:_identify(src/robot_arm_description) by extension 'ignore_ament_install'
[0.309s] Level 1:colcon.colcon_core.package_identification:_identify(src/robot_arm_description) by extensions ['colcon_pkg']
[0.309s] Level 1:colcon.colcon_core.package_identification:_identify(src/robot_arm_description) by extension 'colcon_pkg'
[0.309s] Level 1:colcon.colcon_core.package_identification:_identify(src/robot_arm_description) by extensions ['colcon_meta']
[0.309s] Level 1:colcon.colcon_core.package_identification:_identify(src/robot_arm_description) by extension 'colcon_meta'
[0.309s] Level 1:colcon.colcon_core.package_identification:_identify(src/robot_arm_description) by extensions ['ros']
[0.309s] Level 1:colcon.colcon_core.package_identification:_identify(src/robot_arm_description) by extension 'ros'
[0.309s] DEBUG:colcon.colcon_core.package_identification:Package 'src/robot_arm_description' with type 'ros.ament_cmake' and name 'robot_arm_description'
[0.310s] Level 1:colcon.colcon_core.package_identification:_identify(src/robot_arm_gazebo) by extensions ['ignore', 'ignore_ament_install']
[0.310s] Level 1:colcon.colcon_core.package_identification:_identify(src/robot_arm_gazebo) by extension 'ignore'
[0.310s] Level 1:colcon.colcon_core.package_identification:_identify(src/robot_arm_gazebo) by extension 'ignore_ament_install'
[0.310s] Level 1:colcon.colcon_core.package_identification:_identify(src/robot_arm_gazebo) by extensions ['colcon_pkg']
[0.310s] Level 1:colcon.colcon_core.package_identification:_identify(src/robot_arm_gazebo) by extension 'colcon_pkg'
[0.310s] Level 1:colcon.colcon_core.package_identification:_identify(src/robot_arm_gazebo) by extensions ['colcon_meta']
[0.310s] Level 1:colcon.colcon_core.package_identification:_identify(src/robot_arm_gazebo) by extension 'colcon_meta'
[0.310s] Level 1:colcon.colcon_core.package_identification:_identify(src/robot_arm_gazebo) by extensions ['ros']
[0.310s] Level 1:colcon.colcon_core.package_identification:_identify(src/robot_arm_gazebo) by extension 'ros'
[0.310s] DEBUG:colcon.colcon_core.package_identification:Package 'src/robot_arm_gazebo' with type 'ros.ament_cmake' and name 'robot_arm_gazebo'
[0.311s] Level 1:colcon.colcon_core.package_identification:_identify(src/robot_arm_movit_config) by extensions ['ignore', 'ignore_ament_install']
[0.311s] Level 1:colcon.colcon_core.package_identification:_identify(src/robot_arm_movit_config) by extension 'ignore'
[0.311s] Level 1:colcon.colcon_core.package_identification:_identify(src/robot_arm_movit_config) by extension 'ignore_ament_install'
[0.311s] Level 1:colcon.colcon_core.package_identification:_identify(src/robot_arm_movit_config) by extensions ['colcon_pkg']
[0.311s] Level 1:colcon.colcon_core.package_identification:_identify(src/robot_arm_movit_config) by extension 'colcon_pkg'
[0.311s] Level 1:colcon.colcon_core.package_identification:_identify(src/robot_arm_movit_config) by extensions ['colcon_meta']
[0.311s] Level 1:colcon.colcon_core.package_identification:_identify(src/robot_arm_movit_config) by extension 'colcon_meta'
[0.311s] Level 1:colcon.colcon_core.package_identification:_identify(src/robot_arm_movit_config) by extensions ['ros']
[0.311s] Level 1:colcon.colcon_core.package_identification:_identify(src/robot_arm_movit_config) by extension 'ros'
[0.311s] DEBUG:colcon.colcon_core.package_identification:Package 'src/robot_arm_movit_config' with type 'ros.ament_cmake' and name 'robot_arm_movit_config'
[0.311s] Level 1:colcon.colcon_core.package_discovery:discover_packages(recursive) using defaults
[0.311s] Level 1:colcon.colcon_core.package_discovery:discover_packages(ignore) discover
[0.312s] Level 1:colcon.colcon_core.package_discovery:discover_packages(ignore) using defaults
[0.312s] Level 1:colcon.colcon_core.package_discovery:discover_packages(path) discover
[0.312s] Level 1:colcon.colcon_core.package_discovery:discover_packages(path) using defaults
[0.331s] Level 1:colcon.colcon_core.package_discovery:discover_packages(prefix_path) check parameters
[0.331s] Level 1:colcon.colcon_core.package_discovery:discover_packages(prefix_path) discover
[0.334s] DEBUG:colcon.colcon_installed_package_information.package_discovery:Found 418 installed packages in /opt/ros/humble
[0.337s] Level 1:colcon.colcon_core.package_discovery:discover_packages(prefix_path) using defaults
[0.369s] Level 5:colcon.colcon_core.verb:set package 'robot_arm' build argument 'cmake_args' from command line to 'None'
[0.369s] Level 5:colcon.colcon_core.verb:set package 'robot_arm' build argument 'cmake_target' from command line to 'None'
[0.369s] Level 5:colcon.colcon_core.verb:set package 'robot_arm' build argument 'cmake_target_skip_unavailable' from command line to 'False'
[0.369s] Level 5:colcon.colcon_core.verb:set package 'robot_arm' build argument 'cmake_clean_cache' from command line to 'False'
[0.369s] Level 5:colcon.colcon_core.verb:set package 'robot_arm' build argument 'cmake_clean_first' from command line to 'False'
[0.369s] Level 5:colcon.colcon_core.verb:set package 'robot_arm' build argument 'cmake_force_configure' from command line to 'False'
[0.369s] Level 5:colcon.colcon_core.verb:set package 'robot_arm' build argument 'ament_cmake_args' from command line to 'None'
[0.369s] Level 5:colcon.colcon_core.verb:set package 'robot_arm' build argument 'catkin_cmake_args' from command line to 'None'
[0.369s] Level 5:colcon.colcon_core.verb:set package 'robot_arm' build argument 'catkin_skip_building_tests' from command line to 'False'
[0.369s] DEBUG:colcon.colcon_core.verb:Building package 'robot_arm' with the following arguments: {'ament_cmake_args': None, 'build_base': '/home/jamal/FYP_ws2/build/robot_arm', 'catkin_cmake_args': None, 'catkin_skip_building_tests': False, 'cmake_args': None, 'cmake_clean_cache': False, 'cmake_clean_first': False, 'cmake_force_configure': False, 'cmake_target': None, 'cmake_target_skip_unavailable': False, 'install_base': '/home/jamal/FYP_ws2/install/robot_arm', 'merge_install': False, 'path': '/home/jamal/FYP_ws2/src/robot_arm', 'symlink_install': False, 'test_result_base': None}
[0.370s] Level 5:colcon.colcon_core.verb:set package 'robot_arm_bringup' build argument 'cmake_args' from command line to 'None'
[0.370s] Level 5:colcon.colcon_core.verb:set package 'robot_arm_bringup' build argument 'cmake_target' from command line to 'None'
[0.370s] Level 5:colcon.colcon_core.verb:set package 'robot_arm_bringup' build argument 'cmake_target_skip_unavailable' from command line to 'False'
[0.370s] Level 5:colcon.colcon_core.verb:set package 'robot_arm_bringup' build argument 'cmake_clean_cache' from command line to 'False'
[0.370s] Level 5:colcon.colcon_core.verb:set package 'robot_arm_bringup' build argument 'cmake_clean_first' from command line to 'False'
[0.370s] Level 5:colcon.colcon_core.verb:set package 'robot_arm_bringup' build argument 'cmake_force_configure' from command line to 'False'
[0.370s] Level 5:colcon.colcon_core.verb:set package 'robot_arm_bringup' build argument 'ament_cmake_args' from command line to 'None'
[0.370s] Level 5:colcon.colcon_core.verb:set package 'robot_arm_bringup' build argument 'catkin_cmake_args' from command line to 'None'
[0.370s] Level 5:colcon.colcon_core.verb:set package 'robot_arm_bringup' build argument 'catkin_skip_building_tests' from command line to 'False'
[0.370s] DEBUG:colcon.colcon_core.verb:Building package 'robot_arm_bringup' with the following arguments: {'ament_cmake_args': None, 'build_base': '/home/jamal/FYP_ws2/build/robot_arm_bringup', 'catkin_cmake_args': None, 'catkin_skip_building_tests': False, 'cmake_args': None, 'cmake_clean_cache': False, 'cmake_clean_first': False, 'cmake_force_configure': False, 'cmake_target': None, 'cmake_target_skip_unavailable': False, 'install_base': '/home/jamal/FYP_ws2/install/robot_arm_bringup', 'merge_install': False, 'path': '/home/jamal/FYP_ws2/src/robot_arm_bringup', 'symlink_install': False, 'test_result_base': None}
[0.370s] Level 5:colcon.colcon_core.verb:set package 'robot_arm_description' build argument 'cmake_args' from command line to 'None'
[0.370s] Level 5:colcon.colcon_core.verb:set package 'robot_arm_description' build argument 'cmake_target' from command line to 'None'
[0.370s] Level 5:colcon.colcon_core.verb:set package 'robot_arm_description' build argument 'cmake_target_skip_unavailable' from command line to 'False'
[0.370s] Level 5:colcon.colcon_core.verb:set package 'robot_arm_description' build argument 'cmake_clean_cache' from command line to 'False'
[0.370s] Level 5:colcon.colcon_core.verb:set package 'robot_arm_description' build argument 'cmake_clean_first' from command line to 'False'
[0.370s] Level 5:colcon.colcon_core.verb:set package 'robot_arm_description' build argument 'cmake_force_configure' from command line to 'False'
[0.370s] Level 5:colcon.colcon_core.verb:set package 'robot_arm_description' build argument 'ament_cmake_args' from command line to 'None'
[0.370s] Level 5:colcon.colcon_core.verb:set package 'robot_arm_description' build argument 'catkin_cmake_args' from command line to 'None'
[0.370s] Level 5:colcon.colcon_core.verb:set package 'robot_arm_description' build argument 'catkin_skip_building_tests' from command line to 'False'
[0.370s] DEBUG:colcon.colcon_core.verb:Building package 'robot_arm_description' with the following arguments: {'ament_cmake_args': None, 'build_base': '/home/jamal/FYP_ws2/build/robot_arm_description', 'catkin_cmake_args': None, 'catkin_skip_building_tests': False, 'cmake_args': None, 'cmake_clean_cache': False, 'cmake_clean_first': False, 'cmake_force_configure': False, 'cmake_target': None, 'cmake_target_skip_unavailable': False, 'install_base': '/home/jamal/FYP_ws2/install/robot_arm_description', 'merge_install': False, 'path': '/home/jamal/FYP_ws2/src/robot_arm_description', 'symlink_install': False, 'test_result_base': None}
[0.370s] Level 5:colcon.colcon_core.verb:set package 'robot_arm_gazebo' build argument 'cmake_args' from command line to 'None'
[0.370s] Level 5:colcon.colcon_core.verb:set package 'robot_arm_gazebo' build argument 'cmake_target' from command line to 'None'
[0.371s] Level 5:colcon.colcon_core.verb:set package 'robot_arm_gazebo' build argument 'cmake_target_skip_unavailable' from command line to 'False'
[0.371s] Level 5:colcon.colcon_core.verb:set package 'robot_arm_gazebo' build argument 'cmake_clean_cache' from command line to 'False'
[0.371s] Level 5:colcon.colcon_core.verb:set package 'robot_arm_gazebo' build argument 'cmake_clean_first' from command line to 'False'
[0.371s] Level 5:colcon.colcon_core.verb:set package 'robot_arm_gazebo' build argument 'cmake_force_configure' from command line to 'False'
[0.371s] Level 5:colcon.colcon_core.verb:set package 'robot_arm_gazebo' build argument 'ament_cmake_args' from command line to 'None'
[0.371s] Level 5:colcon.colcon_core.verb:set package 'robot_arm_gazebo' build argument 'catkin_cmake_args' from command line to 'None'
[0.371s] Level 5:colcon.colcon_core.verb:set package 'robot_arm_gazebo' build argument 'catkin_skip_building_tests' from command line to 'False'
[0.371s] DEBUG:colcon.colcon_core.verb:Building package 'robot_arm_gazebo' with the following arguments: {'ament_cmake_args': None, 'build_base': '/home/jamal/FYP_ws2/build/robot_arm_gazebo', 'catkin_cmake_args': None, 'catkin_skip_building_tests': False, 'cmake_args': None, 'cmake_clean_cache': False, 'cmake_clean_first': False, 'cmake_force_configure': False, 'cmake_target': None, 'cmake_target_skip_unavailable': False, 'install_base': '/home/jamal/FYP_ws2/install/robot_arm_gazebo', 'merge_install': False, 'path': '/home/jamal/FYP_ws2/src/robot_arm_gazebo', 'symlink_install': False, 'test_result_base': None}
[0.371s] Level 5:colcon.colcon_core.verb:set package 'robot_arm_movit_config' build argument 'cmake_args' from command line to 'None'
[0.371s] Level 5:colcon.colcon_core.verb:set package 'robot_arm_movit_config' build argument 'cmake_target' from command line to 'None'
[0.371s] Level 5:colcon.colcon_core.verb:set package 'robot_arm_movit_config' build argument 'cmake_target_skip_unavailable' from command line to 'False'
[0.371s] Level 5:colcon.colcon_core.verb:set package 'robot_arm_movit_config' build argument 'cmake_clean_cache' from command line to 'False'
[0.371s] Level 5:colcon.colcon_core.verb:set package 'robot_arm_movit_config' build argument 'cmake_clean_first' from command line to 'False'
[0.371s] Level 5:colcon.colcon_core.verb:set package 'robot_arm_movit_config' build argument 'cmake_force_configure' from command line to 'False'
[0.371s] Level 5:colcon.colcon_core.verb:set package 'robot_arm_movit_config' build argument 'ament_cmake_args' from command line to 'None'
[0.371s] Level 5:colcon.colcon_core.verb:set package 'robot_arm_movit_config' build argument 'catkin_cmake_args' from command line to 'None'
[0.371s] Level 5:colcon.colcon_core.verb:set package 'robot_arm_movit_config' build argument 'catkin_skip_building_tests' from command line to 'False'
[0.371s] DEBUG:colcon.colcon_core.verb:Building package 'robot_arm_movit_config' with the following arguments: {'ament_cmake_args': None, 'build_base': '/home/jamal/FYP_ws2/build/robot_arm_movit_config', 'catkin_cmake_args': None, 'catkin_skip_building_tests': False, 'cmake_args': None, 'cmake_clean_cache': False, 'cmake_clean_first': False, 'cmake_force_configure': False, 'cmake_target': None, 'cmake_target_skip_unavailable': False, 'install_base': '/home/jamal/FYP_ws2/install/robot_arm_movit_config', 'merge_install': False, 'path': '/home/jamal/FYP_ws2/src/robot_arm_movit_config', 'symlink_install': False, 'test_result_base': None}
[0.371s] Level 5:colcon.colcon_core.verb:set package 'control_arm' build argument 'cmake_args' from command line to 'None'
[0.371s] Level 5:colcon.colcon_core.verb:set package 'control_arm' build argument 'cmake_target' from command line to 'None'
[0.371s] Level 5:colcon.colcon_core.verb:set package 'control_arm' build argument 'cmake_target_skip_unavailable' from command line to 'False'
[0.371s] Level 5:colcon.colcon_core.verb:set package 'control_arm' build argument 'cmake_clean_cache' from command line to 'False'
[0.371s] Level 5:colcon.colcon_core.verb:set package 'control_arm' build argument 'cmake_clean_first' from command line to 'False'
[0.371s] Level 5:colcon.colcon_core.verb:set package 'control_arm' build argument 'cmake_force_configure' from command line to 'False'
[0.371s] Level 5:colcon.colcon_core.verb:set package 'control_arm' build argument 'ament_cmake_args' from command line to 'None'
[0.371s] Level 5:colcon.colcon_core.verb:set package 'control_arm' build argument 'catkin_cmake_args' from command line to 'None'
[0.371s] Level 5:colcon.colcon_core.verb:set package 'control_arm' build argument 'catkin_skip_building_tests' from command line to 'False'
[0.371s] DEBUG:colcon.colcon_core.verb:Building package 'control_arm' with the following arguments: {'ament_cmake_args': None, 'build_base': '/home/jamal/FYP_ws2/build/control_arm', 'catkin_cmake_args': None, 'catkin_skip_building_tests': False, 'cmake_args': None, 'cmake_clean_cache': False, 'cmake_clean_first': False, 'cmake_force_configure': False, 'cmake_target': None, 'cmake_target_skip_unavailable': False, 'install_base': '/home/jamal/FYP_ws2/install/control_arm', 'merge_install': False, 'path': '/home/jamal/FYP_ws2/src/control_arm', 'symlink_install': False, 'test_result_base': None}
[0.371s] INFO:colcon.colcon_core.executor:Executing jobs using 'parallel' executor
[0.372s] DEBUG:colcon.colcon_parallel_executor.executor.parallel:run_until_complete
[0.372s] INFO:colcon.colcon_ros.task.ament_cmake.build:Building ROS package in '/home/jamal/FYP_ws2/src/robot_arm_description' with build type 'ament_cmake'
[0.372s] INFO:colcon.colcon_cmake.task.cmake.build:Building CMake package in '/home/jamal/FYP_ws2/src/robot_arm_description'
[0.374s] INFO:colcon.colcon_core.plugin_system:Skipping extension 'colcon_core.shell.bat': Not used on non-Windows systems
[0.374s] INFO:colcon.colcon_core.shell:Skip shell extension 'powershell' for command environment: Not usable outside of PowerShell
[0.374s] DEBUG:colcon.colcon_core.shell:Skip shell extension 'dsv' for command environment
[0.376s] INFO:colcon.colcon_ros.task.ament_cmake.build:Building ROS package in '/home/jamal/FYP_ws2/src/robot_arm' with build type 'ament_cmake'
[0.376s] INFO:colcon.colcon_cmake.task.cmake.build:Building CMake package in '/home/jamal/FYP_ws2/src/robot_arm'
[0.376s] INFO:colcon.colcon_core.shell:Skip shell extension 'powershell' for command environment: Not usable outside of PowerShell
[0.376s] DEBUG:colcon.colcon_core.shell:Skip shell extension 'dsv' for command environment
[0.380s] INFO:colcon.colcon_ros.task.ament_cmake.build:Building ROS package in '/home/jamal/FYP_ws2/src/robot_arm_bringup' with build type 'ament_cmake'
[0.380s] INFO:colcon.colcon_cmake.task.cmake.build:Building CMake package in '/home/jamal/FYP_ws2/src/robot_arm_bringup'
[0.380s] INFO:colcon.colcon_core.shell:Skip shell extension 'powershell' for command environment: Not usable outside of PowerShell
[0.380s] DEBUG:colcon.colcon_core.shell:Skip shell extension 'dsv' for command environment
[0.382s] INFO:colcon.colcon_ros.task.ament_cmake.build:Building ROS package in '/home/jamal/FYP_ws2/src/robot_arm_gazebo' with build type 'ament_cmake'
[0.382s] INFO:colcon.colcon_cmake.task.cmake.build:Building CMake package in '/home/jamal/FYP_ws2/src/robot_arm_gazebo'
[0.382s] INFO:colcon.colcon_core.shell:Skip shell extension 'powershell' for command environment: Not usable outside of PowerShell
[0.382s] DEBUG:colcon.colcon_core.shell:Skip shell extension 'dsv' for command environment
[0.388s] DEBUG:colcon.colcon_core.event_handler.log_command:Invoking command in '/home/jamal/FYP_ws2/build/robot_arm_description': CMAKE_PREFIX_PATH=/opt/ros/humble /usr/bin/cmake --build /home/jamal/FYP_ws2/build/robot_arm_description -- -j16 -l16
[0.390s] DEBUG:colcon.colcon_core.event_handler.log_command:Invoking command in '/home/jamal/FYP_ws2/build/robot_arm': CMAKE_PREFIX_PATH=/opt/ros/humble /usr/bin/cmake --build /home/jamal/FYP_ws2/build/robot_arm -- -j16 -l16
[0.392s] DEBUG:colcon.colcon_core.event_handler.log_command:Invoking command in '/home/jamal/FYP_ws2/build/robot_arm_bringup': CMAKE_PREFIX_PATH=/opt/ros/humble /usr/bin/cmake --build /home/jamal/FYP_ws2/build/robot_arm_bringup -- -j16 -l16
[0.399s] DEBUG:colcon.colcon_core.event_handler.log_command:Invoking command in '/home/jamal/FYP_ws2/build/robot_arm_gazebo': CMAKE_PREFIX_PATH=/opt/ros/humble /usr/bin/cmake --build /home/jamal/FYP_ws2/build/robot_arm_gazebo -- -j16 -l16
[0.437s] DEBUG:colcon.colcon_core.event_handler.log_command:Invoked command in '/home/jamal/FYP_ws2/build/robot_arm' returned '0': CMAKE_PREFIX_PATH=/opt/ros/humble /usr/bin/cmake --build /home/jamal/FYP_ws2/build/robot_arm -- -j16 -l16
[0.445s] DEBUG:colcon.colcon_core.event_handler.log_command:Invoking command in '/home/jamal/FYP_ws2/build/robot_arm': CMAKE_PREFIX_PATH=/opt/ros/humble /usr/bin/cmake --install /home/jamal/FYP_ws2/build/robot_arm
[0.447s] DEBUG:colcon.colcon_core.event_handler.log_command:Invoked command in '/home/jamal/FYP_ws2/build/robot_arm_bringup' returned '0': CMAKE_PREFIX_PATH=/opt/ros/humble /usr/bin/cmake --build /home/jamal/FYP_ws2/build/robot_arm_bringup -- -j16 -l16
[0.449s] DEBUG:colcon.colcon_core.event_handler.log_command:Invoking command in '/home/jamal/FYP_ws2/build/robot_arm_bringup': CMAKE_PREFIX_PATH=/opt/ros/humble /usr/bin/cmake --install /home/jamal/FYP_ws2/build/robot_arm_bringup
[0.450s] DEBUG:colcon.colcon_core.event_handler.log_command:Invoked command in '/home/jamal/FYP_ws2/build/robot_arm_description' returned '0': CMAKE_PREFIX_PATH=/opt/ros/humble /usr/bin/cmake --build /home/jamal/FYP_ws2/build/robot_arm_description -- -j16 -l16
[0.453s] DEBUG:colcon.colcon_core.event_handler.log_command:Invoking command in '/home/jamal/FYP_ws2/build/robot_arm_description': CMAKE_PREFIX_PATH=/opt/ros/humble /usr/bin/cmake --install /home/jamal/FYP_ws2/build/robot_arm_description
[0.457s] Level 1:colcon.colcon_core.environment:create_environment_scripts_only(robot_arm)
[0.459s] DEBUG:colcon.colcon_core.event_handler.log_command:Invoked command in '/home/jamal/FYP_ws2/build/robot_arm' returned '0': CMAKE_PREFIX_PATH=/opt/ros/humble /usr/bin/cmake --install /home/jamal/FYP_ws2/build/robot_arm
[0.466s] Level 1:colcon.colcon_core.environment:checking '/home/jamal/FYP_ws2/install/robot_arm' for CMake module files
[0.466s] Level 1:colcon.colcon_core.environment:checking '/home/jamal/FYP_ws2/install/robot_arm' for CMake config files
[0.467s] Level 1:colcon.colcon_core.shell:create_environment_hook('robot_arm', 'cmake_prefix_path')
[0.467s] INFO:colcon.colcon_core.shell:Creating environment hook '/home/jamal/FYP_ws2/install/robot_arm/share/robot_arm/hook/cmake_prefix_path.ps1'
[0.468s] INFO:colcon.colcon_core.shell:Creating environment descriptor '/home/jamal/FYP_ws2/install/robot_arm/share/robot_arm/hook/cmake_prefix_path.dsv'
[0.468s] INFO:colcon.colcon_core.shell:Creating environment hook '/home/jamal/FYP_ws2/install/robot_arm/share/robot_arm/hook/cmake_prefix_path.sh'
[0.469s] Level 1:colcon.colcon_core.environment:checking '/home/jamal/FYP_ws2/install/robot_arm/bin'
[0.469s] Level 1:colcon.colcon_core.environment:checking '/home/jamal/FYP_ws2/install/robot_arm/lib/pkgconfig/robot_arm.pc'
[0.469s] Level 1:colcon.colcon_core.environment:checking '/home/jamal/FYP_ws2/install/robot_arm/lib/python3.10/site-packages'
[0.469s] Level 1:colcon.colcon_core.environment:checking '/home/jamal/FYP_ws2/install/robot_arm/bin'
[0.470s] INFO:colcon.colcon_core.shell:Creating package script '/home/jamal/FYP_ws2/install/robot_arm/share/robot_arm/package.ps1'
[0.470s] INFO:colcon.colcon_core.shell:Creating package descriptor '/home/jamal/FYP_ws2/install/robot_arm/share/robot_arm/package.dsv'
[0.471s] INFO:colcon.colcon_core.shell:Creating package script '/home/jamal/FYP_ws2/install/robot_arm/share/robot_arm/package.sh'
[0.471s] INFO:colcon.colcon_core.shell:Creating package script '/home/jamal/FYP_ws2/install/robot_arm/share/robot_arm/package.bash'
[0.472s] INFO:colcon.colcon_core.shell:Creating package script '/home/jamal/FYP_ws2/install/robot_arm/share/robot_arm/package.zsh'
[0.472s] Level 1:colcon.colcon_core.environment:create_file_with_runtime_dependencies(/home/jamal/FYP_ws2/install/robot_arm/share/colcon-core/packages/robot_arm)
[0.473s] Level 1:colcon.colcon_core.environment:create_environment_scripts_only(robot_arm)
[0.473s] Level 1:colcon.colcon_core.environment:checking '/home/jamal/FYP_ws2/install/robot_arm' for CMake module files
[0.473s] Level 1:colcon.colcon_core.environment:checking '/home/jamal/FYP_ws2/install/robot_arm' for CMake config files
[0.473s] Level 1:colcon.colcon_core.shell:create_environment_hook('robot_arm', 'cmake_prefix_path')
[0.473s] INFO:colcon.colcon_core.shell:Creating environment hook '/home/jamal/FYP_ws2/install/robot_arm/share/robot_arm/hook/cmake_prefix_path.ps1'
[0.473s] INFO:colcon.colcon_core.shell:Creating environment descriptor '/home/jamal/FYP_ws2/install/robot_arm/share/robot_arm/hook/cmake_prefix_path.dsv'
[0.474s] INFO:colcon.colcon_core.shell:Creating environment hook '/home/jamal/FYP_ws2/install/robot_arm/share/robot_arm/hook/cmake_prefix_path.sh'
[0.474s] Level 1:colcon.colcon_core.environment:checking '/home/jamal/FYP_ws2/install/robot_arm/bin'
[0.474s] Level 1:colcon.colcon_core.environment:checking '/home/jamal/FYP_ws2/install/robot_arm/lib/pkgconfig/robot_arm.pc'
[0.474s] Level 1:colcon.colcon_core.environment:checking '/home/jamal/FYP_ws2/install/robot_arm/lib/python3.10/site-packages'
[0.474s] Level 1:colcon.colcon_core.environment:checking '/home/jamal/FYP_ws2/install/robot_arm/bin'
[0.474s] INFO:colcon.colcon_core.shell:Creating package script '/home/jamal/FYP_ws2/install/robot_arm/share/robot_arm/package.ps1'
[0.475s] INFO:colcon.colcon_core.shell:Creating package descriptor '/home/jamal/FYP_ws2/install/robot_arm/share/robot_arm/package.dsv'
[0.475s] INFO:colcon.colcon_core.shell:Creating package script '/home/jamal/FYP_ws2/install/robot_arm/share/robot_arm/package.sh'
[0.475s] INFO:colcon.colcon_core.shell:Creating package script '/home/jamal/FYP_ws2/install/robot_arm/share/robot_arm/package.bash'
[0.475s] INFO:colcon.colcon_core.shell:Creating package script '/home/jamal/FYP_ws2/install/robot_arm/share/robot_arm/package.zsh'
[0.476s] Level 1:colcon.colcon_core.environment:create_file_with_runtime_dependencies(/home/jamal/FYP_ws2/install/robot_arm/share/colcon-core/packages/robot_arm)
[0.476s] Level 1:colcon.colcon_core.environment:create_environment_scripts_only(robot_arm_bringup)
[0.476s] Level 1:colcon.colcon_core.environment:checking '/home/jamal/FYP_ws2/install/robot_arm_bringup' for CMake module files
[0.476s] Level 1:colcon.colcon_core.environment:checking '/home/jamal/FYP_ws2/install/robot_arm_bringup' for CMake config files
[0.477s] DEBUG:colcon.colcon_core.event_handler.log_command:Invoked command in '/home/jamal/FYP_ws2/build/robot_arm_bringup' returned '0': CMAKE_PREFIX_PATH=/opt/ros/humble /usr/bin/cmake --install /home/jamal/FYP_ws2/build/robot_arm_bringup
[0.477s] Level 1:colcon.colcon_core.shell:create_environment_hook('robot_arm_bringup', 'cmake_prefix_path')
[0.477s] INFO:colcon.colcon_core.shell:Creating environment hook '/home/jamal/FYP_ws2/install/robot_arm_bringup/share/robot_arm_bringup/hook/cmake_prefix_path.ps1'
[0.477s] INFO:colcon.colcon_core.shell:Creating environment descriptor '/home/jamal/FYP_ws2/install/robot_arm_bringup/share/robot_arm_bringup/hook/cmake_prefix_path.dsv'
[0.478s] INFO:colcon.colcon_core.shell:Creating environment hook '/home/jamal/FYP_ws2/install/robot_arm_bringup/share/robot_arm_bringup/hook/cmake_prefix_path.sh'
[0.478s] Level 1:colcon.colcon_core.environment:checking '/home/jamal/FYP_ws2/install/robot_arm_bringup/bin'
[0.478s] Level 1:colcon.colcon_core.environment:checking '/home/jamal/FYP_ws2/install/robot_arm_bringup/lib/pkgconfig/robot_arm_bringup.pc'
[0.478s] Level 1:colcon.colcon_core.environment:checking '/home/jamal/FYP_ws2/install/robot_arm_bringup/lib/python3.10/site-packages'
[0.479s] Level 1:colcon.colcon_core.environment:checking '/home/jamal/FYP_ws2/install/robot_arm_bringup/bin'
[0.479s] INFO:colcon.colcon_core.shell:Creating package script '/home/jamal/FYP_ws2/install/robot_arm_bringup/share/robot_arm_bringup/package.ps1'
[0.479s] INFO:colcon.colcon_core.shell:Creating package descriptor '/home/jamal/FYP_ws2/install/robot_arm_bringup/share/robot_arm_bringup/package.dsv'
[0.479s] INFO:colcon.colcon_core.shell:Creating package script '/home/jamal/FYP_ws2/install/robot_arm_bringup/share/robot_arm_bringup/package.sh'
[0.480s] INFO:colcon.colcon_core.shell:Creating package script '/home/jamal/FYP_ws2/install/robot_arm_bringup/share/robot_arm_bringup/package.bash'
[0.480s] INFO:colcon.colcon_core.shell:Creating package script '/home/jamal/FYP_ws2/install/robot_arm_bringup/share/robot_arm_bringup/package.zsh'
[0.480s] Level 1:colcon.colcon_core.environment:create_file_with_runtime_dependencies(/home/jamal/FYP_ws2/install/robot_arm_bringup/share/colcon-core/packages/robot_arm_bringup)
[0.481s] Level 1:colcon.colcon_core.environment:create_environment_scripts_only(robot_arm_bringup)
[0.481s] Level 1:colcon.colcon_core.environment:checking '/home/jamal/FYP_ws2/install/robot_arm_bringup' for CMake module files
[0.481s] Level 1:colcon.colcon_core.environment:checking '/home/jamal/FYP_ws2/install/robot_arm_bringup' for CMake config files
[0.481s] Level 1:colcon.colcon_core.shell:create_environment_hook('robot_arm_bringup', 'cmake_prefix_path')
[0.481s] INFO:colcon.colcon_core.shell:Creating environment hook '/home/jamal/FYP_ws2/install/robot_arm_bringup/share/robot_arm_bringup/hook/cmake_prefix_path.ps1'
[0.481s] INFO:colcon.colcon_core.shell:Creating environment descriptor '/home/jamal/FYP_ws2/install/robot_arm_bringup/share/robot_arm_bringup/hook/cmake_prefix_path.dsv'
[0.482s] INFO:colcon.colcon_core.shell:Creating environment hook '/home/jamal/FYP_ws2/install/robot_arm_bringup/share/robot_arm_bringup/hook/cmake_prefix_path.sh'
[0.482s] Level 1:colcon.colcon_core.environment:checking '/home/jamal/FYP_ws2/install/robot_arm_bringup/bin'
[0.482s] Level 1:colcon.colcon_core.environment:checking '/home/jamal/FYP_ws2/install/robot_arm_bringup/lib/pkgconfig/robot_arm_bringup.pc'
[0.482s] Level 1:colcon.colcon_core.environment:checking '/home/jamal/FYP_ws2/install/robot_arm_bringup/lib/python3.10/site-packages'
[0.482s] Level 1:colcon.colcon_core.environment:checking '/home/jamal/FYP_ws2/install/robot_arm_bringup/bin'
[0.482s] INFO:colcon.colcon_core.shell:Creating package script '/home/jamal/FYP_ws2/install/robot_arm_bringup/share/robot_arm_bringup/package.ps1'
[0.483s] INFO:colcon.colcon_core.shell:Creating package descriptor '/home/jamal/FYP_ws2/install/robot_arm_bringup/share/robot_arm_bringup/package.dsv'
[0.483s] INFO:colcon.colcon_core.shell:Creating package script '/home/jamal/FYP_ws2/install/robot_arm_bringup/share/robot_arm_bringup/package.sh'
[0.484s] INFO:colcon.colcon_core.shell:Creating package script '/home/jamal/FYP_ws2/install/robot_arm_bringup/share/robot_arm_bringup/package.bash'
[0.484s] INFO:colcon.colcon_core.shell:Creating package script '/home/jamal/FYP_ws2/install/robot_arm_bringup/share/robot_arm_bringup/package.zsh'
[0.484s] Level 1:colcon.colcon_core.environment:create_file_with_runtime_dependencies(/home/jamal/FYP_ws2/install/robot_arm_bringup/share/colcon-core/packages/robot_arm_bringup)
[0.486s] DEBUG:colcon.colcon_core.event_handler.log_command:Invoked command in '/home/jamal/FYP_ws2/build/robot_arm_gazebo' returned '0': CMAKE_PREFIX_PATH=/opt/ros/humble /usr/bin/cmake --build /home/jamal/FYP_ws2/build/robot_arm_gazebo -- -j16 -l16
[0.487s] DEBUG:colcon.colcon_core.event_handler.log_command:Invoking command in '/home/jamal/FYP_ws2/build/robot_arm_gazebo': CMAKE_PREFIX_PATH=/opt/ros/humble /usr/bin/cmake --install /home/jamal/FYP_ws2/build/robot_arm_gazebo
[0.488s] Level 1:colcon.colcon_core.environment:create_environment_scripts_only(robot_arm_description)
[0.488s] Level 1:colcon.colcon_core.environment:checking '/home/jamal/FYP_ws2/install/robot_arm_description' for CMake module files
[0.488s] DEBUG:colcon.colcon_core.event_handler.log_command:Invoked command in '/home/jamal/FYP_ws2/build/robot_arm_description' returned '0': CMAKE_PREFIX_PATH=/opt/ros/humble /usr/bin/cmake --install /home/jamal/FYP_ws2/build/robot_arm_description
[0.488s] Level 1:colcon.colcon_core.environment:checking '/home/jamal/FYP_ws2/install/robot_arm_description' for CMake config files
[0.489s] Level 1:colcon.colcon_core.shell:create_environment_hook('robot_arm_description', 'cmake_prefix_path')
[0.489s] INFO:colcon.colcon_core.shell:Creating environment hook '/home/jamal/FYP_ws2/install/robot_arm_description/share/robot_arm_description/hook/cmake_prefix_path.ps1'
[0.489s] INFO:colcon.colcon_core.shell:Creating environment descriptor '/home/jamal/FYP_ws2/install/robot_arm_description/share/robot_arm_description/hook/cmake_prefix_path.dsv'
[0.489s] INFO:colcon.colcon_core.shell:Creating environment hook '/home/jamal/FYP_ws2/install/robot_arm_description/share/robot_arm_description/hook/cmake_prefix_path.sh'
[0.490s] Level 1:colcon.colcon_core.environment:checking '/home/jamal/FYP_ws2/install/robot_arm_description/bin'
[0.490s] Level 1:colcon.colcon_core.environment:checking '/home/jamal/FYP_ws2/install/robot_arm_description/lib/pkgconfig/robot_arm_description.pc'
[0.490s] Level 1:colcon.colcon_core.environment:checking '/home/jamal/FYP_ws2/install/robot_arm_description/lib/python3.10/site-packages'
[0.490s] Level 1:colcon.colcon_core.environment:checking '/home/jamal/FYP_ws2/install/robot_arm_description/bin'
[0.490s] INFO:colcon.colcon_core.shell:Creating package script '/home/jamal/FYP_ws2/install/robot_arm_description/share/robot_arm_description/package.ps1'
[0.490s] INFO:colcon.colcon_core.shell:Creating package descriptor '/home/jamal/FYP_ws2/install/robot_arm_description/share/robot_arm_description/package.dsv'
[0.491s] INFO:colcon.colcon_core.shell:Creating package script '/home/jamal/FYP_ws2/install/robot_arm_description/share/robot_arm_description/package.sh'
[0.491s] INFO:colcon.colcon_core.shell:Creating package script '/home/jamal/FYP_ws2/install/robot_arm_description/share/robot_arm_description/package.bash'
[0.491s] INFO:colcon.colcon_core.shell:Creating package script '/home/jamal/FYP_ws2/install/robot_arm_description/share/robot_arm_description/package.zsh'
[0.491s] Level 1:colcon.colcon_core.environment:create_file_with_runtime_dependencies(/home/jamal/FYP_ws2/install/robot_arm_description/share/colcon-core/packages/robot_arm_description)
[0.491s] Level 1:colcon.colcon_core.environment:create_environment_scripts_only(robot_arm_description)
[0.491s] Level 1:colcon.colcon_core.environment:checking '/home/jamal/FYP_ws2/install/robot_arm_description' for CMake module files
[0.492s] Level 1:colcon.colcon_core.environment:checking '/home/jamal/FYP_ws2/install/robot_arm_description' for CMake config files
[0.492s] Level 1:colcon.colcon_core.shell:create_environment_hook('robot_arm_description', 'cmake_prefix_path')
[0.492s] INFO:colcon.colcon_core.shell:Creating environment hook '/home/jamal/FYP_ws2/install/robot_arm_description/share/robot_arm_description/hook/cmake_prefix_path.ps1'
[0.492s] INFO:colcon.colcon_core.shell:Creating environment descriptor '/home/jamal/FYP_ws2/install/robot_arm_description/share/robot_arm_description/hook/cmake_prefix_path.dsv'
[0.493s] INFO:colcon.colcon_core.shell:Creating environment hook '/home/jamal/FYP_ws2/install/robot_arm_description/share/robot_arm_description/hook/cmake_prefix_path.sh'
[0.495s] Level 1:colcon.colcon_core.environment:checking '/home/jamal/FYP_ws2/install/robot_arm_description/bin'
[0.495s] Level 1:colcon.colcon_core.environment:checking '/home/jamal/FYP_ws2/install/robot_arm_description/lib/pkgconfig/robot_arm_description.pc'
[0.495s] Level 1:colcon.colcon_core.environment:checking '/home/jamal/FYP_ws2/install/robot_arm_description/lib/python3.10/site-packages'
[0.495s] Level 1:colcon.colcon_core.environment:checking '/home/jamal/FYP_ws2/install/robot_arm_description/bin'
[0.496s] INFO:colcon.colcon_core.shell:Creating package script '/home/jamal/FYP_ws2/install/robot_arm_description/share/robot_arm_description/package.ps1'
[0.496s] INFO:colcon.colcon_core.shell:Creating package descriptor '/home/jamal/FYP_ws2/install/robot_arm_description/share/robot_arm_description/package.dsv'
[0.497s] INFO:colcon.colcon_core.shell:Creating package script '/home/jamal/FYP_ws2/install/robot_arm_description/share/robot_arm_description/package.sh'
[0.497s] INFO:colcon.colcon_core.shell:Creating package script '/home/jamal/FYP_ws2/install/robot_arm_description/share/robot_arm_description/package.bash'
[0.497s] INFO:colcon.colcon_core.shell:Creating package script '/home/jamal/FYP_ws2/install/robot_arm_description/share/robot_arm_description/package.zsh'
[0.498s] Level 1:colcon.colcon_core.environment:create_file_with_runtime_dependencies(/home/jamal/FYP_ws2/install/robot_arm_description/share/colcon-core/packages/robot_arm_description)
[0.498s] INFO:colcon.colcon_ros.task.ament_cmake.build:Building ROS package in '/home/jamal/FYP_ws2/src/robot_arm_movit_config' with build type 'ament_cmake'
[0.498s] INFO:colcon.colcon_cmake.task.cmake.build:Building CMake package in '/home/jamal/FYP_ws2/src/robot_arm_movit_config'
[0.498s] INFO:colcon.colcon_core.shell:Skip shell extension 'powershell' for command environment: Not usable outside of PowerShell
[0.498s] DEBUG:colcon.colcon_core.shell:Skip shell extension 'dsv' for command environment
[0.502s] Level 1:colcon.colcon_core.environment:create_environment_scripts_only(robot_arm_gazebo)
[0.503s] Level 1:colcon.colcon_core.environment:checking '/home/jamal/FYP_ws2/install/robot_arm_gazebo' for CMake module files
[0.503s] DEBUG:colcon.colcon_core.event_handler.log_command:Invoked command in '/home/jamal/FYP_ws2/build/robot_arm_gazebo' returned '0': CMAKE_PREFIX_PATH=/opt/ros/humble /usr/bin/cmake --install /home/jamal/FYP_ws2/build/robot_arm_gazebo
[0.504s] Level 1:colcon.colcon_core.environment:checking '/home/jamal/FYP_ws2/install/robot_arm_gazebo' for CMake config files
[0.504s] Level 1:colcon.colcon_core.shell:create_environment_hook('robot_arm_gazebo', 'cmake_prefix_path')
[0.504s] INFO:colcon.colcon_core.shell:Creating environment hook '/home/jamal/FYP_ws2/install/robot_arm_gazebo/share/robot_arm_gazebo/hook/cmake_prefix_path.ps1'
[0.505s] INFO:colcon.colcon_core.shell:Creating environment descriptor '/home/jamal/FYP_ws2/install/robot_arm_gazebo/share/robot_arm_gazebo/hook/cmake_prefix_path.dsv'
[0.505s] INFO:colcon.colcon_core.shell:Creating environment hook '/home/jamal/FYP_ws2/install/robot_arm_gazebo/share/robot_arm_gazebo/hook/cmake_prefix_path.sh'
[0.505s] Level 1:colcon.colcon_core.environment:checking '/home/jamal/FYP_ws2/install/robot_arm_gazebo/bin'
[0.505s] Level 1:colcon.colcon_core.environment:checking '/home/jamal/FYP_ws2/install/robot_arm_gazebo/lib/pkgconfig/robot_arm_gazebo.pc'
[0.506s] Level 1:colcon.colcon_core.environment:checking '/home/jamal/FYP_ws2/install/robot_arm_gazebo/lib/python3.10/site-packages'
[0.506s] Level 1:colcon.colcon_core.environment:checking '/home/jamal/FYP_ws2/install/robot_arm_gazebo/bin'
[0.506s] INFO:colcon.colcon_core.shell:Creating package script '/home/jamal/FYP_ws2/install/robot_arm_gazebo/share/robot_arm_gazebo/package.ps1'
[0.506s] INFO:colcon.colcon_core.shell:Creating package descriptor '/home/jamal/FYP_ws2/install/robot_arm_gazebo/share/robot_arm_gazebo/package.dsv'
[0.506s] INFO:colcon.colcon_core.shell:Creating package script '/home/jamal/FYP_ws2/install/robot_arm_gazebo/share/robot_arm_gazebo/package.sh'
[0.507s] INFO:colcon.colcon_core.shell:Creating package script '/home/jamal/FYP_ws2/install/robot_arm_gazebo/share/robot_arm_gazebo/package.bash'
[0.507s] INFO:colcon.colcon_core.shell:Creating package script '/home/jamal/FYP_ws2/install/robot_arm_gazebo/share/robot_arm_gazebo/package.zsh'
[0.507s] Level 1:colcon.colcon_core.environment:create_file_with_runtime_dependencies(/home/jamal/FYP_ws2/install/robot_arm_gazebo/share/colcon-core/packages/robot_arm_gazebo)
[0.507s] Level 1:colcon.colcon_core.environment:create_environment_scripts_only(robot_arm_gazebo)
[0.508s] Level 1:colcon.colcon_core.environment:checking '/home/jamal/FYP_ws2/install/robot_arm_gazebo' for CMake module files
[0.508s] Level 1:colcon.colcon_core.environment:checking '/home/jamal/FYP_ws2/install/robot_arm_gazebo' for CMake config files
[0.508s] Level 1:colcon.colcon_core.shell:create_environment_hook('robot_arm_gazebo', 'cmake_prefix_path')
[0.508s] INFO:colcon.colcon_core.shell:Creating environment hook '/home/jamal/FYP_ws2/install/robot_arm_gazebo/share/robot_arm_gazebo/hook/cmake_prefix_path.ps1'
[0.508s] INFO:colcon.colcon_core.shell:Creating environment descriptor '/home/jamal/FYP_ws2/install/robot_arm_gazebo/share/robot_arm_gazebo/hook/cmake_prefix_path.dsv'
[0.508s] INFO:colcon.colcon_core.shell:Creating environment hook '/home/jamal/FYP_ws2/install/robot_arm_gazebo/share/robot_arm_gazebo/hook/cmake_prefix_path.sh'
[0.509s] Level 1:colcon.colcon_core.environment:checking '/home/jamal/FYP_ws2/install/robot_arm_gazebo/bin'
[0.509s] Level 1:colcon.colcon_core.environment:checking '/home/jamal/FYP_ws2/install/robot_arm_gazebo/lib/pkgconfig/robot_arm_gazebo.pc'
[0.509s] Level 1:colcon.colcon_core.environment:checking '/home/jamal/FYP_ws2/install/robot_arm_gazebo/lib/python3.10/site-packages'
[0.509s] Level 1:colcon.colcon_core.environment:checking '/home/jamal/FYP_ws2/install/robot_arm_gazebo/bin'
[0.509s] INFO:colcon.colcon_core.shell:Creating package script '/home/jamal/FYP_ws2/install/robot_arm_gazebo/share/robot_arm_gazebo/package.ps1'
[0.509s] INFO:colcon.colcon_core.shell:Creating package descriptor '/home/jamal/FYP_ws2/install/robot_arm_gazebo/share/robot_arm_gazebo/package.dsv'
[0.510s] INFO:colcon.colcon_core.shell:Creating package script '/home/jamal/FYP_ws2/install/robot_arm_gazebo/share/robot_arm_gazebo/package.sh'
[0.510s] INFO:colcon.colcon_core.shell:Creating package script '/home/jamal/FYP_ws2/install/robot_arm_gazebo/share/robot_arm_gazebo/package.bash'
[0.510s] INFO:colcon.colcon_core.shell:Creating package script '/home/jamal/FYP_ws2/install/robot_arm_gazebo/share/robot_arm_gazebo/package.zsh'
[0.510s] Level 1:colcon.colcon_core.environment:create_file_with_runtime_dependencies(/home/jamal/FYP_ws2/install/robot_arm_gazebo/share/colcon-core/packages/robot_arm_gazebo)
[0.514s] DEBUG:colcon.colcon_core.event_handler.log_command:Invoking command in '/home/jamal/FYP_ws2/build/robot_arm_movit_config': AMENT_PREFIX_PATH=/home/jamal/FYP_ws2/install/robot_arm_description:${AMENT_PREFIX_PATH} CMAKE_PREFIX_PATH=/home/jamal/FYP_ws2/install/robot_arm_description:/opt/ros/humble /usr/bin/cmake --build /home/jamal/FYP_ws2/build/robot_arm_movit_config -- -j16 -l16
[0.554s] DEBUG:colcon.colcon_core.event_handler.log_command:Invoked command in '/home/jamal/FYP_ws2/build/robot_arm_movit_config' returned '0': AMENT_PREFIX_PATH=/home/jamal/FYP_ws2/install/robot_arm_description:${AMENT_PREFIX_PATH} CMAKE_PREFIX_PATH=/home/jamal/FYP_ws2/install/robot_arm_description:/opt/ros/humble /usr/bin/cmake --build /home/jamal/FYP_ws2/build/robot_arm_movit_config -- -j16 -l16
[0.555s] DEBUG:colcon.colcon_core.event_handler.log_command:Invoking command in '/home/jamal/FYP_ws2/build/robot_arm_movit_config': AMENT_PREFIX_PATH=/home/jamal/FYP_ws2/install/robot_arm_description:${AMENT_PREFIX_PATH} CMAKE_PREFIX_PATH=/home/jamal/FYP_ws2/install/robot_arm_description:/opt/ros/humble /usr/bin/cmake --install /home/jamal/FYP_ws2/build/robot_arm_movit_config
[0.565s] Level 1:colcon.colcon_core.environment:create_environment_scripts_only(robot_arm_movit_config)
[0.566s] Level 1:colcon.colcon_core.environment:checking '/home/jamal/FYP_ws2/install/robot_arm_movit_config' for CMake module files
[0.566s] DEBUG:colcon.colcon_core.event_handler.log_command:Invoked command in '/home/jamal/FYP_ws2/build/robot_arm_movit_config' returned '0': AMENT_PREFIX_PATH=/home/jamal/FYP_ws2/install/robot_arm_description:${AMENT_PREFIX_PATH} CMAKE_PREFIX_PATH=/home/jamal/FYP_ws2/install/robot_arm_description:/opt/ros/humble /usr/bin/cmake --install /home/jamal/FYP_ws2/build/robot_arm_movit_config
[0.567s] Level 1:colcon.colcon_core.environment:checking '/home/jamal/FYP_ws2/install/robot_arm_movit_config' for CMake config files
[0.567s] Level 1:colcon.colcon_core.shell:create_environment_hook('robot_arm_movit_config', 'cmake_prefix_path')
[0.567s] INFO:colcon.colcon_core.shell:Creating environment hook '/home/jamal/FYP_ws2/install/robot_arm_movit_config/share/robot_arm_movit_config/hook/cmake_prefix_path.ps1'
[0.568s] INFO:colcon.colcon_core.shell:Creating environment descriptor '/home/jamal/FYP_ws2/install/robot_arm_movit_config/share/robot_arm_movit_config/hook/cmake_prefix_path.dsv'
[0.568s] INFO:colcon.colcon_core.shell:Creating environment hook '/home/jamal/FYP_ws2/install/robot_arm_movit_config/share/robot_arm_movit_config/hook/cmake_prefix_path.sh'
[0.569s] Level 1:colcon.colcon_core.environment:checking '/home/jamal/FYP_ws2/install/robot_arm_movit_config/bin'
[0.569s] Level 1:colcon.colcon_core.environment:checking '/home/jamal/FYP_ws2/install/robot_arm_movit_config/lib/pkgconfig/robot_arm_movit_config.pc'
[0.569s] Level 1:colcon.colcon_core.environment:checking '/home/jamal/FYP_ws2/install/robot_arm_movit_config/lib/python3.10/site-packages'
[0.569s] Level 1:colcon.colcon_core.environment:checking '/home/jamal/FYP_ws2/install/robot_arm_movit_config/bin'
[0.570s] INFO:colcon.colcon_core.shell:Creating package script '/home/jamal/FYP_ws2/install/robot_arm_movit_config/share/robot_arm_movit_config/package.ps1'
[0.570s] INFO:colcon.colcon_core.shell:Creating package descriptor '/home/jamal/FYP_ws2/install/robot_arm_movit_config/share/robot_arm_movit_config/package.dsv'
[0.570s] INFO:colcon.colcon_core.shell:Creating package script '/home/jamal/FYP_ws2/install/robot_arm_movit_config/share/robot_arm_movit_config/package.sh'
[0.571s] INFO:colcon.colcon_core.shell:Creating package script '/home/jamal/FYP_ws2/install/robot_arm_movit_config/share/robot_arm_movit_config/package.bash'
[0.571s] INFO:colcon.colcon_core.shell:Creating package script '/home/jamal/FYP_ws2/install/robot_arm_movit_config/share/robot_arm_movit_config/package.zsh'
[0.572s] Level 1:colcon.colcon_core.environment:create_file_with_runtime_dependencies(/home/jamal/FYP_ws2/install/robot_arm_movit_config/share/colcon-core/packages/robot_arm_movit_config)
[0.572s] Level 1:colcon.colcon_core.environment:create_environment_scripts_only(robot_arm_movit_config)
[0.572s] Level 1:colcon.colcon_core.environment:checking '/home/jamal/FYP_ws2/install/robot_arm_movit_config' for CMake module files
[0.573s] Level 1:colcon.colcon_core.environment:checking '/home/jamal/FYP_ws2/install/robot_arm_movit_config' for CMake config files
[0.573s] Level 1:colcon.colcon_core.shell:create_environment_hook('robot_arm_movit_config', 'cmake_prefix_path')
[0.573s] INFO:colcon.colcon_core.shell:Creating environment hook '/home/jamal/FYP_ws2/install/robot_arm_movit_config/share/robot_arm_movit_config/hook/cmake_prefix_path.ps1'
[0.574s] INFO:colcon.colcon_core.shell:Creating environment descriptor '/home/jamal/FYP_ws2/install/robot_arm_movit_config/share/robot_arm_movit_config/hook/cmake_prefix_path.dsv'
[0.574s] INFO:colcon.colcon_core.shell:Creating environment hook '/home/jamal/FYP_ws2/install/robot_arm_movit_config/share/robot_arm_movit_config/hook/cmake_prefix_path.sh'
[0.575s] Level 1:colcon.colcon_core.environment:checking '/home/jamal/FYP_ws2/install/robot_arm_movit_config/bin'
[0.575s] Level 1:colcon.colcon_core.environment:checking '/home/jamal/FYP_ws2/install/robot_arm_movit_config/lib/pkgconfig/robot_arm_movit_config.pc'
[0.575s] Level 1:colcon.colcon_core.environment:checking '/home/jamal/FYP_ws2/install/robot_arm_movit_config/lib/python3.10/site-packages'
[0.576s] Level 1:colcon.colcon_core.environment:checking '/home/jamal/FYP_ws2/install/robot_arm_movit_config/bin'
[0.576s] INFO:colcon.colcon_core.shell:Creating package script '/home/jamal/FYP_ws2/install/robot_arm_movit_config/share/robot_arm_movit_config/package.ps1'
[0.576s] INFO:colcon.colcon_core.shell:Creating package descriptor '/home/jamal/FYP_ws2/install/robot_arm_movit_config/share/robot_arm_movit_config/package.dsv'
[0.577s] INFO:colcon.colcon_core.shell:Creating package script '/home/jamal/FYP_ws2/install/robot_arm_movit_config/share/robot_arm_movit_config/package.sh'
[0.577s] INFO:colcon.colcon_core.shell:Creating package script '/home/jamal/FYP_ws2/install/robot_arm_movit_config/share/robot_arm_movit_config/package.bash'
[0.578s] INFO:colcon.colcon_core.shell:Creating package script '/home/jamal/FYP_ws2/install/robot_arm_movit_config/share/robot_arm_movit_config/package.zsh'
[0.578s] Level 1:colcon.colcon_core.environment:create_file_with_runtime_dependencies(/home/jamal/FYP_ws2/install/robot_arm_movit_config/share/colcon-core/packages/robot_arm_movit_config)
[0.578s] INFO:colcon.colcon_ros.task.ament_cmake.build:Building ROS package in '/home/jamal/FYP_ws2/src/control_arm' with build type 'ament_cmake'
[0.579s] INFO:colcon.colcon_cmake.task.cmake.build:Building CMake package in '/home/jamal/FYP_ws2/src/control_arm'
[0.579s] INFO:colcon.colcon_core.shell:Skip shell extension 'powershell' for command environment: Not usable outside of PowerShell
[0.579s] DEBUG:colcon.colcon_core.shell:Skip shell extension 'dsv' for command environment
[0.588s] DEBUG:colcon.colcon_core.event_handler.log_command:Invoking command in '/home/jamal/FYP_ws2/build/control_arm': AMENT_PREFIX_PATH=/home/jamal/FYP_ws2/install/robot_arm_movit_config:/home/jamal/FYP_ws2/install/robot_arm_description:${AMENT_PREFIX_PATH} CMAKE_PREFIX_PATH=/home/jamal/FYP_ws2/install/robot_arm_movit_config:/home/jamal/FYP_ws2/install/robot_arm_description:/opt/ros/humble /usr/bin/cmake /home/jamal/FYP_ws2/src/control_arm -DCMAKE_INSTALL_PREFIX=/home/jamal/FYP_ws2/install/control_arm
[2.549s] DEBUG:colcon.colcon_core.event_handler.log_command:Invoked command in '/home/jamal/FYP_ws2/build/control_arm' returned '0': AMENT_PREFIX_PATH=/home/jamal/FYP_ws2/install/robot_arm_movit_config:/home/jamal/FYP_ws2/install/robot_arm_description:${AMENT_PREFIX_PATH} CMAKE_PREFIX_PATH=/home/jamal/FYP_ws2/install/robot_arm_movit_config:/home/jamal/FYP_ws2/install/robot_arm_description:/opt/ros/humble /usr/bin/cmake /home/jamal/FYP_ws2/src/control_arm -DCMAKE_INSTALL_PREFIX=/home/jamal/FYP_ws2/install/control_arm
[2.552s] DEBUG:colcon.colcon_core.event_handler.log_command:Invoking command in '/home/jamal/FYP_ws2/build/control_arm': AMENT_PREFIX_PATH=/home/jamal/FYP_ws2/install/robot_arm_movit_config:/home/jamal/FYP_ws2/install/robot_arm_description:${AMENT_PREFIX_PATH} CMAKE_PREFIX_PATH=/home/jamal/FYP_ws2/install/robot_arm_movit_config:/home/jamal/FYP_ws2/install/robot_arm_description:/opt/ros/humble /usr/bin/cmake --build /home/jamal/FYP_ws2/build/control_arm -- -j16 -l16
[8.245s] DEBUG:colcon.colcon_core.event_handler.log_command:Invoked command in '/home/jamal/FYP_ws2/build/control_arm' returned '0': AMENT_PREFIX_PATH=/home/jamal/FYP_ws2/install/robot_arm_movit_config:/home/jamal/FYP_ws2/install/robot_arm_description:${AMENT_PREFIX_PATH} CMAKE_PREFIX_PATH=/home/jamal/FYP_ws2/install/robot_arm_movit_config:/home/jamal/FYP_ws2/install/robot_arm_description:/opt/ros/humble /usr/bin/cmake --build /home/jamal/FYP_ws2/build/control_arm -- -j16 -l16
[8.246s] DEBUG:colcon.colcon_core.event_handler.log_command:Invoking command in '/home/jamal/FYP_ws2/build/control_arm': AMENT_PREFIX_PATH=/home/jamal/FYP_ws2/install/robot_arm_movit_config:/home/jamal/FYP_ws2/install/robot_arm_description:${AMENT_PREFIX_PATH} CMAKE_PREFIX_PATH=/home/jamal/FYP_ws2/install/robot_arm_movit_config:/home/jamal/FYP_ws2/install/robot_arm_description:/opt/ros/humble /usr/bin/cmake --install /home/jamal/FYP_ws2/build/control_arm
[8.259s] Level 1:colcon.colcon_core.environment:create_environment_scripts_only(control_arm)
[8.260s] DEBUG:colcon.colcon_core.event_handler.log_command:Invoked command in '/home/jamal/FYP_ws2/build/control_arm' returned '0': AMENT_PREFIX_PATH=/home/jamal/FYP_ws2/install/robot_arm_movit_config:/home/jamal/FYP_ws2/install/robot_arm_description:${AMENT_PREFIX_PATH} CMAKE_PREFIX_PATH=/home/jamal/FYP_ws2/install/robot_arm_movit_config:/home/jamal/FYP_ws2/install/robot_arm_description:/opt/ros/humble /usr/bin/cmake --install /home/jamal/FYP_ws2/build/control_arm
[8.260s] Level 1:colcon.colcon_core.environment:checking '/home/jamal/FYP_ws2/install/control_arm' for CMake module files
[8.261s] Level 1:colcon.colcon_core.environment:checking '/home/jamal/FYP_ws2/install/control_arm' for CMake config files
[8.261s] Level 1:colcon.colcon_core.shell:create_environment_hook('control_arm', 'cmake_prefix_path')
[8.262s] INFO:colcon.colcon_core.shell:Creating environment hook '/home/jamal/FYP_ws2/install/control_arm/share/control_arm/hook/cmake_prefix_path.ps1'
[8.262s] INFO:colcon.colcon_core.shell:Creating environment descriptor '/home/jamal/FYP_ws2/install/control_arm/share/control_arm/hook/cmake_prefix_path.dsv'
[8.263s] INFO:colcon.colcon_core.shell:Creating environment hook '/home/jamal/FYP_ws2/install/control_arm/share/control_arm/hook/cmake_prefix_path.sh'
[8.264s] Level 1:colcon.colcon_core.environment:checking '/home/jamal/FYP_ws2/install/control_arm/lib'
[8.264s] Level 1:colcon.colcon_core.environment:checking '/home/jamal/FYP_ws2/install/control_arm/bin'
[8.264s] Level 1:colcon.colcon_core.environment:checking '/home/jamal/FYP_ws2/install/control_arm/lib/pkgconfig/control_arm.pc'
[8.264s] Level 1:colcon.colcon_core.environment:checking '/home/jamal/FYP_ws2/install/control_arm/lib/python3.10/site-packages'
[8.265s] Level 1:colcon.colcon_core.environment:checking '/home/jamal/FYP_ws2/install/control_arm/bin'
[8.265s] INFO:colcon.colcon_core.shell:Creating package script '/home/jamal/FYP_ws2/install/control_arm/share/control_arm/package.ps1'
[8.266s] INFO:colcon.colcon_core.shell:Creating package descriptor '/home/jamal/FYP_ws2/install/control_arm/share/control_arm/package.dsv'
[8.266s] INFO:colcon.colcon_core.shell:Creating package script '/home/jamal/FYP_ws2/install/control_arm/share/control_arm/package.sh'
[8.266s] INFO:colcon.colcon_core.shell:Creating package script '/home/jamal/FYP_ws2/install/control_arm/share/control_arm/package.bash'
[8.266s] INFO:colcon.colcon_core.shell:Creating package script '/home/jamal/FYP_ws2/install/control_arm/share/control_arm/package.zsh'
[8.267s] Level 1:colcon.colcon_core.environment:create_file_with_runtime_dependencies(/home/jamal/FYP_ws2/install/control_arm/share/colcon-core/packages/control_arm)
[8.267s] Level 1:colcon.colcon_core.environment:create_environment_scripts_only(control_arm)
[8.267s] Level 1:colcon.colcon_core.environment:checking '/home/jamal/FYP_ws2/install/control_arm' for CMake module files
[8.267s] Level 1:colcon.colcon_core.environment:checking '/home/jamal/FYP_ws2/install/control_arm' for CMake config files
[8.268s] Level 1:colcon.colcon_core.shell:create_environment_hook('control_arm', 'cmake_prefix_path')
[8.268s] INFO:colcon.colcon_core.shell:Creating environment hook '/home/jamal/FYP_ws2/install/control_arm/share/control_arm/hook/cmake_prefix_path.ps1'
[8.268s] INFO:colcon.colcon_core.shell:Creating environment descriptor '/home/jamal/FYP_ws2/install/control_arm/share/control_arm/hook/cmake_prefix_path.dsv'
[8.268s] INFO:colcon.colcon_core.shell:Creating environment hook '/home/jamal/FYP_ws2/install/control_arm/share/control_arm/hook/cmake_prefix_path.sh'
[8.269s] Level 1:colcon.colcon_core.environment:checking '/home/jamal/FYP_ws2/install/control_arm/lib'
[8.269s] Level 1:colcon.colcon_core.environment:checking '/home/jamal/FYP_ws2/install/control_arm/bin'
[8.269s] Level 1:colcon.colcon_core.environment:checking '/home/jamal/FYP_ws2/install/control_arm/lib/pkgconfig/control_arm.pc'
[8.269s] Level 1:colcon.colcon_core.environment:checking '/home/jamal/FYP_ws2/install/control_arm/lib/python3.10/site-packages'
[8.269s] Level 1:colcon.colcon_core.environment:checking '/home/jamal/FYP_ws2/install/control_arm/bin'
[8.269s] INFO:colcon.colcon_core.shell:Creating package script '/home/jamal/FYP_ws2/install/control_arm/share/control_arm/package.ps1'
[8.270s] INFO:colcon.colcon_core.shell:Creating package descriptor '/home/jamal/FYP_ws2/install/control_arm/share/control_arm/package.dsv'
[8.270s] INFO:colcon.colcon_core.shell:Creating package script '/home/jamal/FYP_ws2/install/control_arm/share/control_arm/package.sh'
[8.270s] INFO:colcon.colcon_core.shell:Creating package script '/home/jamal/FYP_ws2/install/control_arm/share/control_arm/package.bash'
[8.271s] INFO:colcon.colcon_core.shell:Creating package script '/home/jamal/FYP_ws2/install/control_arm/share/control_arm/package.zsh'
[8.271s] Level 1:colcon.colcon_core.environment:create_file_with_runtime_dependencies(/home/jamal/FYP_ws2/install/control_arm/share/colcon-core/packages/control_arm)
[8.271s] DEBUG:colcon.colcon_parallel_executor.executor.parallel:closing loop
[8.271s] DEBUG:colcon.colcon_parallel_executor.executor.parallel:loop closed
[8.271s] DEBUG:colcon.colcon_parallel_executor.executor.parallel:run_until_complete finished with '0'
[8.271s] DEBUG:colcon.colcon_core.event_reactor:joining thread
[8.276s] INFO:colcon.colcon_core.plugin_system:Skipping extension 'colcon_notification.desktop_notification.terminal_notifier': Not used on non-Darwin systems
[8.276s] INFO:colcon.colcon_core.plugin_system:Skipping extension 'colcon_notification.desktop_notification.win32': Not used on non-Windows systems
[8.276s] INFO:colcon.colcon_notification.desktop_notification:Sending desktop notification using 'notify2'
[8.291s] DEBUG:colcon.colcon_core.event_reactor:joined thread
[8.292s] INFO:colcon.colcon_core.shell:Creating prefix script '/home/jamal/FYP_ws2/install/local_setup.ps1'
[8.293s] INFO:colcon.colcon_core.shell:Creating prefix util module '/home/jamal/FYP_ws2/install/_local_setup_util_ps1.py'
[8.295s] INFO:colcon.colcon_core.shell:Creating prefix chain script '/home/jamal/FYP_ws2/install/setup.ps1'
[8.296s] INFO:colcon.colcon_core.shell:Creating prefix script '/home/jamal/FYP_ws2/install/local_setup.sh'
[8.297s] INFO:colcon.colcon_core.shell:Creating prefix util module '/home/jamal/FYP_ws2/install/_local_setup_util_sh.py'
[8.297s] INFO:colcon.colcon_core.shell:Creating prefix chain script '/home/jamal/FYP_ws2/install/setup.sh'
[8.298s] INFO:colcon.colcon_core.shell:Creating prefix script '/home/jamal/FYP_ws2/install/local_setup.bash'
[8.299s] INFO:colcon.colcon_core.shell:Creating prefix chain script '/home/jamal/FYP_ws2/install/setup.bash'
[8.300s] INFO:colcon.colcon_core.shell:Creating prefix script '/home/jamal/FYP_ws2/install/local_setup.zsh'
[8.300s] INFO:colcon.colcon_core.shell:Creating prefix chain script '/home/jamal/FYP_ws2/install/setup.zsh'
