[0.010s] Invoking command in '/home/jamal/FYP_ws2/build/robot_arm_bringup': CMAKE_PREFIX_PATH=${CMAKE_PREFIX_PATH}:/opt/ros/humble /usr/bin/cmake /home/jamal/FYP_ws2/src/robot_arm_bringup -DCMAKE_INSTALL_PREFIX=/home/jamal/FYP_ws2/install/robot_arm_bringup
[0.160s] -- The C compiler identification is GNU 11.4.0
[0.234s] -- The CXX compiler identification is GNU 11.4.0
[0.239s] -- Detecting C compiler ABI info
[0.294s] -- Detecting C compiler ABI info - done
[0.301s] -- Check for working C compiler: /usr/bin/cc - skipped
[0.301s] -- Detecting C compile features
[0.302s] -- Detecting C compile features - done
[0.305s] -- Detecting CXX compiler ABI info
[0.368s] -- Detecting CXX compiler ABI info - done
[0.373s] -- Check for working CXX compiler: /usr/bin/c++ - skipped
[0.373s] -- Detecting CXX compile features
[0.373s] -- Detecting CXX compile features - done
[0.375s] -- Found ament_cmake: 1.3.12 (/opt/ros/humble/share/ament_cmake/cmake)
[0.496s] -- Found Python3: /usr/bin/python3 (found version "3.10.12") found components: Interpreter 
[0.575s] -- Found ament_lint_auto: 0.12.14 (/opt/ros/humble/share/ament_lint_auto/cmake)
[0.630s] -- Added test 'lint_cmake' to check CMake code style
[0.631s] -- Added test 'xmllint' to check XML markup files
[0.631s] -- Configuring done
[0.633s] -- Generating done
[0.634s] -- Build files have been written to: /home/jamal/FYP_ws2/build/robot_arm_bringup
[0.637s] Invoked command in '/home/jamal/FYP_ws2/build/robot_arm_bringup' returned '0': CMAKE_PREFIX_PATH=${CMAKE_PREFIX_PATH}:/opt/ros/humble /usr/bin/cmake /home/jamal/FYP_ws2/src/robot_arm_bringup -DCMAKE_INSTALL_PREFIX=/home/jamal/FYP_ws2/install/robot_arm_bringup
[0.639s] Invoking command in '/home/jamal/FYP_ws2/build/robot_arm_bringup': CMAKE_PREFIX_PATH=${CMAKE_PREFIX_PATH}:/opt/ros/humble /usr/bin/cmake --build /home/jamal/FYP_ws2/build/robot_arm_bringup -- -j16 -l16
[0.667s] Invoked command in '/home/jamal/FYP_ws2/build/robot_arm_bringup' returned '0': CMAKE_PREFIX_PATH=${CMAKE_PREFIX_PATH}:/opt/ros/humble /usr/bin/cmake --build /home/jamal/FYP_ws2/build/robot_arm_bringup -- -j16 -l16
[0.668s] Invoking command in '/home/jamal/FYP_ws2/build/robot_arm_bringup': CMAKE_PREFIX_PATH=${CMAKE_PREFIX_PATH}:/opt/ros/humble /usr/bin/cmake --install /home/jamal/FYP_ws2/build/robot_arm_bringup
[0.675s] -- Install configuration: ""
[0.675s] -- Installing: /home/jamal/FYP_ws2/install/robot_arm_bringup/share/robot_arm_bringup/scripts
[0.675s] -- Installing: /home/jamal/FYP_ws2/install/robot_arm_bringup/share/robot_arm_bringup/scripts/robot_arm_moveit_rviz.sh
[0.675s] -- Installing: /home/jamal/FYP_ws2/install/robot_arm_bringup/share/robot_arm_bringup/scripts/robot_arm_gazebo_and_moveit.sh
[0.676s] -- Installing: /home/jamal/FYP_ws2/install/robot_arm_bringup/share/robot_arm_bringup/scripts/robot_arm_gazebo.sh
[0.676s] -- Installing: /home/jamal/FYP_ws2/install/robot_arm_bringup/share/ament_index/resource_index/package_run_dependencies/robot_arm_bringup
[0.676s] -- Installing: /home/jamal/FYP_ws2/install/robot_arm_bringup/share/ament_index/resource_index/parent_prefix_path/robot_arm_bringup
[0.676s] -- Installing: /home/jamal/FYP_ws2/install/robot_arm_bringup/share/robot_arm_bringup/environment/ament_prefix_path.sh
[0.676s] -- Installing: /home/jamal/FYP_ws2/install/robot_arm_bringup/share/robot_arm_bringup/environment/ament_prefix_path.dsv
[0.676s] -- Installing: /home/jamal/FYP_ws2/install/robot_arm_bringup/share/robot_arm_bringup/environment/path.sh
[0.676s] -- Installing: /home/jamal/FYP_ws2/install/robot_arm_bringup/share/robot_arm_bringup/environment/path.dsv
[0.676s] -- Installing: /home/jamal/FYP_ws2/install/robot_arm_bringup/share/robot_arm_bringup/local_setup.bash
[0.676s] -- Installing: /home/jamal/FYP_ws2/install/robot_arm_bringup/share/robot_arm_bringup/local_setup.sh
[0.676s] -- Installing: /home/jamal/FYP_ws2/install/robot_arm_bringup/share/robot_arm_bringup/local_setup.zsh
[0.676s] -- Installing: /home/jamal/FYP_ws2/install/robot_arm_bringup/share/robot_arm_bringup/local_setup.dsv
[0.676s] -- Installing: /home/jamal/FYP_ws2/install/robot_arm_bringup/share/robot_arm_bringup/package.dsv
[0.677s] -- Installing: /home/jamal/FYP_ws2/install/robot_arm_bringup/share/ament_index/resource_index/packages/robot_arm_bringup
[0.677s] -- Installing: /home/jamal/FYP_ws2/install/robot_arm_bringup/share/robot_arm_bringup/cmake/robot_arm_bringupConfig.cmake
[0.677s] -- Installing: /home/jamal/FYP_ws2/install/robot_arm_bringup/share/robot_arm_bringup/cmake/robot_arm_bringupConfig-version.cmake
[0.677s] -- Installing: /home/jamal/FYP_ws2/install/robot_arm_bringup/share/robot_arm_bringup/package.xml
[0.683s] Invoked command in '/home/jamal/FYP_ws2/build/robot_arm_bringup' returned '0': CMAKE_PREFIX_PATH=${CMAKE_PREFIX_PATH}:/opt/ros/humble /usr/bin/cmake --install /home/jamal/FYP_ws2/build/robot_arm_bringup
