-- Install configuration: ""
-- Up-to-date: /home/jamal/FYP_ws2/install/robot_arm_description/share/robot_arm_description/launch
-- Up-to-date: /home/jamal/FYP_ws2/install/robot_arm_description/share/robot_arm_description/launch/robot_state_publisher.launch.py
-- Up-to-date: /home/jamal/FYP_ws2/install/robot_arm_description/share/robot_arm_description/meshes
-- Up-to-date: /home/jamal/FYP_ws2/install/robot_arm_description/share/robot_arm_description/meshes/d435.stl
-- Up-to-date: /home/jamal/FYP_ws2/install/robot_arm_description/share/robot_arm_description/meshes/link_6.STL
-- Up-to-date: /home/jamal/FYP_ws2/install/robot_arm_description/share/robot_arm_description/meshes/base_link.STL
-- Up-to-date: /home/jamal/FYP_ws2/install/robot_arm_description/share/robot_arm_description/meshes/link_2.STL
-- Up-to-date: /home/jamal/FYP_ws2/install/robot_arm_description/share/robot_arm_description/meshes/link_4.STL
-- Up-to-date: /home/jamal/FYP_ws2/install/robot_arm_description/share/robot_arm_description/meshes/link_3.STL
-- Up-to-date: /home/jamal/FYP_ws2/install/robot_arm_description/share/robot_arm_description/meshes/link_1.STL
-- Up-to-date: /home/jamal/FYP_ws2/install/robot_arm_description/share/robot_arm_description/meshes/link_5.STL
-- Up-to-date: /home/jamal/FYP_ws2/install/robot_arm_description/share/robot_arm_description/urdf
-- Up-to-date: /home/jamal/FYP_ws2/install/robot_arm_description/share/robot_arm_description/urdf/control
-- Up-to-date: /home/jamal/FYP_ws2/install/robot_arm_description/share/robot_arm_description/urdf/control/gazebo_sim_ros2_control.urdf.xacro
-- Up-to-date: /home/jamal/FYP_ws2/install/robot_arm_description/share/robot_arm_description/urdf/control/robot_arm_ros2_control.urdf.xacro
-- Up-to-date: /home/jamal/FYP_ws2/install/robot_arm_description/share/robot_arm_description/urdf/sensors
-- Up-to-date: /home/jamal/FYP_ws2/install/robot_arm_description/share/robot_arm_description/urdf/sensors/intel_rgbd_cam_d435.urdf.xacro
-- Up-to-date: /home/jamal/FYP_ws2/install/robot_arm_description/share/robot_arm_description/urdf/robot
-- Up-to-date: /home/jamal/FYP_ws2/install/robot_arm_description/share/robot_arm_description/urdf/robot/arm.urdf.xacro
-- Up-to-date: /home/jamal/FYP_ws2/install/robot_arm_description/share/robot_arm_description/urdf/robot/arm.urdf
-- Up-to-date: /home/jamal/FYP_ws2/install/robot_arm_description/share/robot_arm_description/rviz
-- Up-to-date: /home/jamal/FYP_ws2/install/robot_arm_description/share/robot_arm_description/rviz/robot_arm_description.rviz
-- Up-to-date: /home/jamal/FYP_ws2/install/robot_arm_description/share/ament_index/resource_index/package_run_dependencies/robot_arm_description
-- Up-to-date: /home/jamal/FYP_ws2/install/robot_arm_description/share/ament_index/resource_index/parent_prefix_path/robot_arm_description
-- Up-to-date: /home/jamal/FYP_ws2/install/robot_arm_description/share/robot_arm_description/environment/ament_prefix_path.sh
-- Up-to-date: /home/jamal/FYP_ws2/install/robot_arm_description/share/robot_arm_description/environment/ament_prefix_path.dsv
-- Up-to-date: /home/jamal/FYP_ws2/install/robot_arm_description/share/robot_arm_description/environment/path.sh
-- Up-to-date: /home/jamal/FYP_ws2/install/robot_arm_description/share/robot_arm_description/environment/path.dsv
-- Up-to-date: /home/jamal/FYP_ws2/install/robot_arm_description/share/robot_arm_description/local_setup.bash
-- Up-to-date: /home/jamal/FYP_ws2/install/robot_arm_description/share/robot_arm_description/local_setup.sh
-- Up-to-date: /home/jamal/FYP_ws2/install/robot_arm_description/share/robot_arm_description/local_setup.zsh
-- Up-to-date: /home/jamal/FYP_ws2/install/robot_arm_description/share/robot_arm_description/local_setup.dsv
-- Installing: /home/jamal/FYP_ws2/install/robot_arm_description/share/robot_arm_description/package.dsv
-- Up-to-date: /home/jamal/FYP_ws2/install/robot_arm_description/share/ament_index/resource_index/packages/robot_arm_description
-- Up-to-date: /home/jamal/FYP_ws2/install/robot_arm_description/share/robot_arm_description/cmake/robot_arm_descriptionConfig.cmake
-- Up-to-date: /home/jamal/FYP_ws2/install/robot_arm_description/share/robot_arm_description/cmake/robot_arm_descriptionConfig-version.cmake
-- Up-to-date: /home/jamal/FYP_ws2/install/robot_arm_description/share/robot_arm_description/package.xml
