[0.006s] Invoking command in '/home/jamal/FYP_ws2/build/robot_arm_movit_config': CMAKE_PREFIX_PATH=/home/jamal/FYP_ws2/install/robot_arm_description:/home/jamal/FYP_ws2/install/robot_arm_movit_config:/home/jamal/FYP_ws2/install/robot_arm_gazebo:/home/jamal/FYP_ws2/install/robot_arm_bringup:/home/jamal/FYP_ws2/install/robot_arm:/home/jamal/FYP_ws/install/arm_moveit_config:/home/jamal/FYP_ws/install/urdf_display:/opt/ros/humble /usr/bin/cmake /home/jamal/FYP_ws2/src/robot_arm_movit_config -DCMAKE_INSTALL_PREFIX=/home/jamal/FYP_ws2/install/robot_arm_movit_config
[0.051s] -- The C compiler identification is GNU 11.4.0
[0.089s] -- The CXX compiler identification is GNU 11.4.0
[0.094s] -- Detecting C compiler ABI info
[0.145s] -- Detecting C compiler ABI info - done
[0.150s] -- Check for working C compiler: /usr/bin/cc - skipped
[0.150s] -- Detecting C compile features
[0.150s] -- Detecting C compile features - done
[0.152s] -- Detecting CXX compiler ABI info
[0.208s] -- Detecting CXX compiler ABI info - done
[0.215s] -- Check for working CXX compiler: /usr/bin/c++ - skipped
[0.215s] -- Detecting CXX compile features
[0.216s] -- Detecting CXX compile features - done
[0.218s] -- Found ament_cmake: 1.3.12 (/opt/ros/humble/share/ament_cmake/cmake)
[0.323s] -- Found Python3: /usr/bin/python3 (found version "3.10.12") found components: Interpreter 
[0.417s] -- Configuring done
[0.419s] -- Generating done
[0.420s] -- Build files have been written to: /home/jamal/FYP_ws2/build/robot_arm_movit_config
[0.424s] Invoked command in '/home/jamal/FYP_ws2/build/robot_arm_movit_config' returned '0': CMAKE_PREFIX_PATH=/home/jamal/FYP_ws2/install/robot_arm_description:/home/jamal/FYP_ws2/install/robot_arm_movit_config:/home/jamal/FYP_ws2/install/robot_arm_gazebo:/home/jamal/FYP_ws2/install/robot_arm_bringup:/home/jamal/FYP_ws2/install/robot_arm:/home/jamal/FYP_ws/install/arm_moveit_config:/home/jamal/FYP_ws/install/urdf_display:/opt/ros/humble /usr/bin/cmake /home/jamal/FYP_ws2/src/robot_arm_movit_config -DCMAKE_INSTALL_PREFIX=/home/jamal/FYP_ws2/install/robot_arm_movit_config
[0.425s] Invoking command in '/home/jamal/FYP_ws2/build/robot_arm_movit_config': CMAKE_PREFIX_PATH=/home/jamal/FYP_ws2/install/robot_arm_description:/home/jamal/FYP_ws2/install/robot_arm_movit_config:/home/jamal/FYP_ws2/install/robot_arm_gazebo:/home/jamal/FYP_ws2/install/robot_arm_bringup:/home/jamal/FYP_ws2/install/robot_arm:/home/jamal/FYP_ws/install/arm_moveit_config:/home/jamal/FYP_ws/install/urdf_display:/opt/ros/humble /usr/bin/cmake --build /home/jamal/FYP_ws2/build/robot_arm_movit_config -- -j16 -l16
[0.451s] Invoked command in '/home/jamal/FYP_ws2/build/robot_arm_movit_config' returned '0': CMAKE_PREFIX_PATH=/home/jamal/FYP_ws2/install/robot_arm_description:/home/jamal/FYP_ws2/install/robot_arm_movit_config:/home/jamal/FYP_ws2/install/robot_arm_gazebo:/home/jamal/FYP_ws2/install/robot_arm_bringup:/home/jamal/FYP_ws2/install/robot_arm:/home/jamal/FYP_ws/install/arm_moveit_config:/home/jamal/FYP_ws/install/urdf_display:/opt/ros/humble /usr/bin/cmake --build /home/jamal/FYP_ws2/build/robot_arm_movit_config -- -j16 -l16
[0.453s] Invoking command in '/home/jamal/FYP_ws2/build/robot_arm_movit_config': CMAKE_PREFIX_PATH=/home/jamal/FYP_ws2/install/robot_arm_description:/home/jamal/FYP_ws2/install/robot_arm_movit_config:/home/jamal/FYP_ws2/install/robot_arm_gazebo:/home/jamal/FYP_ws2/install/robot_arm_bringup:/home/jamal/FYP_ws2/install/robot_arm:/home/jamal/FYP_ws/install/arm_moveit_config:/home/jamal/FYP_ws/install/urdf_display:/opt/ros/humble /usr/bin/cmake --install /home/jamal/FYP_ws2/build/robot_arm_movit_config
[0.458s] -- Install configuration: ""
[0.458s] -- Installing: /home/jamal/FYP_ws2/install/robot_arm_movit_config/share/ament_index/resource_index/package_run_dependencies/robot_arm_movit_config
[0.458s] -- Installing: /home/jamal/FYP_ws2/install/robot_arm_movit_config/share/ament_index/resource_index/parent_prefix_path/robot_arm_movit_config
[0.458s] -- Installing: /home/jamal/FYP_ws2/install/robot_arm_movit_config/share/robot_arm_movit_config/environment/ament_prefix_path.sh
[0.458s] -- Installing: /home/jamal/FYP_ws2/install/robot_arm_movit_config/share/robot_arm_movit_config/environment/ament_prefix_path.dsv
[0.458s] -- Installing: /home/jamal/FYP_ws2/install/robot_arm_movit_config/share/robot_arm_movit_config/environment/path.sh
[0.458s] -- Installing: /home/jamal/FYP_ws2/install/robot_arm_movit_config/share/robot_arm_movit_config/environment/path.dsv
[0.458s] -- Installing: /home/jamal/FYP_ws2/install/robot_arm_movit_config/share/robot_arm_movit_config/local_setup.bash
[0.458s] -- Installing: /home/jamal/FYP_ws2/install/robot_arm_movit_config/share/robot_arm_movit_config/local_setup.sh
[0.458s] -- Installing: /home/jamal/FYP_ws2/install/robot_arm_movit_config/share/robot_arm_movit_config/local_setup.zsh
[0.458s] -- Installing: /home/jamal/FYP_ws2/install/robot_arm_movit_config/share/robot_arm_movit_config/local_setup.dsv
[0.458s] -- Installing: /home/jamal/FYP_ws2/install/robot_arm_movit_config/share/robot_arm_movit_config/package.dsv
[0.459s] -- Installing: /home/jamal/FYP_ws2/install/robot_arm_movit_config/share/ament_index/resource_index/packages/robot_arm_movit_config
[0.459s] -- Installing: /home/jamal/FYP_ws2/install/robot_arm_movit_config/share/robot_arm_movit_config/cmake/robot_arm_movit_configConfig.cmake
[0.459s] -- Installing: /home/jamal/FYP_ws2/install/robot_arm_movit_config/share/robot_arm_movit_config/cmake/robot_arm_movit_configConfig-version.cmake
[0.459s] -- Installing: /home/jamal/FYP_ws2/install/robot_arm_movit_config/share/robot_arm_movit_config/package.xml
[0.459s] -- Installing: /home/jamal/FYP_ws2/install/robot_arm_movit_config/share/robot_arm_movit_config/launch
[0.459s] -- Installing: /home/jamal/FYP_ws2/install/robot_arm_movit_config/share/robot_arm_movit_config/launch/spawn_controllers.launch.py
[0.459s] -- Installing: /home/jamal/FYP_ws2/install/robot_arm_movit_config/share/robot_arm_movit_config/launch/static_virtual_joint_tfs.launch.py
[0.459s] -- Installing: /home/jamal/FYP_ws2/install/robot_arm_movit_config/share/robot_arm_movit_config/launch/demo.launch.py
[0.459s] -- Installing: /home/jamal/FYP_ws2/install/robot_arm_movit_config/share/robot_arm_movit_config/launch/moveit_rviz.launch.py
[0.459s] -- Installing: /home/jamal/FYP_ws2/install/robot_arm_movit_config/share/robot_arm_movit_config/launch/rsp.launch.py
[0.459s] -- Installing: /home/jamal/FYP_ws2/install/robot_arm_movit_config/share/robot_arm_movit_config/launch/warehouse_db.launch.py
[0.459s] -- Installing: /home/jamal/FYP_ws2/install/robot_arm_movit_config/share/robot_arm_movit_config/launch/setup_assistant.launch.py
[0.459s] -- Installing: /home/jamal/FYP_ws2/install/robot_arm_movit_config/share/robot_arm_movit_config/launch/move_group.launch.py
[0.459s] -- Installing: /home/jamal/FYP_ws2/install/robot_arm_movit_config/share/robot_arm_movit_config/config
[0.460s] -- Installing: /home/jamal/FYP_ws2/install/robot_arm_movit_config/share/robot_arm_movit_config/config/initial_positions.yaml
[0.460s] -- Installing: /home/jamal/FYP_ws2/install/robot_arm_movit_config/share/robot_arm_movit_config/config/ros2_controllers.yaml
[0.460s] -- Installing: /home/jamal/FYP_ws2/install/robot_arm_movit_config/share/robot_arm_movit_config/config/robot_arm.srdf
[0.460s] -- Installing: /home/jamal/FYP_ws2/install/robot_arm_movit_config/share/robot_arm_movit_config/config/joint_limits.yaml
[0.460s] -- Installing: /home/jamal/FYP_ws2/install/robot_arm_movit_config/share/robot_arm_movit_config/config/kinematics.yaml
[0.461s] -- Installing: /home/jamal/FYP_ws2/install/robot_arm_movit_config/share/robot_arm_movit_config/config/robot_arm.ros2_control.xacro
[0.461s] -- Installing: /home/jamal/FYP_ws2/install/robot_arm_movit_config/share/robot_arm_movit_config/config/robot_arm.urdf.xacro
[0.461s] -- Installing: /home/jamal/FYP_ws2/install/robot_arm_movit_config/share/robot_arm_movit_config/config/moveit.rviz
[0.461s] -- Installing: /home/jamal/FYP_ws2/install/robot_arm_movit_config/share/robot_arm_movit_config/config/pilz_cartesian_limits.yaml
[0.461s] -- Installing: /home/jamal/FYP_ws2/install/robot_arm_movit_config/share/robot_arm_movit_config/config/moveit_controllers.yaml
[0.461s] -- Installing: /home/jamal/FYP_ws2/install/robot_arm_movit_config/share/robot_arm_movit_config/.setup_assistant
[0.461s] Invoked command in '/home/jamal/FYP_ws2/build/robot_arm_movit_config' returned '0': CMAKE_PREFIX_PATH=/home/jamal/FYP_ws2/install/robot_arm_description:/home/jamal/FYP_ws2/install/robot_arm_movit_config:/home/jamal/FYP_ws2/install/robot_arm_gazebo:/home/jamal/FYP_ws2/install/robot_arm_bringup:/home/jamal/FYP_ws2/install/robot_arm:/home/jamal/FYP_ws/install/arm_moveit_config:/home/jamal/FYP_ws/install/urdf_display:/opt/ros/humble /usr/bin/cmake --install /home/jamal/FYP_ws2/build/robot_arm_movit_config
