-- Install configuration: ""
-- Up-to-date: /home/jamal/FYP_ws2/install/robot_arm_gazebo/share/robot_arm_gazebo/config
-- Up-to-date: /home/jamal/FYP_ws2/install/robot_arm_gazebo/share/robot_arm_gazebo/config/ros_gz_bridge.yaml
-- Up-to-date: /home/jamal/FYP_ws2/install/robot_arm_gazebo/share/robot_arm_gazebo/launch
-- Up-to-date: /home/jamal/FYP_ws2/install/robot_arm_gazebo/share/robot_arm_gazebo/launch/robot_arm.gazebo.launch.py
-- Up-to-date: /home/jamal/FYP_ws2/install/robot_arm_gazebo/share/robot_arm_gazebo/worlds
-- Up-to-date: /home/jamal/FYP_ws2/install/robot_arm_gazebo/share/robot_arm_gazebo/worlds/empty.world
-- Up-to-date: /home/jamal/FYP_ws2/install/robot_arm_gazebo/share/ament_index/resource_index/package_run_dependencies/robot_arm_gazebo
-- Up-to-date: /home/jamal/FYP_ws2/install/robot_arm_gazebo/share/ament_index/resource_index/parent_prefix_path/robot_arm_gazebo
-- Up-to-date: /home/jamal/FYP_ws2/install/robot_arm_gazebo/share/robot_arm_gazebo/environment/ament_prefix_path.sh
-- Up-to-date: /home/jamal/FYP_ws2/install/robot_arm_gazebo/share/robot_arm_gazebo/environment/ament_prefix_path.dsv
-- Up-to-date: /home/jamal/FYP_ws2/install/robot_arm_gazebo/share/robot_arm_gazebo/environment/path.sh
-- Up-to-date: /home/jamal/FYP_ws2/install/robot_arm_gazebo/share/robot_arm_gazebo/environment/path.dsv
-- Up-to-date: /home/jamal/FYP_ws2/install/robot_arm_gazebo/share/robot_arm_gazebo/local_setup.bash
-- Up-to-date: /home/jamal/FYP_ws2/install/robot_arm_gazebo/share/robot_arm_gazebo/local_setup.sh
-- Up-to-date: /home/jamal/FYP_ws2/install/robot_arm_gazebo/share/robot_arm_gazebo/local_setup.zsh
-- Up-to-date: /home/jamal/FYP_ws2/install/robot_arm_gazebo/share/robot_arm_gazebo/local_setup.dsv
-- Up-to-date: /home/jamal/FYP_ws2/install/robot_arm_gazebo/share/robot_arm_gazebo/package.dsv
-- Up-to-date: /home/jamal/FYP_ws2/install/robot_arm_gazebo/share/ament_index/resource_index/packages/robot_arm_gazebo
-- Up-to-date: /home/jamal/FYP_ws2/install/robot_arm_gazebo/share/robot_arm_gazebo/cmake/robot_arm_gazeboConfig.cmake
-- Up-to-date: /home/jamal/FYP_ws2/install/robot_arm_gazebo/share/robot_arm_gazebo/cmake/robot_arm_gazeboConfig-version.cmake
-- Up-to-date: /home/jamal/FYP_ws2/install/robot_arm_gazebo/share/robot_arm_gazebo/package.xml
