[0.006s] Invoking command in '/home/jamal/FYP_ws2/build/control_arm': CMAKE_PREFIX_PATH=/home/jamal/FYP_ws2/install/robot_arm_movit_config:/home/jamal/FYP_ws2/install/robot_arm_description:/home/jamal/FYP_ws2/install/control_arm:/home/jamal/FYP_ws2/install/robot_arm_gazebo:/home/jamal/FYP_ws2/install/robot_arm_bringup:/home/jamal/FYP_ws2/install/robot_arm:/opt/ros/humble /usr/bin/cmake --build /home/jamal/FYP_ws2/build/control_arm -- -j16 -l16
[0.054s] [100%] Built target test_motion_node
[0.062s] Invoked command in '/home/jamal/FYP_ws2/build/control_arm' returned '0': CMAKE_PREFIX_PATH=/home/jamal/FYP_ws2/install/robot_arm_movit_config:/home/jamal/FYP_ws2/install/robot_arm_description:/home/jamal/FYP_ws2/install/control_arm:/home/jamal/FYP_ws2/install/robot_arm_gazebo:/home/jamal/FYP_ws2/install/robot_arm_bringup:/home/jamal/FYP_ws2/install/robot_arm:/opt/ros/humble /usr/bin/cmake --build /home/jamal/FYP_ws2/build/control_arm -- -j16 -l16
[0.063s] Invoking command in '/home/jamal/FYP_ws2/build/control_arm': CMAKE_PREFIX_PATH=/home/jamal/FYP_ws2/install/robot_arm_movit_config:/home/jamal/FYP_ws2/install/robot_arm_description:/home/jamal/FYP_ws2/install/control_arm:/home/jamal/FYP_ws2/install/robot_arm_gazebo:/home/jamal/FYP_ws2/install/robot_arm_bringup:/home/jamal/FYP_ws2/install/robot_arm:/opt/ros/humble /usr/bin/cmake --install /home/jamal/FYP_ws2/build/control_arm
[0.069s] -- Install configuration: ""
[0.069s] -- Up-to-date: /home/jamal/FYP_ws2/install/control_arm/lib/control_arm/test_motion_node
[0.069s] -- Up-to-date: /home/jamal/FYP_ws2/install/control_arm/include
[0.069s] -- Up-to-date: /home/jamal/FYP_ws2/install/control_arm/include/control_arm
[0.069s] -- Up-to-date: /home/jamal/FYP_ws2/install/control_arm/include/control_arm/test_motion_node.hpp
[0.069s] -- Up-to-date: /home/jamal/FYP_ws2/install/control_arm/share/control_arm/launch
[0.069s] -- Up-to-date: /home/jamal/FYP_ws2/install/control_arm/share/control_arm/launch/test_motion.launch.py
[0.070s] -- Up-to-date: /home/jamal/FYP_ws2/install/control_arm/share/ament_index/resource_index/package_run_dependencies/control_arm
[0.070s] -- Up-to-date: /home/jamal/FYP_ws2/install/control_arm/share/ament_index/resource_index/parent_prefix_path/control_arm
[0.070s] -- Up-to-date: /home/jamal/FYP_ws2/install/control_arm/share/control_arm/environment/ament_prefix_path.sh
[0.070s] -- Up-to-date: /home/jamal/FYP_ws2/install/control_arm/share/control_arm/environment/ament_prefix_path.dsv
[0.070s] -- Up-to-date: /home/jamal/FYP_ws2/install/control_arm/share/control_arm/environment/path.sh
[0.070s] -- Up-to-date: /home/jamal/FYP_ws2/install/control_arm/share/control_arm/environment/path.dsv
[0.070s] -- Up-to-date: /home/jamal/FYP_ws2/install/control_arm/share/control_arm/local_setup.bash
[0.070s] -- Up-to-date: /home/jamal/FYP_ws2/install/control_arm/share/control_arm/local_setup.sh
[0.070s] -- Up-to-date: /home/jamal/FYP_ws2/install/control_arm/share/control_arm/local_setup.zsh
[0.070s] -- Up-to-date: /home/jamal/FYP_ws2/install/control_arm/share/control_arm/local_setup.dsv
[0.070s] -- Installing: /home/jamal/FYP_ws2/install/control_arm/share/control_arm/package.dsv
[0.070s] -- Up-to-date: /home/jamal/FYP_ws2/install/control_arm/share/ament_index/resource_index/packages/control_arm
[0.070s] -- Up-to-date: /home/jamal/FYP_ws2/install/control_arm/share/control_arm/cmake/control_armConfig.cmake
[0.070s] -- Up-to-date: /home/jamal/FYP_ws2/install/control_arm/share/control_arm/cmake/control_armConfig-version.cmake
[0.070s] -- Up-to-date: /home/jamal/FYP_ws2/install/control_arm/share/control_arm/package.xml
[0.071s] Invoked command in '/home/jamal/FYP_ws2/build/control_arm' returned '0': CMAKE_PREFIX_PATH=/home/jamal/FYP_ws2/install/robot_arm_movit_config:/home/jamal/FYP_ws2/install/robot_arm_description:/home/jamal/FYP_ws2/install/control_arm:/home/jamal/FYP_ws2/install/robot_arm_gazebo:/home/jamal/FYP_ws2/install/robot_arm_bringup:/home/jamal/FYP_ws2/install/robot_arm:/opt/ros/humble /usr/bin/cmake --install /home/jamal/FYP_ws2/build/control_arm
