[0.062s] DEBUG:colcon:Command line arguments: ['/usr/bin/colcon', 'build']
[0.062s] DEBUG:colcon:Parsed command line arguments: Namespace(log_base=None, log_level=None, verb_name='build', build_base='build', install_base='install', merge_install=False, symlink_install=False, test_result_base=None, continue_on_error=False, executor='parallel', parallel_workers=16, event_handlers=None, ignore_user_meta=False, metas=['./colcon.meta'], base_paths=['.'], packages_ignore=None, packages_ignore_regex=None, paths=None, packages_up_to=None, packages_up_to_regex=None, packages_above=None, packages_above_and_dependencies=None, packages_above_depth=None, packages_select_by_dep=None, packages_skip_by_dep=None, packages_skip_up_to=None, packages_select_build_failed=False, packages_skip_build_finished=False, packages_select_test_failures=False, packages_skip_test_passed=False, packages_select=None, packages_skip=None, packages_select_regex=None, packages_skip_regex=None, packages_start=None, packages_end=None, allow_overriding=[], cmake_args=None, cmake_target=None, cmake_target_skip_unavailable=False, cmake_clean_cache=False, cmake_clean_first=False, cmake_force_configure=False, ament_cmake_args=None, catkin_cmake_args=None, catkin_skip_building_tests=False, mixin_files=None, mixin=None, verb_parser=<colcon_mixin.mixin.mixin_argument.MixinArgumentDecorator object at 0x7e19ad57f6a0>, verb_extension=<colcon_core.verb.build.BuildVerb object at 0x7e19ad6bcd30>, main=<bound method BuildVerb.main of <colcon_core.verb.build.BuildVerb object at 0x7e19ad6bcd30>>, mixin_verb=('build',))
[0.176s] Level 1:colcon.colcon_core.package_discovery:discover_packages(colcon_meta) check parameters
[0.176s] Level 1:colcon.colcon_core.package_discovery:discover_packages(recursive) check parameters
[0.176s] Level 1:colcon.colcon_core.package_discovery:discover_packages(ignore) check parameters
[0.176s] Level 1:colcon.colcon_core.package_discovery:discover_packages(path) check parameters
[0.176s] Level 1:colcon.colcon_core.package_discovery:discover_packages(colcon_meta) discover
[0.176s] Level 1:colcon.colcon_core.package_discovery:discover_packages(recursive) discover
[0.176s] INFO:colcon.colcon_core.package_discovery:Crawling recursively for packages in '/home/jamal/FYP_ws2'
[0.176s] Level 1:colcon.colcon_core.package_identification:_identify(.) by extensions ['ignore', 'ignore_ament_install']
[0.176s] Level 1:colcon.colcon_core.package_identification:_identify(.) by extension 'ignore'
[0.177s] Level 1:colcon.colcon_core.package_identification:_identify(.) by extension 'ignore_ament_install'
[0.177s] Level 1:colcon.colcon_core.package_identification:_identify(.) by extensions ['colcon_pkg']
[0.177s] Level 1:colcon.colcon_core.package_identification:_identify(.) by extension 'colcon_pkg'
[0.177s] Level 1:colcon.colcon_core.package_identification:_identify(.) by extensions ['colcon_meta']
[0.177s] Level 1:colcon.colcon_core.package_identification:_identify(.) by extension 'colcon_meta'
[0.177s] Level 1:colcon.colcon_core.package_identification:_identify(.) by extensions ['ros']
[0.177s] Level 1:colcon.colcon_core.package_identification:_identify(.) by extension 'ros'
[0.183s] Level 1:colcon.colcon_core.package_identification:_identify(.) by extensions ['cmake', 'python']
[0.183s] Level 1:colcon.colcon_core.package_identification:_identify(.) by extension 'cmake'
[0.183s] Level 1:colcon.colcon_core.package_identification:_identify(.) by extension 'python'
[0.183s] Level 1:colcon.colcon_core.package_identification:_identify(.) by extensions ['python_setup_py']
[0.183s] Level 1:colcon.colcon_core.package_identification:_identify(.) by extension 'python_setup_py'
[0.183s] Level 1:colcon.colcon_core.package_identification:_identify(build) by extensions ['ignore', 'ignore_ament_install']
[0.183s] Level 1:colcon.colcon_core.package_identification:_identify(build) by extension 'ignore'
[0.183s] Level 1:colcon.colcon_core.package_identification:_identify(build) ignored
[0.183s] Level 1:colcon.colcon_core.package_identification:_identify(install) by extensions ['ignore', 'ignore_ament_install']
[0.183s] Level 1:colcon.colcon_core.package_identification:_identify(install) by extension 'ignore'
[0.183s] Level 1:colcon.colcon_core.package_identification:_identify(install) ignored
[0.183s] Level 1:colcon.colcon_core.package_identification:_identify(log) by extensions ['ignore', 'ignore_ament_install']
[0.183s] Level 1:colcon.colcon_core.package_identification:_identify(log) by extension 'ignore'
[0.183s] Level 1:colcon.colcon_core.package_identification:_identify(log) ignored
[0.183s] Level 1:colcon.colcon_core.package_identification:_identify(src) by extensions ['ignore', 'ignore_ament_install']
[0.183s] Level 1:colcon.colcon_core.package_identification:_identify(src) by extension 'ignore'
[0.183s] Level 1:colcon.colcon_core.package_identification:_identify(src) by extension 'ignore_ament_install'
[0.183s] Level 1:colcon.colcon_core.package_identification:_identify(src) by extensions ['colcon_pkg']
[0.183s] Level 1:colcon.colcon_core.package_identification:_identify(src) by extension 'colcon_pkg'
[0.183s] Level 1:colcon.colcon_core.package_identification:_identify(src) by extensions ['colcon_meta']
[0.183s] Level 1:colcon.colcon_core.package_identification:_identify(src) by extension 'colcon_meta'
[0.183s] Level 1:colcon.colcon_core.package_identification:_identify(src) by extensions ['ros']
[0.183s] Level 1:colcon.colcon_core.package_identification:_identify(src) by extension 'ros'
[0.183s] Level 1:colcon.colcon_core.package_identification:_identify(src) by extensions ['cmake', 'python']
[0.183s] Level 1:colcon.colcon_core.package_identification:_identify(src) by extension 'cmake'
[0.183s] Level 1:colcon.colcon_core.package_identification:_identify(src) by extension 'python'
[0.183s] Level 1:colcon.colcon_core.package_identification:_identify(src) by extensions ['python_setup_py']
[0.183s] Level 1:colcon.colcon_core.package_identification:_identify(src) by extension 'python_setup_py'
[0.184s] Level 1:colcon.colcon_core.package_identification:_identify(src/robot_arm) by extensions ['ignore', 'ignore_ament_install']
[0.184s] Level 1:colcon.colcon_core.package_identification:_identify(src/robot_arm) by extension 'ignore'
[0.184s] Level 1:colcon.colcon_core.package_identification:_identify(src/robot_arm) by extension 'ignore_ament_install'
[0.184s] Level 1:colcon.colcon_core.package_identification:_identify(src/robot_arm) by extensions ['colcon_pkg']
[0.184s] Level 1:colcon.colcon_core.package_identification:_identify(src/robot_arm) by extension 'colcon_pkg'
[0.184s] Level 1:colcon.colcon_core.package_identification:_identify(src/robot_arm) by extensions ['colcon_meta']
[0.184s] Level 1:colcon.colcon_core.package_identification:_identify(src/robot_arm) by extension 'colcon_meta'
[0.184s] Level 1:colcon.colcon_core.package_identification:_identify(src/robot_arm) by extensions ['ros']
[0.184s] Level 1:colcon.colcon_core.package_identification:_identify(src/robot_arm) by extension 'ros'
[0.185s] DEBUG:colcon.colcon_core.package_identification:Package 'src/robot_arm' with type 'ros.ament_cmake' and name 'robot_arm'
[0.185s] Level 1:colcon.colcon_core.package_identification:_identify(src/robot_arm_bringup) by extensions ['ignore', 'ignore_ament_install']
[0.185s] Level 1:colcon.colcon_core.package_identification:_identify(src/robot_arm_bringup) by extension 'ignore'
[0.185s] Level 1:colcon.colcon_core.package_identification:_identify(src/robot_arm_bringup) by extension 'ignore_ament_install'
[0.185s] Level 1:colcon.colcon_core.package_identification:_identify(src/robot_arm_bringup) by extensions ['colcon_pkg']
[0.185s] Level 1:colcon.colcon_core.package_identification:_identify(src/robot_arm_bringup) by extension 'colcon_pkg'
[0.185s] Level 1:colcon.colcon_core.package_identification:_identify(src/robot_arm_bringup) by extensions ['colcon_meta']
[0.185s] Level 1:colcon.colcon_core.package_identification:_identify(src/robot_arm_bringup) by extension 'colcon_meta'
[0.185s] Level 1:colcon.colcon_core.package_identification:_identify(src/robot_arm_bringup) by extensions ['ros']
[0.185s] Level 1:colcon.colcon_core.package_identification:_identify(src/robot_arm_bringup) by extension 'ros'
[0.185s] DEBUG:colcon.colcon_core.package_identification:Package 'src/robot_arm_bringup' with type 'ros.ament_cmake' and name 'robot_arm_bringup'
[0.185s] Level 1:colcon.colcon_core.package_identification:_identify(src/robot_arm_description) by extensions ['ignore', 'ignore_ament_install']
[0.186s] Level 1:colcon.colcon_core.package_identification:_identify(src/robot_arm_description) by extension 'ignore'
[0.186s] Level 1:colcon.colcon_core.package_identification:_identify(src/robot_arm_description) by extension 'ignore_ament_install'
[0.186s] Level 1:colcon.colcon_core.package_identification:_identify(src/robot_arm_description) by extensions ['colcon_pkg']
[0.186s] Level 1:colcon.colcon_core.package_identification:_identify(src/robot_arm_description) by extension 'colcon_pkg'
[0.186s] Level 1:colcon.colcon_core.package_identification:_identify(src/robot_arm_description) by extensions ['colcon_meta']
[0.186s] Level 1:colcon.colcon_core.package_identification:_identify(src/robot_arm_description) by extension 'colcon_meta'
[0.186s] Level 1:colcon.colcon_core.package_identification:_identify(src/robot_arm_description) by extensions ['ros']
[0.186s] Level 1:colcon.colcon_core.package_identification:_identify(src/robot_arm_description) by extension 'ros'
[0.186s] DEBUG:colcon.colcon_core.package_identification:Package 'src/robot_arm_description' with type 'ros.ament_cmake' and name 'robot_arm_description'
[0.186s] Level 1:colcon.colcon_core.package_identification:_identify(src/robot_arm_gazebo) by extensions ['ignore', 'ignore_ament_install']
[0.186s] Level 1:colcon.colcon_core.package_identification:_identify(src/robot_arm_gazebo) by extension 'ignore'
[0.186s] Level 1:colcon.colcon_core.package_identification:_identify(src/robot_arm_gazebo) by extension 'ignore_ament_install'
[0.186s] Level 1:colcon.colcon_core.package_identification:_identify(src/robot_arm_gazebo) by extensions ['colcon_pkg']
[0.186s] Level 1:colcon.colcon_core.package_identification:_identify(src/robot_arm_gazebo) by extension 'colcon_pkg'
[0.186s] Level 1:colcon.colcon_core.package_identification:_identify(src/robot_arm_gazebo) by extensions ['colcon_meta']
[0.186s] Level 1:colcon.colcon_core.package_identification:_identify(src/robot_arm_gazebo) by extension 'colcon_meta'
[0.186s] Level 1:colcon.colcon_core.package_identification:_identify(src/robot_arm_gazebo) by extensions ['ros']
[0.186s] Level 1:colcon.colcon_core.package_identification:_identify(src/robot_arm_gazebo) by extension 'ros'
[0.187s] DEBUG:colcon.colcon_core.package_identification:Package 'src/robot_arm_gazebo' with type 'ros.ament_cmake' and name 'robot_arm_gazebo'
[0.187s] Level 1:colcon.colcon_core.package_identification:_identify(src/robot_arm_movit_config) by extensions ['ignore', 'ignore_ament_install']
[0.187s] Level 1:colcon.colcon_core.package_identification:_identify(src/robot_arm_movit_config) by extension 'ignore'
[0.187s] Level 1:colcon.colcon_core.package_identification:_identify(src/robot_arm_movit_config) by extension 'ignore_ament_install'
[0.187s] Level 1:colcon.colcon_core.package_identification:_identify(src/robot_arm_movit_config) by extensions ['colcon_pkg']
[0.187s] Level 1:colcon.colcon_core.package_identification:_identify(src/robot_arm_movit_config) by extension 'colcon_pkg'
[0.187s] Level 1:colcon.colcon_core.package_identification:_identify(src/robot_arm_movit_config) by extensions ['colcon_meta']
[0.187s] Level 1:colcon.colcon_core.package_identification:_identify(src/robot_arm_movit_config) by extension 'colcon_meta'
[0.187s] Level 1:colcon.colcon_core.package_identification:_identify(src/robot_arm_movit_config) by extensions ['ros']
[0.187s] Level 1:colcon.colcon_core.package_identification:_identify(src/robot_arm_movit_config) by extension 'ros'
[0.188s] DEBUG:colcon.colcon_core.package_identification:Package 'src/robot_arm_movit_config' with type 'ros.ament_cmake' and name 'robot_arm_movit_config'
[0.188s] Level 1:colcon.colcon_core.package_discovery:discover_packages(recursive) using defaults
[0.188s] Level 1:colcon.colcon_core.package_discovery:discover_packages(ignore) discover
[0.188s] Level 1:colcon.colcon_core.package_discovery:discover_packages(ignore) using defaults
[0.188s] Level 1:colcon.colcon_core.package_discovery:discover_packages(path) discover
[0.188s] Level 1:colcon.colcon_core.package_discovery:discover_packages(path) using defaults
[0.198s] Level 1:colcon.colcon_core.package_discovery:discover_packages(prefix_path) check parameters
[0.198s] Level 1:colcon.colcon_core.package_discovery:discover_packages(prefix_path) discover
[0.199s] WARNING:colcon.colcon_ros.prefix_path.ament:The path '/home/jamal/FYP_ws2/install/robot_arm_movit_config' in the environment variable AMENT_PREFIX_PATH doesn't exist
[0.199s] WARNING:colcon.colcon_ros.prefix_path.ament:The path '/home/jamal/FYP_ws2/install/robot_arm_gazebo' in the environment variable AMENT_PREFIX_PATH doesn't exist
[0.199s] WARNING:colcon.colcon_ros.prefix_path.ament:The path '/home/jamal/FYP_ws2/install/robot_arm_description' in the environment variable AMENT_PREFIX_PATH doesn't exist
[0.199s] WARNING:colcon.colcon_ros.prefix_path.ament:The path '/home/jamal/FYP_ws2/install/robot_arm_bringup' in the environment variable AMENT_PREFIX_PATH doesn't exist
[0.199s] WARNING:colcon.colcon_ros.prefix_path.ament:The path '/home/jamal/FYP_ws2/install/robot_arm' in the environment variable AMENT_PREFIX_PATH doesn't exist
[0.199s] WARNING:colcon.colcon_ros.prefix_path.catkin:The path '/home/jamal/FYP_ws2/install/robot_arm_movit_config' in the environment variable CMAKE_PREFIX_PATH doesn't exist
[0.199s] WARNING:colcon.colcon_ros.prefix_path.catkin:The path '/home/jamal/FYP_ws2/install/robot_arm_gazebo' in the environment variable CMAKE_PREFIX_PATH doesn't exist
[0.199s] WARNING:colcon.colcon_ros.prefix_path.catkin:The path '/home/jamal/FYP_ws2/install/robot_arm_description' in the environment variable CMAKE_PREFIX_PATH doesn't exist
[0.199s] WARNING:colcon.colcon_ros.prefix_path.catkin:The path '/home/jamal/FYP_ws2/install/robot_arm_bringup' in the environment variable CMAKE_PREFIX_PATH doesn't exist
[0.199s] WARNING:colcon.colcon_ros.prefix_path.catkin:The path '/home/jamal/FYP_ws2/install/robot_arm' in the environment variable CMAKE_PREFIX_PATH doesn't exist
[0.199s] DEBUG:colcon.colcon_installed_package_information.package_discovery:Found 0 installed packages in /home/jamal/FYP_ws2/install
[0.199s] DEBUG:colcon.colcon_installed_package_information.package_discovery:Found 3 installed packages in /home/jamal/FYP_ws/install
[0.200s] DEBUG:colcon.colcon_installed_package_information.package_discovery:Found 418 installed packages in /opt/ros/humble
[0.202s] Level 1:colcon.colcon_core.package_discovery:discover_packages(prefix_path) using defaults
[0.225s] Level 5:colcon.colcon_core.verb:set package 'robot_arm' build argument 'cmake_args' from command line to 'None'
[0.225s] Level 5:colcon.colcon_core.verb:set package 'robot_arm' build argument 'cmake_target' from command line to 'None'
[0.225s] Level 5:colcon.colcon_core.verb:set package 'robot_arm' build argument 'cmake_target_skip_unavailable' from command line to 'False'
[0.225s] Level 5:colcon.colcon_core.verb:set package 'robot_arm' build argument 'cmake_clean_cache' from command line to 'False'
[0.225s] Level 5:colcon.colcon_core.verb:set package 'robot_arm' build argument 'cmake_clean_first' from command line to 'False'
[0.225s] Level 5:colcon.colcon_core.verb:set package 'robot_arm' build argument 'cmake_force_configure' from command line to 'False'
[0.225s] Level 5:colcon.colcon_core.verb:set package 'robot_arm' build argument 'ament_cmake_args' from command line to 'None'
[0.225s] Level 5:colcon.colcon_core.verb:set package 'robot_arm' build argument 'catkin_cmake_args' from command line to 'None'
[0.225s] Level 5:colcon.colcon_core.verb:set package 'robot_arm' build argument 'catkin_skip_building_tests' from command line to 'False'
[0.225s] DEBUG:colcon.colcon_core.verb:Building package 'robot_arm' with the following arguments: {'ament_cmake_args': None, 'build_base': '/home/jamal/FYP_ws2/build/robot_arm', 'catkin_cmake_args': None, 'catkin_skip_building_tests': False, 'cmake_args': None, 'cmake_clean_cache': False, 'cmake_clean_first': False, 'cmake_force_configure': False, 'cmake_target': None, 'cmake_target_skip_unavailable': False, 'install_base': '/home/jamal/FYP_ws2/install/robot_arm', 'merge_install': False, 'path': '/home/jamal/FYP_ws2/src/robot_arm', 'symlink_install': False, 'test_result_base': None}
[0.226s] Level 5:colcon.colcon_core.verb:set package 'robot_arm_bringup' build argument 'cmake_args' from command line to 'None'
[0.226s] Level 5:colcon.colcon_core.verb:set package 'robot_arm_bringup' build argument 'cmake_target' from command line to 'None'
[0.226s] Level 5:colcon.colcon_core.verb:set package 'robot_arm_bringup' build argument 'cmake_target_skip_unavailable' from command line to 'False'
[0.226s] Level 5:colcon.colcon_core.verb:set package 'robot_arm_bringup' build argument 'cmake_clean_cache' from command line to 'False'
[0.226s] Level 5:colcon.colcon_core.verb:set package 'robot_arm_bringup' build argument 'cmake_clean_first' from command line to 'False'
[0.226s] Level 5:colcon.colcon_core.verb:set package 'robot_arm_bringup' build argument 'cmake_force_configure' from command line to 'False'
[0.226s] Level 5:colcon.colcon_core.verb:set package 'robot_arm_bringup' build argument 'ament_cmake_args' from command line to 'None'
[0.226s] Level 5:colcon.colcon_core.verb:set package 'robot_arm_bringup' build argument 'catkin_cmake_args' from command line to 'None'
[0.226s] Level 5:colcon.colcon_core.verb:set package 'robot_arm_bringup' build argument 'catkin_skip_building_tests' from command line to 'False'
[0.226s] DEBUG:colcon.colcon_core.verb:Building package 'robot_arm_bringup' with the following arguments: {'ament_cmake_args': None, 'build_base': '/home/jamal/FYP_ws2/build/robot_arm_bringup', 'catkin_cmake_args': None, 'catkin_skip_building_tests': False, 'cmake_args': None, 'cmake_clean_cache': False, 'cmake_clean_first': False, 'cmake_force_configure': False, 'cmake_target': None, 'cmake_target_skip_unavailable': False, 'install_base': '/home/jamal/FYP_ws2/install/robot_arm_bringup', 'merge_install': False, 'path': '/home/jamal/FYP_ws2/src/robot_arm_bringup', 'symlink_install': False, 'test_result_base': None}
[0.226s] Level 5:colcon.colcon_core.verb:set package 'robot_arm_description' build argument 'cmake_args' from command line to 'None'
[0.226s] Level 5:colcon.colcon_core.verb:set package 'robot_arm_description' build argument 'cmake_target' from command line to 'None'
[0.226s] Level 5:colcon.colcon_core.verb:set package 'robot_arm_description' build argument 'cmake_target_skip_unavailable' from command line to 'False'
[0.226s] Level 5:colcon.colcon_core.verb:set package 'robot_arm_description' build argument 'cmake_clean_cache' from command line to 'False'
[0.226s] Level 5:colcon.colcon_core.verb:set package 'robot_arm_description' build argument 'cmake_clean_first' from command line to 'False'
[0.226s] Level 5:colcon.colcon_core.verb:set package 'robot_arm_description' build argument 'cmake_force_configure' from command line to 'False'
[0.226s] Level 5:colcon.colcon_core.verb:set package 'robot_arm_description' build argument 'ament_cmake_args' from command line to 'None'
[0.226s] Level 5:colcon.colcon_core.verb:set package 'robot_arm_description' build argument 'catkin_cmake_args' from command line to 'None'
[0.226s] Level 5:colcon.colcon_core.verb:set package 'robot_arm_description' build argument 'catkin_skip_building_tests' from command line to 'False'
[0.226s] DEBUG:colcon.colcon_core.verb:Building package 'robot_arm_description' with the following arguments: {'ament_cmake_args': None, 'build_base': '/home/jamal/FYP_ws2/build/robot_arm_description', 'catkin_cmake_args': None, 'catkin_skip_building_tests': False, 'cmake_args': None, 'cmake_clean_cache': False, 'cmake_clean_first': False, 'cmake_force_configure': False, 'cmake_target': None, 'cmake_target_skip_unavailable': False, 'install_base': '/home/jamal/FYP_ws2/install/robot_arm_description', 'merge_install': False, 'path': '/home/jamal/FYP_ws2/src/robot_arm_description', 'symlink_install': False, 'test_result_base': None}
[0.226s] Level 5:colcon.colcon_core.verb:set package 'robot_arm_gazebo' build argument 'cmake_args' from command line to 'None'
[0.226s] Level 5:colcon.colcon_core.verb:set package 'robot_arm_gazebo' build argument 'cmake_target' from command line to 'None'
[0.226s] Level 5:colcon.colcon_core.verb:set package 'robot_arm_gazebo' build argument 'cmake_target_skip_unavailable' from command line to 'False'
[0.226s] Level 5:colcon.colcon_core.verb:set package 'robot_arm_gazebo' build argument 'cmake_clean_cache' from command line to 'False'
[0.226s] Level 5:colcon.colcon_core.verb:set package 'robot_arm_gazebo' build argument 'cmake_clean_first' from command line to 'False'
[0.226s] Level 5:colcon.colcon_core.verb:set package 'robot_arm_gazebo' build argument 'cmake_force_configure' from command line to 'False'
[0.226s] Level 5:colcon.colcon_core.verb:set package 'robot_arm_gazebo' build argument 'ament_cmake_args' from command line to 'None'
[0.226s] Level 5:colcon.colcon_core.verb:set package 'robot_arm_gazebo' build argument 'catkin_cmake_args' from command line to 'None'
[0.226s] Level 5:colcon.colcon_core.verb:set package 'robot_arm_gazebo' build argument 'catkin_skip_building_tests' from command line to 'False'
[0.226s] DEBUG:colcon.colcon_core.verb:Building package 'robot_arm_gazebo' with the following arguments: {'ament_cmake_args': None, 'build_base': '/home/jamal/FYP_ws2/build/robot_arm_gazebo', 'catkin_cmake_args': None, 'catkin_skip_building_tests': False, 'cmake_args': None, 'cmake_clean_cache': False, 'cmake_clean_first': False, 'cmake_force_configure': False, 'cmake_target': None, 'cmake_target_skip_unavailable': False, 'install_base': '/home/jamal/FYP_ws2/install/robot_arm_gazebo', 'merge_install': False, 'path': '/home/jamal/FYP_ws2/src/robot_arm_gazebo', 'symlink_install': False, 'test_result_base': None}
[0.226s] Level 5:colcon.colcon_core.verb:set package 'robot_arm_movit_config' build argument 'cmake_args' from command line to 'None'
[0.227s] Level 5:colcon.colcon_core.verb:set package 'robot_arm_movit_config' build argument 'cmake_target' from command line to 'None'
[0.227s] Level 5:colcon.colcon_core.verb:set package 'robot_arm_movit_config' build argument 'cmake_target_skip_unavailable' from command line to 'False'
[0.227s] Level 5:colcon.colcon_core.verb:set package 'robot_arm_movit_config' build argument 'cmake_clean_cache' from command line to 'False'
[0.227s] Level 5:colcon.colcon_core.verb:set package 'robot_arm_movit_config' build argument 'cmake_clean_first' from command line to 'False'
[0.227s] Level 5:colcon.colcon_core.verb:set package 'robot_arm_movit_config' build argument 'cmake_force_configure' from command line to 'False'
[0.227s] Level 5:colcon.colcon_core.verb:set package 'robot_arm_movit_config' build argument 'ament_cmake_args' from command line to 'None'
[0.227s] Level 5:colcon.colcon_core.verb:set package 'robot_arm_movit_config' build argument 'catkin_cmake_args' from command line to 'None'
[0.227s] Level 5:colcon.colcon_core.verb:set package 'robot_arm_movit_config' build argument 'catkin_skip_building_tests' from command line to 'False'
[0.227s] DEBUG:colcon.colcon_core.verb:Building package 'robot_arm_movit_config' with the following arguments: {'ament_cmake_args': None, 'build_base': '/home/jamal/FYP_ws2/build/robot_arm_movit_config', 'catkin_cmake_args': None, 'catkin_skip_building_tests': False, 'cmake_args': None, 'cmake_clean_cache': False, 'cmake_clean_first': False, 'cmake_force_configure': False, 'cmake_target': None, 'cmake_target_skip_unavailable': False, 'install_base': '/home/jamal/FYP_ws2/install/robot_arm_movit_config', 'merge_install': False, 'path': '/home/jamal/FYP_ws2/src/robot_arm_movit_config', 'symlink_install': False, 'test_result_base': None}
[0.227s] INFO:colcon.colcon_core.executor:Executing jobs using 'parallel' executor
[0.227s] DEBUG:colcon.colcon_parallel_executor.executor.parallel:run_until_complete
[0.228s] INFO:colcon.colcon_ros.task.ament_cmake.build:Building ROS package in '/home/jamal/FYP_ws2/src/robot_arm_description' with build type 'ament_cmake'
[0.228s] INFO:colcon.colcon_cmake.task.cmake.build:Building CMake package in '/home/jamal/FYP_ws2/src/robot_arm_description'
[0.229s] INFO:colcon.colcon_core.plugin_system:Skipping extension 'colcon_core.shell.bat': Not used on non-Windows systems
[0.229s] INFO:colcon.colcon_core.shell:Skip shell extension 'powershell' for command environment: Not usable outside of PowerShell
[0.229s] DEBUG:colcon.colcon_core.shell:Skip shell extension 'dsv' for command environment
[0.231s] INFO:colcon.colcon_ros.task.ament_cmake.build:Building ROS package in '/home/jamal/FYP_ws2/src/robot_arm' with build type 'ament_cmake'
[0.232s] INFO:colcon.colcon_cmake.task.cmake.build:Building CMake package in '/home/jamal/FYP_ws2/src/robot_arm'
[0.232s] INFO:colcon.colcon_core.shell:Skip shell extension 'powershell' for command environment: Not usable outside of PowerShell
[0.232s] DEBUG:colcon.colcon_core.shell:Skip shell extension 'dsv' for command environment
[0.234s] INFO:colcon.colcon_ros.task.ament_cmake.build:Building ROS package in '/home/jamal/FYP_ws2/src/robot_arm_bringup' with build type 'ament_cmake'
[0.234s] INFO:colcon.colcon_cmake.task.cmake.build:Building CMake package in '/home/jamal/FYP_ws2/src/robot_arm_bringup'
[0.234s] INFO:colcon.colcon_core.shell:Skip shell extension 'powershell' for command environment: Not usable outside of PowerShell
[0.234s] DEBUG:colcon.colcon_core.shell:Skip shell extension 'dsv' for command environment
[0.236s] INFO:colcon.colcon_ros.task.ament_cmake.build:Building ROS package in '/home/jamal/FYP_ws2/src/robot_arm_gazebo' with build type 'ament_cmake'
[0.236s] INFO:colcon.colcon_cmake.task.cmake.build:Building CMake package in '/home/jamal/FYP_ws2/src/robot_arm_gazebo'
[0.236s] INFO:colcon.colcon_core.shell:Skip shell extension 'powershell' for command environment: Not usable outside of PowerShell
[0.236s] DEBUG:colcon.colcon_core.shell:Skip shell extension 'dsv' for command environment
[0.240s] DEBUG:colcon.colcon_core.event_handler.log_command:Invoking command in '/home/jamal/FYP_ws2/build/robot_arm_description': CMAKE_PREFIX_PATH=${CMAKE_PREFIX_PATH}:/opt/ros/humble /usr/bin/cmake /home/jamal/FYP_ws2/src/robot_arm_description -DCMAKE_INSTALL_PREFIX=/home/jamal/FYP_ws2/install/robot_arm_description
[0.241s] DEBUG:colcon.colcon_core.event_handler.log_command:Invoking command in '/home/jamal/FYP_ws2/build/robot_arm': CMAKE_PREFIX_PATH=${CMAKE_PREFIX_PATH}:/opt/ros/humble /usr/bin/cmake /home/jamal/FYP_ws2/src/robot_arm -DCMAKE_INSTALL_PREFIX=/home/jamal/FYP_ws2/install/robot_arm
[0.244s] DEBUG:colcon.colcon_core.event_handler.log_command:Invoking command in '/home/jamal/FYP_ws2/build/robot_arm_bringup': CMAKE_PREFIX_PATH=${CMAKE_PREFIX_PATH}:/opt/ros/humble /usr/bin/cmake /home/jamal/FYP_ws2/src/robot_arm_bringup -DCMAKE_INSTALL_PREFIX=/home/jamal/FYP_ws2/install/robot_arm_bringup
[0.245s] DEBUG:colcon.colcon_core.event_handler.log_command:Invoking command in '/home/jamal/FYP_ws2/build/robot_arm_gazebo': CMAKE_PREFIX_PATH=${CMAKE_PREFIX_PATH}:/opt/ros/humble /usr/bin/cmake /home/jamal/FYP_ws2/src/robot_arm_gazebo -DCMAKE_INSTALL_PREFIX=/home/jamal/FYP_ws2/install/robot_arm_gazebo
[0.855s] DEBUG:colcon.colcon_core.event_handler.log_command:Invoked command in '/home/jamal/FYP_ws2/build/robot_arm_description' returned '0': CMAKE_PREFIX_PATH=${CMAKE_PREFIX_PATH}:/opt/ros/humble /usr/bin/cmake /home/jamal/FYP_ws2/src/robot_arm_description -DCMAKE_INSTALL_PREFIX=/home/jamal/FYP_ws2/install/robot_arm_description
[0.858s] DEBUG:colcon.colcon_core.event_handler.log_command:Invoking command in '/home/jamal/FYP_ws2/build/robot_arm_description': CMAKE_PREFIX_PATH=${CMAKE_PREFIX_PATH}:/opt/ros/humble /usr/bin/cmake --build /home/jamal/FYP_ws2/build/robot_arm_description -- -j16 -l16
[0.859s] DEBUG:colcon.colcon_core.event_handler.log_command:Invoked command in '/home/jamal/FYP_ws2/build/robot_arm' returned '0': CMAKE_PREFIX_PATH=${CMAKE_PREFIX_PATH}:/opt/ros/humble /usr/bin/cmake /home/jamal/FYP_ws2/src/robot_arm -DCMAKE_INSTALL_PREFIX=/home/jamal/FYP_ws2/install/robot_arm
[0.860s] DEBUG:colcon.colcon_core.event_handler.log_command:Invoking command in '/home/jamal/FYP_ws2/build/robot_arm': CMAKE_PREFIX_PATH=${CMAKE_PREFIX_PATH}:/opt/ros/humble /usr/bin/cmake --build /home/jamal/FYP_ws2/build/robot_arm -- -j16 -l16
[0.871s] DEBUG:colcon.colcon_core.event_handler.log_command:Invoked command in '/home/jamal/FYP_ws2/build/robot_arm_bringup' returned '0': CMAKE_PREFIX_PATH=${CMAKE_PREFIX_PATH}:/opt/ros/humble /usr/bin/cmake /home/jamal/FYP_ws2/src/robot_arm_bringup -DCMAKE_INSTALL_PREFIX=/home/jamal/FYP_ws2/install/robot_arm_bringup
[0.873s] DEBUG:colcon.colcon_core.event_handler.log_command:Invoking command in '/home/jamal/FYP_ws2/build/robot_arm_bringup': CMAKE_PREFIX_PATH=${CMAKE_PREFIX_PATH}:/opt/ros/humble /usr/bin/cmake --build /home/jamal/FYP_ws2/build/robot_arm_bringup -- -j16 -l16
[0.889s] DEBUG:colcon.colcon_core.event_handler.log_command:Invoked command in '/home/jamal/FYP_ws2/build/robot_arm_description' returned '0': CMAKE_PREFIX_PATH=${CMAKE_PREFIX_PATH}:/opt/ros/humble /usr/bin/cmake --build /home/jamal/FYP_ws2/build/robot_arm_description -- -j16 -l16
[0.895s] DEBUG:colcon.colcon_core.event_handler.log_command:Invoking command in '/home/jamal/FYP_ws2/build/robot_arm_description': CMAKE_PREFIX_PATH=${CMAKE_PREFIX_PATH}:/opt/ros/humble /usr/bin/cmake --install /home/jamal/FYP_ws2/build/robot_arm_description
[0.896s] DEBUG:colcon.colcon_core.event_handler.log_command:Invoked command in '/home/jamal/FYP_ws2/build/robot_arm' returned '0': CMAKE_PREFIX_PATH=${CMAKE_PREFIX_PATH}:/opt/ros/humble /usr/bin/cmake --build /home/jamal/FYP_ws2/build/robot_arm -- -j16 -l16
[0.897s] DEBUG:colcon.colcon_core.event_handler.log_command:Invoking command in '/home/jamal/FYP_ws2/build/robot_arm': CMAKE_PREFIX_PATH=${CMAKE_PREFIX_PATH}:/opt/ros/humble /usr/bin/cmake --install /home/jamal/FYP_ws2/build/robot_arm
[0.901s] DEBUG:colcon.colcon_core.event_handler.log_command:Invoked command in '/home/jamal/FYP_ws2/build/robot_arm_bringup' returned '0': CMAKE_PREFIX_PATH=${CMAKE_PREFIX_PATH}:/opt/ros/humble /usr/bin/cmake --build /home/jamal/FYP_ws2/build/robot_arm_bringup -- -j16 -l16
[0.902s] DEBUG:colcon.colcon_core.event_handler.log_command:Invoking command in '/home/jamal/FYP_ws2/build/robot_arm_bringup': CMAKE_PREFIX_PATH=${CMAKE_PREFIX_PATH}:/opt/ros/humble /usr/bin/cmake --install /home/jamal/FYP_ws2/build/robot_arm_bringup
[0.904s] Level 1:colcon.colcon_core.environment:create_environment_scripts_only(robot_arm)
[0.904s] DEBUG:colcon.colcon_core.event_handler.log_command:Invoked command in '/home/jamal/FYP_ws2/build/robot_arm' returned '0': CMAKE_PREFIX_PATH=${CMAKE_PREFIX_PATH}:/opt/ros/humble /usr/bin/cmake --install /home/jamal/FYP_ws2/build/robot_arm
[0.906s] Level 1:colcon.colcon_core.environment:checking '/home/jamal/FYP_ws2/install/robot_arm' for CMake module files
[0.907s] Level 1:colcon.colcon_core.environment:checking '/home/jamal/FYP_ws2/install/robot_arm' for CMake config files
[0.907s] Level 1:colcon.colcon_core.shell:create_environment_hook('robot_arm', 'cmake_prefix_path')
[0.907s] INFO:colcon.colcon_core.shell:Creating environment hook '/home/jamal/FYP_ws2/install/robot_arm/share/robot_arm/hook/cmake_prefix_path.ps1'
[0.907s] INFO:colcon.colcon_core.shell:Creating environment descriptor '/home/jamal/FYP_ws2/install/robot_arm/share/robot_arm/hook/cmake_prefix_path.dsv'
[0.908s] INFO:colcon.colcon_core.shell:Creating environment hook '/home/jamal/FYP_ws2/install/robot_arm/share/robot_arm/hook/cmake_prefix_path.sh'
[0.908s] Level 1:colcon.colcon_core.environment:checking '/home/jamal/FYP_ws2/install/robot_arm/bin'
[0.908s] Level 1:colcon.colcon_core.environment:checking '/home/jamal/FYP_ws2/install/robot_arm/lib/pkgconfig/robot_arm.pc'
[0.908s] Level 1:colcon.colcon_core.environment:checking '/home/jamal/FYP_ws2/install/robot_arm/lib/python3.10/site-packages'
[0.909s] Level 1:colcon.colcon_core.environment:checking '/home/jamal/FYP_ws2/install/robot_arm/bin'
[0.909s] INFO:colcon.colcon_core.shell:Creating package script '/home/jamal/FYP_ws2/install/robot_arm/share/robot_arm/package.ps1'
[0.911s] INFO:colcon.colcon_core.shell:Creating package descriptor '/home/jamal/FYP_ws2/install/robot_arm/share/robot_arm/package.dsv'
[0.911s] INFO:colcon.colcon_core.shell:Creating package script '/home/jamal/FYP_ws2/install/robot_arm/share/robot_arm/package.sh'
[0.912s] INFO:colcon.colcon_core.shell:Creating package script '/home/jamal/FYP_ws2/install/robot_arm/share/robot_arm/package.bash'
[0.912s] INFO:colcon.colcon_core.shell:Creating package script '/home/jamal/FYP_ws2/install/robot_arm/share/robot_arm/package.zsh'
[0.912s] Level 1:colcon.colcon_core.environment:create_file_with_runtime_dependencies(/home/jamal/FYP_ws2/install/robot_arm/share/colcon-core/packages/robot_arm)
[0.913s] Level 1:colcon.colcon_core.environment:create_environment_scripts_only(robot_arm)
[0.913s] Level 1:colcon.colcon_core.environment:checking '/home/jamal/FYP_ws2/install/robot_arm' for CMake module files
[0.913s] Level 1:colcon.colcon_core.environment:checking '/home/jamal/FYP_ws2/install/robot_arm' for CMake config files
[0.913s] Level 1:colcon.colcon_core.shell:create_environment_hook('robot_arm', 'cmake_prefix_path')
[0.913s] INFO:colcon.colcon_core.shell:Creating environment hook '/home/jamal/FYP_ws2/install/robot_arm/share/robot_arm/hook/cmake_prefix_path.ps1'
[0.913s] INFO:colcon.colcon_core.shell:Creating environment descriptor '/home/jamal/FYP_ws2/install/robot_arm/share/robot_arm/hook/cmake_prefix_path.dsv'
[0.914s] INFO:colcon.colcon_core.shell:Creating environment hook '/home/jamal/FYP_ws2/install/robot_arm/share/robot_arm/hook/cmake_prefix_path.sh'
[0.914s] Level 1:colcon.colcon_core.environment:checking '/home/jamal/FYP_ws2/install/robot_arm/bin'
[0.914s] Level 1:colcon.colcon_core.environment:checking '/home/jamal/FYP_ws2/install/robot_arm/lib/pkgconfig/robot_arm.pc'
[0.914s] Level 1:colcon.colcon_core.environment:checking '/home/jamal/FYP_ws2/install/robot_arm/lib/python3.10/site-packages'
[0.914s] Level 1:colcon.colcon_core.environment:checking '/home/jamal/FYP_ws2/install/robot_arm/bin'
[0.915s] INFO:colcon.colcon_core.shell:Creating package script '/home/jamal/FYP_ws2/install/robot_arm/share/robot_arm/package.ps1'
[0.915s] INFO:colcon.colcon_core.shell:Creating package descriptor '/home/jamal/FYP_ws2/install/robot_arm/share/robot_arm/package.dsv'
[0.915s] INFO:colcon.colcon_core.shell:Creating package script '/home/jamal/FYP_ws2/install/robot_arm/share/robot_arm/package.sh'
[0.915s] INFO:colcon.colcon_core.shell:Creating package script '/home/jamal/FYP_ws2/install/robot_arm/share/robot_arm/package.bash'
[0.915s] INFO:colcon.colcon_core.shell:Creating package script '/home/jamal/FYP_ws2/install/robot_arm/share/robot_arm/package.zsh'
[0.916s] Level 1:colcon.colcon_core.environment:create_file_with_runtime_dependencies(/home/jamal/FYP_ws2/install/robot_arm/share/colcon-core/packages/robot_arm)
[0.916s] Level 1:colcon.colcon_core.environment:create_environment_scripts_only(robot_arm_bringup)
[0.917s] DEBUG:colcon.colcon_core.event_handler.log_command:Invoked command in '/home/jamal/FYP_ws2/build/robot_arm_bringup' returned '0': CMAKE_PREFIX_PATH=${CMAKE_PREFIX_PATH}:/opt/ros/humble /usr/bin/cmake --install /home/jamal/FYP_ws2/build/robot_arm_bringup
[0.917s] Level 1:colcon.colcon_core.environment:checking '/home/jamal/FYP_ws2/install/robot_arm_bringup' for CMake module files
[0.917s] Level 1:colcon.colcon_core.environment:checking '/home/jamal/FYP_ws2/install/robot_arm_bringup' for CMake config files
[0.917s] Level 1:colcon.colcon_core.shell:create_environment_hook('robot_arm_bringup', 'cmake_prefix_path')
[0.918s] INFO:colcon.colcon_core.shell:Creating environment hook '/home/jamal/FYP_ws2/install/robot_arm_bringup/share/robot_arm_bringup/hook/cmake_prefix_path.ps1'
[0.918s] INFO:colcon.colcon_core.shell:Creating environment descriptor '/home/jamal/FYP_ws2/install/robot_arm_bringup/share/robot_arm_bringup/hook/cmake_prefix_path.dsv'
[0.918s] INFO:colcon.colcon_core.shell:Creating environment hook '/home/jamal/FYP_ws2/install/robot_arm_bringup/share/robot_arm_bringup/hook/cmake_prefix_path.sh'
[0.919s] Level 1:colcon.colcon_core.environment:checking '/home/jamal/FYP_ws2/install/robot_arm_bringup/bin'
[0.919s] Level 1:colcon.colcon_core.environment:checking '/home/jamal/FYP_ws2/install/robot_arm_bringup/lib/pkgconfig/robot_arm_bringup.pc'
[0.919s] Level 1:colcon.colcon_core.environment:checking '/home/jamal/FYP_ws2/install/robot_arm_bringup/lib/python3.10/site-packages'
[0.919s] Level 1:colcon.colcon_core.environment:checking '/home/jamal/FYP_ws2/install/robot_arm_bringup/bin'
[0.920s] INFO:colcon.colcon_core.shell:Creating package script '/home/jamal/FYP_ws2/install/robot_arm_bringup/share/robot_arm_bringup/package.ps1'
[0.920s] INFO:colcon.colcon_core.shell:Creating package descriptor '/home/jamal/FYP_ws2/install/robot_arm_bringup/share/robot_arm_bringup/package.dsv'
[0.920s] INFO:colcon.colcon_core.shell:Creating package script '/home/jamal/FYP_ws2/install/robot_arm_bringup/share/robot_arm_bringup/package.sh'
[0.920s] INFO:colcon.colcon_core.shell:Creating package script '/home/jamal/FYP_ws2/install/robot_arm_bringup/share/robot_arm_bringup/package.bash'
[0.921s] INFO:colcon.colcon_core.shell:Creating package script '/home/jamal/FYP_ws2/install/robot_arm_bringup/share/robot_arm_bringup/package.zsh'
[0.921s] Level 1:colcon.colcon_core.environment:create_file_with_runtime_dependencies(/home/jamal/FYP_ws2/install/robot_arm_bringup/share/colcon-core/packages/robot_arm_bringup)
[0.921s] Level 1:colcon.colcon_core.environment:create_environment_scripts_only(robot_arm_bringup)
[0.921s] Level 1:colcon.colcon_core.environment:checking '/home/jamal/FYP_ws2/install/robot_arm_bringup' for CMake module files
[0.922s] Level 1:colcon.colcon_core.environment:checking '/home/jamal/FYP_ws2/install/robot_arm_bringup' for CMake config files
[0.922s] Level 1:colcon.colcon_core.shell:create_environment_hook('robot_arm_bringup', 'cmake_prefix_path')
[0.922s] INFO:colcon.colcon_core.shell:Creating environment hook '/home/jamal/FYP_ws2/install/robot_arm_bringup/share/robot_arm_bringup/hook/cmake_prefix_path.ps1'
[0.923s] INFO:colcon.colcon_core.shell:Creating environment descriptor '/home/jamal/FYP_ws2/install/robot_arm_bringup/share/robot_arm_bringup/hook/cmake_prefix_path.dsv'
[0.923s] INFO:colcon.colcon_core.shell:Creating environment hook '/home/jamal/FYP_ws2/install/robot_arm_bringup/share/robot_arm_bringup/hook/cmake_prefix_path.sh'
[0.923s] Level 1:colcon.colcon_core.environment:checking '/home/jamal/FYP_ws2/install/robot_arm_bringup/bin'
[0.924s] Level 1:colcon.colcon_core.environment:checking '/home/jamal/FYP_ws2/install/robot_arm_bringup/lib/pkgconfig/robot_arm_bringup.pc'
[0.924s] Level 1:colcon.colcon_core.environment:checking '/home/jamal/FYP_ws2/install/robot_arm_bringup/lib/python3.10/site-packages'
[0.924s] Level 1:colcon.colcon_core.environment:checking '/home/jamal/FYP_ws2/install/robot_arm_bringup/bin'
[0.924s] INFO:colcon.colcon_core.shell:Creating package script '/home/jamal/FYP_ws2/install/robot_arm_bringup/share/robot_arm_bringup/package.ps1'
[0.926s] INFO:colcon.colcon_core.shell:Creating package descriptor '/home/jamal/FYP_ws2/install/robot_arm_bringup/share/robot_arm_bringup/package.dsv'
[0.926s] INFO:colcon.colcon_core.shell:Creating package script '/home/jamal/FYP_ws2/install/robot_arm_bringup/share/robot_arm_bringup/package.sh'
[0.926s] INFO:colcon.colcon_core.shell:Creating package script '/home/jamal/FYP_ws2/install/robot_arm_bringup/share/robot_arm_bringup/package.bash'
[0.926s] INFO:colcon.colcon_core.shell:Creating package script '/home/jamal/FYP_ws2/install/robot_arm_bringup/share/robot_arm_bringup/package.zsh'
[0.927s] Level 1:colcon.colcon_core.environment:create_file_with_runtime_dependencies(/home/jamal/FYP_ws2/install/robot_arm_bringup/share/colcon-core/packages/robot_arm_bringup)
[0.927s] Level 1:colcon.colcon_core.environment:create_environment_scripts_only(robot_arm_description)
[0.928s] DEBUG:colcon.colcon_core.event_handler.log_command:Invoked command in '/home/jamal/FYP_ws2/build/robot_arm_description' returned '0': CMAKE_PREFIX_PATH=${CMAKE_PREFIX_PATH}:/opt/ros/humble /usr/bin/cmake --install /home/jamal/FYP_ws2/build/robot_arm_description
[0.928s] Level 1:colcon.colcon_core.environment:checking '/home/jamal/FYP_ws2/install/robot_arm_description' for CMake module files
[0.928s] Level 1:colcon.colcon_core.environment:checking '/home/jamal/FYP_ws2/install/robot_arm_description' for CMake config files
[0.929s] Level 1:colcon.colcon_core.shell:create_environment_hook('robot_arm_description', 'cmake_prefix_path')
[0.929s] INFO:colcon.colcon_core.shell:Creating environment hook '/home/jamal/FYP_ws2/install/robot_arm_description/share/robot_arm_description/hook/cmake_prefix_path.ps1'
[0.929s] INFO:colcon.colcon_core.shell:Creating environment descriptor '/home/jamal/FYP_ws2/install/robot_arm_description/share/robot_arm_description/hook/cmake_prefix_path.dsv'
[0.929s] INFO:colcon.colcon_core.shell:Creating environment hook '/home/jamal/FYP_ws2/install/robot_arm_description/share/robot_arm_description/hook/cmake_prefix_path.sh'
[0.930s] Level 1:colcon.colcon_core.environment:checking '/home/jamal/FYP_ws2/install/robot_arm_description/bin'
[0.930s] Level 1:colcon.colcon_core.environment:checking '/home/jamal/FYP_ws2/install/robot_arm_description/lib/pkgconfig/robot_arm_description.pc'
[0.930s] Level 1:colcon.colcon_core.environment:checking '/home/jamal/FYP_ws2/install/robot_arm_description/lib/python3.10/site-packages'
[0.931s] Level 1:colcon.colcon_core.environment:checking '/home/jamal/FYP_ws2/install/robot_arm_description/bin'
[0.931s] INFO:colcon.colcon_core.shell:Creating package script '/home/jamal/FYP_ws2/install/robot_arm_description/share/robot_arm_description/package.ps1'
[0.931s] INFO:colcon.colcon_core.shell:Creating package descriptor '/home/jamal/FYP_ws2/install/robot_arm_description/share/robot_arm_description/package.dsv'
[0.932s] INFO:colcon.colcon_core.shell:Creating package script '/home/jamal/FYP_ws2/install/robot_arm_description/share/robot_arm_description/package.sh'
[0.932s] INFO:colcon.colcon_core.shell:Creating package script '/home/jamal/FYP_ws2/install/robot_arm_description/share/robot_arm_description/package.bash'
[0.932s] INFO:colcon.colcon_core.shell:Creating package script '/home/jamal/FYP_ws2/install/robot_arm_description/share/robot_arm_description/package.zsh'
[0.932s] Level 1:colcon.colcon_core.environment:create_file_with_runtime_dependencies(/home/jamal/FYP_ws2/install/robot_arm_description/share/colcon-core/packages/robot_arm_description)
[0.933s] Level 1:colcon.colcon_core.environment:create_environment_scripts_only(robot_arm_description)
[0.933s] Level 1:colcon.colcon_core.environment:checking '/home/jamal/FYP_ws2/install/robot_arm_description' for CMake module files
[0.934s] Level 1:colcon.colcon_core.environment:checking '/home/jamal/FYP_ws2/install/robot_arm_description' for CMake config files
[0.934s] Level 1:colcon.colcon_core.shell:create_environment_hook('robot_arm_description', 'cmake_prefix_path')
[0.934s] INFO:colcon.colcon_core.shell:Creating environment hook '/home/jamal/FYP_ws2/install/robot_arm_description/share/robot_arm_description/hook/cmake_prefix_path.ps1'
[0.934s] INFO:colcon.colcon_core.shell:Creating environment descriptor '/home/jamal/FYP_ws2/install/robot_arm_description/share/robot_arm_description/hook/cmake_prefix_path.dsv'
[0.934s] INFO:colcon.colcon_core.shell:Creating environment hook '/home/jamal/FYP_ws2/install/robot_arm_description/share/robot_arm_description/hook/cmake_prefix_path.sh'
[0.935s] Level 1:colcon.colcon_core.environment:checking '/home/jamal/FYP_ws2/install/robot_arm_description/bin'
[0.935s] Level 1:colcon.colcon_core.environment:checking '/home/jamal/FYP_ws2/install/robot_arm_description/lib/pkgconfig/robot_arm_description.pc'
[0.935s] Level 1:colcon.colcon_core.environment:checking '/home/jamal/FYP_ws2/install/robot_arm_description/lib/python3.10/site-packages'
[0.935s] Level 1:colcon.colcon_core.environment:checking '/home/jamal/FYP_ws2/install/robot_arm_description/bin'
[0.935s] INFO:colcon.colcon_core.shell:Creating package script '/home/jamal/FYP_ws2/install/robot_arm_description/share/robot_arm_description/package.ps1'
[0.935s] INFO:colcon.colcon_core.shell:Creating package descriptor '/home/jamal/FYP_ws2/install/robot_arm_description/share/robot_arm_description/package.dsv'
[0.936s] INFO:colcon.colcon_core.shell:Creating package script '/home/jamal/FYP_ws2/install/robot_arm_description/share/robot_arm_description/package.sh'
[0.936s] INFO:colcon.colcon_core.shell:Creating package script '/home/jamal/FYP_ws2/install/robot_arm_description/share/robot_arm_description/package.bash'
[0.936s] INFO:colcon.colcon_core.shell:Creating package script '/home/jamal/FYP_ws2/install/robot_arm_description/share/robot_arm_description/package.zsh'
[0.936s] Level 1:colcon.colcon_core.environment:create_file_with_runtime_dependencies(/home/jamal/FYP_ws2/install/robot_arm_description/share/colcon-core/packages/robot_arm_description)
[0.936s] INFO:colcon.colcon_ros.task.ament_cmake.build:Building ROS package in '/home/jamal/FYP_ws2/src/robot_arm_movit_config' with build type 'ament_cmake'
[0.936s] INFO:colcon.colcon_cmake.task.cmake.build:Building CMake package in '/home/jamal/FYP_ws2/src/robot_arm_movit_config'
[0.937s] INFO:colcon.colcon_core.shell:Skip shell extension 'powershell' for command environment: Not usable outside of PowerShell
[0.937s] DEBUG:colcon.colcon_core.shell:Skip shell extension 'dsv' for command environment
[0.943s] DEBUG:colcon.colcon_core.event_handler.log_command:Invoking command in '/home/jamal/FYP_ws2/build/robot_arm_movit_config': CMAKE_PREFIX_PATH=/home/jamal/FYP_ws2/install/robot_arm_description:/home/jamal/FYP_ws2/install/robot_arm_movit_config:/home/jamal/FYP_ws2/install/robot_arm_gazebo:/home/jamal/FYP_ws2/install/robot_arm_bringup:/home/jamal/FYP_ws2/install/robot_arm:/home/jamal/FYP_ws/install/arm_moveit_config:/home/jamal/FYP_ws/install/urdf_display:/opt/ros/humble /usr/bin/cmake /home/jamal/FYP_ws2/src/robot_arm_movit_config -DCMAKE_INSTALL_PREFIX=/home/jamal/FYP_ws2/install/robot_arm_movit_config
[1.361s] DEBUG:colcon.colcon_core.event_handler.log_command:Invoked command in '/home/jamal/FYP_ws2/build/robot_arm_movit_config' returned '0': CMAKE_PREFIX_PATH=/home/jamal/FYP_ws2/install/robot_arm_description:/home/jamal/FYP_ws2/install/robot_arm_movit_config:/home/jamal/FYP_ws2/install/robot_arm_gazebo:/home/jamal/FYP_ws2/install/robot_arm_bringup:/home/jamal/FYP_ws2/install/robot_arm:/home/jamal/FYP_ws/install/arm_moveit_config:/home/jamal/FYP_ws/install/urdf_display:/opt/ros/humble /usr/bin/cmake /home/jamal/FYP_ws2/src/robot_arm_movit_config -DCMAKE_INSTALL_PREFIX=/home/jamal/FYP_ws2/install/robot_arm_movit_config
[1.362s] DEBUG:colcon.colcon_core.event_handler.log_command:Invoking command in '/home/jamal/FYP_ws2/build/robot_arm_movit_config': CMAKE_PREFIX_PATH=/home/jamal/FYP_ws2/install/robot_arm_description:/home/jamal/FYP_ws2/install/robot_arm_movit_config:/home/jamal/FYP_ws2/install/robot_arm_gazebo:/home/jamal/FYP_ws2/install/robot_arm_bringup:/home/jamal/FYP_ws2/install/robot_arm:/home/jamal/FYP_ws/install/arm_moveit_config:/home/jamal/FYP_ws/install/urdf_display:/opt/ros/humble /usr/bin/cmake --build /home/jamal/FYP_ws2/build/robot_arm_movit_config -- -j16 -l16
[1.388s] DEBUG:colcon.colcon_core.event_handler.log_command:Invoked command in '/home/jamal/FYP_ws2/build/robot_arm_movit_config' returned '0': CMAKE_PREFIX_PATH=/home/jamal/FYP_ws2/install/robot_arm_description:/home/jamal/FYP_ws2/install/robot_arm_movit_config:/home/jamal/FYP_ws2/install/robot_arm_gazebo:/home/jamal/FYP_ws2/install/robot_arm_bringup:/home/jamal/FYP_ws2/install/robot_arm:/home/jamal/FYP_ws/install/arm_moveit_config:/home/jamal/FYP_ws/install/urdf_display:/opt/ros/humble /usr/bin/cmake --build /home/jamal/FYP_ws2/build/robot_arm_movit_config -- -j16 -l16
[1.389s] DEBUG:colcon.colcon_core.event_handler.log_command:Invoking command in '/home/jamal/FYP_ws2/build/robot_arm_movit_config': CMAKE_PREFIX_PATH=/home/jamal/FYP_ws2/install/robot_arm_description:/home/jamal/FYP_ws2/install/robot_arm_movit_config:/home/jamal/FYP_ws2/install/robot_arm_gazebo:/home/jamal/FYP_ws2/install/robot_arm_bringup:/home/jamal/FYP_ws2/install/robot_arm:/home/jamal/FYP_ws/install/arm_moveit_config:/home/jamal/FYP_ws/install/urdf_display:/opt/ros/humble /usr/bin/cmake --install /home/jamal/FYP_ws2/build/robot_arm_movit_config
[1.397s] Level 1:colcon.colcon_core.environment:create_environment_scripts_only(robot_arm_movit_config)
[1.398s] Level 1:colcon.colcon_core.environment:checking '/home/jamal/FYP_ws2/install/robot_arm_movit_config' for CMake module files
[1.398s] DEBUG:colcon.colcon_core.event_handler.log_command:Invoked command in '/home/jamal/FYP_ws2/build/robot_arm_movit_config' returned '0': CMAKE_PREFIX_PATH=/home/jamal/FYP_ws2/install/robot_arm_description:/home/jamal/FYP_ws2/install/robot_arm_movit_config:/home/jamal/FYP_ws2/install/robot_arm_gazebo:/home/jamal/FYP_ws2/install/robot_arm_bringup:/home/jamal/FYP_ws2/install/robot_arm:/home/jamal/FYP_ws/install/arm_moveit_config:/home/jamal/FYP_ws/install/urdf_display:/opt/ros/humble /usr/bin/cmake --install /home/jamal/FYP_ws2/build/robot_arm_movit_config
[1.398s] Level 1:colcon.colcon_core.environment:checking '/home/jamal/FYP_ws2/install/robot_arm_movit_config' for CMake config files
[1.398s] Level 1:colcon.colcon_core.shell:create_environment_hook('robot_arm_movit_config', 'cmake_prefix_path')
[1.399s] INFO:colcon.colcon_core.shell:Creating environment hook '/home/jamal/FYP_ws2/install/robot_arm_movit_config/share/robot_arm_movit_config/hook/cmake_prefix_path.ps1'
[1.399s] INFO:colcon.colcon_core.shell:Creating environment descriptor '/home/jamal/FYP_ws2/install/robot_arm_movit_config/share/robot_arm_movit_config/hook/cmake_prefix_path.dsv'
[1.399s] INFO:colcon.colcon_core.shell:Creating environment hook '/home/jamal/FYP_ws2/install/robot_arm_movit_config/share/robot_arm_movit_config/hook/cmake_prefix_path.sh'
[1.400s] Level 1:colcon.colcon_core.environment:checking '/home/jamal/FYP_ws2/install/robot_arm_movit_config/bin'
[1.400s] Level 1:colcon.colcon_core.environment:checking '/home/jamal/FYP_ws2/install/robot_arm_movit_config/lib/pkgconfig/robot_arm_movit_config.pc'
[1.400s] Level 1:colcon.colcon_core.environment:checking '/home/jamal/FYP_ws2/install/robot_arm_movit_config/lib/python3.10/site-packages'
[1.400s] Level 1:colcon.colcon_core.environment:checking '/home/jamal/FYP_ws2/install/robot_arm_movit_config/bin'
[1.401s] INFO:colcon.colcon_core.shell:Creating package script '/home/jamal/FYP_ws2/install/robot_arm_movit_config/share/robot_arm_movit_config/package.ps1'
[1.401s] INFO:colcon.colcon_core.shell:Creating package descriptor '/home/jamal/FYP_ws2/install/robot_arm_movit_config/share/robot_arm_movit_config/package.dsv'
[1.401s] INFO:colcon.colcon_core.shell:Creating package script '/home/jamal/FYP_ws2/install/robot_arm_movit_config/share/robot_arm_movit_config/package.sh'
[1.401s] INFO:colcon.colcon_core.shell:Creating package script '/home/jamal/FYP_ws2/install/robot_arm_movit_config/share/robot_arm_movit_config/package.bash'
[1.402s] INFO:colcon.colcon_core.shell:Creating package script '/home/jamal/FYP_ws2/install/robot_arm_movit_config/share/robot_arm_movit_config/package.zsh'
[1.402s] Level 1:colcon.colcon_core.environment:create_file_with_runtime_dependencies(/home/jamal/FYP_ws2/install/robot_arm_movit_config/share/colcon-core/packages/robot_arm_movit_config)
[1.402s] Level 1:colcon.colcon_core.environment:create_environment_scripts_only(robot_arm_movit_config)
[1.402s] Level 1:colcon.colcon_core.environment:checking '/home/jamal/FYP_ws2/install/robot_arm_movit_config' for CMake module files
[1.402s] Level 1:colcon.colcon_core.environment:checking '/home/jamal/FYP_ws2/install/robot_arm_movit_config' for CMake config files
[1.403s] Level 1:colcon.colcon_core.shell:create_environment_hook('robot_arm_movit_config', 'cmake_prefix_path')
[1.403s] INFO:colcon.colcon_core.shell:Creating environment hook '/home/jamal/FYP_ws2/install/robot_arm_movit_config/share/robot_arm_movit_config/hook/cmake_prefix_path.ps1'
[1.403s] INFO:colcon.colcon_core.shell:Creating environment descriptor '/home/jamal/FYP_ws2/install/robot_arm_movit_config/share/robot_arm_movit_config/hook/cmake_prefix_path.dsv'
[1.403s] INFO:colcon.colcon_core.shell:Creating environment hook '/home/jamal/FYP_ws2/install/robot_arm_movit_config/share/robot_arm_movit_config/hook/cmake_prefix_path.sh'
[1.403s] Level 1:colcon.colcon_core.environment:checking '/home/jamal/FYP_ws2/install/robot_arm_movit_config/bin'
[1.403s] Level 1:colcon.colcon_core.environment:checking '/home/jamal/FYP_ws2/install/robot_arm_movit_config/lib/pkgconfig/robot_arm_movit_config.pc'
[1.403s] Level 1:colcon.colcon_core.environment:checking '/home/jamal/FYP_ws2/install/robot_arm_movit_config/lib/python3.10/site-packages'
[1.404s] Level 1:colcon.colcon_core.environment:checking '/home/jamal/FYP_ws2/install/robot_arm_movit_config/bin'
[1.404s] INFO:colcon.colcon_core.shell:Creating package script '/home/jamal/FYP_ws2/install/robot_arm_movit_config/share/robot_arm_movit_config/package.ps1'
[1.404s] INFO:colcon.colcon_core.shell:Creating package descriptor '/home/jamal/FYP_ws2/install/robot_arm_movit_config/share/robot_arm_movit_config/package.dsv'
[1.404s] INFO:colcon.colcon_core.shell:Creating package script '/home/jamal/FYP_ws2/install/robot_arm_movit_config/share/robot_arm_movit_config/package.sh'
[1.405s] INFO:colcon.colcon_core.shell:Creating package script '/home/jamal/FYP_ws2/install/robot_arm_movit_config/share/robot_arm_movit_config/package.bash'
[1.405s] INFO:colcon.colcon_core.shell:Creating package script '/home/jamal/FYP_ws2/install/robot_arm_movit_config/share/robot_arm_movit_config/package.zsh'
[1.405s] Level 1:colcon.colcon_core.environment:create_file_with_runtime_dependencies(/home/jamal/FYP_ws2/install/robot_arm_movit_config/share/colcon-core/packages/robot_arm_movit_config)
[1.445s] DEBUG:colcon.colcon_core.event_handler.log_command:Invoked command in '/home/jamal/FYP_ws2/build/robot_arm_gazebo' returned '0': CMAKE_PREFIX_PATH=${CMAKE_PREFIX_PATH}:/opt/ros/humble /usr/bin/cmake /home/jamal/FYP_ws2/src/robot_arm_gazebo -DCMAKE_INSTALL_PREFIX=/home/jamal/FYP_ws2/install/robot_arm_gazebo
[1.446s] DEBUG:colcon.colcon_core.event_handler.log_command:Invoking command in '/home/jamal/FYP_ws2/build/robot_arm_gazebo': CMAKE_PREFIX_PATH=${CMAKE_PREFIX_PATH}:/opt/ros/humble /usr/bin/cmake --build /home/jamal/FYP_ws2/build/robot_arm_gazebo -- -j16 -l16
[1.477s] DEBUG:colcon.colcon_core.event_handler.log_command:Invoked command in '/home/jamal/FYP_ws2/build/robot_arm_gazebo' returned '0': CMAKE_PREFIX_PATH=${CMAKE_PREFIX_PATH}:/opt/ros/humble /usr/bin/cmake --build /home/jamal/FYP_ws2/build/robot_arm_gazebo -- -j16 -l16
[1.477s] DEBUG:colcon.colcon_core.event_handler.log_command:Invoking command in '/home/jamal/FYP_ws2/build/robot_arm_gazebo': CMAKE_PREFIX_PATH=${CMAKE_PREFIX_PATH}:/opt/ros/humble /usr/bin/cmake --install /home/jamal/FYP_ws2/build/robot_arm_gazebo
[1.484s] Level 1:colcon.colcon_core.environment:create_environment_scripts_only(robot_arm_gazebo)
[1.484s] DEBUG:colcon.colcon_core.event_handler.log_command:Invoked command in '/home/jamal/FYP_ws2/build/robot_arm_gazebo' returned '0': CMAKE_PREFIX_PATH=${CMAKE_PREFIX_PATH}:/opt/ros/humble /usr/bin/cmake --install /home/jamal/FYP_ws2/build/robot_arm_gazebo
[1.484s] Level 1:colcon.colcon_core.environment:checking '/home/jamal/FYP_ws2/install/robot_arm_gazebo' for CMake module files
[1.485s] Level 1:colcon.colcon_core.environment:checking '/home/jamal/FYP_ws2/install/robot_arm_gazebo' for CMake config files
[1.485s] Level 1:colcon.colcon_core.shell:create_environment_hook('robot_arm_gazebo', 'cmake_prefix_path')
[1.485s] INFO:colcon.colcon_core.shell:Creating environment hook '/home/jamal/FYP_ws2/install/robot_arm_gazebo/share/robot_arm_gazebo/hook/cmake_prefix_path.ps1'
[1.485s] INFO:colcon.colcon_core.shell:Creating environment descriptor '/home/jamal/FYP_ws2/install/robot_arm_gazebo/share/robot_arm_gazebo/hook/cmake_prefix_path.dsv'
[1.486s] INFO:colcon.colcon_core.shell:Creating environment hook '/home/jamal/FYP_ws2/install/robot_arm_gazebo/share/robot_arm_gazebo/hook/cmake_prefix_path.sh'
[1.486s] Level 1:colcon.colcon_core.environment:checking '/home/jamal/FYP_ws2/install/robot_arm_gazebo/bin'
[1.486s] Level 1:colcon.colcon_core.environment:checking '/home/jamal/FYP_ws2/install/robot_arm_gazebo/lib/pkgconfig/robot_arm_gazebo.pc'
[1.486s] Level 1:colcon.colcon_core.environment:checking '/home/jamal/FYP_ws2/install/robot_arm_gazebo/lib/python3.10/site-packages'
[1.487s] Level 1:colcon.colcon_core.environment:checking '/home/jamal/FYP_ws2/install/robot_arm_gazebo/bin'
[1.487s] INFO:colcon.colcon_core.shell:Creating package script '/home/jamal/FYP_ws2/install/robot_arm_gazebo/share/robot_arm_gazebo/package.ps1'
[1.487s] INFO:colcon.colcon_core.shell:Creating package descriptor '/home/jamal/FYP_ws2/install/robot_arm_gazebo/share/robot_arm_gazebo/package.dsv'
[1.488s] INFO:colcon.colcon_core.shell:Creating package script '/home/jamal/FYP_ws2/install/robot_arm_gazebo/share/robot_arm_gazebo/package.sh'
[1.488s] INFO:colcon.colcon_core.shell:Creating package script '/home/jamal/FYP_ws2/install/robot_arm_gazebo/share/robot_arm_gazebo/package.bash'
[1.488s] INFO:colcon.colcon_core.shell:Creating package script '/home/jamal/FYP_ws2/install/robot_arm_gazebo/share/robot_arm_gazebo/package.zsh'
[1.489s] Level 1:colcon.colcon_core.environment:create_file_with_runtime_dependencies(/home/jamal/FYP_ws2/install/robot_arm_gazebo/share/colcon-core/packages/robot_arm_gazebo)
[1.489s] Level 1:colcon.colcon_core.environment:create_environment_scripts_only(robot_arm_gazebo)
[1.489s] Level 1:colcon.colcon_core.environment:checking '/home/jamal/FYP_ws2/install/robot_arm_gazebo' for CMake module files
[1.490s] Level 1:colcon.colcon_core.environment:checking '/home/jamal/FYP_ws2/install/robot_arm_gazebo' for CMake config files
[1.490s] Level 1:colcon.colcon_core.shell:create_environment_hook('robot_arm_gazebo', 'cmake_prefix_path')
[1.490s] INFO:colcon.colcon_core.shell:Creating environment hook '/home/jamal/FYP_ws2/install/robot_arm_gazebo/share/robot_arm_gazebo/hook/cmake_prefix_path.ps1'
[1.490s] INFO:colcon.colcon_core.shell:Creating environment descriptor '/home/jamal/FYP_ws2/install/robot_arm_gazebo/share/robot_arm_gazebo/hook/cmake_prefix_path.dsv'
[1.491s] INFO:colcon.colcon_core.shell:Creating environment hook '/home/jamal/FYP_ws2/install/robot_arm_gazebo/share/robot_arm_gazebo/hook/cmake_prefix_path.sh'
[1.491s] Level 1:colcon.colcon_core.environment:checking '/home/jamal/FYP_ws2/install/robot_arm_gazebo/bin'
[1.491s] Level 1:colcon.colcon_core.environment:checking '/home/jamal/FYP_ws2/install/robot_arm_gazebo/lib/pkgconfig/robot_arm_gazebo.pc'
[1.491s] Level 1:colcon.colcon_core.environment:checking '/home/jamal/FYP_ws2/install/robot_arm_gazebo/lib/python3.10/site-packages'
[1.492s] Level 1:colcon.colcon_core.environment:checking '/home/jamal/FYP_ws2/install/robot_arm_gazebo/bin'
[1.492s] INFO:colcon.colcon_core.shell:Creating package script '/home/jamal/FYP_ws2/install/robot_arm_gazebo/share/robot_arm_gazebo/package.ps1'
[1.492s] INFO:colcon.colcon_core.shell:Creating package descriptor '/home/jamal/FYP_ws2/install/robot_arm_gazebo/share/robot_arm_gazebo/package.dsv'
[1.493s] INFO:colcon.colcon_core.shell:Creating package script '/home/jamal/FYP_ws2/install/robot_arm_gazebo/share/robot_arm_gazebo/package.sh'
[1.493s] INFO:colcon.colcon_core.shell:Creating package script '/home/jamal/FYP_ws2/install/robot_arm_gazebo/share/robot_arm_gazebo/package.bash'
[1.493s] INFO:colcon.colcon_core.shell:Creating package script '/home/jamal/FYP_ws2/install/robot_arm_gazebo/share/robot_arm_gazebo/package.zsh'
[1.493s] Level 1:colcon.colcon_core.environment:create_file_with_runtime_dependencies(/home/jamal/FYP_ws2/install/robot_arm_gazebo/share/colcon-core/packages/robot_arm_gazebo)
[1.494s] DEBUG:colcon.colcon_parallel_executor.executor.parallel:closing loop
[1.494s] DEBUG:colcon.colcon_parallel_executor.executor.parallel:loop closed
[1.494s] DEBUG:colcon.colcon_parallel_executor.executor.parallel:run_until_complete finished with '0'
[1.494s] DEBUG:colcon.colcon_core.event_reactor:joining thread
[1.497s] INFO:colcon.colcon_core.plugin_system:Skipping extension 'colcon_notification.desktop_notification.terminal_notifier': Not used on non-Darwin systems
[1.497s] INFO:colcon.colcon_core.plugin_system:Skipping extension 'colcon_notification.desktop_notification.win32': Not used on non-Windows systems
[1.497s] INFO:colcon.colcon_notification.desktop_notification:Sending desktop notification using 'notify2'
[1.504s] DEBUG:colcon.colcon_core.event_reactor:joined thread
[1.505s] INFO:colcon.colcon_core.shell:Creating prefix script '/home/jamal/FYP_ws2/install/local_setup.ps1'
[1.505s] INFO:colcon.colcon_core.shell:Creating prefix util module '/home/jamal/FYP_ws2/install/_local_setup_util_ps1.py'
[1.506s] INFO:colcon.colcon_core.shell:Creating prefix chain script '/home/jamal/FYP_ws2/install/setup.ps1'
[1.507s] INFO:colcon.colcon_core.shell:Creating prefix script '/home/jamal/FYP_ws2/install/local_setup.sh'
[1.507s] INFO:colcon.colcon_core.shell:Creating prefix util module '/home/jamal/FYP_ws2/install/_local_setup_util_sh.py'
[1.507s] INFO:colcon.colcon_core.shell:Creating prefix chain script '/home/jamal/FYP_ws2/install/setup.sh'
[1.508s] INFO:colcon.colcon_core.shell:Creating prefix script '/home/jamal/FYP_ws2/install/local_setup.bash'
[1.508s] INFO:colcon.colcon_core.shell:Creating prefix chain script '/home/jamal/FYP_ws2/install/setup.bash'
[1.509s] INFO:colcon.colcon_core.shell:Creating prefix script '/home/jamal/FYP_ws2/install/local_setup.zsh'
[1.509s] INFO:colcon.colcon_core.shell:Creating prefix chain script '/home/jamal/FYP_ws2/install/setup.zsh'
