[0.067s] DEBUG:colcon:Command line arguments: ['/usr/bin/colcon', 'build']
[0.067s] DEBUG:colcon:Parsed command line arguments: Namespace(log_base=None, log_level=None, verb_name='build', build_base='build', install_base='install', merge_install=False, symlink_install=False, test_result_base=None, continue_on_error=False, executor='parallel', parallel_workers=16, event_handlers=None, ignore_user_meta=False, metas=['./colcon.meta'], base_paths=['.'], packages_ignore=None, packages_ignore_regex=None, paths=None, packages_up_to=None, packages_up_to_regex=None, packages_above=None, packages_above_and_dependencies=None, packages_above_depth=None, packages_select_by_dep=None, packages_skip_by_dep=None, packages_skip_up_to=None, packages_select_build_failed=False, packages_skip_build_finished=False, packages_select_test_failures=False, packages_skip_test_passed=False, packages_select=None, packages_skip=None, packages_select_regex=None, packages_skip_regex=None, packages_start=None, packages_end=None, allow_overriding=[], cmake_args=None, cmake_target=None, cmake_target_skip_unavailable=False, cmake_clean_cache=False, cmake_clean_first=False, cmake_force_configure=False, ament_cmake_args=None, catkin_cmake_args=None, catkin_skip_building_tests=False, mixin_files=None, mixin=None, verb_parser=<colcon_mixin.mixin.mixin_argument.MixinArgumentDecorator object at 0x754e22e77670>, verb_extension=<colcon_core.verb.build.BuildVerb object at 0x754e22fb8d00>, main=<bound method BuildVerb.main of <colcon_core.verb.build.BuildVerb object at 0x754e22fb8d00>>, mixin_verb=('build',))
[0.184s] Level 1:colcon.colcon_core.package_discovery:discover_packages(colcon_meta) check parameters
[0.184s] Level 1:colcon.colcon_core.package_discovery:discover_packages(recursive) check parameters
[0.184s] Level 1:colcon.colcon_core.package_discovery:discover_packages(ignore) check parameters
[0.184s] Level 1:colcon.colcon_core.package_discovery:discover_packages(path) check parameters
[0.184s] Level 1:colcon.colcon_core.package_discovery:discover_packages(colcon_meta) discover
[0.184s] Level 1:colcon.colcon_core.package_discovery:discover_packages(recursive) discover
[0.184s] INFO:colcon.colcon_core.package_discovery:Crawling recursively for packages in '/home/jamal/FYP_ws2'
[0.185s] Level 1:colcon.colcon_core.package_identification:_identify(.) by extensions ['ignore', 'ignore_ament_install']
[0.185s] Level 1:colcon.colcon_core.package_identification:_identify(.) by extension 'ignore'
[0.185s] Level 1:colcon.colcon_core.package_identification:_identify(.) by extension 'ignore_ament_install'
[0.185s] Level 1:colcon.colcon_core.package_identification:_identify(.) by extensions ['colcon_pkg']
[0.185s] Level 1:colcon.colcon_core.package_identification:_identify(.) by extension 'colcon_pkg'
[0.185s] Level 1:colcon.colcon_core.package_identification:_identify(.) by extensions ['colcon_meta']
[0.185s] Level 1:colcon.colcon_core.package_identification:_identify(.) by extension 'colcon_meta'
[0.185s] Level 1:colcon.colcon_core.package_identification:_identify(.) by extensions ['ros']
[0.185s] Level 1:colcon.colcon_core.package_identification:_identify(.) by extension 'ros'
[0.194s] Level 1:colcon.colcon_core.package_identification:_identify(.) by extensions ['cmake', 'python']
[0.194s] Level 1:colcon.colcon_core.package_identification:_identify(.) by extension 'cmake'
[0.194s] Level 1:colcon.colcon_core.package_identification:_identify(.) by extension 'python'
[0.194s] Level 1:colcon.colcon_core.package_identification:_identify(.) by extensions ['python_setup_py']
[0.194s] Level 1:colcon.colcon_core.package_identification:_identify(.) by extension 'python_setup_py'
[0.194s] Level 1:colcon.colcon_core.package_identification:_identify(build) by extensions ['ignore', 'ignore_ament_install']
[0.194s] Level 1:colcon.colcon_core.package_identification:_identify(build) by extension 'ignore'
[0.194s] Level 1:colcon.colcon_core.package_identification:_identify(build) ignored
[0.194s] Level 1:colcon.colcon_core.package_identification:_identify(install) by extensions ['ignore', 'ignore_ament_install']
[0.194s] Level 1:colcon.colcon_core.package_identification:_identify(install) by extension 'ignore'
[0.194s] Level 1:colcon.colcon_core.package_identification:_identify(install) ignored
[0.194s] Level 1:colcon.colcon_core.package_identification:_identify(log) by extensions ['ignore', 'ignore_ament_install']
[0.194s] Level 1:colcon.colcon_core.package_identification:_identify(log) by extension 'ignore'
[0.194s] Level 1:colcon.colcon_core.package_identification:_identify(log) ignored
[0.194s] Level 1:colcon.colcon_core.package_identification:_identify(src) by extensions ['ignore', 'ignore_ament_install']
[0.194s] Level 1:colcon.colcon_core.package_identification:_identify(src) by extension 'ignore'
[0.194s] Level 1:colcon.colcon_core.package_identification:_identify(src) by extension 'ignore_ament_install'
[0.194s] Level 1:colcon.colcon_core.package_identification:_identify(src) by extensions ['colcon_pkg']
[0.194s] Level 1:colcon.colcon_core.package_identification:_identify(src) by extension 'colcon_pkg'
[0.195s] Level 1:colcon.colcon_core.package_identification:_identify(src) by extensions ['colcon_meta']
[0.195s] Level 1:colcon.colcon_core.package_identification:_identify(src) by extension 'colcon_meta'
[0.195s] Level 1:colcon.colcon_core.package_identification:_identify(src) by extensions ['ros']
[0.195s] Level 1:colcon.colcon_core.package_identification:_identify(src) by extension 'ros'
[0.195s] Level 1:colcon.colcon_core.package_identification:_identify(src) by extensions ['cmake', 'python']
[0.195s] Level 1:colcon.colcon_core.package_identification:_identify(src) by extension 'cmake'
[0.195s] Level 1:colcon.colcon_core.package_identification:_identify(src) by extension 'python'
[0.195s] Level 1:colcon.colcon_core.package_identification:_identify(src) by extensions ['python_setup_py']
[0.195s] Level 1:colcon.colcon_core.package_identification:_identify(src) by extension 'python_setup_py'
[0.195s] Level 1:colcon.colcon_core.package_identification:_identify(src/control_arm) by extensions ['ignore', 'ignore_ament_install']
[0.195s] Level 1:colcon.colcon_core.package_identification:_identify(src/control_arm) by extension 'ignore'
[0.195s] Level 1:colcon.colcon_core.package_identification:_identify(src/control_arm) by extension 'ignore_ament_install'
[0.195s] Level 1:colcon.colcon_core.package_identification:_identify(src/control_arm) by extensions ['colcon_pkg']
[0.195s] Level 1:colcon.colcon_core.package_identification:_identify(src/control_arm) by extension 'colcon_pkg'
[0.195s] Level 1:colcon.colcon_core.package_identification:_identify(src/control_arm) by extensions ['colcon_meta']
[0.195s] Level 1:colcon.colcon_core.package_identification:_identify(src/control_arm) by extension 'colcon_meta'
[0.195s] Level 1:colcon.colcon_core.package_identification:_identify(src/control_arm) by extensions ['ros']
[0.195s] Level 1:colcon.colcon_core.package_identification:_identify(src/control_arm) by extension 'ros'
[0.197s] DEBUG:colcon.colcon_core.package_identification:Package 'src/control_arm' with type 'ros.ament_cmake' and name 'control_arm'
[0.197s] Level 1:colcon.colcon_core.package_identification:_identify(src/robot_arm) by extensions ['ignore', 'ignore_ament_install']
[0.197s] Level 1:colcon.colcon_core.package_identification:_identify(src/robot_arm) by extension 'ignore'
[0.197s] Level 1:colcon.colcon_core.package_identification:_identify(src/robot_arm) by extension 'ignore_ament_install'
[0.197s] Level 1:colcon.colcon_core.package_identification:_identify(src/robot_arm) by extensions ['colcon_pkg']
[0.197s] Level 1:colcon.colcon_core.package_identification:_identify(src/robot_arm) by extension 'colcon_pkg'
[0.197s] Level 1:colcon.colcon_core.package_identification:_identify(src/robot_arm) by extensions ['colcon_meta']
[0.197s] Level 1:colcon.colcon_core.package_identification:_identify(src/robot_arm) by extension 'colcon_meta'
[0.197s] Level 1:colcon.colcon_core.package_identification:_identify(src/robot_arm) by extensions ['ros']
[0.197s] Level 1:colcon.colcon_core.package_identification:_identify(src/robot_arm) by extension 'ros'
[0.197s] DEBUG:colcon.colcon_core.package_identification:Package 'src/robot_arm' with type 'ros.ament_cmake' and name 'robot_arm'
[0.197s] Level 1:colcon.colcon_core.package_identification:_identify(src/robot_arm_bringup) by extensions ['ignore', 'ignore_ament_install']
[0.197s] Level 1:colcon.colcon_core.package_identification:_identify(src/robot_arm_bringup) by extension 'ignore'
[0.197s] Level 1:colcon.colcon_core.package_identification:_identify(src/robot_arm_bringup) by extension 'ignore_ament_install'
[0.197s] Level 1:colcon.colcon_core.package_identification:_identify(src/robot_arm_bringup) by extensions ['colcon_pkg']
[0.197s] Level 1:colcon.colcon_core.package_identification:_identify(src/robot_arm_bringup) by extension 'colcon_pkg'
[0.197s] Level 1:colcon.colcon_core.package_identification:_identify(src/robot_arm_bringup) by extensions ['colcon_meta']
[0.197s] Level 1:colcon.colcon_core.package_identification:_identify(src/robot_arm_bringup) by extension 'colcon_meta'
[0.197s] Level 1:colcon.colcon_core.package_identification:_identify(src/robot_arm_bringup) by extensions ['ros']
[0.197s] Level 1:colcon.colcon_core.package_identification:_identify(src/robot_arm_bringup) by extension 'ros'
[0.198s] DEBUG:colcon.colcon_core.package_identification:Package 'src/robot_arm_bringup' with type 'ros.ament_cmake' and name 'robot_arm_bringup'
[0.198s] Level 1:colcon.colcon_core.package_identification:_identify(src/robot_arm_description) by extensions ['ignore', 'ignore_ament_install']
[0.198s] Level 1:colcon.colcon_core.package_identification:_identify(src/robot_arm_description) by extension 'ignore'
[0.198s] Level 1:colcon.colcon_core.package_identification:_identify(src/robot_arm_description) by extension 'ignore_ament_install'
[0.198s] Level 1:colcon.colcon_core.package_identification:_identify(src/robot_arm_description) by extensions ['colcon_pkg']
[0.198s] Level 1:colcon.colcon_core.package_identification:_identify(src/robot_arm_description) by extension 'colcon_pkg'
[0.198s] Level 1:colcon.colcon_core.package_identification:_identify(src/robot_arm_description) by extensions ['colcon_meta']
[0.198s] Level 1:colcon.colcon_core.package_identification:_identify(src/robot_arm_description) by extension 'colcon_meta'
[0.198s] Level 1:colcon.colcon_core.package_identification:_identify(src/robot_arm_description) by extensions ['ros']
[0.198s] Level 1:colcon.colcon_core.package_identification:_identify(src/robot_arm_description) by extension 'ros'
[0.199s] DEBUG:colcon.colcon_core.package_identification:Package 'src/robot_arm_description' with type 'ros.ament_cmake' and name 'robot_arm_description'
[0.199s] Level 1:colcon.colcon_core.package_identification:_identify(src/robot_arm_gazebo) by extensions ['ignore', 'ignore_ament_install']
[0.199s] Level 1:colcon.colcon_core.package_identification:_identify(src/robot_arm_gazebo) by extension 'ignore'
[0.199s] Level 1:colcon.colcon_core.package_identification:_identify(src/robot_arm_gazebo) by extension 'ignore_ament_install'
[0.199s] Level 1:colcon.colcon_core.package_identification:_identify(src/robot_arm_gazebo) by extensions ['colcon_pkg']
[0.199s] Level 1:colcon.colcon_core.package_identification:_identify(src/robot_arm_gazebo) by extension 'colcon_pkg'
[0.199s] Level 1:colcon.colcon_core.package_identification:_identify(src/robot_arm_gazebo) by extensions ['colcon_meta']
[0.199s] Level 1:colcon.colcon_core.package_identification:_identify(src/robot_arm_gazebo) by extension 'colcon_meta'
[0.199s] Level 1:colcon.colcon_core.package_identification:_identify(src/robot_arm_gazebo) by extensions ['ros']
[0.199s] Level 1:colcon.colcon_core.package_identification:_identify(src/robot_arm_gazebo) by extension 'ros'
[0.199s] DEBUG:colcon.colcon_core.package_identification:Package 'src/robot_arm_gazebo' with type 'ros.ament_cmake' and name 'robot_arm_gazebo'
[0.200s] Level 1:colcon.colcon_core.package_identification:_identify(src/robot_arm_movit_config) by extensions ['ignore', 'ignore_ament_install']
[0.200s] Level 1:colcon.colcon_core.package_identification:_identify(src/robot_arm_movit_config) by extension 'ignore'
[0.200s] Level 1:colcon.colcon_core.package_identification:_identify(src/robot_arm_movit_config) by extension 'ignore_ament_install'
[0.200s] Level 1:colcon.colcon_core.package_identification:_identify(src/robot_arm_movit_config) by extensions ['colcon_pkg']
[0.200s] Level 1:colcon.colcon_core.package_identification:_identify(src/robot_arm_movit_config) by extension 'colcon_pkg'
[0.200s] Level 1:colcon.colcon_core.package_identification:_identify(src/robot_arm_movit_config) by extensions ['colcon_meta']
[0.200s] Level 1:colcon.colcon_core.package_identification:_identify(src/robot_arm_movit_config) by extension 'colcon_meta'
[0.200s] Level 1:colcon.colcon_core.package_identification:_identify(src/robot_arm_movit_config) by extensions ['ros']
[0.200s] Level 1:colcon.colcon_core.package_identification:_identify(src/robot_arm_movit_config) by extension 'ros'
[0.200s] DEBUG:colcon.colcon_core.package_identification:Package 'src/robot_arm_movit_config' with type 'ros.ament_cmake' and name 'robot_arm_movit_config'
[0.200s] Level 1:colcon.colcon_core.package_discovery:discover_packages(recursive) using defaults
[0.200s] Level 1:colcon.colcon_core.package_discovery:discover_packages(ignore) discover
[0.200s] Level 1:colcon.colcon_core.package_discovery:discover_packages(ignore) using defaults
[0.200s] Level 1:colcon.colcon_core.package_discovery:discover_packages(path) discover
[0.200s] Level 1:colcon.colcon_core.package_discovery:discover_packages(path) using defaults
[0.212s] Level 1:colcon.colcon_core.package_discovery:discover_packages(prefix_path) check parameters
[0.212s] Level 1:colcon.colcon_core.package_discovery:discover_packages(prefix_path) discover
[0.213s] DEBUG:colcon.colcon_installed_package_information.package_discovery:Found 6 installed packages in /home/jamal/FYP_ws2/install
[0.213s] DEBUG:colcon.colcon_installed_package_information.package_discovery:Found 418 installed packages in /opt/ros/humble
[0.215s] Level 1:colcon.colcon_core.package_discovery:discover_packages(prefix_path) using defaults
[0.239s] Level 5:colcon.colcon_core.verb:set package 'robot_arm' build argument 'cmake_args' from command line to 'None'
[0.239s] Level 5:colcon.colcon_core.verb:set package 'robot_arm' build argument 'cmake_target' from command line to 'None'
[0.239s] Level 5:colcon.colcon_core.verb:set package 'robot_arm' build argument 'cmake_target_skip_unavailable' from command line to 'False'
[0.239s] Level 5:colcon.colcon_core.verb:set package 'robot_arm' build argument 'cmake_clean_cache' from command line to 'False'
[0.239s] Level 5:colcon.colcon_core.verb:set package 'robot_arm' build argument 'cmake_clean_first' from command line to 'False'
[0.239s] Level 5:colcon.colcon_core.verb:set package 'robot_arm' build argument 'cmake_force_configure' from command line to 'False'
[0.239s] Level 5:colcon.colcon_core.verb:set package 'robot_arm' build argument 'ament_cmake_args' from command line to 'None'
[0.239s] Level 5:colcon.colcon_core.verb:set package 'robot_arm' build argument 'catkin_cmake_args' from command line to 'None'
[0.239s] Level 5:colcon.colcon_core.verb:set package 'robot_arm' build argument 'catkin_skip_building_tests' from command line to 'False'
[0.239s] DEBUG:colcon.colcon_core.verb:Building package 'robot_arm' with the following arguments: {'ament_cmake_args': None, 'build_base': '/home/jamal/FYP_ws2/build/robot_arm', 'catkin_cmake_args': None, 'catkin_skip_building_tests': False, 'cmake_args': None, 'cmake_clean_cache': False, 'cmake_clean_first': False, 'cmake_force_configure': False, 'cmake_target': None, 'cmake_target_skip_unavailable': False, 'install_base': '/home/jamal/FYP_ws2/install/robot_arm', 'merge_install': False, 'path': '/home/jamal/FYP_ws2/src/robot_arm', 'symlink_install': False, 'test_result_base': None}
[0.239s] Level 5:colcon.colcon_core.verb:set package 'robot_arm_bringup' build argument 'cmake_args' from command line to 'None'
[0.239s] Level 5:colcon.colcon_core.verb:set package 'robot_arm_bringup' build argument 'cmake_target' from command line to 'None'
[0.239s] Level 5:colcon.colcon_core.verb:set package 'robot_arm_bringup' build argument 'cmake_target_skip_unavailable' from command line to 'False'
[0.239s] Level 5:colcon.colcon_core.verb:set package 'robot_arm_bringup' build argument 'cmake_clean_cache' from command line to 'False'
[0.239s] Level 5:colcon.colcon_core.verb:set package 'robot_arm_bringup' build argument 'cmake_clean_first' from command line to 'False'
[0.239s] Level 5:colcon.colcon_core.verb:set package 'robot_arm_bringup' build argument 'cmake_force_configure' from command line to 'False'
[0.239s] Level 5:colcon.colcon_core.verb:set package 'robot_arm_bringup' build argument 'ament_cmake_args' from command line to 'None'
[0.239s] Level 5:colcon.colcon_core.verb:set package 'robot_arm_bringup' build argument 'catkin_cmake_args' from command line to 'None'
[0.239s] Level 5:colcon.colcon_core.verb:set package 'robot_arm_bringup' build argument 'catkin_skip_building_tests' from command line to 'False'
[0.239s] DEBUG:colcon.colcon_core.verb:Building package 'robot_arm_bringup' with the following arguments: {'ament_cmake_args': None, 'build_base': '/home/jamal/FYP_ws2/build/robot_arm_bringup', 'catkin_cmake_args': None, 'catkin_skip_building_tests': False, 'cmake_args': None, 'cmake_clean_cache': False, 'cmake_clean_first': False, 'cmake_force_configure': False, 'cmake_target': None, 'cmake_target_skip_unavailable': False, 'install_base': '/home/jamal/FYP_ws2/install/robot_arm_bringup', 'merge_install': False, 'path': '/home/jamal/FYP_ws2/src/robot_arm_bringup', 'symlink_install': False, 'test_result_base': None}
[0.239s] Level 5:colcon.colcon_core.verb:set package 'robot_arm_description' build argument 'cmake_args' from command line to 'None'
[0.239s] Level 5:colcon.colcon_core.verb:set package 'robot_arm_description' build argument 'cmake_target' from command line to 'None'
[0.239s] Level 5:colcon.colcon_core.verb:set package 'robot_arm_description' build argument 'cmake_target_skip_unavailable' from command line to 'False'
[0.239s] Level 5:colcon.colcon_core.verb:set package 'robot_arm_description' build argument 'cmake_clean_cache' from command line to 'False'
[0.239s] Level 5:colcon.colcon_core.verb:set package 'robot_arm_description' build argument 'cmake_clean_first' from command line to 'False'
[0.239s] Level 5:colcon.colcon_core.verb:set package 'robot_arm_description' build argument 'cmake_force_configure' from command line to 'False'
[0.239s] Level 5:colcon.colcon_core.verb:set package 'robot_arm_description' build argument 'ament_cmake_args' from command line to 'None'
[0.239s] Level 5:colcon.colcon_core.verb:set package 'robot_arm_description' build argument 'catkin_cmake_args' from command line to 'None'
[0.239s] Level 5:colcon.colcon_core.verb:set package 'robot_arm_description' build argument 'catkin_skip_building_tests' from command line to 'False'
[0.239s] DEBUG:colcon.colcon_core.verb:Building package 'robot_arm_description' with the following arguments: {'ament_cmake_args': None, 'build_base': '/home/jamal/FYP_ws2/build/robot_arm_description', 'catkin_cmake_args': None, 'catkin_skip_building_tests': False, 'cmake_args': None, 'cmake_clean_cache': False, 'cmake_clean_first': False, 'cmake_force_configure': False, 'cmake_target': None, 'cmake_target_skip_unavailable': False, 'install_base': '/home/jamal/FYP_ws2/install/robot_arm_description', 'merge_install': False, 'path': '/home/jamal/FYP_ws2/src/robot_arm_description', 'symlink_install': False, 'test_result_base': None}
[0.240s] Level 5:colcon.colcon_core.verb:set package 'robot_arm_gazebo' build argument 'cmake_args' from command line to 'None'
[0.240s] Level 5:colcon.colcon_core.verb:set package 'robot_arm_gazebo' build argument 'cmake_target' from command line to 'None'
[0.240s] Level 5:colcon.colcon_core.verb:set package 'robot_arm_gazebo' build argument 'cmake_target_skip_unavailable' from command line to 'False'
[0.240s] Level 5:colcon.colcon_core.verb:set package 'robot_arm_gazebo' build argument 'cmake_clean_cache' from command line to 'False'
[0.240s] Level 5:colcon.colcon_core.verb:set package 'robot_arm_gazebo' build argument 'cmake_clean_first' from command line to 'False'
[0.240s] Level 5:colcon.colcon_core.verb:set package 'robot_arm_gazebo' build argument 'cmake_force_configure' from command line to 'False'
[0.240s] Level 5:colcon.colcon_core.verb:set package 'robot_arm_gazebo' build argument 'ament_cmake_args' from command line to 'None'
[0.240s] Level 5:colcon.colcon_core.verb:set package 'robot_arm_gazebo' build argument 'catkin_cmake_args' from command line to 'None'
[0.240s] Level 5:colcon.colcon_core.verb:set package 'robot_arm_gazebo' build argument 'catkin_skip_building_tests' from command line to 'False'
[0.240s] DEBUG:colcon.colcon_core.verb:Building package 'robot_arm_gazebo' with the following arguments: {'ament_cmake_args': None, 'build_base': '/home/jamal/FYP_ws2/build/robot_arm_gazebo', 'catkin_cmake_args': None, 'catkin_skip_building_tests': False, 'cmake_args': None, 'cmake_clean_cache': False, 'cmake_clean_first': False, 'cmake_force_configure': False, 'cmake_target': None, 'cmake_target_skip_unavailable': False, 'install_base': '/home/jamal/FYP_ws2/install/robot_arm_gazebo', 'merge_install': False, 'path': '/home/jamal/FYP_ws2/src/robot_arm_gazebo', 'symlink_install': False, 'test_result_base': None}
[0.240s] Level 5:colcon.colcon_core.verb:set package 'robot_arm_movit_config' build argument 'cmake_args' from command line to 'None'
[0.240s] Level 5:colcon.colcon_core.verb:set package 'robot_arm_movit_config' build argument 'cmake_target' from command line to 'None'
[0.240s] Level 5:colcon.colcon_core.verb:set package 'robot_arm_movit_config' build argument 'cmake_target_skip_unavailable' from command line to 'False'
[0.240s] Level 5:colcon.colcon_core.verb:set package 'robot_arm_movit_config' build argument 'cmake_clean_cache' from command line to 'False'
[0.240s] Level 5:colcon.colcon_core.verb:set package 'robot_arm_movit_config' build argument 'cmake_clean_first' from command line to 'False'
[0.240s] Level 5:colcon.colcon_core.verb:set package 'robot_arm_movit_config' build argument 'cmake_force_configure' from command line to 'False'
[0.240s] Level 5:colcon.colcon_core.verb:set package 'robot_arm_movit_config' build argument 'ament_cmake_args' from command line to 'None'
[0.240s] Level 5:colcon.colcon_core.verb:set package 'robot_arm_movit_config' build argument 'catkin_cmake_args' from command line to 'None'
[0.240s] Level 5:colcon.colcon_core.verb:set package 'robot_arm_movit_config' build argument 'catkin_skip_building_tests' from command line to 'False'
[0.240s] DEBUG:colcon.colcon_core.verb:Building package 'robot_arm_movit_config' with the following arguments: {'ament_cmake_args': None, 'build_base': '/home/jamal/FYP_ws2/build/robot_arm_movit_config', 'catkin_cmake_args': None, 'catkin_skip_building_tests': False, 'cmake_args': None, 'cmake_clean_cache': False, 'cmake_clean_first': False, 'cmake_force_configure': False, 'cmake_target': None, 'cmake_target_skip_unavailable': False, 'install_base': '/home/jamal/FYP_ws2/install/robot_arm_movit_config', 'merge_install': False, 'path': '/home/jamal/FYP_ws2/src/robot_arm_movit_config', 'symlink_install': False, 'test_result_base': None}
[0.240s] Level 5:colcon.colcon_core.verb:set package 'control_arm' build argument 'cmake_args' from command line to 'None'
[0.240s] Level 5:colcon.colcon_core.verb:set package 'control_arm' build argument 'cmake_target' from command line to 'None'
[0.240s] Level 5:colcon.colcon_core.verb:set package 'control_arm' build argument 'cmake_target_skip_unavailable' from command line to 'False'
[0.240s] Level 5:colcon.colcon_core.verb:set package 'control_arm' build argument 'cmake_clean_cache' from command line to 'False'
[0.240s] Level 5:colcon.colcon_core.verb:set package 'control_arm' build argument 'cmake_clean_first' from command line to 'False'
[0.240s] Level 5:colcon.colcon_core.verb:set package 'control_arm' build argument 'cmake_force_configure' from command line to 'False'
[0.240s] Level 5:colcon.colcon_core.verb:set package 'control_arm' build argument 'ament_cmake_args' from command line to 'None'
[0.240s] Level 5:colcon.colcon_core.verb:set package 'control_arm' build argument 'catkin_cmake_args' from command line to 'None'
[0.240s] Level 5:colcon.colcon_core.verb:set package 'control_arm' build argument 'catkin_skip_building_tests' from command line to 'False'
[0.240s] DEBUG:colcon.colcon_core.verb:Building package 'control_arm' with the following arguments: {'ament_cmake_args': None, 'build_base': '/home/jamal/FYP_ws2/build/control_arm', 'catkin_cmake_args': None, 'catkin_skip_building_tests': False, 'cmake_args': None, 'cmake_clean_cache': False, 'cmake_clean_first': False, 'cmake_force_configure': False, 'cmake_target': None, 'cmake_target_skip_unavailable': False, 'install_base': '/home/jamal/FYP_ws2/install/control_arm', 'merge_install': False, 'path': '/home/jamal/FYP_ws2/src/control_arm', 'symlink_install': False, 'test_result_base': None}
[0.240s] INFO:colcon.colcon_core.executor:Executing jobs using 'parallel' executor
[0.241s] DEBUG:colcon.colcon_parallel_executor.executor.parallel:run_until_complete
[0.241s] INFO:colcon.colcon_ros.task.ament_cmake.build:Building ROS package in '/home/jamal/FYP_ws2/src/robot_arm_description' with build type 'ament_cmake'
[0.241s] INFO:colcon.colcon_cmake.task.cmake.build:Building CMake package in '/home/jamal/FYP_ws2/src/robot_arm_description'
[0.242s] INFO:colcon.colcon_core.plugin_system:Skipping extension 'colcon_core.shell.bat': Not used on non-Windows systems
[0.242s] INFO:colcon.colcon_core.shell:Skip shell extension 'powershell' for command environment: Not usable outside of PowerShell
[0.242s] DEBUG:colcon.colcon_core.shell:Skip shell extension 'dsv' for command environment
[0.245s] INFO:colcon.colcon_ros.task.ament_cmake.build:Building ROS package in '/home/jamal/FYP_ws2/src/robot_arm' with build type 'ament_cmake'
[0.245s] INFO:colcon.colcon_cmake.task.cmake.build:Building CMake package in '/home/jamal/FYP_ws2/src/robot_arm'
[0.245s] INFO:colcon.colcon_core.shell:Skip shell extension 'powershell' for command environment: Not usable outside of PowerShell
[0.245s] DEBUG:colcon.colcon_core.shell:Skip shell extension 'dsv' for command environment
[0.247s] INFO:colcon.colcon_ros.task.ament_cmake.build:Building ROS package in '/home/jamal/FYP_ws2/src/robot_arm_bringup' with build type 'ament_cmake'
[0.247s] INFO:colcon.colcon_cmake.task.cmake.build:Building CMake package in '/home/jamal/FYP_ws2/src/robot_arm_bringup'
[0.247s] INFO:colcon.colcon_core.shell:Skip shell extension 'powershell' for command environment: Not usable outside of PowerShell
[0.247s] DEBUG:colcon.colcon_core.shell:Skip shell extension 'dsv' for command environment
[0.249s] INFO:colcon.colcon_ros.task.ament_cmake.build:Building ROS package in '/home/jamal/FYP_ws2/src/robot_arm_gazebo' with build type 'ament_cmake'
[0.249s] INFO:colcon.colcon_cmake.task.cmake.build:Building CMake package in '/home/jamal/FYP_ws2/src/robot_arm_gazebo'
[0.249s] INFO:colcon.colcon_core.shell:Skip shell extension 'powershell' for command environment: Not usable outside of PowerShell
[0.249s] DEBUG:colcon.colcon_core.shell:Skip shell extension 'dsv' for command environment
[0.255s] DEBUG:colcon.colcon_core.event_handler.log_command:Invoking command in '/home/jamal/FYP_ws2/build/robot_arm_description': CMAKE_PREFIX_PATH=${CMAKE_PREFIX_PATH}:/opt/ros/humble /usr/bin/cmake --build /home/jamal/FYP_ws2/build/robot_arm_description -- -j16 -l16
[0.257s] DEBUG:colcon.colcon_core.event_handler.log_command:Invoking command in '/home/jamal/FYP_ws2/build/robot_arm': CMAKE_PREFIX_PATH=${CMAKE_PREFIX_PATH}:/opt/ros/humble /usr/bin/cmake --build /home/jamal/FYP_ws2/build/robot_arm -- -j16 -l16
[0.261s] DEBUG:colcon.colcon_core.event_handler.log_command:Invoking command in '/home/jamal/FYP_ws2/build/robot_arm_bringup': CMAKE_PREFIX_PATH=${CMAKE_PREFIX_PATH}:/opt/ros/humble /usr/bin/cmake --build /home/jamal/FYP_ws2/build/robot_arm_bringup -- -j16 -l16
[0.265s] DEBUG:colcon.colcon_core.event_handler.log_command:Invoking command in '/home/jamal/FYP_ws2/build/robot_arm_gazebo': CMAKE_PREFIX_PATH=${CMAKE_PREFIX_PATH}:/opt/ros/humble /usr/bin/cmake --build /home/jamal/FYP_ws2/build/robot_arm_gazebo -- -j16 -l16
[0.288s] DEBUG:colcon.colcon_core.event_handler.log_command:Invoked command in '/home/jamal/FYP_ws2/build/robot_arm_description' returned '0': CMAKE_PREFIX_PATH=${CMAKE_PREFIX_PATH}:/opt/ros/humble /usr/bin/cmake --build /home/jamal/FYP_ws2/build/robot_arm_description -- -j16 -l16
[0.294s] DEBUG:colcon.colcon_core.event_handler.log_command:Invoking command in '/home/jamal/FYP_ws2/build/robot_arm_description': CMAKE_PREFIX_PATH=${CMAKE_PREFIX_PATH}:/opt/ros/humble /usr/bin/cmake --install /home/jamal/FYP_ws2/build/robot_arm_description
[0.295s] DEBUG:colcon.colcon_core.event_handler.log_command:Invoked command in '/home/jamal/FYP_ws2/build/robot_arm_bringup' returned '0': CMAKE_PREFIX_PATH=${CMAKE_PREFIX_PATH}:/opt/ros/humble /usr/bin/cmake --build /home/jamal/FYP_ws2/build/robot_arm_bringup -- -j16 -l16
[0.297s] DEBUG:colcon.colcon_core.event_handler.log_command:Invoking command in '/home/jamal/FYP_ws2/build/robot_arm_bringup': CMAKE_PREFIX_PATH=${CMAKE_PREFIX_PATH}:/opt/ros/humble /usr/bin/cmake --install /home/jamal/FYP_ws2/build/robot_arm_bringup
[0.298s] DEBUG:colcon.colcon_core.event_handler.log_command:Invoked command in '/home/jamal/FYP_ws2/build/robot_arm' returned '0': CMAKE_PREFIX_PATH=${CMAKE_PREFIX_PATH}:/opt/ros/humble /usr/bin/cmake --build /home/jamal/FYP_ws2/build/robot_arm -- -j16 -l16
[0.299s] DEBUG:colcon.colcon_core.event_handler.log_command:Invoking command in '/home/jamal/FYP_ws2/build/robot_arm': CMAKE_PREFIX_PATH=${CMAKE_PREFIX_PATH}:/opt/ros/humble /usr/bin/cmake --install /home/jamal/FYP_ws2/build/robot_arm
[0.300s] DEBUG:colcon.colcon_core.event_handler.log_command:Invoked command in '/home/jamal/FYP_ws2/build/robot_arm_gazebo' returned '0': CMAKE_PREFIX_PATH=${CMAKE_PREFIX_PATH}:/opt/ros/humble /usr/bin/cmake --build /home/jamal/FYP_ws2/build/robot_arm_gazebo -- -j16 -l16
[0.302s] DEBUG:colcon.colcon_core.event_handler.log_command:Invoking command in '/home/jamal/FYP_ws2/build/robot_arm_gazebo': CMAKE_PREFIX_PATH=${CMAKE_PREFIX_PATH}:/opt/ros/humble /usr/bin/cmake --install /home/jamal/FYP_ws2/build/robot_arm_gazebo
[0.306s] Level 1:colcon.colcon_core.environment:create_environment_scripts_only(robot_arm_bringup)
[0.307s] DEBUG:colcon.colcon_core.event_handler.log_command:Invoked command in '/home/jamal/FYP_ws2/build/robot_arm_bringup' returned '0': CMAKE_PREFIX_PATH=${CMAKE_PREFIX_PATH}:/opt/ros/humble /usr/bin/cmake --install /home/jamal/FYP_ws2/build/robot_arm_bringup
[0.309s] Level 1:colcon.colcon_core.environment:checking '/home/jamal/FYP_ws2/install/robot_arm_bringup' for CMake module files
[0.309s] Level 1:colcon.colcon_core.environment:checking '/home/jamal/FYP_ws2/install/robot_arm_bringup' for CMake config files
[0.310s] Level 1:colcon.colcon_core.shell:create_environment_hook('robot_arm_bringup', 'cmake_prefix_path')
[0.310s] INFO:colcon.colcon_core.shell:Creating environment hook '/home/jamal/FYP_ws2/install/robot_arm_bringup/share/robot_arm_bringup/hook/cmake_prefix_path.ps1'
[0.310s] INFO:colcon.colcon_core.shell:Creating environment descriptor '/home/jamal/FYP_ws2/install/robot_arm_bringup/share/robot_arm_bringup/hook/cmake_prefix_path.dsv'
[0.310s] INFO:colcon.colcon_core.shell:Creating environment hook '/home/jamal/FYP_ws2/install/robot_arm_bringup/share/robot_arm_bringup/hook/cmake_prefix_path.sh'
[0.311s] Level 1:colcon.colcon_core.environment:checking '/home/jamal/FYP_ws2/install/robot_arm_bringup/bin'
[0.311s] Level 1:colcon.colcon_core.environment:checking '/home/jamal/FYP_ws2/install/robot_arm_bringup/lib/pkgconfig/robot_arm_bringup.pc'
[0.311s] Level 1:colcon.colcon_core.environment:checking '/home/jamal/FYP_ws2/install/robot_arm_bringup/lib/python3.10/site-packages'
[0.311s] Level 1:colcon.colcon_core.environment:checking '/home/jamal/FYP_ws2/install/robot_arm_bringup/bin'
[0.311s] INFO:colcon.colcon_core.shell:Creating package script '/home/jamal/FYP_ws2/install/robot_arm_bringup/share/robot_arm_bringup/package.ps1'
[0.312s] INFO:colcon.colcon_core.shell:Creating package descriptor '/home/jamal/FYP_ws2/install/robot_arm_bringup/share/robot_arm_bringup/package.dsv'
[0.312s] INFO:colcon.colcon_core.shell:Creating package script '/home/jamal/FYP_ws2/install/robot_arm_bringup/share/robot_arm_bringup/package.sh'
[0.312s] INFO:colcon.colcon_core.shell:Creating package script '/home/jamal/FYP_ws2/install/robot_arm_bringup/share/robot_arm_bringup/package.bash'
[0.313s] INFO:colcon.colcon_core.shell:Creating package script '/home/jamal/FYP_ws2/install/robot_arm_bringup/share/robot_arm_bringup/package.zsh'
[0.313s] Level 1:colcon.colcon_core.environment:create_file_with_runtime_dependencies(/home/jamal/FYP_ws2/install/robot_arm_bringup/share/colcon-core/packages/robot_arm_bringup)
[0.314s] Level 1:colcon.colcon_core.environment:create_environment_scripts_only(robot_arm_bringup)
[0.314s] Level 1:colcon.colcon_core.environment:checking '/home/jamal/FYP_ws2/install/robot_arm_bringup' for CMake module files
[0.314s] Level 1:colcon.colcon_core.environment:checking '/home/jamal/FYP_ws2/install/robot_arm_bringup' for CMake config files
[0.314s] Level 1:colcon.colcon_core.shell:create_environment_hook('robot_arm_bringup', 'cmake_prefix_path')
[0.314s] INFO:colcon.colcon_core.shell:Creating environment hook '/home/jamal/FYP_ws2/install/robot_arm_bringup/share/robot_arm_bringup/hook/cmake_prefix_path.ps1'
[0.314s] INFO:colcon.colcon_core.shell:Creating environment descriptor '/home/jamal/FYP_ws2/install/robot_arm_bringup/share/robot_arm_bringup/hook/cmake_prefix_path.dsv'
[0.315s] INFO:colcon.colcon_core.shell:Creating environment hook '/home/jamal/FYP_ws2/install/robot_arm_bringup/share/robot_arm_bringup/hook/cmake_prefix_path.sh'
[0.315s] Level 1:colcon.colcon_core.environment:checking '/home/jamal/FYP_ws2/install/robot_arm_bringup/bin'
[0.315s] Level 1:colcon.colcon_core.environment:checking '/home/jamal/FYP_ws2/install/robot_arm_bringup/lib/pkgconfig/robot_arm_bringup.pc'
[0.315s] Level 1:colcon.colcon_core.environment:checking '/home/jamal/FYP_ws2/install/robot_arm_bringup/lib/python3.10/site-packages'
[0.315s] Level 1:colcon.colcon_core.environment:checking '/home/jamal/FYP_ws2/install/robot_arm_bringup/bin'
[0.315s] INFO:colcon.colcon_core.shell:Creating package script '/home/jamal/FYP_ws2/install/robot_arm_bringup/share/robot_arm_bringup/package.ps1'
[0.316s] INFO:colcon.colcon_core.shell:Creating package descriptor '/home/jamal/FYP_ws2/install/robot_arm_bringup/share/robot_arm_bringup/package.dsv'
[0.316s] INFO:colcon.colcon_core.shell:Creating package script '/home/jamal/FYP_ws2/install/robot_arm_bringup/share/robot_arm_bringup/package.sh'
[0.316s] INFO:colcon.colcon_core.shell:Creating package script '/home/jamal/FYP_ws2/install/robot_arm_bringup/share/robot_arm_bringup/package.bash'
[0.316s] INFO:colcon.colcon_core.shell:Creating package script '/home/jamal/FYP_ws2/install/robot_arm_bringup/share/robot_arm_bringup/package.zsh'
[0.316s] Level 1:colcon.colcon_core.environment:create_file_with_runtime_dependencies(/home/jamal/FYP_ws2/install/robot_arm_bringup/share/colcon-core/packages/robot_arm_bringup)
[0.316s] Level 1:colcon.colcon_core.environment:create_environment_scripts_only(robot_arm_description)
[0.317s] Level 1:colcon.colcon_core.environment:checking '/home/jamal/FYP_ws2/install/robot_arm_description' for CMake module files
[0.317s] Level 1:colcon.colcon_core.environment:checking '/home/jamal/FYP_ws2/install/robot_arm_description' for CMake config files
[0.317s] DEBUG:colcon.colcon_core.event_handler.log_command:Invoked command in '/home/jamal/FYP_ws2/build/robot_arm_description' returned '0': CMAKE_PREFIX_PATH=${CMAKE_PREFIX_PATH}:/opt/ros/humble /usr/bin/cmake --install /home/jamal/FYP_ws2/build/robot_arm_description
[0.318s] Level 1:colcon.colcon_core.shell:create_environment_hook('robot_arm_description', 'cmake_prefix_path')
[0.318s] INFO:colcon.colcon_core.shell:Creating environment hook '/home/jamal/FYP_ws2/install/robot_arm_description/share/robot_arm_description/hook/cmake_prefix_path.ps1'
[0.318s] INFO:colcon.colcon_core.shell:Creating environment descriptor '/home/jamal/FYP_ws2/install/robot_arm_description/share/robot_arm_description/hook/cmake_prefix_path.dsv'
[0.318s] INFO:colcon.colcon_core.shell:Creating environment hook '/home/jamal/FYP_ws2/install/robot_arm_description/share/robot_arm_description/hook/cmake_prefix_path.sh'
[0.318s] Level 1:colcon.colcon_core.environment:checking '/home/jamal/FYP_ws2/install/robot_arm_description/bin'
[0.318s] Level 1:colcon.colcon_core.environment:checking '/home/jamal/FYP_ws2/install/robot_arm_description/lib/pkgconfig/robot_arm_description.pc'
[0.318s] Level 1:colcon.colcon_core.environment:checking '/home/jamal/FYP_ws2/install/robot_arm_description/lib/python3.10/site-packages'
[0.319s] Level 1:colcon.colcon_core.environment:checking '/home/jamal/FYP_ws2/install/robot_arm_description/bin'
[0.319s] INFO:colcon.colcon_core.shell:Creating package script '/home/jamal/FYP_ws2/install/robot_arm_description/share/robot_arm_description/package.ps1'
[0.319s] INFO:colcon.colcon_core.shell:Creating package descriptor '/home/jamal/FYP_ws2/install/robot_arm_description/share/robot_arm_description/package.dsv'
[0.319s] INFO:colcon.colcon_core.shell:Creating package script '/home/jamal/FYP_ws2/install/robot_arm_description/share/robot_arm_description/package.sh'
[0.319s] INFO:colcon.colcon_core.shell:Creating package script '/home/jamal/FYP_ws2/install/robot_arm_description/share/robot_arm_description/package.bash'
[0.320s] INFO:colcon.colcon_core.shell:Creating package script '/home/jamal/FYP_ws2/install/robot_arm_description/share/robot_arm_description/package.zsh'
[0.320s] Level 1:colcon.colcon_core.environment:create_file_with_runtime_dependencies(/home/jamal/FYP_ws2/install/robot_arm_description/share/colcon-core/packages/robot_arm_description)
[0.320s] Level 1:colcon.colcon_core.environment:create_environment_scripts_only(robot_arm_description)
[0.320s] Level 1:colcon.colcon_core.environment:checking '/home/jamal/FYP_ws2/install/robot_arm_description' for CMake module files
[0.320s] Level 1:colcon.colcon_core.environment:checking '/home/jamal/FYP_ws2/install/robot_arm_description' for CMake config files
[0.320s] Level 1:colcon.colcon_core.shell:create_environment_hook('robot_arm_description', 'cmake_prefix_path')
[0.320s] INFO:colcon.colcon_core.shell:Creating environment hook '/home/jamal/FYP_ws2/install/robot_arm_description/share/robot_arm_description/hook/cmake_prefix_path.ps1'
[0.321s] INFO:colcon.colcon_core.shell:Creating environment descriptor '/home/jamal/FYP_ws2/install/robot_arm_description/share/robot_arm_description/hook/cmake_prefix_path.dsv'
[0.321s] INFO:colcon.colcon_core.shell:Creating environment hook '/home/jamal/FYP_ws2/install/robot_arm_description/share/robot_arm_description/hook/cmake_prefix_path.sh'
[0.321s] Level 1:colcon.colcon_core.environment:checking '/home/jamal/FYP_ws2/install/robot_arm_description/bin'
[0.321s] Level 1:colcon.colcon_core.environment:checking '/home/jamal/FYP_ws2/install/robot_arm_description/lib/pkgconfig/robot_arm_description.pc'
[0.321s] Level 1:colcon.colcon_core.environment:checking '/home/jamal/FYP_ws2/install/robot_arm_description/lib/python3.10/site-packages'
[0.321s] Level 1:colcon.colcon_core.environment:checking '/home/jamal/FYP_ws2/install/robot_arm_description/bin'
[0.322s] INFO:colcon.colcon_core.shell:Creating package script '/home/jamal/FYP_ws2/install/robot_arm_description/share/robot_arm_description/package.ps1'
[0.322s] INFO:colcon.colcon_core.shell:Creating package descriptor '/home/jamal/FYP_ws2/install/robot_arm_description/share/robot_arm_description/package.dsv'
[0.322s] INFO:colcon.colcon_core.shell:Creating package script '/home/jamal/FYP_ws2/install/robot_arm_description/share/robot_arm_description/package.sh'
[0.322s] INFO:colcon.colcon_core.shell:Creating package script '/home/jamal/FYP_ws2/install/robot_arm_description/share/robot_arm_description/package.bash'
[0.322s] INFO:colcon.colcon_core.shell:Creating package script '/home/jamal/FYP_ws2/install/robot_arm_description/share/robot_arm_description/package.zsh'
[0.323s] Level 1:colcon.colcon_core.environment:create_file_with_runtime_dependencies(/home/jamal/FYP_ws2/install/robot_arm_description/share/colcon-core/packages/robot_arm_description)
[0.323s] INFO:colcon.colcon_ros.task.ament_cmake.build:Building ROS package in '/home/jamal/FYP_ws2/src/robot_arm_movit_config' with build type 'ament_cmake'
[0.323s] INFO:colcon.colcon_cmake.task.cmake.build:Building CMake package in '/home/jamal/FYP_ws2/src/robot_arm_movit_config'
[0.323s] INFO:colcon.colcon_core.shell:Skip shell extension 'powershell' for command environment: Not usable outside of PowerShell
[0.323s] DEBUG:colcon.colcon_core.shell:Skip shell extension 'dsv' for command environment
[0.326s] Level 1:colcon.colcon_core.environment:create_environment_scripts_only(robot_arm)
[0.327s] Level 1:colcon.colcon_core.environment:checking '/home/jamal/FYP_ws2/install/robot_arm' for CMake module files
[0.327s] DEBUG:colcon.colcon_core.event_handler.log_command:Invoked command in '/home/jamal/FYP_ws2/build/robot_arm' returned '0': CMAKE_PREFIX_PATH=${CMAKE_PREFIX_PATH}:/opt/ros/humble /usr/bin/cmake --install /home/jamal/FYP_ws2/build/robot_arm
[0.327s] Level 1:colcon.colcon_core.environment:checking '/home/jamal/FYP_ws2/install/robot_arm' for CMake config files
[0.327s] Level 1:colcon.colcon_core.shell:create_environment_hook('robot_arm', 'cmake_prefix_path')
[0.327s] INFO:colcon.colcon_core.shell:Creating environment hook '/home/jamal/FYP_ws2/install/robot_arm/share/robot_arm/hook/cmake_prefix_path.ps1'
[0.328s] INFO:colcon.colcon_core.shell:Creating environment descriptor '/home/jamal/FYP_ws2/install/robot_arm/share/robot_arm/hook/cmake_prefix_path.dsv'
[0.328s] INFO:colcon.colcon_core.shell:Creating environment hook '/home/jamal/FYP_ws2/install/robot_arm/share/robot_arm/hook/cmake_prefix_path.sh'
[0.328s] Level 1:colcon.colcon_core.environment:checking '/home/jamal/FYP_ws2/install/robot_arm/bin'
[0.328s] Level 1:colcon.colcon_core.environment:checking '/home/jamal/FYP_ws2/install/robot_arm/lib/pkgconfig/robot_arm.pc'
[0.328s] Level 1:colcon.colcon_core.environment:checking '/home/jamal/FYP_ws2/install/robot_arm/lib/python3.10/site-packages'
[0.328s] Level 1:colcon.colcon_core.environment:checking '/home/jamal/FYP_ws2/install/robot_arm/bin'
[0.329s] INFO:colcon.colcon_core.shell:Creating package script '/home/jamal/FYP_ws2/install/robot_arm/share/robot_arm/package.ps1'
[0.329s] INFO:colcon.colcon_core.shell:Creating package descriptor '/home/jamal/FYP_ws2/install/robot_arm/share/robot_arm/package.dsv'
[0.329s] INFO:colcon.colcon_core.shell:Creating package script '/home/jamal/FYP_ws2/install/robot_arm/share/robot_arm/package.sh'
[0.329s] INFO:colcon.colcon_core.shell:Creating package script '/home/jamal/FYP_ws2/install/robot_arm/share/robot_arm/package.bash'
[0.329s] INFO:colcon.colcon_core.shell:Creating package script '/home/jamal/FYP_ws2/install/robot_arm/share/robot_arm/package.zsh'
[0.330s] Level 1:colcon.colcon_core.environment:create_file_with_runtime_dependencies(/home/jamal/FYP_ws2/install/robot_arm/share/colcon-core/packages/robot_arm)
[0.330s] Level 1:colcon.colcon_core.environment:create_environment_scripts_only(robot_arm)
[0.330s] Level 1:colcon.colcon_core.environment:checking '/home/jamal/FYP_ws2/install/robot_arm' for CMake module files
[0.330s] Level 1:colcon.colcon_core.environment:checking '/home/jamal/FYP_ws2/install/robot_arm' for CMake config files
[0.330s] Level 1:colcon.colcon_core.shell:create_environment_hook('robot_arm', 'cmake_prefix_path')
[0.330s] INFO:colcon.colcon_core.shell:Creating environment hook '/home/jamal/FYP_ws2/install/robot_arm/share/robot_arm/hook/cmake_prefix_path.ps1'
[0.331s] INFO:colcon.colcon_core.shell:Creating environment descriptor '/home/jamal/FYP_ws2/install/robot_arm/share/robot_arm/hook/cmake_prefix_path.dsv'
[0.331s] INFO:colcon.colcon_core.shell:Creating environment hook '/home/jamal/FYP_ws2/install/robot_arm/share/robot_arm/hook/cmake_prefix_path.sh'
[0.331s] Level 1:colcon.colcon_core.environment:checking '/home/jamal/FYP_ws2/install/robot_arm/bin'
[0.331s] Level 1:colcon.colcon_core.environment:checking '/home/jamal/FYP_ws2/install/robot_arm/lib/pkgconfig/robot_arm.pc'
[0.331s] Level 1:colcon.colcon_core.environment:checking '/home/jamal/FYP_ws2/install/robot_arm/lib/python3.10/site-packages'
[0.332s] Level 1:colcon.colcon_core.environment:checking '/home/jamal/FYP_ws2/install/robot_arm/bin'
[0.332s] INFO:colcon.colcon_core.shell:Creating package script '/home/jamal/FYP_ws2/install/robot_arm/share/robot_arm/package.ps1'
[0.332s] INFO:colcon.colcon_core.shell:Creating package descriptor '/home/jamal/FYP_ws2/install/robot_arm/share/robot_arm/package.dsv'
[0.333s] INFO:colcon.colcon_core.shell:Creating package script '/home/jamal/FYP_ws2/install/robot_arm/share/robot_arm/package.sh'
[0.333s] INFO:colcon.colcon_core.shell:Creating package script '/home/jamal/FYP_ws2/install/robot_arm/share/robot_arm/package.bash'
[0.333s] INFO:colcon.colcon_core.shell:Creating package script '/home/jamal/FYP_ws2/install/robot_arm/share/robot_arm/package.zsh'
[0.333s] Level 1:colcon.colcon_core.environment:create_file_with_runtime_dependencies(/home/jamal/FYP_ws2/install/robot_arm/share/colcon-core/packages/robot_arm)
[0.334s] Level 1:colcon.colcon_core.environment:create_environment_scripts_only(robot_arm_gazebo)
[0.335s] Level 1:colcon.colcon_core.environment:checking '/home/jamal/FYP_ws2/install/robot_arm_gazebo' for CMake module files
[0.335s] DEBUG:colcon.colcon_core.event_handler.log_command:Invoked command in '/home/jamal/FYP_ws2/build/robot_arm_gazebo' returned '0': CMAKE_PREFIX_PATH=${CMAKE_PREFIX_PATH}:/opt/ros/humble /usr/bin/cmake --install /home/jamal/FYP_ws2/build/robot_arm_gazebo
[0.335s] Level 1:colcon.colcon_core.environment:checking '/home/jamal/FYP_ws2/install/robot_arm_gazebo' for CMake config files
[0.335s] Level 1:colcon.colcon_core.shell:create_environment_hook('robot_arm_gazebo', 'cmake_prefix_path')
[0.335s] INFO:colcon.colcon_core.shell:Creating environment hook '/home/jamal/FYP_ws2/install/robot_arm_gazebo/share/robot_arm_gazebo/hook/cmake_prefix_path.ps1'
[0.336s] INFO:colcon.colcon_core.shell:Creating environment descriptor '/home/jamal/FYP_ws2/install/robot_arm_gazebo/share/robot_arm_gazebo/hook/cmake_prefix_path.dsv'
[0.336s] INFO:colcon.colcon_core.shell:Creating environment hook '/home/jamal/FYP_ws2/install/robot_arm_gazebo/share/robot_arm_gazebo/hook/cmake_prefix_path.sh'
[0.336s] Level 1:colcon.colcon_core.environment:checking '/home/jamal/FYP_ws2/install/robot_arm_gazebo/bin'
[0.336s] Level 1:colcon.colcon_core.environment:checking '/home/jamal/FYP_ws2/install/robot_arm_gazebo/lib/pkgconfig/robot_arm_gazebo.pc'
[0.336s] Level 1:colcon.colcon_core.environment:checking '/home/jamal/FYP_ws2/install/robot_arm_gazebo/lib/python3.10/site-packages'
[0.337s] Level 1:colcon.colcon_core.environment:checking '/home/jamal/FYP_ws2/install/robot_arm_gazebo/bin'
[0.337s] INFO:colcon.colcon_core.shell:Creating package script '/home/jamal/FYP_ws2/install/robot_arm_gazebo/share/robot_arm_gazebo/package.ps1'
[0.337s] INFO:colcon.colcon_core.shell:Creating package descriptor '/home/jamal/FYP_ws2/install/robot_arm_gazebo/share/robot_arm_gazebo/package.dsv'
[0.337s] INFO:colcon.colcon_core.shell:Creating package script '/home/jamal/FYP_ws2/install/robot_arm_gazebo/share/robot_arm_gazebo/package.sh'
[0.337s] INFO:colcon.colcon_core.shell:Creating package script '/home/jamal/FYP_ws2/install/robot_arm_gazebo/share/robot_arm_gazebo/package.bash'
[0.338s] INFO:colcon.colcon_core.shell:Creating package script '/home/jamal/FYP_ws2/install/robot_arm_gazebo/share/robot_arm_gazebo/package.zsh'
[0.338s] Level 1:colcon.colcon_core.environment:create_file_with_runtime_dependencies(/home/jamal/FYP_ws2/install/robot_arm_gazebo/share/colcon-core/packages/robot_arm_gazebo)
[0.338s] Level 1:colcon.colcon_core.environment:create_environment_scripts_only(robot_arm_gazebo)
[0.338s] Level 1:colcon.colcon_core.environment:checking '/home/jamal/FYP_ws2/install/robot_arm_gazebo' for CMake module files
[0.338s] Level 1:colcon.colcon_core.environment:checking '/home/jamal/FYP_ws2/install/robot_arm_gazebo' for CMake config files
[0.339s] Level 1:colcon.colcon_core.shell:create_environment_hook('robot_arm_gazebo', 'cmake_prefix_path')
[0.339s] INFO:colcon.colcon_core.shell:Creating environment hook '/home/jamal/FYP_ws2/install/robot_arm_gazebo/share/robot_arm_gazebo/hook/cmake_prefix_path.ps1'
[0.339s] INFO:colcon.colcon_core.shell:Creating environment descriptor '/home/jamal/FYP_ws2/install/robot_arm_gazebo/share/robot_arm_gazebo/hook/cmake_prefix_path.dsv'
[0.339s] INFO:colcon.colcon_core.shell:Creating environment hook '/home/jamal/FYP_ws2/install/robot_arm_gazebo/share/robot_arm_gazebo/hook/cmake_prefix_path.sh'
[0.339s] Level 1:colcon.colcon_core.environment:checking '/home/jamal/FYP_ws2/install/robot_arm_gazebo/bin'
[0.339s] Level 1:colcon.colcon_core.environment:checking '/home/jamal/FYP_ws2/install/robot_arm_gazebo/lib/pkgconfig/robot_arm_gazebo.pc'
[0.340s] Level 1:colcon.colcon_core.environment:checking '/home/jamal/FYP_ws2/install/robot_arm_gazebo/lib/python3.10/site-packages'
[0.340s] Level 1:colcon.colcon_core.environment:checking '/home/jamal/FYP_ws2/install/robot_arm_gazebo/bin'
[0.340s] INFO:colcon.colcon_core.shell:Creating package script '/home/jamal/FYP_ws2/install/robot_arm_gazebo/share/robot_arm_gazebo/package.ps1'
[0.340s] INFO:colcon.colcon_core.shell:Creating package descriptor '/home/jamal/FYP_ws2/install/robot_arm_gazebo/share/robot_arm_gazebo/package.dsv'
[0.340s] INFO:colcon.colcon_core.shell:Creating package script '/home/jamal/FYP_ws2/install/robot_arm_gazebo/share/robot_arm_gazebo/package.sh'
[0.340s] INFO:colcon.colcon_core.shell:Creating package script '/home/jamal/FYP_ws2/install/robot_arm_gazebo/share/robot_arm_gazebo/package.bash'
[0.341s] INFO:colcon.colcon_core.shell:Creating package script '/home/jamal/FYP_ws2/install/robot_arm_gazebo/share/robot_arm_gazebo/package.zsh'
[0.341s] Level 1:colcon.colcon_core.environment:create_file_with_runtime_dependencies(/home/jamal/FYP_ws2/install/robot_arm_gazebo/share/colcon-core/packages/robot_arm_gazebo)
[0.343s] DEBUG:colcon.colcon_core.event_handler.log_command:Invoking command in '/home/jamal/FYP_ws2/build/robot_arm_movit_config': CMAKE_PREFIX_PATH=/home/jamal/FYP_ws2/install/robot_arm_description:/home/jamal/FYP_ws2/install/control_arm:/home/jamal/FYP_ws2/install/robot_arm_movit_config:/home/jamal/FYP_ws2/install/robot_arm_gazebo:/home/jamal/FYP_ws2/install/robot_arm_bringup:/home/jamal/FYP_ws2/install/robot_arm:/opt/ros/humble /usr/bin/cmake --build /home/jamal/FYP_ws2/build/robot_arm_movit_config -- -j16 -l16
[0.370s] DEBUG:colcon.colcon_core.event_handler.log_command:Invoked command in '/home/jamal/FYP_ws2/build/robot_arm_movit_config' returned '0': CMAKE_PREFIX_PATH=/home/jamal/FYP_ws2/install/robot_arm_description:/home/jamal/FYP_ws2/install/control_arm:/home/jamal/FYP_ws2/install/robot_arm_movit_config:/home/jamal/FYP_ws2/install/robot_arm_gazebo:/home/jamal/FYP_ws2/install/robot_arm_bringup:/home/jamal/FYP_ws2/install/robot_arm:/opt/ros/humble /usr/bin/cmake --build /home/jamal/FYP_ws2/build/robot_arm_movit_config -- -j16 -l16
[0.372s] DEBUG:colcon.colcon_core.event_handler.log_command:Invoking command in '/home/jamal/FYP_ws2/build/robot_arm_movit_config': CMAKE_PREFIX_PATH=/home/jamal/FYP_ws2/install/robot_arm_description:/home/jamal/FYP_ws2/install/control_arm:/home/jamal/FYP_ws2/install/robot_arm_movit_config:/home/jamal/FYP_ws2/install/robot_arm_gazebo:/home/jamal/FYP_ws2/install/robot_arm_bringup:/home/jamal/FYP_ws2/install/robot_arm:/opt/ros/humble /usr/bin/cmake --install /home/jamal/FYP_ws2/build/robot_arm_movit_config
[0.380s] Level 1:colcon.colcon_core.environment:create_environment_scripts_only(robot_arm_movit_config)
[0.380s] Level 1:colcon.colcon_core.environment:checking '/home/jamal/FYP_ws2/install/robot_arm_movit_config' for CMake module files
[0.381s] DEBUG:colcon.colcon_core.event_handler.log_command:Invoked command in '/home/jamal/FYP_ws2/build/robot_arm_movit_config' returned '0': CMAKE_PREFIX_PATH=/home/jamal/FYP_ws2/install/robot_arm_description:/home/jamal/FYP_ws2/install/control_arm:/home/jamal/FYP_ws2/install/robot_arm_movit_config:/home/jamal/FYP_ws2/install/robot_arm_gazebo:/home/jamal/FYP_ws2/install/robot_arm_bringup:/home/jamal/FYP_ws2/install/robot_arm:/opt/ros/humble /usr/bin/cmake --install /home/jamal/FYP_ws2/build/robot_arm_movit_config
[0.381s] Level 1:colcon.colcon_core.environment:checking '/home/jamal/FYP_ws2/install/robot_arm_movit_config' for CMake config files
[0.381s] Level 1:colcon.colcon_core.shell:create_environment_hook('robot_arm_movit_config', 'cmake_prefix_path')
[0.381s] INFO:colcon.colcon_core.shell:Creating environment hook '/home/jamal/FYP_ws2/install/robot_arm_movit_config/share/robot_arm_movit_config/hook/cmake_prefix_path.ps1'
[0.382s] INFO:colcon.colcon_core.shell:Creating environment descriptor '/home/jamal/FYP_ws2/install/robot_arm_movit_config/share/robot_arm_movit_config/hook/cmake_prefix_path.dsv'
[0.382s] INFO:colcon.colcon_core.shell:Creating environment hook '/home/jamal/FYP_ws2/install/robot_arm_movit_config/share/robot_arm_movit_config/hook/cmake_prefix_path.sh'
[0.383s] Level 1:colcon.colcon_core.environment:checking '/home/jamal/FYP_ws2/install/robot_arm_movit_config/bin'
[0.383s] Level 1:colcon.colcon_core.environment:checking '/home/jamal/FYP_ws2/install/robot_arm_movit_config/lib/pkgconfig/robot_arm_movit_config.pc'
[0.383s] Level 1:colcon.colcon_core.environment:checking '/home/jamal/FYP_ws2/install/robot_arm_movit_config/lib/python3.10/site-packages'
[0.383s] Level 1:colcon.colcon_core.environment:checking '/home/jamal/FYP_ws2/install/robot_arm_movit_config/bin'
[0.384s] INFO:colcon.colcon_core.shell:Creating package script '/home/jamal/FYP_ws2/install/robot_arm_movit_config/share/robot_arm_movit_config/package.ps1'
[0.384s] INFO:colcon.colcon_core.shell:Creating package descriptor '/home/jamal/FYP_ws2/install/robot_arm_movit_config/share/robot_arm_movit_config/package.dsv'
[0.384s] INFO:colcon.colcon_core.shell:Creating package script '/home/jamal/FYP_ws2/install/robot_arm_movit_config/share/robot_arm_movit_config/package.sh'
[0.385s] INFO:colcon.colcon_core.shell:Creating package script '/home/jamal/FYP_ws2/install/robot_arm_movit_config/share/robot_arm_movit_config/package.bash'
[0.385s] INFO:colcon.colcon_core.shell:Creating package script '/home/jamal/FYP_ws2/install/robot_arm_movit_config/share/robot_arm_movit_config/package.zsh'
[0.385s] Level 1:colcon.colcon_core.environment:create_file_with_runtime_dependencies(/home/jamal/FYP_ws2/install/robot_arm_movit_config/share/colcon-core/packages/robot_arm_movit_config)
[0.386s] Level 1:colcon.colcon_core.environment:create_environment_scripts_only(robot_arm_movit_config)
[0.386s] Level 1:colcon.colcon_core.environment:checking '/home/jamal/FYP_ws2/install/robot_arm_movit_config' for CMake module files
[0.387s] Level 1:colcon.colcon_core.environment:checking '/home/jamal/FYP_ws2/install/robot_arm_movit_config' for CMake config files
[0.387s] Level 1:colcon.colcon_core.shell:create_environment_hook('robot_arm_movit_config', 'cmake_prefix_path')
[0.387s] INFO:colcon.colcon_core.shell:Creating environment hook '/home/jamal/FYP_ws2/install/robot_arm_movit_config/share/robot_arm_movit_config/hook/cmake_prefix_path.ps1'
[0.387s] INFO:colcon.colcon_core.shell:Creating environment descriptor '/home/jamal/FYP_ws2/install/robot_arm_movit_config/share/robot_arm_movit_config/hook/cmake_prefix_path.dsv'
[0.388s] INFO:colcon.colcon_core.shell:Creating environment hook '/home/jamal/FYP_ws2/install/robot_arm_movit_config/share/robot_arm_movit_config/hook/cmake_prefix_path.sh'
[0.388s] Level 1:colcon.colcon_core.environment:checking '/home/jamal/FYP_ws2/install/robot_arm_movit_config/bin'
[0.388s] Level 1:colcon.colcon_core.environment:checking '/home/jamal/FYP_ws2/install/robot_arm_movit_config/lib/pkgconfig/robot_arm_movit_config.pc'
[0.388s] Level 1:colcon.colcon_core.environment:checking '/home/jamal/FYP_ws2/install/robot_arm_movit_config/lib/python3.10/site-packages'
[0.389s] Level 1:colcon.colcon_core.environment:checking '/home/jamal/FYP_ws2/install/robot_arm_movit_config/bin'
[0.389s] INFO:colcon.colcon_core.shell:Creating package script '/home/jamal/FYP_ws2/install/robot_arm_movit_config/share/robot_arm_movit_config/package.ps1'
[0.389s] INFO:colcon.colcon_core.shell:Creating package descriptor '/home/jamal/FYP_ws2/install/robot_arm_movit_config/share/robot_arm_movit_config/package.dsv'
[0.390s] INFO:colcon.colcon_core.shell:Creating package script '/home/jamal/FYP_ws2/install/robot_arm_movit_config/share/robot_arm_movit_config/package.sh'
[0.390s] INFO:colcon.colcon_core.shell:Creating package script '/home/jamal/FYP_ws2/install/robot_arm_movit_config/share/robot_arm_movit_config/package.bash'
[0.390s] INFO:colcon.colcon_core.shell:Creating package script '/home/jamal/FYP_ws2/install/robot_arm_movit_config/share/robot_arm_movit_config/package.zsh'
[0.390s] Level 1:colcon.colcon_core.environment:create_file_with_runtime_dependencies(/home/jamal/FYP_ws2/install/robot_arm_movit_config/share/colcon-core/packages/robot_arm_movit_config)
[0.390s] INFO:colcon.colcon_ros.task.ament_cmake.build:Building ROS package in '/home/jamal/FYP_ws2/src/control_arm' with build type 'ament_cmake'
[0.390s] INFO:colcon.colcon_cmake.task.cmake.build:Building CMake package in '/home/jamal/FYP_ws2/src/control_arm'
[0.391s] INFO:colcon.colcon_core.shell:Skip shell extension 'powershell' for command environment: Not usable outside of PowerShell
[0.391s] DEBUG:colcon.colcon_core.shell:Skip shell extension 'dsv' for command environment
[0.398s] DEBUG:colcon.colcon_core.event_handler.log_command:Invoking command in '/home/jamal/FYP_ws2/build/control_arm': CMAKE_PREFIX_PATH=/home/jamal/FYP_ws2/install/robot_arm_movit_config:/home/jamal/FYP_ws2/install/robot_arm_description:/home/jamal/FYP_ws2/install/control_arm:/home/jamal/FYP_ws2/install/robot_arm_gazebo:/home/jamal/FYP_ws2/install/robot_arm_bringup:/home/jamal/FYP_ws2/install/robot_arm:/opt/ros/humble /usr/bin/cmake --build /home/jamal/FYP_ws2/build/control_arm -- -j16 -l16
[0.463s] DEBUG:colcon.colcon_core.event_handler.log_command:Invoked command in '/home/jamal/FYP_ws2/build/control_arm' returned '0': CMAKE_PREFIX_PATH=/home/jamal/FYP_ws2/install/robot_arm_movit_config:/home/jamal/FYP_ws2/install/robot_arm_description:/home/jamal/FYP_ws2/install/control_arm:/home/jamal/FYP_ws2/install/robot_arm_gazebo:/home/jamal/FYP_ws2/install/robot_arm_bringup:/home/jamal/FYP_ws2/install/robot_arm:/opt/ros/humble /usr/bin/cmake --build /home/jamal/FYP_ws2/build/control_arm -- -j16 -l16
[0.466s] DEBUG:colcon.colcon_core.event_handler.log_command:Invoking command in '/home/jamal/FYP_ws2/build/control_arm': CMAKE_PREFIX_PATH=/home/jamal/FYP_ws2/install/robot_arm_movit_config:/home/jamal/FYP_ws2/install/robot_arm_description:/home/jamal/FYP_ws2/install/control_arm:/home/jamal/FYP_ws2/install/robot_arm_gazebo:/home/jamal/FYP_ws2/install/robot_arm_bringup:/home/jamal/FYP_ws2/install/robot_arm:/opt/ros/humble /usr/bin/cmake --install /home/jamal/FYP_ws2/build/control_arm
[0.476s] Level 1:colcon.colcon_core.environment:create_environment_scripts_only(control_arm)
[0.476s] DEBUG:colcon.colcon_core.event_handler.log_command:Invoked command in '/home/jamal/FYP_ws2/build/control_arm' returned '0': CMAKE_PREFIX_PATH=/home/jamal/FYP_ws2/install/robot_arm_movit_config:/home/jamal/FYP_ws2/install/robot_arm_description:/home/jamal/FYP_ws2/install/control_arm:/home/jamal/FYP_ws2/install/robot_arm_gazebo:/home/jamal/FYP_ws2/install/robot_arm_bringup:/home/jamal/FYP_ws2/install/robot_arm:/opt/ros/humble /usr/bin/cmake --install /home/jamal/FYP_ws2/build/control_arm
[0.477s] Level 1:colcon.colcon_core.environment:checking '/home/jamal/FYP_ws2/install/control_arm' for CMake module files
[0.477s] Level 1:colcon.colcon_core.environment:checking '/home/jamal/FYP_ws2/install/control_arm' for CMake config files
[0.478s] Level 1:colcon.colcon_core.shell:create_environment_hook('control_arm', 'cmake_prefix_path')
[0.478s] INFO:colcon.colcon_core.shell:Creating environment hook '/home/jamal/FYP_ws2/install/control_arm/share/control_arm/hook/cmake_prefix_path.ps1'
[0.479s] INFO:colcon.colcon_core.shell:Creating environment descriptor '/home/jamal/FYP_ws2/install/control_arm/share/control_arm/hook/cmake_prefix_path.dsv'
[0.479s] INFO:colcon.colcon_core.shell:Creating environment hook '/home/jamal/FYP_ws2/install/control_arm/share/control_arm/hook/cmake_prefix_path.sh'
[0.480s] Level 1:colcon.colcon_core.environment:checking '/home/jamal/FYP_ws2/install/control_arm/lib'
[0.480s] Level 1:colcon.colcon_core.environment:checking '/home/jamal/FYP_ws2/install/control_arm/bin'
[0.480s] Level 1:colcon.colcon_core.environment:checking '/home/jamal/FYP_ws2/install/control_arm/lib/pkgconfig/control_arm.pc'
[0.480s] Level 1:colcon.colcon_core.environment:checking '/home/jamal/FYP_ws2/install/control_arm/lib/python3.10/site-packages'
[0.481s] Level 1:colcon.colcon_core.environment:checking '/home/jamal/FYP_ws2/install/control_arm/bin'
[0.481s] INFO:colcon.colcon_core.shell:Creating package script '/home/jamal/FYP_ws2/install/control_arm/share/control_arm/package.ps1'
[0.481s] INFO:colcon.colcon_core.shell:Creating package descriptor '/home/jamal/FYP_ws2/install/control_arm/share/control_arm/package.dsv'
[0.482s] INFO:colcon.colcon_core.shell:Creating package script '/home/jamal/FYP_ws2/install/control_arm/share/control_arm/package.sh'
[0.482s] INFO:colcon.colcon_core.shell:Creating package script '/home/jamal/FYP_ws2/install/control_arm/share/control_arm/package.bash'
[0.482s] INFO:colcon.colcon_core.shell:Creating package script '/home/jamal/FYP_ws2/install/control_arm/share/control_arm/package.zsh'
[0.483s] Level 1:colcon.colcon_core.environment:create_file_with_runtime_dependencies(/home/jamal/FYP_ws2/install/control_arm/share/colcon-core/packages/control_arm)
[0.483s] Level 1:colcon.colcon_core.environment:create_environment_scripts_only(control_arm)
[0.483s] Level 1:colcon.colcon_core.environment:checking '/home/jamal/FYP_ws2/install/control_arm' for CMake module files
[0.484s] Level 1:colcon.colcon_core.environment:checking '/home/jamal/FYP_ws2/install/control_arm' for CMake config files
[0.484s] Level 1:colcon.colcon_core.shell:create_environment_hook('control_arm', 'cmake_prefix_path')
[0.484s] INFO:colcon.colcon_core.shell:Creating environment hook '/home/jamal/FYP_ws2/install/control_arm/share/control_arm/hook/cmake_prefix_path.ps1'
[0.485s] INFO:colcon.colcon_core.shell:Creating environment descriptor '/home/jamal/FYP_ws2/install/control_arm/share/control_arm/hook/cmake_prefix_path.dsv'
[0.485s] INFO:colcon.colcon_core.shell:Creating environment hook '/home/jamal/FYP_ws2/install/control_arm/share/control_arm/hook/cmake_prefix_path.sh'
[0.485s] Level 1:colcon.colcon_core.environment:checking '/home/jamal/FYP_ws2/install/control_arm/lib'
[0.486s] Level 1:colcon.colcon_core.environment:checking '/home/jamal/FYP_ws2/install/control_arm/bin'
[0.486s] Level 1:colcon.colcon_core.environment:checking '/home/jamal/FYP_ws2/install/control_arm/lib/pkgconfig/control_arm.pc'
[0.486s] Level 1:colcon.colcon_core.environment:checking '/home/jamal/FYP_ws2/install/control_arm/lib/python3.10/site-packages'
[0.486s] Level 1:colcon.colcon_core.environment:checking '/home/jamal/FYP_ws2/install/control_arm/bin'
[0.486s] INFO:colcon.colcon_core.shell:Creating package script '/home/jamal/FYP_ws2/install/control_arm/share/control_arm/package.ps1'
[0.487s] INFO:colcon.colcon_core.shell:Creating package descriptor '/home/jamal/FYP_ws2/install/control_arm/share/control_arm/package.dsv'
[0.487s] INFO:colcon.colcon_core.shell:Creating package script '/home/jamal/FYP_ws2/install/control_arm/share/control_arm/package.sh'
[0.487s] INFO:colcon.colcon_core.shell:Creating package script '/home/jamal/FYP_ws2/install/control_arm/share/control_arm/package.bash'
[0.488s] INFO:colcon.colcon_core.shell:Creating package script '/home/jamal/FYP_ws2/install/control_arm/share/control_arm/package.zsh'
[0.488s] Level 1:colcon.colcon_core.environment:create_file_with_runtime_dependencies(/home/jamal/FYP_ws2/install/control_arm/share/colcon-core/packages/control_arm)
[0.488s] DEBUG:colcon.colcon_parallel_executor.executor.parallel:closing loop
[0.488s] DEBUG:colcon.colcon_parallel_executor.executor.parallel:loop closed
[0.488s] DEBUG:colcon.colcon_parallel_executor.executor.parallel:run_until_complete finished with '0'
[0.488s] DEBUG:colcon.colcon_core.event_reactor:joining thread
[0.493s] INFO:colcon.colcon_core.plugin_system:Skipping extension 'colcon_notification.desktop_notification.terminal_notifier': Not used on non-Darwin systems
[0.493s] INFO:colcon.colcon_core.plugin_system:Skipping extension 'colcon_notification.desktop_notification.win32': Not used on non-Windows systems
[0.493s] INFO:colcon.colcon_notification.desktop_notification:Sending desktop notification using 'notify2'
[0.502s] DEBUG:colcon.colcon_core.event_reactor:joined thread
[0.502s] INFO:colcon.colcon_core.shell:Creating prefix script '/home/jamal/FYP_ws2/install/local_setup.ps1'
[0.503s] INFO:colcon.colcon_core.shell:Creating prefix util module '/home/jamal/FYP_ws2/install/_local_setup_util_ps1.py'
[0.504s] INFO:colcon.colcon_core.shell:Creating prefix chain script '/home/jamal/FYP_ws2/install/setup.ps1'
[0.505s] INFO:colcon.colcon_core.shell:Creating prefix script '/home/jamal/FYP_ws2/install/local_setup.sh'
[0.505s] INFO:colcon.colcon_core.shell:Creating prefix util module '/home/jamal/FYP_ws2/install/_local_setup_util_sh.py'
[0.505s] INFO:colcon.colcon_core.shell:Creating prefix chain script '/home/jamal/FYP_ws2/install/setup.sh'
[0.506s] INFO:colcon.colcon_core.shell:Creating prefix script '/home/jamal/FYP_ws2/install/local_setup.bash'
[0.506s] INFO:colcon.colcon_core.shell:Creating prefix chain script '/home/jamal/FYP_ws2/install/setup.bash'
[0.507s] INFO:colcon.colcon_core.shell:Creating prefix script '/home/jamal/FYP_ws2/install/local_setup.zsh'
[0.507s] INFO:colcon.colcon_core.shell:Creating prefix chain script '/home/jamal/FYP_ws2/install/setup.zsh'
