[0.007s] Invoking command in '/home/jamal/FYP_ws2/build/control_arm': AMENT_PREFIX_PATH=/home/jamal/FYP_ws2/install/robot_arm_movit_config:/home/jamal/FYP_ws2/install/robot_arm_description:${AMENT_PREFIX_PATH} CMAKE_PREFIX_PATH=/home/jamal/FYP_ws2/install/robot_arm_movit_config:/home/jamal/FYP_ws2/install/robot_arm_description:/opt/ros/humble /usr/bin/cmake /home/jamal/FYP_ws2/src/control_arm -DCMAKE_INSTALL_PREFIX=/home/jamal/FYP_ws2/install/control_arm
[0.104s] -- The C compiler identification is GNU 11.4.0
[0.177s] -- The CXX compiler identification is GNU 11.4.0
[0.184s] -- Detecting C compiler ABI info
[0.253s] -- Detecting C compiler ABI info - done
[0.257s] -- Check for working C compiler: /usr/bin/cc - skipped
[0.258s] -- Detecting C compile features
[0.258s] -- Detecting C compile features - done
[0.261s] -- Detecting CXX compiler ABI info
[0.346s] -- Detecting CXX compiler ABI info - done
[0.353s] -- Check for working CXX compiler: /usr/bin/c++ - skipped
[0.353s] -- Detecting CXX compile features
[0.353s] -- Detecting CXX compile features - done
[0.356s] -- Found ament_cmake: 1.3.12 (/opt/ros/humble/share/ament_cmake/cmake)
[0.561s] -- Found Python3: /usr/bin/python3 (found version "3.10.12") found components: Interpreter 
[0.712s] -- Found rclcpp: 16.0.15 (/opt/ros/humble/share/rclcpp/cmake)
[0.778s] -- Found rosidl_generator_c: 3.1.7 (/opt/ros/humble/share/rosidl_generator_c/cmake)
[0.788s] -- Found rosidl_adapter: 3.1.7 (/opt/ros/humble/share/rosidl_adapter/cmake)
[0.802s] -- Found rosidl_generator_cpp: 3.1.7 (/opt/ros/humble/share/rosidl_generator_cpp/cmake)
[0.815s] -- Using all available rosidl_typesupport_c: rosidl_typesupport_fastrtps_c;rosidl_typesupport_introspection_c
[0.833s] -- Using all available rosidl_typesupport_cpp: rosidl_typesupport_fastrtps_cpp;rosidl_typesupport_introspection_cpp
[0.882s] -- Found rmw_implementation_cmake: 6.1.2 (/opt/ros/humble/share/rmw_implementation_cmake/cmake)
[0.888s] -- Found rmw_fastrtps_cpp: 6.2.9 (/opt/ros/humble/share/rmw_fastrtps_cpp/cmake)
[0.984s] -- Found OpenSSL: /usr/lib/x86_64-linux-gnu/libcrypto.so (found version "3.0.2")  
[1.024s] -- Found FastRTPS: /opt/ros/humble/include  
[1.060s] -- Using RMW implementation 'rmw_fastrtps_cpp' as default
[1.070s] -- Looking for pthread.h
[1.140s] -- Looking for pthread.h - found
[1.140s] -- Performing Test CMAKE_HAVE_LIBC_PTHREAD
[1.209s] -- Performing Test CMAKE_HAVE_LIBC_PTHREAD - Success
[1.209s] -- Found Threads: TRUE  
[1.254s] -- Found moveit_ros_planning_interface: 2.5.9 (/opt/ros/humble/share/moveit_ros_planning_interface/cmake)
[1.276s] -- Found Boost: /usr/lib/x86_64-linux-gnu/cmake/Boost-1.74.0/BoostConfig.cmake (found version "1.74.0") found components: date_time filesystem program_options system thread 
[1.424s] -- Found Boost: /usr/lib/x86_64-linux-gnu/cmake/Boost-1.74.0/BoostConfig.cmake (found version "1.74.0") found components: chrono date_time filesystem iostreams program_options regex serialization system thread 
[1.461s] -- Found parameter_traits: 0.5.0 (/opt/ros/humble/share/parameter_traits/cmake)
[1.472s] -- Found rclcpp_lifecycle: 16.0.15 (/opt/ros/humble/share/rclcpp_lifecycle/cmake)
[1.494s] -- Found Boost: /usr/lib/x86_64-linux-gnu/cmake/Boost-1.74.0/BoostConfig.cmake (found version "1.74.0") found components: filesystem 
[1.589s] -- library: /usr/lib/x86_64-linux-gnu/libcurl.so
[1.621s] -- Found Eigen3: TRUE (found version "3.4.0") 
[1.622s] -- Ensuring Eigen3 include directory is part of orocos-kdl CMake target
[1.735s] -- Found Boost: /usr/lib/x86_64-linux-gnu/cmake/Boost-1.74.0/BoostConfig.cmake (found version "1.74.0") found components: system filesystem date_time program_options thread chrono 
[1.760s] -- Found Boost: /usr/lib/x86_64-linux-gnu/cmake/Boost-1.74.0/BoostConfig.cmake (found version "1.74.0") found components: thread system filesystem regex date_time program_options 
[1.776s] -- Found Boost: /usr/lib/x86_64-linux-gnu/cmake/Boost-1.74.0/BoostConfig.cmake (found version "1.74.0") found components: system filesystem date_time program_options thread 
[1.802s] -- Found ament_lint_auto: 0.12.14 (/opt/ros/humble/share/ament_lint_auto/cmake)
[1.912s] -- Added test 'cppcheck' to perform static code analysis on C / C++ code
[1.912s] -- Configured cppcheck include dirs: /home/jamal/FYP_ws2/src/control_arm/include
[1.912s] -- Configured cppcheck exclude dirs and/or files: 
[1.912s] -- Added test 'flake8' to check Python code syntax and style conventions
[1.913s] -- Added test 'lint_cmake' to check CMake code style
[1.913s] -- Added test 'pep257' to check Python code against some of the docstring style conventions in PEP 257
[1.914s] -- Added test 'uncrustify' to check C / C++ code style
[1.914s] -- Configured uncrustify additional arguments: 
[1.915s] -- Added test 'xmllint' to check XML markup files
[1.916s] -- Configuring done
[1.945s] -- Generating done
[1.954s] -- Build files have been written to: /home/jamal/FYP_ws2/build/control_arm
[1.968s] Invoked command in '/home/jamal/FYP_ws2/build/control_arm' returned '0': AMENT_PREFIX_PATH=/home/jamal/FYP_ws2/install/robot_arm_movit_config:/home/jamal/FYP_ws2/install/robot_arm_description:${AMENT_PREFIX_PATH} CMAKE_PREFIX_PATH=/home/jamal/FYP_ws2/install/robot_arm_movit_config:/home/jamal/FYP_ws2/install/robot_arm_description:/opt/ros/humble /usr/bin/cmake /home/jamal/FYP_ws2/src/control_arm -DCMAKE_INSTALL_PREFIX=/home/jamal/FYP_ws2/install/control_arm
[1.971s] Invoking command in '/home/jamal/FYP_ws2/build/control_arm': AMENT_PREFIX_PATH=/home/jamal/FYP_ws2/install/robot_arm_movit_config:/home/jamal/FYP_ws2/install/robot_arm_description:${AMENT_PREFIX_PATH} CMAKE_PREFIX_PATH=/home/jamal/FYP_ws2/install/robot_arm_movit_config:/home/jamal/FYP_ws2/install/robot_arm_description:/opt/ros/humble /usr/bin/cmake --build /home/jamal/FYP_ws2/build/control_arm -- -j16 -l16
[2.026s] [ 50%] [32mBuilding CXX object CMakeFiles/test_motion_node.dir/src/test_motion_node.cpp.o[0m
[7.311s] [100%] [32m[1mLinking CXX executable test_motion_node[0m
[7.654s] [100%] Built target test_motion_node
[7.664s] Invoked command in '/home/jamal/FYP_ws2/build/control_arm' returned '0': AMENT_PREFIX_PATH=/home/jamal/FYP_ws2/install/robot_arm_movit_config:/home/jamal/FYP_ws2/install/robot_arm_description:${AMENT_PREFIX_PATH} CMAKE_PREFIX_PATH=/home/jamal/FYP_ws2/install/robot_arm_movit_config:/home/jamal/FYP_ws2/install/robot_arm_description:/opt/ros/humble /usr/bin/cmake --build /home/jamal/FYP_ws2/build/control_arm -- -j16 -l16
[7.666s] Invoking command in '/home/jamal/FYP_ws2/build/control_arm': AMENT_PREFIX_PATH=/home/jamal/FYP_ws2/install/robot_arm_movit_config:/home/jamal/FYP_ws2/install/robot_arm_description:${AMENT_PREFIX_PATH} CMAKE_PREFIX_PATH=/home/jamal/FYP_ws2/install/robot_arm_movit_config:/home/jamal/FYP_ws2/install/robot_arm_description:/opt/ros/humble /usr/bin/cmake --install /home/jamal/FYP_ws2/build/control_arm
[7.676s] -- Install configuration: ""
[7.676s] -- Installing: /home/jamal/FYP_ws2/install/control_arm/lib/control_arm/test_motion_node
[7.676s] -- Set runtime path of "/home/jamal/FYP_ws2/install/control_arm/lib/control_arm/test_motion_node" to ""
[7.676s] -- Installing: /home/jamal/FYP_ws2/install/control_arm/include
[7.677s] -- Installing: /home/jamal/FYP_ws2/install/control_arm/include/control_arm
[7.677s] -- Installing: /home/jamal/FYP_ws2/install/control_arm/include/control_arm/test_motion_node.hpp
[7.677s] -- Installing: /home/jamal/FYP_ws2/install/control_arm/share/control_arm/launch
[7.677s] -- Installing: /home/jamal/FYP_ws2/install/control_arm/share/control_arm/launch/test_motion.launch.py
[7.677s] -- Installing: /home/jamal/FYP_ws2/install/control_arm/share/ament_index/resource_index/package_run_dependencies/control_arm
[7.677s] -- Installing: /home/jamal/FYP_ws2/install/control_arm/share/ament_index/resource_index/parent_prefix_path/control_arm
[7.677s] -- Installing: /home/jamal/FYP_ws2/install/control_arm/share/control_arm/environment/ament_prefix_path.sh
[7.677s] -- Installing: /home/jamal/FYP_ws2/install/control_arm/share/control_arm/environment/ament_prefix_path.dsv
[7.677s] -- Installing: /home/jamal/FYP_ws2/install/control_arm/share/control_arm/environment/path.sh
[7.677s] -- Installing: /home/jamal/FYP_ws2/install/control_arm/share/control_arm/environment/path.dsv
[7.677s] -- Installing: /home/jamal/FYP_ws2/install/control_arm/share/control_arm/local_setup.bash
[7.677s] -- Installing: /home/jamal/FYP_ws2/install/control_arm/share/control_arm/local_setup.sh
[7.677s] -- Installing: /home/jamal/FYP_ws2/install/control_arm/share/control_arm/local_setup.zsh
[7.677s] -- Installing: /home/jamal/FYP_ws2/install/control_arm/share/control_arm/local_setup.dsv
[7.677s] -- Installing: /home/jamal/FYP_ws2/install/control_arm/share/control_arm/package.dsv
[7.677s] -- Installing: /home/jamal/FYP_ws2/install/control_arm/share/ament_index/resource_index/packages/control_arm
[7.677s] -- Installing: /home/jamal/FYP_ws2/install/control_arm/share/control_arm/cmake/control_armConfig.cmake
[7.678s] -- Installing: /home/jamal/FYP_ws2/install/control_arm/share/control_arm/cmake/control_armConfig-version.cmake
[7.678s] -- Installing: /home/jamal/FYP_ws2/install/control_arm/share/control_arm/package.xml
[7.679s] Invoked command in '/home/jamal/FYP_ws2/build/control_arm' returned '0': AMENT_PREFIX_PATH=/home/jamal/FYP_ws2/install/robot_arm_movit_config:/home/jamal/FYP_ws2/install/robot_arm_description:${AMENT_PREFIX_PATH} CMAKE_PREFIX_PATH=/home/jamal/FYP_ws2/install/robot_arm_movit_config:/home/jamal/FYP_ws2/install/robot_arm_description:/opt/ros/humble /usr/bin/cmake --install /home/jamal/FYP_ws2/build/control_arm
