[0.010s] Invoking command in '/home/jamal/FYP_ws2/build/robot_arm_bringup': CMAKE_PREFIX_PATH=${CMAKE_PREFIX_PATH}:/opt/ros/humble /usr/bin/cmake --build /home/jamal/FYP_ws2/build/robot_arm_bringup -- -j16 -l16
[0.048s] Invoked command in '/home/jamal/FYP_ws2/build/robot_arm_bringup' returned '0': CMAKE_PREFIX_PATH=${CMAKE_PREFIX_PATH}:/opt/ros/humble /usr/bin/cmake --build /home/jamal/FYP_ws2/build/robot_arm_bringup -- -j16 -l16
[0.049s] Invoking command in '/home/jamal/FYP_ws2/build/robot_arm_bringup': CMAKE_PREFIX_PATH=${CMAKE_PREFIX_PATH}:/opt/ros/humble /usr/bin/cmake --install /home/jamal/FYP_ws2/build/robot_arm_bringup
[0.057s] -- Install configuration: ""
[0.058s] -- Up-to-date: /home/jamal/FYP_ws2/install/robot_arm_bringup/share/robot_arm_bringup/scripts
[0.058s] -- Up-to-date: /home/jamal/FYP_ws2/install/robot_arm_bringup/share/robot_arm_bringup/scripts/robot_arm_moveit_rviz.sh
[0.058s] -- Up-to-date: /home/jamal/FYP_ws2/install/robot_arm_bringup/share/robot_arm_bringup/scripts/robot_arm_gazebo_and_moveit.sh
[0.058s] -- Up-to-date: /home/jamal/FYP_ws2/install/robot_arm_bringup/share/robot_arm_bringup/scripts/robot_arm_gazebo.sh
[0.058s] -- Up-to-date: /home/jamal/FYP_ws2/install/robot_arm_bringup/share/ament_index/resource_index/package_run_dependencies/robot_arm_bringup
[0.059s] -- Up-to-date: /home/jamal/FYP_ws2/install/robot_arm_bringup/share/ament_index/resource_index/parent_prefix_path/robot_arm_bringup
[0.059s] -- Up-to-date: /home/jamal/FYP_ws2/install/robot_arm_bringup/share/robot_arm_bringup/environment/ament_prefix_path.sh
[0.059s] -- Up-to-date: /home/jamal/FYP_ws2/install/robot_arm_bringup/share/robot_arm_bringup/environment/ament_prefix_path.dsv
[0.059s] -- Up-to-date: /home/jamal/FYP_ws2/install/robot_arm_bringup/share/robot_arm_bringup/environment/path.sh
[0.059s] -- Up-to-date: /home/jamal/FYP_ws2/install/robot_arm_bringup/share/robot_arm_bringup/environment/path.dsv
[0.059s] -- Up-to-date: /home/jamal/FYP_ws2/install/robot_arm_bringup/share/robot_arm_bringup/local_setup.bash
[0.059s] -- Up-to-date: /home/jamal/FYP_ws2/install/robot_arm_bringup/share/robot_arm_bringup/local_setup.sh
[0.059s] -- Up-to-date: /home/jamal/FYP_ws2/install/robot_arm_bringup/share/robot_arm_bringup/local_setup.zsh
[0.059s] -- Up-to-date: /home/jamal/FYP_ws2/install/robot_arm_bringup/share/robot_arm_bringup/local_setup.dsv
[0.059s] -- Installing: /home/jamal/FYP_ws2/install/robot_arm_bringup/share/robot_arm_bringup/package.dsv
[0.059s] -- Up-to-date: /home/jamal/FYP_ws2/install/robot_arm_bringup/share/ament_index/resource_index/packages/robot_arm_bringup
[0.059s] -- Up-to-date: /home/jamal/FYP_ws2/install/robot_arm_bringup/share/robot_arm_bringup/cmake/robot_arm_bringupConfig.cmake
[0.059s] -- Up-to-date: /home/jamal/FYP_ws2/install/robot_arm_bringup/share/robot_arm_bringup/cmake/robot_arm_bringupConfig-version.cmake
[0.059s] -- Up-to-date: /home/jamal/FYP_ws2/install/robot_arm_bringup/share/robot_arm_bringup/package.xml
[0.073s] Invoked command in '/home/jamal/FYP_ws2/build/robot_arm_bringup' returned '0': CMAKE_PREFIX_PATH=${CMAKE_PREFIX_PATH}:/opt/ros/humble /usr/bin/cmake --install /home/jamal/FYP_ws2/build/robot_arm_bringup
