-- The C compiler identification is GNU 11.4.0
-- The CXX compiler identification is GNU 11.4.0
-- Detecting C compiler ABI info
-- Detecting C compiler ABI info - done
-- Check for working C compiler: /usr/bin/cc - skipped
-- Detecting C compile features
-- Detecting C compile features - done
-- Detecting CXX compiler ABI info
-- Detecting CXX compiler ABI info - done
-- Check for working CXX compiler: /usr/bin/c++ - skipped
-- Detecting CXX compile features
-- Detecting CXX compile features - done
-- Found ament_cmake: 1.3.12 (/opt/ros/humble/share/ament_cmake/cmake)
-- Found Python3: /usr/bin/python3 (found version "3.10.12") found components: Interpreter 
-- Found controller_manager: 2.52.0 (/opt/ros/humble/share/controller_manager/cmake)
-- Found rosidl_generator_c: 3.1.7 (/opt/ros/humble/share/rosidl_generator_c/cmake)
-- Found rosidl_adapter: 3.1.7 (/opt/ros/humble/share/rosidl_adapter/cmake)
-- Found rosidl_generator_cpp: 3.1.7 (/opt/ros/humble/share/rosidl_generator_cpp/cmake)
-- Using all available rosidl_typesupport_c: rosidl_typesupport_fastrtps_c;rosidl_typesupport_introspection_c
-- Using all available rosidl_typesupport_cpp: rosidl_typesupport_fastrtps_cpp;rosidl_typesupport_introspection_cpp
-- Found rmw_implementation_cmake: 6.1.2 (/opt/ros/humble/share/rmw_implementation_cmake/cmake)
-- Found rmw_fastrtps_cpp: 6.2.9 (/opt/ros/humble/share/rmw_fastrtps_cpp/cmake)
-- Found TinyXML2 via Config file: TinyXML2_DIR-NOTFOUND
-- Found OpenSSL: /usr/lib/x86_64-linux-gnu/libcrypto.so (found version "3.0.2")  
-- Found TinyXML2 via Config file: TinyXML2_DIR-NOTFOUND
-- Found FastRTPS: /opt/ros/humble/include  
-- Found TinyXML2 via Config file: TinyXML2_DIR-NOTFOUND
-- Found TinyXML2 via Config file: TinyXML2_DIR-NOTFOUND
-- Using RMW implementation 'rmw_fastrtps_cpp' as default
-- Looking for pthread.h
-- Looking for pthread.h - found
-- Performing Test CMAKE_HAVE_LIBC_PTHREAD
-- Performing Test CMAKE_HAVE_LIBC_PTHREAD - Success
-- Found Threads: TRUE  
-- Found gripper_controllers: 2.50.1 (/opt/ros/humble/share/gripper_controllers/cmake)
-- Found ros2_control: 2.52.0 (/opt/ros/humble/share/ros2_control/cmake)
-- Found ros2_controllers: 2.50.1 (/opt/ros/humble/share/ros2_controllers/cmake)
-- Found xacro: 2.1.1 (/opt/ros/humble/share/xacro/cmake)
-- Found ament_lint_auto: 0.12.14 (/opt/ros/humble/share/ament_lint_auto/cmake)
-- Added test 'flake8' to check Python code syntax and style conventions
-- Added test 'lint_cmake' to check CMake code style
-- Added test 'pep257' to check Python code against some of the docstring style conventions in PEP 257
-- Added test 'xmllint' to check XML markup files
-- Configuring done
-- Generating done
-- Build files have been written to: /home/jamal/FYP_ws2/build/robot_arm_gazebo
-- Install configuration: ""
-- Installing: /home/jamal/FYP_ws2/install/robot_arm_gazebo/share/robot_arm_gazebo/config
-- Installing: /home/jamal/FYP_ws2/install/robot_arm_gazebo/share/robot_arm_gazebo/config/ros_gz_bridge.yaml
-- Installing: /home/jamal/FYP_ws2/install/robot_arm_gazebo/share/robot_arm_gazebo/launch
-- Installing: /home/jamal/FYP_ws2/install/robot_arm_gazebo/share/robot_arm_gazebo/launch/robot_arm.gazebo.launch.py
-- Installing: /home/jamal/FYP_ws2/install/robot_arm_gazebo/share/robot_arm_gazebo/worlds
-- Installing: /home/jamal/FYP_ws2/install/robot_arm_gazebo/share/robot_arm_gazebo/worlds/empty.world
-- Installing: /home/jamal/FYP_ws2/install/robot_arm_gazebo/share/ament_index/resource_index/package_run_dependencies/robot_arm_gazebo
-- Installing: /home/jamal/FYP_ws2/install/robot_arm_gazebo/share/ament_index/resource_index/parent_prefix_path/robot_arm_gazebo
-- Installing: /home/jamal/FYP_ws2/install/robot_arm_gazebo/share/robot_arm_gazebo/environment/ament_prefix_path.sh
-- Installing: /home/jamal/FYP_ws2/install/robot_arm_gazebo/share/robot_arm_gazebo/environment/ament_prefix_path.dsv
-- Installing: /home/jamal/FYP_ws2/install/robot_arm_gazebo/share/robot_arm_gazebo/environment/path.sh
-- Installing: /home/jamal/FYP_ws2/install/robot_arm_gazebo/share/robot_arm_gazebo/environment/path.dsv
-- Installing: /home/jamal/FYP_ws2/install/robot_arm_gazebo/share/robot_arm_gazebo/local_setup.bash
-- Installing: /home/jamal/FYP_ws2/install/robot_arm_gazebo/share/robot_arm_gazebo/local_setup.sh
-- Installing: /home/jamal/FYP_ws2/install/robot_arm_gazebo/share/robot_arm_gazebo/local_setup.zsh
-- Installing: /home/jamal/FYP_ws2/install/robot_arm_gazebo/share/robot_arm_gazebo/local_setup.dsv
-- Installing: /home/jamal/FYP_ws2/install/robot_arm_gazebo/share/robot_arm_gazebo/package.dsv
-- Installing: /home/jamal/FYP_ws2/install/robot_arm_gazebo/share/ament_index/resource_index/packages/robot_arm_gazebo
-- Installing: /home/jamal/FYP_ws2/install/robot_arm_gazebo/share/robot_arm_gazebo/cmake/robot_arm_gazeboConfig.cmake
-- Installing: /home/jamal/FYP_ws2/install/robot_arm_gazebo/share/robot_arm_gazebo/cmake/robot_arm_gazeboConfig-version.cmake
-- Installing: /home/jamal/FYP_ws2/install/robot_arm_gazebo/share/robot_arm_gazebo/package.xml
