[0.009s] Invoking command in '/home/jamal/FYP_ws2/build/robot_arm_gazebo': CMAKE_PREFIX_PATH=${CMAKE_PREFIX_PATH}:/opt/ros/humble /usr/bin/cmake /home/jamal/FYP_ws2/src/robot_arm_gazebo -DCMAKE_INSTALL_PREFIX=/home/jamal/FYP_ws2/install/robot_arm_gazebo
[0.158s] -- The C compiler identification is GNU 11.4.0
[0.230s] -- The CXX compiler identification is GNU 11.4.0
[0.235s] -- Detecting C compiler ABI info
[0.289s] -- Detecting C compiler ABI info - done
[0.294s] -- Check for working C compiler: /usr/bin/cc - skipped
[0.294s] -- Detecting C compile features
[0.294s] -- Detecting C compile features - done
[0.297s] -- Detecting CXX compiler ABI info
[0.359s] -- Detecting CXX compiler ABI info - done
[0.366s] -- Check for working CXX compiler: /usr/bin/c++ - skipped
[0.366s] -- Detecting CXX compile features
[0.366s] -- Detecting CXX compile features - done
[0.368s] -- Found ament_cmake: 1.3.12 (/opt/ros/humble/share/ament_cmake/cmake)
[0.489s] -- Found Python3: /usr/bin/python3 (found version "3.10.12") found components: Interpreter 
[0.555s] -- Found controller_manager: 2.52.0 (/opt/ros/humble/share/controller_manager/cmake)
[0.618s] -- Found rosidl_generator_c: 3.1.7 (/opt/ros/humble/share/rosidl_generator_c/cmake)
[0.625s] -- Found rosidl_adapter: 3.1.7 (/opt/ros/humble/share/rosidl_adapter/cmake)
[0.633s] -- Found rosidl_generator_cpp: 3.1.7 (/opt/ros/humble/share/rosidl_generator_cpp/cmake)
[0.646s] -- Using all available rosidl_typesupport_c: rosidl_typesupport_fastrtps_c;rosidl_typesupport_introspection_c
[0.660s] -- Using all available rosidl_typesupport_cpp: rosidl_typesupport_fastrtps_cpp;rosidl_typesupport_introspection_cpp
[0.827s] -- Found rmw_implementation_cmake: 6.1.2 (/opt/ros/humble/share/rmw_implementation_cmake/cmake)
[0.829s] -- Found rmw_fastrtps_cpp: 6.2.9 (/opt/ros/humble/share/rmw_fastrtps_cpp/cmake)
[0.851s] -- Found TinyXML2 via Config file: TinyXML2_DIR-NOTFOUND
[0.893s] -- Found OpenSSL: /usr/lib/x86_64-linux-gnu/libcrypto.so (found version "3.0.2")  
[0.895s] -- Found TinyXML2 via Config file: TinyXML2_DIR-NOTFOUND
[0.906s] -- Found FastRTPS: /opt/ros/humble/include  
[0.909s] -- Found TinyXML2 via Config file: TinyXML2_DIR-NOTFOUND
[0.914s] -- Found TinyXML2 via Config file: TinyXML2_DIR-NOTFOUND
[0.922s] -- Using RMW implementation 'rmw_fastrtps_cpp' as default
[0.929s] -- Looking for pthread.h
[0.981s] -- Looking for pthread.h - found
[0.981s] -- Performing Test CMAKE_HAVE_LIBC_PTHREAD
[1.036s] -- Performing Test CMAKE_HAVE_LIBC_PTHREAD - Success
[1.037s] -- Found Threads: TRUE  
[1.096s] -- Found gripper_controllers: 2.50.1 (/opt/ros/humble/share/gripper_controllers/cmake)
[1.136s] -- Found ros2_control: 2.52.0 (/opt/ros/humble/share/ros2_control/cmake)
[1.138s] -- Found ros2_controllers: 2.50.1 (/opt/ros/humble/share/ros2_controllers/cmake)
[1.139s] -- Found xacro: 2.1.1 (/opt/ros/humble/share/xacro/cmake)
[1.140s] -- Found ament_lint_auto: 0.12.14 (/opt/ros/humble/share/ament_lint_auto/cmake)
[1.192s] -- Added test 'flake8' to check Python code syntax and style conventions
[1.192s] -- Added test 'lint_cmake' to check CMake code style
[1.193s] -- Added test 'pep257' to check Python code against some of the docstring style conventions in PEP 257
[1.193s] -- Added test 'xmllint' to check XML markup files
[1.194s] -- Configuring done
[1.197s] -- Generating done
[1.199s] -- Build files have been written to: /home/jamal/FYP_ws2/build/robot_arm_gazebo
[1.209s] Invoked command in '/home/jamal/FYP_ws2/build/robot_arm_gazebo' returned '0': CMAKE_PREFIX_PATH=${CMAKE_PREFIX_PATH}:/opt/ros/humble /usr/bin/cmake /home/jamal/FYP_ws2/src/robot_arm_gazebo -DCMAKE_INSTALL_PREFIX=/home/jamal/FYP_ws2/install/robot_arm_gazebo
[1.210s] Invoking command in '/home/jamal/FYP_ws2/build/robot_arm_gazebo': CMAKE_PREFIX_PATH=${CMAKE_PREFIX_PATH}:/opt/ros/humble /usr/bin/cmake --build /home/jamal/FYP_ws2/build/robot_arm_gazebo -- -j16 -l16
[1.240s] Invoked command in '/home/jamal/FYP_ws2/build/robot_arm_gazebo' returned '0': CMAKE_PREFIX_PATH=${CMAKE_PREFIX_PATH}:/opt/ros/humble /usr/bin/cmake --build /home/jamal/FYP_ws2/build/robot_arm_gazebo -- -j16 -l16
[1.241s] Invoking command in '/home/jamal/FYP_ws2/build/robot_arm_gazebo': CMAKE_PREFIX_PATH=${CMAKE_PREFIX_PATH}:/opt/ros/humble /usr/bin/cmake --install /home/jamal/FYP_ws2/build/robot_arm_gazebo
[1.246s] -- Install configuration: ""
[1.246s] -- Installing: /home/jamal/FYP_ws2/install/robot_arm_gazebo/share/robot_arm_gazebo/config
[1.246s] -- Installing: /home/jamal/FYP_ws2/install/robot_arm_gazebo/share/robot_arm_gazebo/config/ros_gz_bridge.yaml
[1.246s] -- Installing: /home/jamal/FYP_ws2/install/robot_arm_gazebo/share/robot_arm_gazebo/launch
[1.246s] -- Installing: /home/jamal/FYP_ws2/install/robot_arm_gazebo/share/robot_arm_gazebo/launch/robot_arm.gazebo.launch.py
[1.246s] -- Installing: /home/jamal/FYP_ws2/install/robot_arm_gazebo/share/robot_arm_gazebo/worlds
[1.246s] -- Installing: /home/jamal/FYP_ws2/install/robot_arm_gazebo/share/robot_arm_gazebo/worlds/empty.world
[1.246s] -- Installing: /home/jamal/FYP_ws2/install/robot_arm_gazebo/share/ament_index/resource_index/package_run_dependencies/robot_arm_gazebo
[1.246s] -- Installing: /home/jamal/FYP_ws2/install/robot_arm_gazebo/share/ament_index/resource_index/parent_prefix_path/robot_arm_gazebo
[1.246s] -- Installing: /home/jamal/FYP_ws2/install/robot_arm_gazebo/share/robot_arm_gazebo/environment/ament_prefix_path.sh
[1.246s] -- Installing: /home/jamal/FYP_ws2/install/robot_arm_gazebo/share/robot_arm_gazebo/environment/ament_prefix_path.dsv
[1.246s] -- Installing: /home/jamal/FYP_ws2/install/robot_arm_gazebo/share/robot_arm_gazebo/environment/path.sh
[1.246s] -- Installing: /home/jamal/FYP_ws2/install/robot_arm_gazebo/share/robot_arm_gazebo/environment/path.dsv
[1.246s] -- Installing: /home/jamal/FYP_ws2/install/robot_arm_gazebo/share/robot_arm_gazebo/local_setup.bash
[1.246s] -- Installing: /home/jamal/FYP_ws2/install/robot_arm_gazebo/share/robot_arm_gazebo/local_setup.sh
[1.246s] -- Installing: /home/jamal/FYP_ws2/install/robot_arm_gazebo/share/robot_arm_gazebo/local_setup.zsh
[1.246s] -- Installing: /home/jamal/FYP_ws2/install/robot_arm_gazebo/share/robot_arm_gazebo/local_setup.dsv
[1.246s] -- Installing: /home/jamal/FYP_ws2/install/robot_arm_gazebo/share/robot_arm_gazebo/package.dsv
[1.247s] -- Installing: /home/jamal/FYP_ws2/install/robot_arm_gazebo/share/ament_index/resource_index/packages/robot_arm_gazebo
[1.247s] -- Installing: /home/jamal/FYP_ws2/install/robot_arm_gazebo/share/robot_arm_gazebo/cmake/robot_arm_gazeboConfig.cmake
[1.247s] -- Installing: /home/jamal/FYP_ws2/install/robot_arm_gazebo/share/robot_arm_gazebo/cmake/robot_arm_gazeboConfig-version.cmake
[1.247s] -- Installing: /home/jamal/FYP_ws2/install/robot_arm_gazebo/share/robot_arm_gazebo/package.xml
[1.248s] Invoked command in '/home/jamal/FYP_ws2/build/robot_arm_gazebo' returned '0': CMAKE_PREFIX_PATH=${CMAKE_PREFIX_PATH}:/opt/ros/humble /usr/bin/cmake --install /home/jamal/FYP_ws2/build/robot_arm_gazebo
