[0.012s] Invoking command in '/home/jamal/FYP_ws2/build/robot_arm_description': CMAKE_PREFIX_PATH=${CMAKE_PREFIX_PATH}:/opt/ros/humble /usr/bin/cmake /home/jamal/FYP_ws2/src/robot_arm_description -DCMAKE_INSTALL_PREFIX=/home/jamal/FYP_ws2/install/robot_arm_description
[0.169s] -- The C compiler identification is GNU 11.4.0
[0.235s] -- The CXX compiler identification is GNU 11.4.0
[0.242s] -- Detecting C compiler ABI info
[0.299s] -- Detecting C compiler ABI info - done
[0.303s] -- Check for working C compiler: /usr/bin/cc - skipped
[0.303s] -- Detecting C compile features
[0.304s] -- Detecting C compile features - done
[0.306s] -- Detecting CXX compiler ABI info
[0.365s] -- Detecting CXX compiler ABI info - done
[0.370s] -- Check for working CXX compiler: /usr/bin/c++ - skipped
[0.370s] -- Detecting CXX compile features
[0.370s] -- Detecting CXX compile features - done
[0.372s] -- Found ament_cmake: 1.3.12 (/opt/ros/humble/share/ament_cmake/cmake)
[0.491s] -- Found Python3: /usr/bin/python3 (found version "3.10.12") found components: Interpreter 
[0.560s] -- Found urdf_tutorial: 1.1.0 (/opt/ros/humble/share/urdf_tutorial/cmake)
[0.561s] -- Found ament_lint_auto: 0.12.14 (/opt/ros/humble/share/ament_lint_auto/cmake)
[0.619s] -- Added test 'flake8' to check Python code syntax and style conventions
[0.619s] -- Added test 'lint_cmake' to check CMake code style
[0.620s] -- Added test 'pep257' to check Python code against some of the docstring style conventions in PEP 257
[0.621s] -- Added test 'xmllint' to check XML markup files
[0.622s] -- Configuring done
[0.623s] -- Generating done
[0.624s] -- Build files have been written to: /home/jamal/FYP_ws2/build/robot_arm_description
[0.627s] Invoked command in '/home/jamal/FYP_ws2/build/robot_arm_description' returned '0': CMAKE_PREFIX_PATH=${CMAKE_PREFIX_PATH}:/opt/ros/humble /usr/bin/cmake /home/jamal/FYP_ws2/src/robot_arm_description -DCMAKE_INSTALL_PREFIX=/home/jamal/FYP_ws2/install/robot_arm_description
[0.630s] Invoking command in '/home/jamal/FYP_ws2/build/robot_arm_description': CMAKE_PREFIX_PATH=${CMAKE_PREFIX_PATH}:/opt/ros/humble /usr/bin/cmake --build /home/jamal/FYP_ws2/build/robot_arm_description -- -j16 -l16
[0.661s] Invoked command in '/home/jamal/FYP_ws2/build/robot_arm_description' returned '0': CMAKE_PREFIX_PATH=${CMAKE_PREFIX_PATH}:/opt/ros/humble /usr/bin/cmake --build /home/jamal/FYP_ws2/build/robot_arm_description -- -j16 -l16
[0.667s] Invoking command in '/home/jamal/FYP_ws2/build/robot_arm_description': CMAKE_PREFIX_PATH=${CMAKE_PREFIX_PATH}:/opt/ros/humble /usr/bin/cmake --install /home/jamal/FYP_ws2/build/robot_arm_description
[0.673s] -- Install configuration: ""
[0.673s] -- Installing: /home/jamal/FYP_ws2/install/robot_arm_description/share/robot_arm_description/launch
[0.673s] -- Installing: /home/jamal/FYP_ws2/install/robot_arm_description/share/robot_arm_description/launch/robot_state_publisher.launch.py
[0.673s] -- Installing: /home/jamal/FYP_ws2/install/robot_arm_description/share/robot_arm_description/meshes
[0.673s] -- Installing: /home/jamal/FYP_ws2/install/robot_arm_description/share/robot_arm_description/meshes/d435.stl
[0.693s] -- Installing: /home/jamal/FYP_ws2/install/robot_arm_description/share/robot_arm_description/meshes/link_6.STL
[0.694s] -- Installing: /home/jamal/FYP_ws2/install/robot_arm_description/share/robot_arm_description/meshes/base_link.STL
[0.694s] -- Installing: /home/jamal/FYP_ws2/install/robot_arm_description/share/robot_arm_description/meshes/link_2.STL
[0.694s] -- Installing: /home/jamal/FYP_ws2/install/robot_arm_description/share/robot_arm_description/meshes/link_4.STL
[0.695s] -- Installing: /home/jamal/FYP_ws2/install/robot_arm_description/share/robot_arm_description/meshes/link_3.STL
[0.695s] -- Installing: /home/jamal/FYP_ws2/install/robot_arm_description/share/robot_arm_description/meshes/link_1.STL
[0.695s] -- Installing: /home/jamal/FYP_ws2/install/robot_arm_description/share/robot_arm_description/meshes/link_5.STL
[0.695s] -- Installing: /home/jamal/FYP_ws2/install/robot_arm_description/share/robot_arm_description/urdf
[0.695s] -- Installing: /home/jamal/FYP_ws2/install/robot_arm_description/share/robot_arm_description/urdf/control
[0.695s] -- Installing: /home/jamal/FYP_ws2/install/robot_arm_description/share/robot_arm_description/urdf/control/gazebo_sim_ros2_control.urdf.xacro
[0.697s] -- Installing: /home/jamal/FYP_ws2/install/robot_arm_description/share/robot_arm_description/urdf/control/robot_arm_ros2_control.urdf.xacro
[0.697s] -- Installing: /home/jamal/FYP_ws2/install/robot_arm_description/share/robot_arm_description/urdf/sensors
[0.697s] -- Installing: /home/jamal/FYP_ws2/install/robot_arm_description/share/robot_arm_description/urdf/sensors/intel_rgbd_cam_d435.urdf.xacro
[0.697s] -- Installing: /home/jamal/FYP_ws2/install/robot_arm_description/share/robot_arm_description/urdf/robot
[0.697s] -- Installing: /home/jamal/FYP_ws2/install/robot_arm_description/share/robot_arm_description/urdf/robot/arm.urdf.xacro
[0.697s] -- Installing: /home/jamal/FYP_ws2/install/robot_arm_description/share/robot_arm_description/urdf/robot/arm.urdf
[0.697s] -- Installing: /home/jamal/FYP_ws2/install/robot_arm_description/share/robot_arm_description/rviz
[0.697s] -- Installing: /home/jamal/FYP_ws2/install/robot_arm_description/share/robot_arm_description/rviz/robot_arm_description.rviz
[0.697s] -- Installing: /home/jamal/FYP_ws2/install/robot_arm_description/share/ament_index/resource_index/package_run_dependencies/robot_arm_description
[0.697s] -- Installing: /home/jamal/FYP_ws2/install/robot_arm_description/share/ament_index/resource_index/parent_prefix_path/robot_arm_description
[0.697s] -- Installing: /home/jamal/FYP_ws2/install/robot_arm_description/share/robot_arm_description/environment/ament_prefix_path.sh
[0.697s] -- Installing: /home/jamal/FYP_ws2/install/robot_arm_description/share/robot_arm_description/environment/ament_prefix_path.dsv
[0.697s] -- Installing: /home/jamal/FYP_ws2/install/robot_arm_description/share/robot_arm_description/environment/path.sh
[0.697s] -- Installing: /home/jamal/FYP_ws2/install/robot_arm_description/share/robot_arm_description/environment/path.dsv
[0.697s] -- Installing: /home/jamal/FYP_ws2/install/robot_arm_description/share/robot_arm_description/local_setup.bash
[0.697s] -- Installing: /home/jamal/FYP_ws2/install/robot_arm_description/share/robot_arm_description/local_setup.sh
[0.697s] -- Installing: /home/jamal/FYP_ws2/install/robot_arm_description/share/robot_arm_description/local_setup.zsh
[0.697s] -- Installing: /home/jamal/FYP_ws2/install/robot_arm_description/share/robot_arm_description/local_setup.dsv
[0.697s] -- Installing: /home/jamal/FYP_ws2/install/robot_arm_description/share/robot_arm_description/package.dsv
[0.697s] -- Installing: /home/jamal/FYP_ws2/install/robot_arm_description/share/ament_index/resource_index/packages/robot_arm_description
[0.697s] -- Installing: /home/jamal/FYP_ws2/install/robot_arm_description/share/robot_arm_description/cmake/robot_arm_descriptionConfig.cmake
[0.697s] -- Installing: /home/jamal/FYP_ws2/install/robot_arm_description/share/robot_arm_description/cmake/robot_arm_descriptionConfig-version.cmake
[0.697s] -- Installing: /home/jamal/FYP_ws2/install/robot_arm_description/share/robot_arm_description/package.xml
[0.700s] Invoked command in '/home/jamal/FYP_ws2/build/robot_arm_description' returned '0': CMAKE_PREFIX_PATH=${CMAKE_PREFIX_PATH}:/opt/ros/humble /usr/bin/cmake --install /home/jamal/FYP_ws2/build/robot_arm_description
