[0.068s] DEBUG:colcon:Command line arguments: ['/usr/bin/colcon', 'build']
[0.068s] DEBUG:colcon:Parsed command line arguments: Namespace(log_base=None, log_level=None, verb_name='build', build_base='build', install_base='install', merge_install=False, symlink_install=False, test_result_base=None, continue_on_error=False, executor='parallel', parallel_workers=16, event_handlers=None, ignore_user_meta=False, metas=['./colcon.meta'], base_paths=['.'], packages_ignore=None, packages_ignore_regex=None, paths=None, packages_up_to=None, packages_up_to_regex=None, packages_above=None, packages_above_and_dependencies=None, packages_above_depth=None, packages_select_by_dep=None, packages_skip_by_dep=None, packages_skip_up_to=None, packages_select_build_failed=False, packages_skip_build_finished=False, packages_select_test_failures=False, packages_skip_test_passed=False, packages_select=None, packages_skip=None, packages_select_regex=None, packages_skip_regex=None, packages_start=None, packages_end=None, allow_overriding=[], cmake_args=None, cmake_target=None, cmake_target_skip_unavailable=False, cmake_clean_cache=False, cmake_clean_first=False, cmake_force_configure=False, ament_cmake_args=None, catkin_cmake_args=None, catkin_skip_building_tests=False, mixin_files=None, mixin=None, verb_parser=<colcon_mixin.mixin.mixin_argument.MixinArgumentDecorator object at 0x799f3ad73970>, verb_extension=<colcon_core.verb.build.BuildVerb object at 0x799f3aeb1000>, main=<bound method BuildVerb.main of <colcon_core.verb.build.BuildVerb object at 0x799f3aeb1000>>, mixin_verb=('build',))
[0.186s] Level 1:colcon.colcon_core.package_discovery:discover_packages(colcon_meta) check parameters
[0.186s] Level 1:colcon.colcon_core.package_discovery:discover_packages(recursive) check parameters
[0.186s] Level 1:colcon.colcon_core.package_discovery:discover_packages(ignore) check parameters
[0.186s] Level 1:colcon.colcon_core.package_discovery:discover_packages(path) check parameters
[0.186s] Level 1:colcon.colcon_core.package_discovery:discover_packages(colcon_meta) discover
[0.186s] Level 1:colcon.colcon_core.package_discovery:discover_packages(recursive) discover
[0.186s] INFO:colcon.colcon_core.package_discovery:Crawling recursively for packages in '/home/jamal/FYP_ws2'
[0.186s] Level 1:colcon.colcon_core.package_identification:_identify(.) by extensions ['ignore', 'ignore_ament_install']
[0.186s] Level 1:colcon.colcon_core.package_identification:_identify(.) by extension 'ignore'
[0.186s] Level 1:colcon.colcon_core.package_identification:_identify(.) by extension 'ignore_ament_install'
[0.186s] Level 1:colcon.colcon_core.package_identification:_identify(.) by extensions ['colcon_pkg']
[0.186s] Level 1:colcon.colcon_core.package_identification:_identify(.) by extension 'colcon_pkg'
[0.186s] Level 1:colcon.colcon_core.package_identification:_identify(.) by extensions ['colcon_meta']
[0.186s] Level 1:colcon.colcon_core.package_identification:_identify(.) by extension 'colcon_meta'
[0.186s] Level 1:colcon.colcon_core.package_identification:_identify(.) by extensions ['ros']
[0.186s] Level 1:colcon.colcon_core.package_identification:_identify(.) by extension 'ros'
[0.192s] Level 1:colcon.colcon_core.package_identification:_identify(.) by extensions ['cmake', 'python']
[0.192s] Level 1:colcon.colcon_core.package_identification:_identify(.) by extension 'cmake'
[0.192s] Level 1:colcon.colcon_core.package_identification:_identify(.) by extension 'python'
[0.192s] Level 1:colcon.colcon_core.package_identification:_identify(.) by extensions ['python_setup_py']
[0.192s] Level 1:colcon.colcon_core.package_identification:_identify(.) by extension 'python_setup_py'
[0.193s] Level 1:colcon.colcon_core.package_identification:_identify(build) by extensions ['ignore', 'ignore_ament_install']
[0.193s] Level 1:colcon.colcon_core.package_identification:_identify(build) by extension 'ignore'
[0.193s] Level 1:colcon.colcon_core.package_identification:_identify(build) ignored
[0.193s] Level 1:colcon.colcon_core.package_identification:_identify(install) by extensions ['ignore', 'ignore_ament_install']
[0.193s] Level 1:colcon.colcon_core.package_identification:_identify(install) by extension 'ignore'
[0.193s] Level 1:colcon.colcon_core.package_identification:_identify(install) ignored
[0.193s] Level 1:colcon.colcon_core.package_identification:_identify(log) by extensions ['ignore', 'ignore_ament_install']
[0.193s] Level 1:colcon.colcon_core.package_identification:_identify(log) by extension 'ignore'
[0.193s] Level 1:colcon.colcon_core.package_identification:_identify(log) ignored
[0.193s] Level 1:colcon.colcon_core.package_identification:_identify(src) by extensions ['ignore', 'ignore_ament_install']
[0.193s] Level 1:colcon.colcon_core.package_identification:_identify(src) by extension 'ignore'
[0.193s] Level 1:colcon.colcon_core.package_identification:_identify(src) by extension 'ignore_ament_install'
[0.193s] Level 1:colcon.colcon_core.package_identification:_identify(src) by extensions ['colcon_pkg']
[0.193s] Level 1:colcon.colcon_core.package_identification:_identify(src) by extension 'colcon_pkg'
[0.193s] Level 1:colcon.colcon_core.package_identification:_identify(src) by extensions ['colcon_meta']
[0.193s] Level 1:colcon.colcon_core.package_identification:_identify(src) by extension 'colcon_meta'
[0.193s] Level 1:colcon.colcon_core.package_identification:_identify(src) by extensions ['ros']
[0.193s] Level 1:colcon.colcon_core.package_identification:_identify(src) by extension 'ros'
[0.193s] Level 1:colcon.colcon_core.package_identification:_identify(src) by extensions ['cmake', 'python']
[0.193s] Level 1:colcon.colcon_core.package_identification:_identify(src) by extension 'cmake'
[0.193s] Level 1:colcon.colcon_core.package_identification:_identify(src) by extension 'python'
[0.193s] Level 1:colcon.colcon_core.package_identification:_identify(src) by extensions ['python_setup_py']
[0.193s] Level 1:colcon.colcon_core.package_identification:_identify(src) by extension 'python_setup_py'
[0.193s] Level 1:colcon.colcon_core.package_identification:_identify(src/control_arm) by extensions ['ignore', 'ignore_ament_install']
[0.193s] Level 1:colcon.colcon_core.package_identification:_identify(src/control_arm) by extension 'ignore'
[0.193s] Level 1:colcon.colcon_core.package_identification:_identify(src/control_arm) by extension 'ignore_ament_install'
[0.193s] Level 1:colcon.colcon_core.package_identification:_identify(src/control_arm) by extensions ['colcon_pkg']
[0.193s] Level 1:colcon.colcon_core.package_identification:_identify(src/control_arm) by extension 'colcon_pkg'
[0.193s] Level 1:colcon.colcon_core.package_identification:_identify(src/control_arm) by extensions ['colcon_meta']
[0.193s] Level 1:colcon.colcon_core.package_identification:_identify(src/control_arm) by extension 'colcon_meta'
[0.193s] Level 1:colcon.colcon_core.package_identification:_identify(src/control_arm) by extensions ['ros']
[0.193s] Level 1:colcon.colcon_core.package_identification:_identify(src/control_arm) by extension 'ros'
[0.195s] DEBUG:colcon.colcon_core.package_identification:Package 'src/control_arm' with type 'ros.ament_cmake' and name 'control_arm'
[0.195s] Level 1:colcon.colcon_core.package_identification:_identify(src/robot_arm) by extensions ['ignore', 'ignore_ament_install']
[0.195s] Level 1:colcon.colcon_core.package_identification:_identify(src/robot_arm) by extension 'ignore'
[0.195s] Level 1:colcon.colcon_core.package_identification:_identify(src/robot_arm) by extension 'ignore_ament_install'
[0.195s] Level 1:colcon.colcon_core.package_identification:_identify(src/robot_arm) by extensions ['colcon_pkg']
[0.195s] Level 1:colcon.colcon_core.package_identification:_identify(src/robot_arm) by extension 'colcon_pkg'
[0.195s] Level 1:colcon.colcon_core.package_identification:_identify(src/robot_arm) by extensions ['colcon_meta']
[0.195s] Level 1:colcon.colcon_core.package_identification:_identify(src/robot_arm) by extension 'colcon_meta'
[0.195s] Level 1:colcon.colcon_core.package_identification:_identify(src/robot_arm) by extensions ['ros']
[0.195s] Level 1:colcon.colcon_core.package_identification:_identify(src/robot_arm) by extension 'ros'
[0.195s] DEBUG:colcon.colcon_core.package_identification:Package 'src/robot_arm' with type 'ros.ament_cmake' and name 'robot_arm'
[0.195s] Level 1:colcon.colcon_core.package_identification:_identify(src/robot_arm_bringup) by extensions ['ignore', 'ignore_ament_install']
[0.195s] Level 1:colcon.colcon_core.package_identification:_identify(src/robot_arm_bringup) by extension 'ignore'
[0.195s] Level 1:colcon.colcon_core.package_identification:_identify(src/robot_arm_bringup) by extension 'ignore_ament_install'
[0.195s] Level 1:colcon.colcon_core.package_identification:_identify(src/robot_arm_bringup) by extensions ['colcon_pkg']
[0.195s] Level 1:colcon.colcon_core.package_identification:_identify(src/robot_arm_bringup) by extension 'colcon_pkg'
[0.196s] Level 1:colcon.colcon_core.package_identification:_identify(src/robot_arm_bringup) by extensions ['colcon_meta']
[0.196s] Level 1:colcon.colcon_core.package_identification:_identify(src/robot_arm_bringup) by extension 'colcon_meta'
[0.196s] Level 1:colcon.colcon_core.package_identification:_identify(src/robot_arm_bringup) by extensions ['ros']
[0.196s] Level 1:colcon.colcon_core.package_identification:_identify(src/robot_arm_bringup) by extension 'ros'
[0.196s] DEBUG:colcon.colcon_core.package_identification:Package 'src/robot_arm_bringup' with type 'ros.ament_cmake' and name 'robot_arm_bringup'
[0.196s] Level 1:colcon.colcon_core.package_identification:_identify(src/robot_arm_description) by extensions ['ignore', 'ignore_ament_install']
[0.196s] Level 1:colcon.colcon_core.package_identification:_identify(src/robot_arm_description) by extension 'ignore'
[0.196s] Level 1:colcon.colcon_core.package_identification:_identify(src/robot_arm_description) by extension 'ignore_ament_install'
[0.196s] Level 1:colcon.colcon_core.package_identification:_identify(src/robot_arm_description) by extensions ['colcon_pkg']
[0.196s] Level 1:colcon.colcon_core.package_identification:_identify(src/robot_arm_description) by extension 'colcon_pkg'
[0.196s] Level 1:colcon.colcon_core.package_identification:_identify(src/robot_arm_description) by extensions ['colcon_meta']
[0.196s] Level 1:colcon.colcon_core.package_identification:_identify(src/robot_arm_description) by extension 'colcon_meta'
[0.196s] Level 1:colcon.colcon_core.package_identification:_identify(src/robot_arm_description) by extensions ['ros']
[0.196s] Level 1:colcon.colcon_core.package_identification:_identify(src/robot_arm_description) by extension 'ros'
[0.196s] DEBUG:colcon.colcon_core.package_identification:Package 'src/robot_arm_description' with type 'ros.ament_cmake' and name 'robot_arm_description'
[0.197s] Level 1:colcon.colcon_core.package_identification:_identify(src/robot_arm_gazebo) by extensions ['ignore', 'ignore_ament_install']
[0.197s] Level 1:colcon.colcon_core.package_identification:_identify(src/robot_arm_gazebo) by extension 'ignore'
[0.197s] Level 1:colcon.colcon_core.package_identification:_identify(src/robot_arm_gazebo) by extension 'ignore_ament_install'
[0.197s] Level 1:colcon.colcon_core.package_identification:_identify(src/robot_arm_gazebo) by extensions ['colcon_pkg']
[0.197s] Level 1:colcon.colcon_core.package_identification:_identify(src/robot_arm_gazebo) by extension 'colcon_pkg'
[0.197s] Level 1:colcon.colcon_core.package_identification:_identify(src/robot_arm_gazebo) by extensions ['colcon_meta']
[0.197s] Level 1:colcon.colcon_core.package_identification:_identify(src/robot_arm_gazebo) by extension 'colcon_meta'
[0.197s] Level 1:colcon.colcon_core.package_identification:_identify(src/robot_arm_gazebo) by extensions ['ros']
[0.197s] Level 1:colcon.colcon_core.package_identification:_identify(src/robot_arm_gazebo) by extension 'ros'
[0.198s] DEBUG:colcon.colcon_core.package_identification:Package 'src/robot_arm_gazebo' with type 'ros.ament_cmake' and name 'robot_arm_gazebo'
[0.198s] Level 1:colcon.colcon_core.package_identification:_identify(src/robot_arm_movit_config) by extensions ['ignore', 'ignore_ament_install']
[0.198s] Level 1:colcon.colcon_core.package_identification:_identify(src/robot_arm_movit_config) by extension 'ignore'
[0.198s] Level 1:colcon.colcon_core.package_identification:_identify(src/robot_arm_movit_config) by extension 'ignore_ament_install'
[0.198s] Level 1:colcon.colcon_core.package_identification:_identify(src/robot_arm_movit_config) by extensions ['colcon_pkg']
[0.198s] Level 1:colcon.colcon_core.package_identification:_identify(src/robot_arm_movit_config) by extension 'colcon_pkg'
[0.198s] Level 1:colcon.colcon_core.package_identification:_identify(src/robot_arm_movit_config) by extensions ['colcon_meta']
[0.198s] Level 1:colcon.colcon_core.package_identification:_identify(src/robot_arm_movit_config) by extension 'colcon_meta'
[0.198s] Level 1:colcon.colcon_core.package_identification:_identify(src/robot_arm_movit_config) by extensions ['ros']
[0.198s] Level 1:colcon.colcon_core.package_identification:_identify(src/robot_arm_movit_config) by extension 'ros'
[0.198s] DEBUG:colcon.colcon_core.package_identification:Package 'src/robot_arm_movit_config' with type 'ros.ament_cmake' and name 'robot_arm_movit_config'
[0.198s] Level 1:colcon.colcon_core.package_discovery:discover_packages(recursive) using defaults
[0.198s] Level 1:colcon.colcon_core.package_discovery:discover_packages(ignore) discover
[0.198s] Level 1:colcon.colcon_core.package_discovery:discover_packages(ignore) using defaults
[0.198s] Level 1:colcon.colcon_core.package_discovery:discover_packages(path) discover
[0.198s] Level 1:colcon.colcon_core.package_discovery:discover_packages(path) using defaults
[0.209s] Level 1:colcon.colcon_core.package_discovery:discover_packages(prefix_path) check parameters
[0.209s] Level 1:colcon.colcon_core.package_discovery:discover_packages(prefix_path) discover
[0.211s] DEBUG:colcon.colcon_installed_package_information.package_discovery:Found 418 installed packages in /opt/ros/humble
[0.212s] Level 1:colcon.colcon_core.package_discovery:discover_packages(prefix_path) using defaults
[0.235s] Level 5:colcon.colcon_core.verb:set package 'robot_arm' build argument 'cmake_args' from command line to 'None'
[0.235s] Level 5:colcon.colcon_core.verb:set package 'robot_arm' build argument 'cmake_target' from command line to 'None'
[0.235s] Level 5:colcon.colcon_core.verb:set package 'robot_arm' build argument 'cmake_target_skip_unavailable' from command line to 'False'
[0.235s] Level 5:colcon.colcon_core.verb:set package 'robot_arm' build argument 'cmake_clean_cache' from command line to 'False'
[0.235s] Level 5:colcon.colcon_core.verb:set package 'robot_arm' build argument 'cmake_clean_first' from command line to 'False'
[0.235s] Level 5:colcon.colcon_core.verb:set package 'robot_arm' build argument 'cmake_force_configure' from command line to 'False'
[0.235s] Level 5:colcon.colcon_core.verb:set package 'robot_arm' build argument 'ament_cmake_args' from command line to 'None'
[0.236s] Level 5:colcon.colcon_core.verb:set package 'robot_arm' build argument 'catkin_cmake_args' from command line to 'None'
[0.236s] Level 5:colcon.colcon_core.verb:set package 'robot_arm' build argument 'catkin_skip_building_tests' from command line to 'False'
[0.236s] DEBUG:colcon.colcon_core.verb:Building package 'robot_arm' with the following arguments: {'ament_cmake_args': None, 'build_base': '/home/jamal/FYP_ws2/build/robot_arm', 'catkin_cmake_args': None, 'catkin_skip_building_tests': False, 'cmake_args': None, 'cmake_clean_cache': False, 'cmake_clean_first': False, 'cmake_force_configure': False, 'cmake_target': None, 'cmake_target_skip_unavailable': False, 'install_base': '/home/jamal/FYP_ws2/install/robot_arm', 'merge_install': False, 'path': '/home/jamal/FYP_ws2/src/robot_arm', 'symlink_install': False, 'test_result_base': None}
[0.236s] Level 5:colcon.colcon_core.verb:set package 'robot_arm_bringup' build argument 'cmake_args' from command line to 'None'
[0.236s] Level 5:colcon.colcon_core.verb:set package 'robot_arm_bringup' build argument 'cmake_target' from command line to 'None'
[0.236s] Level 5:colcon.colcon_core.verb:set package 'robot_arm_bringup' build argument 'cmake_target_skip_unavailable' from command line to 'False'
[0.236s] Level 5:colcon.colcon_core.verb:set package 'robot_arm_bringup' build argument 'cmake_clean_cache' from command line to 'False'
[0.236s] Level 5:colcon.colcon_core.verb:set package 'robot_arm_bringup' build argument 'cmake_clean_first' from command line to 'False'
[0.236s] Level 5:colcon.colcon_core.verb:set package 'robot_arm_bringup' build argument 'cmake_force_configure' from command line to 'False'
[0.236s] Level 5:colcon.colcon_core.verb:set package 'robot_arm_bringup' build argument 'ament_cmake_args' from command line to 'None'
[0.236s] Level 5:colcon.colcon_core.verb:set package 'robot_arm_bringup' build argument 'catkin_cmake_args' from command line to 'None'
[0.236s] Level 5:colcon.colcon_core.verb:set package 'robot_arm_bringup' build argument 'catkin_skip_building_tests' from command line to 'False'
[0.236s] DEBUG:colcon.colcon_core.verb:Building package 'robot_arm_bringup' with the following arguments: {'ament_cmake_args': None, 'build_base': '/home/jamal/FYP_ws2/build/robot_arm_bringup', 'catkin_cmake_args': None, 'catkin_skip_building_tests': False, 'cmake_args': None, 'cmake_clean_cache': False, 'cmake_clean_first': False, 'cmake_force_configure': False, 'cmake_target': None, 'cmake_target_skip_unavailable': False, 'install_base': '/home/jamal/FYP_ws2/install/robot_arm_bringup', 'merge_install': False, 'path': '/home/jamal/FYP_ws2/src/robot_arm_bringup', 'symlink_install': False, 'test_result_base': None}
[0.236s] Level 5:colcon.colcon_core.verb:set package 'robot_arm_description' build argument 'cmake_args' from command line to 'None'
[0.236s] Level 5:colcon.colcon_core.verb:set package 'robot_arm_description' build argument 'cmake_target' from command line to 'None'
[0.236s] Level 5:colcon.colcon_core.verb:set package 'robot_arm_description' build argument 'cmake_target_skip_unavailable' from command line to 'False'
[0.236s] Level 5:colcon.colcon_core.verb:set package 'robot_arm_description' build argument 'cmake_clean_cache' from command line to 'False'
[0.236s] Level 5:colcon.colcon_core.verb:set package 'robot_arm_description' build argument 'cmake_clean_first' from command line to 'False'
[0.236s] Level 5:colcon.colcon_core.verb:set package 'robot_arm_description' build argument 'cmake_force_configure' from command line to 'False'
[0.236s] Level 5:colcon.colcon_core.verb:set package 'robot_arm_description' build argument 'ament_cmake_args' from command line to 'None'
[0.236s] Level 5:colcon.colcon_core.verb:set package 'robot_arm_description' build argument 'catkin_cmake_args' from command line to 'None'
[0.236s] Level 5:colcon.colcon_core.verb:set package 'robot_arm_description' build argument 'catkin_skip_building_tests' from command line to 'False'
[0.236s] DEBUG:colcon.colcon_core.verb:Building package 'robot_arm_description' with the following arguments: {'ament_cmake_args': None, 'build_base': '/home/jamal/FYP_ws2/build/robot_arm_description', 'catkin_cmake_args': None, 'catkin_skip_building_tests': False, 'cmake_args': None, 'cmake_clean_cache': False, 'cmake_clean_first': False, 'cmake_force_configure': False, 'cmake_target': None, 'cmake_target_skip_unavailable': False, 'install_base': '/home/jamal/FYP_ws2/install/robot_arm_description', 'merge_install': False, 'path': '/home/jamal/FYP_ws2/src/robot_arm_description', 'symlink_install': False, 'test_result_base': None}
[0.236s] Level 5:colcon.colcon_core.verb:set package 'robot_arm_gazebo' build argument 'cmake_args' from command line to 'None'
[0.236s] Level 5:colcon.colcon_core.verb:set package 'robot_arm_gazebo' build argument 'cmake_target' from command line to 'None'
[0.236s] Level 5:colcon.colcon_core.verb:set package 'robot_arm_gazebo' build argument 'cmake_target_skip_unavailable' from command line to 'False'
[0.236s] Level 5:colcon.colcon_core.verb:set package 'robot_arm_gazebo' build argument 'cmake_clean_cache' from command line to 'False'
[0.236s] Level 5:colcon.colcon_core.verb:set package 'robot_arm_gazebo' build argument 'cmake_clean_first' from command line to 'False'
[0.236s] Level 5:colcon.colcon_core.verb:set package 'robot_arm_gazebo' build argument 'cmake_force_configure' from command line to 'False'
[0.236s] Level 5:colcon.colcon_core.verb:set package 'robot_arm_gazebo' build argument 'ament_cmake_args' from command line to 'None'
[0.236s] Level 5:colcon.colcon_core.verb:set package 'robot_arm_gazebo' build argument 'catkin_cmake_args' from command line to 'None'
[0.236s] Level 5:colcon.colcon_core.verb:set package 'robot_arm_gazebo' build argument 'catkin_skip_building_tests' from command line to 'False'
[0.236s] DEBUG:colcon.colcon_core.verb:Building package 'robot_arm_gazebo' with the following arguments: {'ament_cmake_args': None, 'build_base': '/home/jamal/FYP_ws2/build/robot_arm_gazebo', 'catkin_cmake_args': None, 'catkin_skip_building_tests': False, 'cmake_args': None, 'cmake_clean_cache': False, 'cmake_clean_first': False, 'cmake_force_configure': False, 'cmake_target': None, 'cmake_target_skip_unavailable': False, 'install_base': '/home/jamal/FYP_ws2/install/robot_arm_gazebo', 'merge_install': False, 'path': '/home/jamal/FYP_ws2/src/robot_arm_gazebo', 'symlink_install': False, 'test_result_base': None}
[0.237s] Level 5:colcon.colcon_core.verb:set package 'robot_arm_movit_config' build argument 'cmake_args' from command line to 'None'
[0.237s] Level 5:colcon.colcon_core.verb:set package 'robot_arm_movit_config' build argument 'cmake_target' from command line to 'None'
[0.237s] Level 5:colcon.colcon_core.verb:set package 'robot_arm_movit_config' build argument 'cmake_target_skip_unavailable' from command line to 'False'
[0.237s] Level 5:colcon.colcon_core.verb:set package 'robot_arm_movit_config' build argument 'cmake_clean_cache' from command line to 'False'
[0.237s] Level 5:colcon.colcon_core.verb:set package 'robot_arm_movit_config' build argument 'cmake_clean_first' from command line to 'False'
[0.237s] Level 5:colcon.colcon_core.verb:set package 'robot_arm_movit_config' build argument 'cmake_force_configure' from command line to 'False'
[0.237s] Level 5:colcon.colcon_core.verb:set package 'robot_arm_movit_config' build argument 'ament_cmake_args' from command line to 'None'
[0.237s] Level 5:colcon.colcon_core.verb:set package 'robot_arm_movit_config' build argument 'catkin_cmake_args' from command line to 'None'
[0.237s] Level 5:colcon.colcon_core.verb:set package 'robot_arm_movit_config' build argument 'catkin_skip_building_tests' from command line to 'False'
[0.237s] DEBUG:colcon.colcon_core.verb:Building package 'robot_arm_movit_config' with the following arguments: {'ament_cmake_args': None, 'build_base': '/home/jamal/FYP_ws2/build/robot_arm_movit_config', 'catkin_cmake_args': None, 'catkin_skip_building_tests': False, 'cmake_args': None, 'cmake_clean_cache': False, 'cmake_clean_first': False, 'cmake_force_configure': False, 'cmake_target': None, 'cmake_target_skip_unavailable': False, 'install_base': '/home/jamal/FYP_ws2/install/robot_arm_movit_config', 'merge_install': False, 'path': '/home/jamal/FYP_ws2/src/robot_arm_movit_config', 'symlink_install': False, 'test_result_base': None}
[0.237s] Level 5:colcon.colcon_core.verb:set package 'control_arm' build argument 'cmake_args' from command line to 'None'
[0.237s] Level 5:colcon.colcon_core.verb:set package 'control_arm' build argument 'cmake_target' from command line to 'None'
[0.237s] Level 5:colcon.colcon_core.verb:set package 'control_arm' build argument 'cmake_target_skip_unavailable' from command line to 'False'
[0.237s] Level 5:colcon.colcon_core.verb:set package 'control_arm' build argument 'cmake_clean_cache' from command line to 'False'
[0.237s] Level 5:colcon.colcon_core.verb:set package 'control_arm' build argument 'cmake_clean_first' from command line to 'False'
[0.237s] Level 5:colcon.colcon_core.verb:set package 'control_arm' build argument 'cmake_force_configure' from command line to 'False'
[0.237s] Level 5:colcon.colcon_core.verb:set package 'control_arm' build argument 'ament_cmake_args' from command line to 'None'
[0.237s] Level 5:colcon.colcon_core.verb:set package 'control_arm' build argument 'catkin_cmake_args' from command line to 'None'
[0.237s] Level 5:colcon.colcon_core.verb:set package 'control_arm' build argument 'catkin_skip_building_tests' from command line to 'False'
[0.237s] DEBUG:colcon.colcon_core.verb:Building package 'control_arm' with the following arguments: {'ament_cmake_args': None, 'build_base': '/home/jamal/FYP_ws2/build/control_arm', 'catkin_cmake_args': None, 'catkin_skip_building_tests': False, 'cmake_args': None, 'cmake_clean_cache': False, 'cmake_clean_first': False, 'cmake_force_configure': False, 'cmake_target': None, 'cmake_target_skip_unavailable': False, 'install_base': '/home/jamal/FYP_ws2/install/control_arm', 'merge_install': False, 'path': '/home/jamal/FYP_ws2/src/control_arm', 'symlink_install': False, 'test_result_base': None}
[0.237s] INFO:colcon.colcon_core.executor:Executing jobs using 'parallel' executor
[0.238s] DEBUG:colcon.colcon_parallel_executor.executor.parallel:run_until_complete
[0.238s] INFO:colcon.colcon_ros.task.ament_cmake.build:Building ROS package in '/home/jamal/FYP_ws2/src/robot_arm_description' with build type 'ament_cmake'
[0.238s] INFO:colcon.colcon_cmake.task.cmake.build:Building CMake package in '/home/jamal/FYP_ws2/src/robot_arm_description'
[0.240s] INFO:colcon.colcon_core.plugin_system:Skipping extension 'colcon_core.shell.bat': Not used on non-Windows systems
[0.240s] INFO:colcon.colcon_core.shell:Skip shell extension 'powershell' for command environment: Not usable outside of PowerShell
[0.240s] DEBUG:colcon.colcon_core.shell:Skip shell extension 'dsv' for command environment
[0.243s] INFO:colcon.colcon_ros.task.ament_cmake.build:Building ROS package in '/home/jamal/FYP_ws2/src/robot_arm' with build type 'ament_cmake'
[0.243s] INFO:colcon.colcon_cmake.task.cmake.build:Building CMake package in '/home/jamal/FYP_ws2/src/robot_arm'
[0.244s] INFO:colcon.colcon_core.shell:Skip shell extension 'powershell' for command environment: Not usable outside of PowerShell
[0.244s] DEBUG:colcon.colcon_core.shell:Skip shell extension 'dsv' for command environment
[0.247s] INFO:colcon.colcon_ros.task.ament_cmake.build:Building ROS package in '/home/jamal/FYP_ws2/src/robot_arm_bringup' with build type 'ament_cmake'
[0.247s] INFO:colcon.colcon_cmake.task.cmake.build:Building CMake package in '/home/jamal/FYP_ws2/src/robot_arm_bringup'
[0.247s] INFO:colcon.colcon_core.shell:Skip shell extension 'powershell' for command environment: Not usable outside of PowerShell
[0.247s] DEBUG:colcon.colcon_core.shell:Skip shell extension 'dsv' for command environment
[0.251s] INFO:colcon.colcon_ros.task.ament_cmake.build:Building ROS package in '/home/jamal/FYP_ws2/src/robot_arm_gazebo' with build type 'ament_cmake'
[0.251s] INFO:colcon.colcon_cmake.task.cmake.build:Building CMake package in '/home/jamal/FYP_ws2/src/robot_arm_gazebo'
[0.251s] INFO:colcon.colcon_core.shell:Skip shell extension 'powershell' for command environment: Not usable outside of PowerShell
[0.251s] DEBUG:colcon.colcon_core.shell:Skip shell extension 'dsv' for command environment
[0.260s] DEBUG:colcon.colcon_core.event_handler.log_command:Invoking command in '/home/jamal/FYP_ws2/build/robot_arm_description': CMAKE_PREFIX_PATH=/opt/ros/humble /usr/bin/cmake --build /home/jamal/FYP_ws2/build/robot_arm_description -- -j16 -l16
[0.263s] DEBUG:colcon.colcon_core.event_handler.log_command:Invoking command in '/home/jamal/FYP_ws2/build/robot_arm': CMAKE_PREFIX_PATH=/opt/ros/humble /usr/bin/cmake --build /home/jamal/FYP_ws2/build/robot_arm -- -j16 -l16
[0.266s] DEBUG:colcon.colcon_core.event_handler.log_command:Invoking command in '/home/jamal/FYP_ws2/build/robot_arm_bringup': CMAKE_PREFIX_PATH=/opt/ros/humble /usr/bin/cmake --build /home/jamal/FYP_ws2/build/robot_arm_bringup -- -j16 -l16
[0.270s] DEBUG:colcon.colcon_core.event_handler.log_command:Invoking command in '/home/jamal/FYP_ws2/build/robot_arm_gazebo': CMAKE_PREFIX_PATH=/opt/ros/humble /usr/bin/cmake --build /home/jamal/FYP_ws2/build/robot_arm_gazebo -- -j16 -l16
[0.301s] DEBUG:colcon.colcon_core.event_handler.log_command:Invoked command in '/home/jamal/FYP_ws2/build/robot_arm_description' returned '0': CMAKE_PREFIX_PATH=/opt/ros/humble /usr/bin/cmake --build /home/jamal/FYP_ws2/build/robot_arm_description -- -j16 -l16
[0.311s] DEBUG:colcon.colcon_core.event_handler.log_command:Invoking command in '/home/jamal/FYP_ws2/build/robot_arm_description': CMAKE_PREFIX_PATH=/opt/ros/humble /usr/bin/cmake --install /home/jamal/FYP_ws2/build/robot_arm_description
[0.312s] DEBUG:colcon.colcon_core.event_handler.log_command:Invoked command in '/home/jamal/FYP_ws2/build/robot_arm' returned '0': CMAKE_PREFIX_PATH=/opt/ros/humble /usr/bin/cmake --build /home/jamal/FYP_ws2/build/robot_arm -- -j16 -l16
[0.313s] DEBUG:colcon.colcon_core.event_handler.log_command:Invoking command in '/home/jamal/FYP_ws2/build/robot_arm': CMAKE_PREFIX_PATH=/opt/ros/humble /usr/bin/cmake --install /home/jamal/FYP_ws2/build/robot_arm
[0.314s] DEBUG:colcon.colcon_core.event_handler.log_command:Invoked command in '/home/jamal/FYP_ws2/build/robot_arm_bringup' returned '0': CMAKE_PREFIX_PATH=/opt/ros/humble /usr/bin/cmake --build /home/jamal/FYP_ws2/build/robot_arm_bringup -- -j16 -l16
[0.315s] DEBUG:colcon.colcon_core.event_handler.log_command:Invoking command in '/home/jamal/FYP_ws2/build/robot_arm_bringup': CMAKE_PREFIX_PATH=/opt/ros/humble /usr/bin/cmake --install /home/jamal/FYP_ws2/build/robot_arm_bringup
[0.315s] DEBUG:colcon.colcon_core.event_handler.log_command:Invoked command in '/home/jamal/FYP_ws2/build/robot_arm_gazebo' returned '0': CMAKE_PREFIX_PATH=/opt/ros/humble /usr/bin/cmake --build /home/jamal/FYP_ws2/build/robot_arm_gazebo -- -j16 -l16
[0.318s] DEBUG:colcon.colcon_core.event_handler.log_command:Invoking command in '/home/jamal/FYP_ws2/build/robot_arm_gazebo': CMAKE_PREFIX_PATH=/opt/ros/humble /usr/bin/cmake --install /home/jamal/FYP_ws2/build/robot_arm_gazebo
[0.319s] Level 1:colcon.colcon_core.environment:create_environment_scripts_only(robot_arm_description)
[0.319s] DEBUG:colcon.colcon_core.event_handler.log_command:Invoked command in '/home/jamal/FYP_ws2/build/robot_arm_description' returned '0': CMAKE_PREFIX_PATH=/opt/ros/humble /usr/bin/cmake --install /home/jamal/FYP_ws2/build/robot_arm_description
[0.325s] Level 1:colcon.colcon_core.environment:checking '/home/jamal/FYP_ws2/install/robot_arm_description' for CMake module files
[0.325s] Level 1:colcon.colcon_core.environment:checking '/home/jamal/FYP_ws2/install/robot_arm_description' for CMake config files
[0.326s] Level 1:colcon.colcon_core.shell:create_environment_hook('robot_arm_description', 'cmake_prefix_path')
[0.326s] INFO:colcon.colcon_core.shell:Creating environment hook '/home/jamal/FYP_ws2/install/robot_arm_description/share/robot_arm_description/hook/cmake_prefix_path.ps1'
[0.326s] INFO:colcon.colcon_core.shell:Creating environment descriptor '/home/jamal/FYP_ws2/install/robot_arm_description/share/robot_arm_description/hook/cmake_prefix_path.dsv'
[0.326s] INFO:colcon.colcon_core.shell:Creating environment hook '/home/jamal/FYP_ws2/install/robot_arm_description/share/robot_arm_description/hook/cmake_prefix_path.sh'
[0.327s] Level 1:colcon.colcon_core.environment:checking '/home/jamal/FYP_ws2/install/robot_arm_description/bin'
[0.327s] Level 1:colcon.colcon_core.environment:checking '/home/jamal/FYP_ws2/install/robot_arm_description/lib/pkgconfig/robot_arm_description.pc'
[0.327s] Level 1:colcon.colcon_core.environment:checking '/home/jamal/FYP_ws2/install/robot_arm_description/lib/python3.10/site-packages'
[0.327s] Level 1:colcon.colcon_core.environment:checking '/home/jamal/FYP_ws2/install/robot_arm_description/bin'
[0.328s] INFO:colcon.colcon_core.shell:Creating package script '/home/jamal/FYP_ws2/install/robot_arm_description/share/robot_arm_description/package.ps1'
[0.328s] INFO:colcon.colcon_core.shell:Creating package descriptor '/home/jamal/FYP_ws2/install/robot_arm_description/share/robot_arm_description/package.dsv'
[0.328s] INFO:colcon.colcon_core.shell:Creating package script '/home/jamal/FYP_ws2/install/robot_arm_description/share/robot_arm_description/package.sh'
[0.329s] INFO:colcon.colcon_core.shell:Creating package script '/home/jamal/FYP_ws2/install/robot_arm_description/share/robot_arm_description/package.bash'
[0.329s] INFO:colcon.colcon_core.shell:Creating package script '/home/jamal/FYP_ws2/install/robot_arm_description/share/robot_arm_description/package.zsh'
[0.330s] Level 1:colcon.colcon_core.environment:create_file_with_runtime_dependencies(/home/jamal/FYP_ws2/install/robot_arm_description/share/colcon-core/packages/robot_arm_description)
[0.330s] Level 1:colcon.colcon_core.environment:create_environment_scripts_only(robot_arm_description)
[0.330s] Level 1:colcon.colcon_core.environment:checking '/home/jamal/FYP_ws2/install/robot_arm_description' for CMake module files
[0.331s] Level 1:colcon.colcon_core.environment:checking '/home/jamal/FYP_ws2/install/robot_arm_description' for CMake config files
[0.331s] Level 1:colcon.colcon_core.shell:create_environment_hook('robot_arm_description', 'cmake_prefix_path')
[0.331s] INFO:colcon.colcon_core.shell:Creating environment hook '/home/jamal/FYP_ws2/install/robot_arm_description/share/robot_arm_description/hook/cmake_prefix_path.ps1'
[0.331s] INFO:colcon.colcon_core.shell:Creating environment descriptor '/home/jamal/FYP_ws2/install/robot_arm_description/share/robot_arm_description/hook/cmake_prefix_path.dsv'
[0.331s] INFO:colcon.colcon_core.shell:Creating environment hook '/home/jamal/FYP_ws2/install/robot_arm_description/share/robot_arm_description/hook/cmake_prefix_path.sh'
[0.332s] Level 1:colcon.colcon_core.environment:checking '/home/jamal/FYP_ws2/install/robot_arm_description/bin'
[0.332s] Level 1:colcon.colcon_core.environment:checking '/home/jamal/FYP_ws2/install/robot_arm_description/lib/pkgconfig/robot_arm_description.pc'
[0.332s] Level 1:colcon.colcon_core.environment:checking '/home/jamal/FYP_ws2/install/robot_arm_description/lib/python3.10/site-packages'
[0.332s] Level 1:colcon.colcon_core.environment:checking '/home/jamal/FYP_ws2/install/robot_arm_description/bin'
[0.332s] INFO:colcon.colcon_core.shell:Creating package script '/home/jamal/FYP_ws2/install/robot_arm_description/share/robot_arm_description/package.ps1'
[0.332s] INFO:colcon.colcon_core.shell:Creating package descriptor '/home/jamal/FYP_ws2/install/robot_arm_description/share/robot_arm_description/package.dsv'
[0.333s] INFO:colcon.colcon_core.shell:Creating package script '/home/jamal/FYP_ws2/install/robot_arm_description/share/robot_arm_description/package.sh'
[0.333s] INFO:colcon.colcon_core.shell:Creating package script '/home/jamal/FYP_ws2/install/robot_arm_description/share/robot_arm_description/package.bash'
[0.333s] INFO:colcon.colcon_core.shell:Creating package script '/home/jamal/FYP_ws2/install/robot_arm_description/share/robot_arm_description/package.zsh'
[0.333s] Level 1:colcon.colcon_core.environment:create_file_with_runtime_dependencies(/home/jamal/FYP_ws2/install/robot_arm_description/share/colcon-core/packages/robot_arm_description)
[0.334s] INFO:colcon.colcon_ros.task.ament_cmake.build:Building ROS package in '/home/jamal/FYP_ws2/src/robot_arm_movit_config' with build type 'ament_cmake'
[0.334s] INFO:colcon.colcon_cmake.task.cmake.build:Building CMake package in '/home/jamal/FYP_ws2/src/robot_arm_movit_config'
[0.334s] INFO:colcon.colcon_core.shell:Skip shell extension 'powershell' for command environment: Not usable outside of PowerShell
[0.334s] DEBUG:colcon.colcon_core.shell:Skip shell extension 'dsv' for command environment
[0.337s] Level 1:colcon.colcon_core.environment:create_environment_scripts_only(robot_arm_bringup)
[0.337s] Level 1:colcon.colcon_core.environment:checking '/home/jamal/FYP_ws2/install/robot_arm_bringup' for CMake module files
[0.337s] DEBUG:colcon.colcon_core.event_handler.log_command:Invoked command in '/home/jamal/FYP_ws2/build/robot_arm_bringup' returned '0': CMAKE_PREFIX_PATH=/opt/ros/humble /usr/bin/cmake --install /home/jamal/FYP_ws2/build/robot_arm_bringup
[0.337s] Level 1:colcon.colcon_core.environment:checking '/home/jamal/FYP_ws2/install/robot_arm_bringup' for CMake config files
[0.338s] Level 1:colcon.colcon_core.shell:create_environment_hook('robot_arm_bringup', 'cmake_prefix_path')
[0.338s] INFO:colcon.colcon_core.shell:Creating environment hook '/home/jamal/FYP_ws2/install/robot_arm_bringup/share/robot_arm_bringup/hook/cmake_prefix_path.ps1'
[0.338s] INFO:colcon.colcon_core.shell:Creating environment descriptor '/home/jamal/FYP_ws2/install/robot_arm_bringup/share/robot_arm_bringup/hook/cmake_prefix_path.dsv'
[0.338s] INFO:colcon.colcon_core.shell:Creating environment hook '/home/jamal/FYP_ws2/install/robot_arm_bringup/share/robot_arm_bringup/hook/cmake_prefix_path.sh'
[0.339s] Level 1:colcon.colcon_core.environment:checking '/home/jamal/FYP_ws2/install/robot_arm_bringup/bin'
[0.339s] Level 1:colcon.colcon_core.environment:checking '/home/jamal/FYP_ws2/install/robot_arm_bringup/lib/pkgconfig/robot_arm_bringup.pc'
[0.339s] Level 1:colcon.colcon_core.environment:checking '/home/jamal/FYP_ws2/install/robot_arm_bringup/lib/python3.10/site-packages'
[0.339s] Level 1:colcon.colcon_core.environment:checking '/home/jamal/FYP_ws2/install/robot_arm_bringup/bin'
[0.339s] INFO:colcon.colcon_core.shell:Creating package script '/home/jamal/FYP_ws2/install/robot_arm_bringup/share/robot_arm_bringup/package.ps1'
[0.340s] INFO:colcon.colcon_core.shell:Creating package descriptor '/home/jamal/FYP_ws2/install/robot_arm_bringup/share/robot_arm_bringup/package.dsv'
[0.340s] INFO:colcon.colcon_core.shell:Creating package script '/home/jamal/FYP_ws2/install/robot_arm_bringup/share/robot_arm_bringup/package.sh'
[0.340s] INFO:colcon.colcon_core.shell:Creating package script '/home/jamal/FYP_ws2/install/robot_arm_bringup/share/robot_arm_bringup/package.bash'
[0.340s] INFO:colcon.colcon_core.shell:Creating package script '/home/jamal/FYP_ws2/install/robot_arm_bringup/share/robot_arm_bringup/package.zsh'
[0.340s] Level 1:colcon.colcon_core.environment:create_file_with_runtime_dependencies(/home/jamal/FYP_ws2/install/robot_arm_bringup/share/colcon-core/packages/robot_arm_bringup)
[0.341s] Level 1:colcon.colcon_core.environment:create_environment_scripts_only(robot_arm_bringup)
[0.341s] Level 1:colcon.colcon_core.environment:checking '/home/jamal/FYP_ws2/install/robot_arm_bringup' for CMake module files
[0.341s] Level 1:colcon.colcon_core.environment:checking '/home/jamal/FYP_ws2/install/robot_arm_bringup' for CMake config files
[0.341s] Level 1:colcon.colcon_core.shell:create_environment_hook('robot_arm_bringup', 'cmake_prefix_path')
[0.341s] INFO:colcon.colcon_core.shell:Creating environment hook '/home/jamal/FYP_ws2/install/robot_arm_bringup/share/robot_arm_bringup/hook/cmake_prefix_path.ps1'
[0.342s] INFO:colcon.colcon_core.shell:Creating environment descriptor '/home/jamal/FYP_ws2/install/robot_arm_bringup/share/robot_arm_bringup/hook/cmake_prefix_path.dsv'
[0.342s] INFO:colcon.colcon_core.shell:Creating environment hook '/home/jamal/FYP_ws2/install/robot_arm_bringup/share/robot_arm_bringup/hook/cmake_prefix_path.sh'
[0.342s] Level 1:colcon.colcon_core.environment:checking '/home/jamal/FYP_ws2/install/robot_arm_bringup/bin'
[0.342s] Level 1:colcon.colcon_core.environment:checking '/home/jamal/FYP_ws2/install/robot_arm_bringup/lib/pkgconfig/robot_arm_bringup.pc'
[0.342s] Level 1:colcon.colcon_core.environment:checking '/home/jamal/FYP_ws2/install/robot_arm_bringup/lib/python3.10/site-packages'
[0.342s] Level 1:colcon.colcon_core.environment:checking '/home/jamal/FYP_ws2/install/robot_arm_bringup/bin'
[0.343s] INFO:colcon.colcon_core.shell:Creating package script '/home/jamal/FYP_ws2/install/robot_arm_bringup/share/robot_arm_bringup/package.ps1'
[0.343s] INFO:colcon.colcon_core.shell:Creating package descriptor '/home/jamal/FYP_ws2/install/robot_arm_bringup/share/robot_arm_bringup/package.dsv'
[0.343s] INFO:colcon.colcon_core.shell:Creating package script '/home/jamal/FYP_ws2/install/robot_arm_bringup/share/robot_arm_bringup/package.sh'
[0.343s] INFO:colcon.colcon_core.shell:Creating package script '/home/jamal/FYP_ws2/install/robot_arm_bringup/share/robot_arm_bringup/package.bash'
[0.344s] INFO:colcon.colcon_core.shell:Creating package script '/home/jamal/FYP_ws2/install/robot_arm_bringup/share/robot_arm_bringup/package.zsh'
[0.344s] Level 1:colcon.colcon_core.environment:create_file_with_runtime_dependencies(/home/jamal/FYP_ws2/install/robot_arm_bringup/share/colcon-core/packages/robot_arm_bringup)
[0.344s] Level 1:colcon.colcon_core.environment:create_environment_scripts_only(robot_arm_gazebo)
[0.345s] Level 1:colcon.colcon_core.environment:checking '/home/jamal/FYP_ws2/install/robot_arm_gazebo' for CMake module files
[0.345s] DEBUG:colcon.colcon_core.event_handler.log_command:Invoked command in '/home/jamal/FYP_ws2/build/robot_arm_gazebo' returned '0': CMAKE_PREFIX_PATH=/opt/ros/humble /usr/bin/cmake --install /home/jamal/FYP_ws2/build/robot_arm_gazebo
[0.345s] Level 1:colcon.colcon_core.environment:checking '/home/jamal/FYP_ws2/install/robot_arm_gazebo' for CMake config files
[0.345s] Level 1:colcon.colcon_core.shell:create_environment_hook('robot_arm_gazebo', 'cmake_prefix_path')
[0.345s] INFO:colcon.colcon_core.shell:Creating environment hook '/home/jamal/FYP_ws2/install/robot_arm_gazebo/share/robot_arm_gazebo/hook/cmake_prefix_path.ps1'
[0.346s] INFO:colcon.colcon_core.shell:Creating environment descriptor '/home/jamal/FYP_ws2/install/robot_arm_gazebo/share/robot_arm_gazebo/hook/cmake_prefix_path.dsv'
[0.346s] INFO:colcon.colcon_core.shell:Creating environment hook '/home/jamal/FYP_ws2/install/robot_arm_gazebo/share/robot_arm_gazebo/hook/cmake_prefix_path.sh'
[0.346s] Level 1:colcon.colcon_core.environment:checking '/home/jamal/FYP_ws2/install/robot_arm_gazebo/bin'
[0.346s] Level 1:colcon.colcon_core.environment:checking '/home/jamal/FYP_ws2/install/robot_arm_gazebo/lib/pkgconfig/robot_arm_gazebo.pc'
[0.346s] Level 1:colcon.colcon_core.environment:checking '/home/jamal/FYP_ws2/install/robot_arm_gazebo/lib/python3.10/site-packages'
[0.347s] Level 1:colcon.colcon_core.environment:checking '/home/jamal/FYP_ws2/install/robot_arm_gazebo/bin'
[0.347s] INFO:colcon.colcon_core.shell:Creating package script '/home/jamal/FYP_ws2/install/robot_arm_gazebo/share/robot_arm_gazebo/package.ps1'
[0.347s] INFO:colcon.colcon_core.shell:Creating package descriptor '/home/jamal/FYP_ws2/install/robot_arm_gazebo/share/robot_arm_gazebo/package.dsv'
[0.347s] INFO:colcon.colcon_core.shell:Creating package script '/home/jamal/FYP_ws2/install/robot_arm_gazebo/share/robot_arm_gazebo/package.sh'
[0.347s] INFO:colcon.colcon_core.shell:Creating package script '/home/jamal/FYP_ws2/install/robot_arm_gazebo/share/robot_arm_gazebo/package.bash'
[0.348s] INFO:colcon.colcon_core.shell:Creating package script '/home/jamal/FYP_ws2/install/robot_arm_gazebo/share/robot_arm_gazebo/package.zsh'
[0.348s] Level 1:colcon.colcon_core.environment:create_file_with_runtime_dependencies(/home/jamal/FYP_ws2/install/robot_arm_gazebo/share/colcon-core/packages/robot_arm_gazebo)
[0.348s] Level 1:colcon.colcon_core.environment:create_environment_scripts_only(robot_arm_gazebo)
[0.348s] Level 1:colcon.colcon_core.environment:checking '/home/jamal/FYP_ws2/install/robot_arm_gazebo' for CMake module files
[0.348s] Level 1:colcon.colcon_core.environment:checking '/home/jamal/FYP_ws2/install/robot_arm_gazebo' for CMake config files
[0.349s] Level 1:colcon.colcon_core.shell:create_environment_hook('robot_arm_gazebo', 'cmake_prefix_path')
[0.349s] INFO:colcon.colcon_core.shell:Creating environment hook '/home/jamal/FYP_ws2/install/robot_arm_gazebo/share/robot_arm_gazebo/hook/cmake_prefix_path.ps1'
[0.349s] INFO:colcon.colcon_core.shell:Creating environment descriptor '/home/jamal/FYP_ws2/install/robot_arm_gazebo/share/robot_arm_gazebo/hook/cmake_prefix_path.dsv'
[0.349s] INFO:colcon.colcon_core.shell:Creating environment hook '/home/jamal/FYP_ws2/install/robot_arm_gazebo/share/robot_arm_gazebo/hook/cmake_prefix_path.sh'
[0.349s] Level 1:colcon.colcon_core.environment:checking '/home/jamal/FYP_ws2/install/robot_arm_gazebo/bin'
[0.349s] Level 1:colcon.colcon_core.environment:checking '/home/jamal/FYP_ws2/install/robot_arm_gazebo/lib/pkgconfig/robot_arm_gazebo.pc'
[0.350s] Level 1:colcon.colcon_core.environment:checking '/home/jamal/FYP_ws2/install/robot_arm_gazebo/lib/python3.10/site-packages'
[0.350s] Level 1:colcon.colcon_core.environment:checking '/home/jamal/FYP_ws2/install/robot_arm_gazebo/bin'
[0.350s] INFO:colcon.colcon_core.shell:Creating package script '/home/jamal/FYP_ws2/install/robot_arm_gazebo/share/robot_arm_gazebo/package.ps1'
[0.350s] INFO:colcon.colcon_core.shell:Creating package descriptor '/home/jamal/FYP_ws2/install/robot_arm_gazebo/share/robot_arm_gazebo/package.dsv'
[0.351s] INFO:colcon.colcon_core.shell:Creating package script '/home/jamal/FYP_ws2/install/robot_arm_gazebo/share/robot_arm_gazebo/package.sh'
[0.351s] INFO:colcon.colcon_core.shell:Creating package script '/home/jamal/FYP_ws2/install/robot_arm_gazebo/share/robot_arm_gazebo/package.bash'
[0.351s] INFO:colcon.colcon_core.shell:Creating package script '/home/jamal/FYP_ws2/install/robot_arm_gazebo/share/robot_arm_gazebo/package.zsh'
[0.352s] Level 1:colcon.colcon_core.environment:create_file_with_runtime_dependencies(/home/jamal/FYP_ws2/install/robot_arm_gazebo/share/colcon-core/packages/robot_arm_gazebo)
[0.352s] Level 1:colcon.colcon_core.environment:create_environment_scripts_only(robot_arm)
[0.352s] Level 1:colcon.colcon_core.environment:checking '/home/jamal/FYP_ws2/install/robot_arm' for CMake module files
[0.353s] Level 1:colcon.colcon_core.environment:checking '/home/jamal/FYP_ws2/install/robot_arm' for CMake config files
[0.353s] DEBUG:colcon.colcon_core.event_handler.log_command:Invoked command in '/home/jamal/FYP_ws2/build/robot_arm' returned '0': CMAKE_PREFIX_PATH=/opt/ros/humble /usr/bin/cmake --install /home/jamal/FYP_ws2/build/robot_arm
[0.353s] Level 1:colcon.colcon_core.shell:create_environment_hook('robot_arm', 'cmake_prefix_path')
[0.354s] INFO:colcon.colcon_core.shell:Creating environment hook '/home/jamal/FYP_ws2/install/robot_arm/share/robot_arm/hook/cmake_prefix_path.ps1'
[0.354s] INFO:colcon.colcon_core.shell:Creating environment descriptor '/home/jamal/FYP_ws2/install/robot_arm/share/robot_arm/hook/cmake_prefix_path.dsv'
[0.354s] INFO:colcon.colcon_core.shell:Creating environment hook '/home/jamal/FYP_ws2/install/robot_arm/share/robot_arm/hook/cmake_prefix_path.sh'
[0.355s] Level 1:colcon.colcon_core.environment:checking '/home/jamal/FYP_ws2/install/robot_arm/bin'
[0.355s] Level 1:colcon.colcon_core.environment:checking '/home/jamal/FYP_ws2/install/robot_arm/lib/pkgconfig/robot_arm.pc'
[0.355s] Level 1:colcon.colcon_core.environment:checking '/home/jamal/FYP_ws2/install/robot_arm/lib/python3.10/site-packages'
[0.355s] Level 1:colcon.colcon_core.environment:checking '/home/jamal/FYP_ws2/install/robot_arm/bin'
[0.356s] INFO:colcon.colcon_core.shell:Creating package script '/home/jamal/FYP_ws2/install/robot_arm/share/robot_arm/package.ps1'
[0.356s] INFO:colcon.colcon_core.shell:Creating package descriptor '/home/jamal/FYP_ws2/install/robot_arm/share/robot_arm/package.dsv'
[0.357s] INFO:colcon.colcon_core.shell:Creating package script '/home/jamal/FYP_ws2/install/robot_arm/share/robot_arm/package.sh'
[0.357s] INFO:colcon.colcon_core.shell:Creating package script '/home/jamal/FYP_ws2/install/robot_arm/share/robot_arm/package.bash'
[0.358s] INFO:colcon.colcon_core.shell:Creating package script '/home/jamal/FYP_ws2/install/robot_arm/share/robot_arm/package.zsh'
[0.358s] Level 1:colcon.colcon_core.environment:create_file_with_runtime_dependencies(/home/jamal/FYP_ws2/install/robot_arm/share/colcon-core/packages/robot_arm)
[0.359s] Level 1:colcon.colcon_core.environment:create_environment_scripts_only(robot_arm)
[0.359s] Level 1:colcon.colcon_core.environment:checking '/home/jamal/FYP_ws2/install/robot_arm' for CMake module files
[0.359s] Level 1:colcon.colcon_core.environment:checking '/home/jamal/FYP_ws2/install/robot_arm' for CMake config files
[0.359s] Level 1:colcon.colcon_core.shell:create_environment_hook('robot_arm', 'cmake_prefix_path')
[0.359s] INFO:colcon.colcon_core.shell:Creating environment hook '/home/jamal/FYP_ws2/install/robot_arm/share/robot_arm/hook/cmake_prefix_path.ps1'
[0.360s] INFO:colcon.colcon_core.shell:Creating environment descriptor '/home/jamal/FYP_ws2/install/robot_arm/share/robot_arm/hook/cmake_prefix_path.dsv'
[0.360s] INFO:colcon.colcon_core.shell:Creating environment hook '/home/jamal/FYP_ws2/install/robot_arm/share/robot_arm/hook/cmake_prefix_path.sh'
[0.360s] Level 1:colcon.colcon_core.environment:checking '/home/jamal/FYP_ws2/install/robot_arm/bin'
[0.360s] Level 1:colcon.colcon_core.environment:checking '/home/jamal/FYP_ws2/install/robot_arm/lib/pkgconfig/robot_arm.pc'
[0.360s] Level 1:colcon.colcon_core.environment:checking '/home/jamal/FYP_ws2/install/robot_arm/lib/python3.10/site-packages'
[0.361s] Level 1:colcon.colcon_core.environment:checking '/home/jamal/FYP_ws2/install/robot_arm/bin'
[0.361s] INFO:colcon.colcon_core.shell:Creating package script '/home/jamal/FYP_ws2/install/robot_arm/share/robot_arm/package.ps1'
[0.361s] INFO:colcon.colcon_core.shell:Creating package descriptor '/home/jamal/FYP_ws2/install/robot_arm/share/robot_arm/package.dsv'
[0.361s] INFO:colcon.colcon_core.shell:Creating package script '/home/jamal/FYP_ws2/install/robot_arm/share/robot_arm/package.sh'
[0.361s] INFO:colcon.colcon_core.shell:Creating package script '/home/jamal/FYP_ws2/install/robot_arm/share/robot_arm/package.bash'
[0.362s] INFO:colcon.colcon_core.shell:Creating package script '/home/jamal/FYP_ws2/install/robot_arm/share/robot_arm/package.zsh'
[0.362s] Level 1:colcon.colcon_core.environment:create_file_with_runtime_dependencies(/home/jamal/FYP_ws2/install/robot_arm/share/colcon-core/packages/robot_arm)
[0.364s] DEBUG:colcon.colcon_core.event_handler.log_command:Invoking command in '/home/jamal/FYP_ws2/build/robot_arm_movit_config': AMENT_PREFIX_PATH=/home/jamal/FYP_ws2/install/robot_arm_description:${AMENT_PREFIX_PATH} CMAKE_PREFIX_PATH=/home/jamal/FYP_ws2/install/robot_arm_description:/opt/ros/humble /usr/bin/cmake --build /home/jamal/FYP_ws2/build/robot_arm_movit_config -- -j16 -l16
[0.404s] DEBUG:colcon.colcon_core.event_handler.log_command:Invoked command in '/home/jamal/FYP_ws2/build/robot_arm_movit_config' returned '0': AMENT_PREFIX_PATH=/home/jamal/FYP_ws2/install/robot_arm_description:${AMENT_PREFIX_PATH} CMAKE_PREFIX_PATH=/home/jamal/FYP_ws2/install/robot_arm_description:/opt/ros/humble /usr/bin/cmake --build /home/jamal/FYP_ws2/build/robot_arm_movit_config -- -j16 -l16
[0.406s] DEBUG:colcon.colcon_core.event_handler.log_command:Invoking command in '/home/jamal/FYP_ws2/build/robot_arm_movit_config': AMENT_PREFIX_PATH=/home/jamal/FYP_ws2/install/robot_arm_description:${AMENT_PREFIX_PATH} CMAKE_PREFIX_PATH=/home/jamal/FYP_ws2/install/robot_arm_description:/opt/ros/humble /usr/bin/cmake --install /home/jamal/FYP_ws2/build/robot_arm_movit_config
[0.414s] Level 1:colcon.colcon_core.environment:create_environment_scripts_only(robot_arm_movit_config)
[0.415s] Level 1:colcon.colcon_core.environment:checking '/home/jamal/FYP_ws2/install/robot_arm_movit_config' for CMake module files
[0.415s] DEBUG:colcon.colcon_core.event_handler.log_command:Invoked command in '/home/jamal/FYP_ws2/build/robot_arm_movit_config' returned '0': AMENT_PREFIX_PATH=/home/jamal/FYP_ws2/install/robot_arm_description:${AMENT_PREFIX_PATH} CMAKE_PREFIX_PATH=/home/jamal/FYP_ws2/install/robot_arm_description:/opt/ros/humble /usr/bin/cmake --install /home/jamal/FYP_ws2/build/robot_arm_movit_config
[0.415s] Level 1:colcon.colcon_core.environment:checking '/home/jamal/FYP_ws2/install/robot_arm_movit_config' for CMake config files
[0.416s] Level 1:colcon.colcon_core.shell:create_environment_hook('robot_arm_movit_config', 'cmake_prefix_path')
[0.416s] INFO:colcon.colcon_core.shell:Creating environment hook '/home/jamal/FYP_ws2/install/robot_arm_movit_config/share/robot_arm_movit_config/hook/cmake_prefix_path.ps1'
[0.416s] INFO:colcon.colcon_core.shell:Creating environment descriptor '/home/jamal/FYP_ws2/install/robot_arm_movit_config/share/robot_arm_movit_config/hook/cmake_prefix_path.dsv'
[0.416s] INFO:colcon.colcon_core.shell:Creating environment hook '/home/jamal/FYP_ws2/install/robot_arm_movit_config/share/robot_arm_movit_config/hook/cmake_prefix_path.sh'
[0.417s] Level 1:colcon.colcon_core.environment:checking '/home/jamal/FYP_ws2/install/robot_arm_movit_config/bin'
[0.417s] Level 1:colcon.colcon_core.environment:checking '/home/jamal/FYP_ws2/install/robot_arm_movit_config/lib/pkgconfig/robot_arm_movit_config.pc'
[0.417s] Level 1:colcon.colcon_core.environment:checking '/home/jamal/FYP_ws2/install/robot_arm_movit_config/lib/python3.10/site-packages'
[0.417s] Level 1:colcon.colcon_core.environment:checking '/home/jamal/FYP_ws2/install/robot_arm_movit_config/bin'
[0.417s] INFO:colcon.colcon_core.shell:Creating package script '/home/jamal/FYP_ws2/install/robot_arm_movit_config/share/robot_arm_movit_config/package.ps1'
[0.417s] INFO:colcon.colcon_core.shell:Creating package descriptor '/home/jamal/FYP_ws2/install/robot_arm_movit_config/share/robot_arm_movit_config/package.dsv'
[0.418s] INFO:colcon.colcon_core.shell:Creating package script '/home/jamal/FYP_ws2/install/robot_arm_movit_config/share/robot_arm_movit_config/package.sh'
[0.418s] INFO:colcon.colcon_core.shell:Creating package script '/home/jamal/FYP_ws2/install/robot_arm_movit_config/share/robot_arm_movit_config/package.bash'
[0.418s] INFO:colcon.colcon_core.shell:Creating package script '/home/jamal/FYP_ws2/install/robot_arm_movit_config/share/robot_arm_movit_config/package.zsh'
[0.418s] Level 1:colcon.colcon_core.environment:create_file_with_runtime_dependencies(/home/jamal/FYP_ws2/install/robot_arm_movit_config/share/colcon-core/packages/robot_arm_movit_config)
[0.418s] Level 1:colcon.colcon_core.environment:create_environment_scripts_only(robot_arm_movit_config)
[0.419s] Level 1:colcon.colcon_core.environment:checking '/home/jamal/FYP_ws2/install/robot_arm_movit_config' for CMake module files
[0.419s] Level 1:colcon.colcon_core.environment:checking '/home/jamal/FYP_ws2/install/robot_arm_movit_config' for CMake config files
[0.419s] Level 1:colcon.colcon_core.shell:create_environment_hook('robot_arm_movit_config', 'cmake_prefix_path')
[0.419s] INFO:colcon.colcon_core.shell:Creating environment hook '/home/jamal/FYP_ws2/install/robot_arm_movit_config/share/robot_arm_movit_config/hook/cmake_prefix_path.ps1'
[0.419s] INFO:colcon.colcon_core.shell:Creating environment descriptor '/home/jamal/FYP_ws2/install/robot_arm_movit_config/share/robot_arm_movit_config/hook/cmake_prefix_path.dsv'
[0.419s] INFO:colcon.colcon_core.shell:Creating environment hook '/home/jamal/FYP_ws2/install/robot_arm_movit_config/share/robot_arm_movit_config/hook/cmake_prefix_path.sh'
[0.420s] Level 1:colcon.colcon_core.environment:checking '/home/jamal/FYP_ws2/install/robot_arm_movit_config/bin'
[0.420s] Level 1:colcon.colcon_core.environment:checking '/home/jamal/FYP_ws2/install/robot_arm_movit_config/lib/pkgconfig/robot_arm_movit_config.pc'
[0.420s] Level 1:colcon.colcon_core.environment:checking '/home/jamal/FYP_ws2/install/robot_arm_movit_config/lib/python3.10/site-packages'
[0.420s] Level 1:colcon.colcon_core.environment:checking '/home/jamal/FYP_ws2/install/robot_arm_movit_config/bin'
[0.421s] INFO:colcon.colcon_core.shell:Creating package script '/home/jamal/FYP_ws2/install/robot_arm_movit_config/share/robot_arm_movit_config/package.ps1'
[0.421s] INFO:colcon.colcon_core.shell:Creating package descriptor '/home/jamal/FYP_ws2/install/robot_arm_movit_config/share/robot_arm_movit_config/package.dsv'
[0.421s] INFO:colcon.colcon_core.shell:Creating package script '/home/jamal/FYP_ws2/install/robot_arm_movit_config/share/robot_arm_movit_config/package.sh'
[0.422s] INFO:colcon.colcon_core.shell:Creating package script '/home/jamal/FYP_ws2/install/robot_arm_movit_config/share/robot_arm_movit_config/package.bash'
[0.422s] INFO:colcon.colcon_core.shell:Creating package script '/home/jamal/FYP_ws2/install/robot_arm_movit_config/share/robot_arm_movit_config/package.zsh'
[0.422s] Level 1:colcon.colcon_core.environment:create_file_with_runtime_dependencies(/home/jamal/FYP_ws2/install/robot_arm_movit_config/share/colcon-core/packages/robot_arm_movit_config)
[0.423s] INFO:colcon.colcon_ros.task.ament_cmake.build:Building ROS package in '/home/jamal/FYP_ws2/src/control_arm' with build type 'ament_cmake'
[0.423s] INFO:colcon.colcon_cmake.task.cmake.build:Building CMake package in '/home/jamal/FYP_ws2/src/control_arm'
[0.424s] INFO:colcon.colcon_core.shell:Skip shell extension 'powershell' for command environment: Not usable outside of PowerShell
[0.424s] DEBUG:colcon.colcon_core.shell:Skip shell extension 'dsv' for command environment
[0.432s] DEBUG:colcon.colcon_core.event_handler.log_command:Invoking command in '/home/jamal/FYP_ws2/build/control_arm': AMENT_PREFIX_PATH=/home/jamal/FYP_ws2/install/robot_arm_movit_config:/home/jamal/FYP_ws2/install/robot_arm_description:${AMENT_PREFIX_PATH} CMAKE_PREFIX_PATH=/home/jamal/FYP_ws2/install/robot_arm_movit_config:/home/jamal/FYP_ws2/install/robot_arm_description:/opt/ros/humble /usr/bin/cmake --build /home/jamal/FYP_ws2/build/control_arm -- -j16 -l16
[0.499s] DEBUG:colcon.colcon_core.event_handler.log_command:Invoked command in '/home/jamal/FYP_ws2/build/control_arm' returned '0': AMENT_PREFIX_PATH=/home/jamal/FYP_ws2/install/robot_arm_movit_config:/home/jamal/FYP_ws2/install/robot_arm_description:${AMENT_PREFIX_PATH} CMAKE_PREFIX_PATH=/home/jamal/FYP_ws2/install/robot_arm_movit_config:/home/jamal/FYP_ws2/install/robot_arm_description:/opt/ros/humble /usr/bin/cmake --build /home/jamal/FYP_ws2/build/control_arm -- -j16 -l16
[0.500s] DEBUG:colcon.colcon_core.event_handler.log_command:Invoking command in '/home/jamal/FYP_ws2/build/control_arm': AMENT_PREFIX_PATH=/home/jamal/FYP_ws2/install/robot_arm_movit_config:/home/jamal/FYP_ws2/install/robot_arm_description:${AMENT_PREFIX_PATH} CMAKE_PREFIX_PATH=/home/jamal/FYP_ws2/install/robot_arm_movit_config:/home/jamal/FYP_ws2/install/robot_arm_description:/opt/ros/humble /usr/bin/cmake --install /home/jamal/FYP_ws2/build/control_arm
[0.507s] Level 1:colcon.colcon_core.environment:create_environment_scripts_only(control_arm)
[0.507s] Level 1:colcon.colcon_core.environment:checking '/home/jamal/FYP_ws2/install/control_arm' for CMake module files
[0.507s] DEBUG:colcon.colcon_core.event_handler.log_command:Invoked command in '/home/jamal/FYP_ws2/build/control_arm' returned '0': AMENT_PREFIX_PATH=/home/jamal/FYP_ws2/install/robot_arm_movit_config:/home/jamal/FYP_ws2/install/robot_arm_description:${AMENT_PREFIX_PATH} CMAKE_PREFIX_PATH=/home/jamal/FYP_ws2/install/robot_arm_movit_config:/home/jamal/FYP_ws2/install/robot_arm_description:/opt/ros/humble /usr/bin/cmake --install /home/jamal/FYP_ws2/build/control_arm
[0.508s] Level 1:colcon.colcon_core.environment:checking '/home/jamal/FYP_ws2/install/control_arm' for CMake config files
[0.508s] Level 1:colcon.colcon_core.shell:create_environment_hook('control_arm', 'cmake_prefix_path')
[0.508s] INFO:colcon.colcon_core.shell:Creating environment hook '/home/jamal/FYP_ws2/install/control_arm/share/control_arm/hook/cmake_prefix_path.ps1'
[0.509s] INFO:colcon.colcon_core.shell:Creating environment descriptor '/home/jamal/FYP_ws2/install/control_arm/share/control_arm/hook/cmake_prefix_path.dsv'
[0.509s] INFO:colcon.colcon_core.shell:Creating environment hook '/home/jamal/FYP_ws2/install/control_arm/share/control_arm/hook/cmake_prefix_path.sh'
[0.509s] Level 1:colcon.colcon_core.environment:checking '/home/jamal/FYP_ws2/install/control_arm/lib'
[0.509s] Level 1:colcon.colcon_core.environment:checking '/home/jamal/FYP_ws2/install/control_arm/bin'
[0.509s] Level 1:colcon.colcon_core.environment:checking '/home/jamal/FYP_ws2/install/control_arm/lib/pkgconfig/control_arm.pc'
[0.510s] Level 1:colcon.colcon_core.environment:checking '/home/jamal/FYP_ws2/install/control_arm/lib/python3.10/site-packages'
[0.510s] Level 1:colcon.colcon_core.environment:checking '/home/jamal/FYP_ws2/install/control_arm/bin'
[0.510s] INFO:colcon.colcon_core.shell:Creating package script '/home/jamal/FYP_ws2/install/control_arm/share/control_arm/package.ps1'
[0.510s] INFO:colcon.colcon_core.shell:Creating package descriptor '/home/jamal/FYP_ws2/install/control_arm/share/control_arm/package.dsv'
[0.510s] INFO:colcon.colcon_core.shell:Creating package script '/home/jamal/FYP_ws2/install/control_arm/share/control_arm/package.sh'
[0.511s] INFO:colcon.colcon_core.shell:Creating package script '/home/jamal/FYP_ws2/install/control_arm/share/control_arm/package.bash'
[0.511s] INFO:colcon.colcon_core.shell:Creating package script '/home/jamal/FYP_ws2/install/control_arm/share/control_arm/package.zsh'
[0.511s] Level 1:colcon.colcon_core.environment:create_file_with_runtime_dependencies(/home/jamal/FYP_ws2/install/control_arm/share/colcon-core/packages/control_arm)
[0.511s] Level 1:colcon.colcon_core.environment:create_environment_scripts_only(control_arm)
[0.511s] Level 1:colcon.colcon_core.environment:checking '/home/jamal/FYP_ws2/install/control_arm' for CMake module files
[0.512s] Level 1:colcon.colcon_core.environment:checking '/home/jamal/FYP_ws2/install/control_arm' for CMake config files
[0.512s] Level 1:colcon.colcon_core.shell:create_environment_hook('control_arm', 'cmake_prefix_path')
[0.512s] INFO:colcon.colcon_core.shell:Creating environment hook '/home/jamal/FYP_ws2/install/control_arm/share/control_arm/hook/cmake_prefix_path.ps1'
[0.512s] INFO:colcon.colcon_core.shell:Creating environment descriptor '/home/jamal/FYP_ws2/install/control_arm/share/control_arm/hook/cmake_prefix_path.dsv'
[0.512s] INFO:colcon.colcon_core.shell:Creating environment hook '/home/jamal/FYP_ws2/install/control_arm/share/control_arm/hook/cmake_prefix_path.sh'
[0.513s] Level 1:colcon.colcon_core.environment:checking '/home/jamal/FYP_ws2/install/control_arm/lib'
[0.513s] Level 1:colcon.colcon_core.environment:checking '/home/jamal/FYP_ws2/install/control_arm/bin'
[0.513s] Level 1:colcon.colcon_core.environment:checking '/home/jamal/FYP_ws2/install/control_arm/lib/pkgconfig/control_arm.pc'
[0.513s] Level 1:colcon.colcon_core.environment:checking '/home/jamal/FYP_ws2/install/control_arm/lib/python3.10/site-packages'
[0.513s] Level 1:colcon.colcon_core.environment:checking '/home/jamal/FYP_ws2/install/control_arm/bin'
[0.513s] INFO:colcon.colcon_core.shell:Creating package script '/home/jamal/FYP_ws2/install/control_arm/share/control_arm/package.ps1'
[0.514s] INFO:colcon.colcon_core.shell:Creating package descriptor '/home/jamal/FYP_ws2/install/control_arm/share/control_arm/package.dsv'
[0.514s] INFO:colcon.colcon_core.shell:Creating package script '/home/jamal/FYP_ws2/install/control_arm/share/control_arm/package.sh'
[0.514s] INFO:colcon.colcon_core.shell:Creating package script '/home/jamal/FYP_ws2/install/control_arm/share/control_arm/package.bash'
[0.514s] INFO:colcon.colcon_core.shell:Creating package script '/home/jamal/FYP_ws2/install/control_arm/share/control_arm/package.zsh'
[0.515s] Level 1:colcon.colcon_core.environment:create_file_with_runtime_dependencies(/home/jamal/FYP_ws2/install/control_arm/share/colcon-core/packages/control_arm)
[0.515s] DEBUG:colcon.colcon_parallel_executor.executor.parallel:closing loop
[0.515s] DEBUG:colcon.colcon_parallel_executor.executor.parallel:loop closed
[0.515s] DEBUG:colcon.colcon_parallel_executor.executor.parallel:run_until_complete finished with '0'
[0.515s] DEBUG:colcon.colcon_core.event_reactor:joining thread
[0.518s] INFO:colcon.colcon_core.plugin_system:Skipping extension 'colcon_notification.desktop_notification.terminal_notifier': Not used on non-Darwin systems
[0.518s] INFO:colcon.colcon_core.plugin_system:Skipping extension 'colcon_notification.desktop_notification.win32': Not used on non-Windows systems
[0.518s] INFO:colcon.colcon_notification.desktop_notification:Sending desktop notification using 'notify2'
[0.526s] DEBUG:colcon.colcon_core.event_reactor:joined thread
[0.526s] INFO:colcon.colcon_core.shell:Creating prefix script '/home/jamal/FYP_ws2/install/local_setup.ps1'
[0.527s] INFO:colcon.colcon_core.shell:Creating prefix util module '/home/jamal/FYP_ws2/install/_local_setup_util_ps1.py'
[0.528s] INFO:colcon.colcon_core.shell:Creating prefix chain script '/home/jamal/FYP_ws2/install/setup.ps1'
[0.529s] INFO:colcon.colcon_core.shell:Creating prefix script '/home/jamal/FYP_ws2/install/local_setup.sh'
[0.529s] INFO:colcon.colcon_core.shell:Creating prefix util module '/home/jamal/FYP_ws2/install/_local_setup_util_sh.py'
[0.530s] INFO:colcon.colcon_core.shell:Creating prefix chain script '/home/jamal/FYP_ws2/install/setup.sh'
[0.530s] INFO:colcon.colcon_core.shell:Creating prefix script '/home/jamal/FYP_ws2/install/local_setup.bash'
[0.531s] INFO:colcon.colcon_core.shell:Creating prefix chain script '/home/jamal/FYP_ws2/install/setup.bash'
[0.531s] INFO:colcon.colcon_core.shell:Creating prefix script '/home/jamal/FYP_ws2/install/local_setup.zsh'
[0.531s] INFO:colcon.colcon_core.shell:Creating prefix chain script '/home/jamal/FYP_ws2/install/setup.zsh'
