[0.010s] Invoking command in '/home/jamal/FYP_ws2/build/robot_arm': CMAKE_PREFIX_PATH=${CMAKE_PREFIX_PATH}:/opt/ros/humble /usr/bin/cmake /home/jamal/FYP_ws2/src/robot_arm -DCMAKE_INSTALL_PREFIX=/home/jamal/FYP_ws2/install/robot_arm
[0.162s] -- The C compiler identification is GNU 11.4.0
[0.229s] -- The CXX compiler identification is GNU 11.4.0
[0.235s] -- Detecting C compiler ABI info
[0.286s] -- Detecting C compiler ABI info - done
[0.291s] -- Check for working C compiler: /usr/bin/cc - skipped
[0.291s] -- Detecting C compile features
[0.292s] -- Detecting C compile features - done
[0.294s] -- Detecting CXX compiler ABI info
[0.364s] -- Detecting CXX compiler ABI info - done
[0.369s] -- Check for working CXX compiler: /usr/bin/c++ - skipped
[0.369s] -- Detecting CXX compile features
[0.369s] -- Detecting CXX compile features - done
[0.371s] -- Found ament_cmake: 1.3.12 (/opt/ros/humble/share/ament_cmake/cmake)
[0.494s] -- Found Python3: /usr/bin/python3 (found version "3.10.12") found components: Interpreter 
[0.560s] -- Found ament_lint_auto: 0.12.14 (/opt/ros/humble/share/ament_lint_auto/cmake)
[0.615s] -- Added test 'lint_cmake' to check CMake code style
[0.617s] -- Added test 'xmllint' to check XML markup files
[0.618s] -- Configuring done
[0.620s] -- Generating done
[0.621s] -- Build files have been written to: /home/jamal/FYP_ws2/build/robot_arm
[0.627s] Invoked command in '/home/jamal/FYP_ws2/build/robot_arm' returned '0': CMAKE_PREFIX_PATH=${CMAKE_PREFIX_PATH}:/opt/ros/humble /usr/bin/cmake /home/jamal/FYP_ws2/src/robot_arm -DCMAKE_INSTALL_PREFIX=/home/jamal/FYP_ws2/install/robot_arm
[0.628s] Invoking command in '/home/jamal/FYP_ws2/build/robot_arm': CMAKE_PREFIX_PATH=${CMAKE_PREFIX_PATH}:/opt/ros/humble /usr/bin/cmake --build /home/jamal/FYP_ws2/build/robot_arm -- -j16 -l16
[0.664s] Invoked command in '/home/jamal/FYP_ws2/build/robot_arm' returned '0': CMAKE_PREFIX_PATH=${CMAKE_PREFIX_PATH}:/opt/ros/humble /usr/bin/cmake --build /home/jamal/FYP_ws2/build/robot_arm -- -j16 -l16
[0.665s] Invoking command in '/home/jamal/FYP_ws2/build/robot_arm': CMAKE_PREFIX_PATH=${CMAKE_PREFIX_PATH}:/opt/ros/humble /usr/bin/cmake --install /home/jamal/FYP_ws2/build/robot_arm
[0.671s] -- Install configuration: ""
[0.671s] -- Installing: /home/jamal/FYP_ws2/install/robot_arm/share/ament_index/resource_index/package_run_dependencies/robot_arm
[0.671s] -- Installing: /home/jamal/FYP_ws2/install/robot_arm/share/ament_index/resource_index/parent_prefix_path/robot_arm
[0.671s] -- Installing: /home/jamal/FYP_ws2/install/robot_arm/share/robot_arm/environment/ament_prefix_path.sh
[0.671s] -- Installing: /home/jamal/FYP_ws2/install/robot_arm/share/robot_arm/environment/ament_prefix_path.dsv
[0.671s] -- Installing: /home/jamal/FYP_ws2/install/robot_arm/share/robot_arm/environment/path.sh
[0.671s] -- Installing: /home/jamal/FYP_ws2/install/robot_arm/share/robot_arm/environment/path.dsv
[0.672s] -- Installing: /home/jamal/FYP_ws2/install/robot_arm/share/robot_arm/local_setup.bash
[0.672s] -- Installing: /home/jamal/FYP_ws2/install/robot_arm/share/robot_arm/local_setup.sh
[0.672s] -- Installing: /home/jamal/FYP_ws2/install/robot_arm/share/robot_arm/local_setup.zsh
[0.672s] -- Installing: /home/jamal/FYP_ws2/install/robot_arm/share/robot_arm/local_setup.dsv
[0.672s] -- Installing: /home/jamal/FYP_ws2/install/robot_arm/share/robot_arm/package.dsv
[0.672s] -- Installing: /home/jamal/FYP_ws2/install/robot_arm/share/ament_index/resource_index/packages/robot_arm
[0.672s] -- Installing: /home/jamal/FYP_ws2/install/robot_arm/share/robot_arm/cmake/robot_armConfig.cmake
[0.672s] -- Installing: /home/jamal/FYP_ws2/install/robot_arm/share/robot_arm/cmake/robot_armConfig-version.cmake
[0.672s] -- Installing: /home/jamal/FYP_ws2/install/robot_arm/share/robot_arm/package.xml
[0.672s] Invoked command in '/home/jamal/FYP_ws2/build/robot_arm' returned '0': CMAKE_PREFIX_PATH=${CMAKE_PREFIX_PATH}:/opt/ros/humble /usr/bin/cmake --install /home/jamal/FYP_ws2/build/robot_arm
