[0.012s] Invoking command in '/home/jamal/FYP_ws2/build/control_arm': CMAKE_PREFIX_PATH=/home/jamal/FYP_ws2/install/robot_arm_movit_config:/home/jamal/FYP_ws2/install/robot_arm_description:/home/jamal/FYP_ws2/install/control_arm:/home/jamal/FYP_ws2/install/robot_arm_gazebo:/home/jamal/FYP_ws2/install/robot_arm_bringup:/home/jamal/FYP_ws2/install/robot_arm:/opt/ros/humble /usr/bin/cmake --build /home/jamal/FYP_ws2/build/control_arm -- -j16 -l16
[0.065s] [35m[1mConsolidate compiler generated dependencies of target test_motion_node[0m
[0.085s] [ 50%] [32mBuilding CXX object CMakeFiles/test_motion_node.dir/src/test_motion_node.cpp.o[0m
[5.416s] [100%] [32m[1mLinking CXX executable test_motion_node[0m
[5.657s] [100%] Built target test_motion_node
[5.669s] Invoked command in '/home/jamal/FYP_ws2/build/control_arm' returned '0': CMAKE_PREFIX_PATH=/home/jamal/FYP_ws2/install/robot_arm_movit_config:/home/jamal/FYP_ws2/install/robot_arm_description:/home/jamal/FYP_ws2/install/control_arm:/home/jamal/FYP_ws2/install/robot_arm_gazebo:/home/jamal/FYP_ws2/install/robot_arm_bringup:/home/jamal/FYP_ws2/install/robot_arm:/opt/ros/humble /usr/bin/cmake --build /home/jamal/FYP_ws2/build/control_arm -- -j16 -l16
[5.671s] Invoking command in '/home/jamal/FYP_ws2/build/control_arm': CMAKE_PREFIX_PATH=/home/jamal/FYP_ws2/install/robot_arm_movit_config:/home/jamal/FYP_ws2/install/robot_arm_description:/home/jamal/FYP_ws2/install/control_arm:/home/jamal/FYP_ws2/install/robot_arm_gazebo:/home/jamal/FYP_ws2/install/robot_arm_bringup:/home/jamal/FYP_ws2/install/robot_arm:/opt/ros/humble /usr/bin/cmake --install /home/jamal/FYP_ws2/build/control_arm
[5.679s] -- Install configuration: ""
[5.679s] -- Installing: /home/jamal/FYP_ws2/install/control_arm/lib/control_arm/test_motion_node
[5.679s] -- Set runtime path of "/home/jamal/FYP_ws2/install/control_arm/lib/control_arm/test_motion_node" to ""
[5.679s] -- Up-to-date: /home/jamal/FYP_ws2/install/control_arm/include
[5.679s] -- Up-to-date: /home/jamal/FYP_ws2/install/control_arm/include/control_arm
[5.679s] -- Up-to-date: /home/jamal/FYP_ws2/install/control_arm/include/control_arm/test_motion_node.hpp
[5.680s] -- Up-to-date: /home/jamal/FYP_ws2/install/control_arm/share/control_arm/launch
[5.680s] -- Up-to-date: /home/jamal/FYP_ws2/install/control_arm/share/control_arm/launch/test_motion.launch.py
[5.680s] -- Up-to-date: /home/jamal/FYP_ws2/install/control_arm/share/ament_index/resource_index/package_run_dependencies/control_arm
[5.680s] -- Up-to-date: /home/jamal/FYP_ws2/install/control_arm/share/ament_index/resource_index/parent_prefix_path/control_arm
[5.680s] -- Up-to-date: /home/jamal/FYP_ws2/install/control_arm/share/control_arm/environment/ament_prefix_path.sh
[5.680s] -- Up-to-date: /home/jamal/FYP_ws2/install/control_arm/share/control_arm/environment/ament_prefix_path.dsv
[5.680s] -- Up-to-date: /home/jamal/FYP_ws2/install/control_arm/share/control_arm/environment/path.sh
[5.680s] -- Up-to-date: /home/jamal/FYP_ws2/install/control_arm/share/control_arm/environment/path.dsv
[5.680s] -- Up-to-date: /home/jamal/FYP_ws2/install/control_arm/share/control_arm/local_setup.bash
[5.680s] -- Up-to-date: /home/jamal/FYP_ws2/install/control_arm/share/control_arm/local_setup.sh
[5.680s] -- Up-to-date: /home/jamal/FYP_ws2/install/control_arm/share/control_arm/local_setup.zsh
[5.680s] -- Up-to-date: /home/jamal/FYP_ws2/install/control_arm/share/control_arm/local_setup.dsv
[5.680s] -- Installing: /home/jamal/FYP_ws2/install/control_arm/share/control_arm/package.dsv
[5.680s] -- Up-to-date: /home/jamal/FYP_ws2/install/control_arm/share/ament_index/resource_index/packages/control_arm
[5.680s] -- Up-to-date: /home/jamal/FYP_ws2/install/control_arm/share/control_arm/cmake/control_armConfig.cmake
[5.680s] -- Up-to-date: /home/jamal/FYP_ws2/install/control_arm/share/control_arm/cmake/control_armConfig-version.cmake
[5.680s] -- Up-to-date: /home/jamal/FYP_ws2/install/control_arm/share/control_arm/package.xml
[5.682s] Invoked command in '/home/jamal/FYP_ws2/build/control_arm' returned '0': CMAKE_PREFIX_PATH=/home/jamal/FYP_ws2/install/robot_arm_movit_config:/home/jamal/FYP_ws2/install/robot_arm_description:/home/jamal/FYP_ws2/install/control_arm:/home/jamal/FYP_ws2/install/robot_arm_gazebo:/home/jamal/FYP_ws2/install/robot_arm_bringup:/home/jamal/FYP_ws2/install/robot_arm:/opt/ros/humble /usr/bin/cmake --install /home/jamal/FYP_ws2/build/control_arm
